Determining if the pthread_create exist failed with the following output:
Change Dir: /home/chelsea/catkin_ws/build/robotiq_modbus_rtu/CMakeFiles/CMakeTmp

Run Build Command:"/usr/bin/make" "cmTC_1a821/fast"
/usr/bin/make -f CMakeFiles/cmTC_1a821.dir/build.make CMakeFiles/cmTC_1a821.dir/build
make[1]: Entering directory '/home/chelsea/catkin_ws/build/robotiq_modbus_rtu/CMakeFiles/CMakeTmp'
Building C object CMakeFiles/cmTC_1a821.dir/CheckSymbolExists.c.o
/usr/bin/cc    -o CMakeFiles/cmTC_1a821.dir/CheckSymbolExists.c.o   -c /home/chelsea/catkin_ws/build/robotiq_modbus_rtu/CMakeFiles/CMakeTmp/CheckSymbolExists.c
Linking C executable cmTC_1a821
/usr/bin/cmake -E cmake_link_script CMakeFiles/cmTC_1a821.dir/link.txt --verbose=1
/usr/bin/cc      -rdynamic CMakeFiles/cmTC_1a821.dir/CheckSymbolExists.c.o  -o cmTC_1a821 
CMakeFiles/cmTC_1a821.dir/CheckSymbolExists.c.o: In function `main':
CheckSymbolExists.c:(.text+0x1b): undefined reference to `pthread_create'
collect2: error: ld returned 1 exit status
CMakeFiles/cmTC_1a821.dir/build.make:97: recipe for target 'cmTC_1a821' failed
make[1]: *** [cmTC_1a821] Error 1
make[1]: Leaving directory '/home/chelsea/catkin_ws/build/robotiq_modbus_rtu/CMakeFiles/CMakeTmp'
Makefile:126: recipe for target 'cmTC_1a821/fast' failed
make: *** [cmTC_1a821/fast] Error 2

File /home/chelsea/catkin_ws/build/robotiq_modbus_rtu/CMakeFiles/CMakeTmp/CheckSymbolExists.c:
/* */
#include <pthread.h>

int main(int argc, char** argv)
{
  (void)argv;
#ifndef pthread_create
  return ((int*)(&pthread_create))[argc];
#else
  (void)argc;
  return 0;
#endif
}

Determining if the function pthread_create exists in the pthreads failed with the following output:
Change Dir: /home/chelsea/catkin_ws/build/robotiq_modbus_rtu/CMakeFiles/CMakeTmp

Run Build Command:"/usr/bin/make" "cmTC_3988c/fast"
/usr/bin/make -f CMakeFiles/cmTC_3988c.dir/build.make CMakeFiles/cmTC_3988c.dir/build
make[1]: Entering directory '/home/chelsea/catkin_ws/build/robotiq_modbus_rtu/CMakeFiles/CMakeTmp'
Building C object CMakeFiles/cmTC_3988c.dir/CheckFunctionExists.c.o
/usr/bin/cc   -DCHECK_FUNCTION_EXISTS=pthread_create   -o CMakeFiles/cmTC_3988c.dir/CheckFunctionExists.c.o   -c /usr/share/cmake-3.10/Modules/CheckFunctionExists.c
Linking C executable cmTC_3988c
/usr/bin/cmake -E cmake_link_script CMakeFiles/cmTC_3988c.dir/link.txt --verbose=1
/usr/bin/cc  -DCHECK_FUNCTION_EXISTS=pthread_create    -rdynamic CMakeFiles/cmTC_3988c.dir/CheckFunctionExists.c.o  -o cmTC_3988c -lpthreads 
/usr/bin/ld: cannot find -lpthreads
collect2: error: ld returned 1 exit status
CMakeFiles/cmTC_3988c.dir/build.make:97: recipe for target 'cmTC_3988c' failed
make[1]: *** [cmTC_3988c] Error 1
make[1]: Leaving directory '/home/chelsea/catkin_ws/build/robotiq_modbus_rtu/CMakeFiles/CMakeTmp'
Makefile:126: recipe for target 'cmTC_3988c/fast' failed
make: *** [cmTC_3988c/fast] Error 2


