Determining if the pthread_create exist failed with the following output:
Change Dir: /home/chels/catkin_ws/build/astra_camera/CMakeFiles/CMakeTmp

Run Build Command:"/usr/bin/make" "cmTC_e824c/fast"
/usr/bin/make -f CMakeFiles/cmTC_e824c.dir/build.make CMakeFiles/cmTC_e824c.dir/build
make[1]: Entering directory '/home/chels/catkin_ws/build/astra_camera/CMakeFiles/CMakeTmp'
Building C object CMakeFiles/cmTC_e824c.dir/CheckSymbolExists.c.o
/usr/bin/cc    -o CMakeFiles/cmTC_e824c.dir/CheckSymbolExists.c.o   -c /home/chels/catkin_ws/build/astra_camera/CMakeFiles/CMakeTmp/CheckSymbolExists.c
Linking C executable cmTC_e824c
/usr/bin/cmake -E cmake_link_script CMakeFiles/cmTC_e824c.dir/link.txt --verbose=1
/usr/bin/cc      -rdynamic CMakeFiles/cmTC_e824c.dir/CheckSymbolExists.c.o  -o cmTC_e824c 
CMakeFiles/cmTC_e824c.dir/CheckSymbolExists.c.o: In function `main':
CheckSymbolExists.c:(.text+0x1b): undefined reference to `pthread_create'
collect2: error: ld returned 1 exit status
CMakeFiles/cmTC_e824c.dir/build.make:97: recipe for target 'cmTC_e824c' failed
make[1]: *** [cmTC_e824c] Error 1
make[1]: Leaving directory '/home/chels/catkin_ws/build/astra_camera/CMakeFiles/CMakeTmp'
Makefile:126: recipe for target 'cmTC_e824c/fast' failed
make: *** [cmTC_e824c/fast] Error 2

File /home/chels/catkin_ws/build/astra_camera/CMakeFiles/CMakeTmp/CheckSymbolExists.c:
/* */
#include <pthread.h>

int main(int argc, char** argv)
{
  (void)argv;
#ifndef pthread_create
  return ((int*)(&pthread_create))[argc];
#else
  (void)argc;
  return 0;
#endif
}

Determining if the function pthread_create exists in the pthreads failed with the following output:
Change Dir: /home/chels/catkin_ws/build/astra_camera/CMakeFiles/CMakeTmp

Run Build Command:"/usr/bin/make" "cmTC_0fdfd/fast"
/usr/bin/make -f CMakeFiles/cmTC_0fdfd.dir/build.make CMakeFiles/cmTC_0fdfd.dir/build
make[1]: Entering directory '/home/chels/catkin_ws/build/astra_camera/CMakeFiles/CMakeTmp'
Building C object CMakeFiles/cmTC_0fdfd.dir/CheckFunctionExists.c.o
/usr/bin/cc   -DCHECK_FUNCTION_EXISTS=pthread_create   -o CMakeFiles/cmTC_0fdfd.dir/CheckFunctionExists.c.o   -c /usr/share/cmake-3.10/Modules/CheckFunctionExists.c
Linking C executable cmTC_0fdfd
/usr/bin/cmake -E cmake_link_script CMakeFiles/cmTC_0fdfd.dir/link.txt --verbose=1
/usr/bin/cc  -DCHECK_FUNCTION_EXISTS=pthread_create    -rdynamic CMakeFiles/cmTC_0fdfd.dir/CheckFunctionExists.c.o  -o cmTC_0fdfd -lpthreads 
/usr/bin/ld: cannot find -lpthreads
collect2: error: ld returned 1 exit status
CMakeFiles/cmTC_0fdfd.dir/build.make:97: recipe for target 'cmTC_0fdfd' failed
make[1]: *** [cmTC_0fdfd] Error 1
make[1]: Leaving directory '/home/chels/catkin_ws/build/astra_camera/CMakeFiles/CMakeTmp'
Makefile:126: recipe for target 'cmTC_0fdfd/fast' failed
make: *** [cmTC_0fdfd/fast] Error 2


