Symlinking /home/chels/catkin_ws/devel/include/plan_execution/ExecuteSmachStateMachineActionResult.h
Symlinking /home/chels/catkin_ws/devel/include/plan_execution/ComputeAllPlansRequest.h
Symlinking /home/chels/catkin_ws/devel/include/plan_execution/ExecutePlanActionResult.h
Symlinking /home/chels/catkin_ws/devel/include/plan_execution/ComputeAllPlans.h
Symlinking /home/chels/catkin_ws/devel/include/plan_execution/GetHriMessageRequest.h
Symlinking /home/chels/catkin_ws/devel/include/plan_execution/ExecuteSmachStateMachineFeedback.h
Symlinking /home/chels/catkin_ws/devel/include/plan_execution/IsPlanValidRequest.h
Symlinking /home/chels/catkin_ws/devel/include/plan_execution/CurrentStateQuery.h
Symlinking /home/chels/catkin_ws/devel/include/plan_execution/GetHriMessageResponse.h
Symlinking /home/chels/catkin_ws/devel/include/plan_execution/IsPlanValid.h
Symlinking /home/chels/catkin_ws/devel/include/plan_execution/HriMessage.h
Symlinking /home/chels/catkin_ws/devel/include/plan_execution/AspRule.h
Symlinking /home/chels/catkin_ws/devel/include/plan_execution/ExecutePlanAction.h
Symlinking /home/chels/catkin_ws/devel/include/plan_execution/ExecutePlanResult.h
Symlinking /home/chels/catkin_ws/devel/include/plan_execution/ComputePlanRequest.h
Symlinking /home/chels/catkin_ws/devel/include/plan_execution/CurrentStateQueryRequest.h
Symlinking /home/chels/catkin_ws/devel/include/plan_execution/ExecutePlanGoal.h
Symlinking /home/chels/catkin_ws/devel/include/plan_execution/ExecutePlanFeedback.h
Symlinking /home/chels/catkin_ws/devel/include/plan_execution/ExecutePlanActionGoal.h
Symlinking /home/chels/catkin_ws/devel/include/plan_execution/ExecuteSmachStateMachineGoal.h
Symlinking /home/chels/catkin_ws/devel/include/plan_execution/UpdateFluentsRequest.h
Symlinking /home/chels/catkin_ws/devel/include/plan_execution/ComputePlan.h
Symlinking /home/chels/catkin_ws/devel/include/plan_execution/ExecuteSmachStateMachineAction.h
Symlinking /home/chels/catkin_ws/devel/include/plan_execution/IsPlanValidResponse.h
Symlinking /home/chels/catkin_ws/devel/include/plan_execution/ExecuteSmachStateMachineActionFeedback.h
Symlinking /home/chels/catkin_ws/devel/include/plan_execution/UpdateFluents.h
Symlinking /home/chels/catkin_ws/devel/include/plan_execution/GetHriMessage.h
Symlinking /home/chels/catkin_ws/devel/include/plan_execution/ExecutePlanActionFeedback.h
Symlinking /home/chels/catkin_ws/devel/include/plan_execution/ExecuteSmachStateMachineActionGoal.h
Symlinking /home/chels/catkin_ws/devel/include/plan_execution/CurrentStateQueryResponse.h
Symlinking /home/chels/catkin_ws/devel/include/plan_execution/ExecuteSmachStateMachineResult.h
Symlinking /home/chels/catkin_ws/devel/include/plan_execution/AspFluent.h
Symlinking /home/chels/catkin_ws/devel/include/plan_execution/ComputePlanResponse.h
Symlinking /home/chels/catkin_ws/devel/include/plan_execution/AnswerSet.h
Symlinking /home/chels/catkin_ws/devel/include/plan_execution/ComputeAllPlansResponse.h
Symlinking /home/chels/catkin_ws/devel/include/plan_execution/UpdateFluentsResponse.h
Symlinking /home/chels/catkin_ws/devel/lib/libplan_execution.so
Symlinking /home/chels/catkin_ws/devel/lib/libactasp.so
Symlinking /home/chels/catkin_ws/devel/lib/python2.7/dist-packages/plan_execution/__init__.py
Symlinking /home/chels/catkin_ws/devel/lib/python2.7/dist-packages/plan_execution/srv/_GetHriMessage.py
Symlinking /home/chels/catkin_ws/devel/lib/python2.7/dist-packages/plan_execution/srv/_UpdateFluents.py
Symlinking /home/chels/catkin_ws/devel/lib/python2.7/dist-packages/plan_execution/srv/_IsPlanValid.py
Symlinking /home/chels/catkin_ws/devel/lib/python2.7/dist-packages/plan_execution/srv/_ComputePlan.py
Symlinking /home/chels/catkin_ws/devel/lib/python2.7/dist-packages/plan_execution/srv/_CurrentStateQuery.py
Symlinking /home/chels/catkin_ws/devel/lib/python2.7/dist-packages/plan_execution/srv/_ComputeAllPlans.py
Symlinking /home/chels/catkin_ws/devel/lib/python2.7/dist-packages/plan_execution/srv/__init__.py
Symlinking /home/chels/catkin_ws/devel/lib/python2.7/dist-packages/plan_execution/msg/_ExecuteSmachStateMachineResult.py
Symlinking /home/chels/catkin_ws/devel/lib/python2.7/dist-packages/plan_execution/msg/_AspFluent.py
Symlinking /home/chels/catkin_ws/devel/lib/python2.7/dist-packages/plan_execution/msg/_ExecutePlanActionResult.py
Symlinking /home/chels/catkin_ws/devel/lib/python2.7/dist-packages/plan_execution/msg/_ExecuteSmachStateMachineActionResult.py
Symlinking /home/chels/catkin_ws/devel/lib/python2.7/dist-packages/plan_execution/msg/_HriMessage.py
Symlinking /home/chels/catkin_ws/devel/lib/python2.7/dist-packages/plan_execution/msg/_ExecutePlanActionFeedback.py
Symlinking /home/chels/catkin_ws/devel/lib/python2.7/dist-packages/plan_execution/msg/_ExecutePlanAction.py
Symlinking /home/chels/catkin_ws/devel/lib/python2.7/dist-packages/plan_execution/msg/_AspRule.py
Symlinking /home/chels/catkin_ws/devel/lib/python2.7/dist-packages/plan_execution/msg/_ExecuteSmachStateMachineActionGoal.py
Symlinking /home/chels/catkin_ws/devel/lib/python2.7/dist-packages/plan_execution/msg/_ExecuteSmachStateMachineAction.py
Symlinking /home/chels/catkin_ws/devel/lib/python2.7/dist-packages/plan_execution/msg/_ExecuteSmachStateMachineFeedback.py
Symlinking /home/chels/catkin_ws/devel/lib/python2.7/dist-packages/plan_execution/msg/_ExecutePlanGoal.py
Symlinking /home/chels/catkin_ws/devel/lib/python2.7/dist-packages/plan_execution/msg/_ExecuteSmachStateMachineActionFeedback.py
Symlinking /home/chels/catkin_ws/devel/lib/python2.7/dist-packages/plan_execution/msg/_AnswerSet.py
Symlinking /home/chels/catkin_ws/devel/lib/python2.7/dist-packages/plan_execution/msg/_ExecutePlanFeedback.py
Symlinking /home/chels/catkin_ws/devel/lib/python2.7/dist-packages/plan_execution/msg/_ExecutePlanResult.py
Symlinking /home/chels/catkin_ws/devel/lib/python2.7/dist-packages/plan_execution/msg/__init__.py
Symlinking /home/chels/catkin_ws/devel/lib/python2.7/dist-packages/plan_execution/msg/_ExecuteSmachStateMachineGoal.py
Symlinking /home/chels/catkin_ws/devel/lib/python2.7/dist-packages/plan_execution/msg/_ExecutePlanActionGoal.py
Symlinking /home/chels/catkin_ws/devel/lib/pkgconfig/plan_execution.pc
Symlinking /home/chels/catkin_ws/devel/share/plan_execution/cmake/plan_executionConfig.cmake
Symlinking /home/chels/catkin_ws/devel/share/plan_execution/cmake/plan_execution-msg-extras.cmake
Symlinking /home/chels/catkin_ws/devel/share/plan_execution/cmake/plan_executionConfig-version.cmake
Symlinking /home/chels/catkin_ws/devel/share/plan_execution/cmake/plan_execution-msg-paths.cmake
Symlinking /home/chels/catkin_ws/devel/share/plan_execution/msg/ExecuteSmachStateMachineActionResult.msg
Symlinking /home/chels/catkin_ws/devel/share/plan_execution/msg/ExecuteSmachStateMachineActionFeedback.msg
Symlinking /home/chels/catkin_ws/devel/share/plan_execution/msg/ExecuteSmachStateMachineFeedback.msg
Symlinking /home/chels/catkin_ws/devel/share/plan_execution/msg/ExecutePlanActionResult.msg
Symlinking /home/chels/catkin_ws/devel/share/plan_execution/msg/ExecuteSmachStateMachineGoal.msg
Symlinking /home/chels/catkin_ws/devel/share/plan_execution/msg/ExecuteSmachStateMachineResult.msg
Symlinking /home/chels/catkin_ws/devel/share/plan_execution/msg/ExecutePlanAction.msg
Symlinking /home/chels/catkin_ws/devel/share/plan_execution/msg/ExecutePlanActionFeedback.msg
Symlinking /home/chels/catkin_ws/devel/share/plan_execution/msg/ExecuteSmachStateMachineActionGoal.msg
Symlinking /home/chels/catkin_ws/devel/share/plan_execution/msg/ExecuteSmachStateMachineAction.msg
Symlinking /home/chels/catkin_ws/devel/share/plan_execution/msg/ExecutePlanActionGoal.msg
Symlinking /home/chels/catkin_ws/devel/share/plan_execution/msg/ExecutePlanResult.msg
Symlinking /home/chels/catkin_ws/devel/share/plan_execution/msg/ExecutePlanFeedback.msg
Symlinking /home/chels/catkin_ws/devel/share/plan_execution/msg/ExecutePlanGoal.msg
Symlinking /home/chels/catkin_ws/devel/share/gennodejs/ros/plan_execution/_index.js
Symlinking /home/chels/catkin_ws/devel/share/gennodejs/ros/plan_execution/srv/IsPlanValid.js
Symlinking /home/chels/catkin_ws/devel/share/gennodejs/ros/plan_execution/srv/GetHriMessage.js
Symlinking /home/chels/catkin_ws/devel/share/gennodejs/ros/plan_execution/srv/ComputeAllPlans.js
Symlinking /home/chels/catkin_ws/devel/share/gennodejs/ros/plan_execution/srv/CurrentStateQuery.js
Symlinking /home/chels/catkin_ws/devel/share/gennodejs/ros/plan_execution/srv/ComputePlan.js
Symlinking /home/chels/catkin_ws/devel/share/gennodejs/ros/plan_execution/srv/UpdateFluents.js
Symlinking /home/chels/catkin_ws/devel/share/gennodejs/ros/plan_execution/srv/_index.js
Symlinking /home/chels/catkin_ws/devel/share/gennodejs/ros/plan_execution/msg/AnswerSet.js
Symlinking /home/chels/catkin_ws/devel/share/gennodejs/ros/plan_execution/msg/ExecutePlanActionFeedback.js
Symlinking /home/chels/catkin_ws/devel/share/gennodejs/ros/plan_execution/msg/ExecuteSmachStateMachineResult.js
Symlinking /home/chels/catkin_ws/devel/share/gennodejs/ros/plan_execution/msg/ExecuteSmachStateMachineActionGoal.js
Symlinking /home/chels/catkin_ws/devel/share/gennodejs/ros/plan_execution/msg/ExecutePlanFeedback.js
Symlinking /home/chels/catkin_ws/devel/share/gennodejs/ros/plan_execution/msg/ExecutePlanActionGoal.js
Symlinking /home/chels/catkin_ws/devel/share/gennodejs/ros/plan_execution/msg/ExecuteSmachStateMachineGoal.js
Symlinking /home/chels/catkin_ws/devel/share/gennodejs/ros/plan_execution/msg/_index.js
Symlinking /home/chels/catkin_ws/devel/share/gennodejs/ros/plan_execution/msg/ExecutePlanAction.js
Symlinking /home/chels/catkin_ws/devel/share/gennodejs/ros/plan_execution/msg/ExecuteSmachStateMachineActionFeedback.js
Symlinking /home/chels/catkin_ws/devel/share/gennodejs/ros/plan_execution/msg/HriMessage.js
Symlinking /home/chels/catkin_ws/devel/share/gennodejs/ros/plan_execution/msg/ExecuteSmachStateMachineActionResult.js
Symlinking /home/chels/catkin_ws/devel/share/gennodejs/ros/plan_execution/msg/ExecutePlanActionResult.js
Symlinking /home/chels/catkin_ws/devel/share/gennodejs/ros/plan_execution/msg/ExecuteSmachStateMachineAction.js
Symlinking /home/chels/catkin_ws/devel/share/gennodejs/ros/plan_execution/msg/ExecuteSmachStateMachineFeedback.js
Symlinking /home/chels/catkin_ws/devel/share/gennodejs/ros/plan_execution/msg/ExecutePlanGoal.js
Symlinking /home/chels/catkin_ws/devel/share/gennodejs/ros/plan_execution/msg/AspRule.js
Symlinking /home/chels/catkin_ws/devel/share/gennodejs/ros/plan_execution/msg/AspFluent.js
Symlinking /home/chels/catkin_ws/devel/share/gennodejs/ros/plan_execution/msg/ExecutePlanResult.js
Symlinking /home/chels/catkin_ws/devel/share/common-lisp/ros/plan_execution/srv/ComputeAllPlans.lisp
Symlinking /home/chels/catkin_ws/devel/share/common-lisp/ros/plan_execution/srv/ComputePlan.lisp
Symlinking /home/chels/catkin_ws/devel/share/common-lisp/ros/plan_execution/srv/plan_execution-srv.asd
Symlinking /home/chels/catkin_ws/devel/share/common-lisp/ros/plan_execution/srv/_package_UpdateFluents.lisp
Symlinking /home/chels/catkin_ws/devel/share/common-lisp/ros/plan_execution/srv/_package_ComputeAllPlans.lisp
Symlinking /home/chels/catkin_ws/devel/share/common-lisp/ros/plan_execution/srv/_package_GetHriMessage.lisp
Symlinking /home/chels/catkin_ws/devel/share/common-lisp/ros/plan_execution/srv/IsPlanValid.lisp
Symlinking /home/chels/catkin_ws/devel/share/common-lisp/ros/plan_execution/srv/_package_IsPlanValid.lisp
Symlinking /home/chels/catkin_ws/devel/share/common-lisp/ros/plan_execution/srv/CurrentStateQuery.lisp
Symlinking /home/chels/catkin_ws/devel/share/common-lisp/ros/plan_execution/srv/_package.lisp
Symlinking /home/chels/catkin_ws/devel/share/common-lisp/ros/plan_execution/srv/GetHriMessage.lisp
Symlinking /home/chels/catkin_ws/devel/share/common-lisp/ros/plan_execution/srv/_package_ComputePlan.lisp
Symlinking /home/chels/catkin_ws/devel/share/common-lisp/ros/plan_execution/srv/UpdateFluents.lisp
Symlinking /home/chels/catkin_ws/devel/share/common-lisp/ros/plan_execution/srv/_package_CurrentStateQuery.lisp
Symlinking /home/chels/catkin_ws/devel/share/common-lisp/ros/plan_execution/msg/_package_ExecuteSmachStateMachineActionFeedback.lisp
Symlinking /home/chels/catkin_ws/devel/share/common-lisp/ros/plan_execution/msg/ExecuteSmachStateMachineGoal.lisp
Symlinking /home/chels/catkin_ws/devel/share/common-lisp/ros/plan_execution/msg/_package_ExecuteSmachStateMachineResult.lisp
Symlinking /home/chels/catkin_ws/devel/share/common-lisp/ros/plan_execution/msg/ExecutePlanAction.lisp
Symlinking /home/chels/catkin_ws/devel/share/common-lisp/ros/plan_execution/msg/ExecuteSmachStateMachineResult.lisp
Symlinking /home/chels/catkin_ws/devel/share/common-lisp/ros/plan_execution/msg/_package_ExecuteSmachStateMachineActionGoal.lisp
Symlinking /home/chels/catkin_ws/devel/share/common-lisp/ros/plan_execution/msg/ExecuteSmachStateMachineAction.lisp
Symlinking /home/chels/catkin_ws/devel/share/common-lisp/ros/plan_execution/msg/ExecutePlanActionGoal.lisp
Symlinking /home/chels/catkin_ws/devel/share/common-lisp/ros/plan_execution/msg/AnswerSet.lisp
Symlinking /home/chels/catkin_ws/devel/share/common-lisp/ros/plan_execution/msg/_package_ExecuteSmachStateMachineGoal.lisp
Symlinking /home/chels/catkin_ws/devel/share/common-lisp/ros/plan_execution/msg/_package_ExecutePlanActionResult.lisp
Symlinking /home/chels/catkin_ws/devel/share/common-lisp/ros/plan_execution/msg/ExecutePlanActionResult.lisp
Symlinking /home/chels/catkin_ws/devel/share/common-lisp/ros/plan_execution/msg/_package_ExecuteSmachStateMachineAction.lisp
Symlinking /home/chels/catkin_ws/devel/share/common-lisp/ros/plan_execution/msg/ExecutePlanFeedback.lisp
Symlinking /home/chels/catkin_ws/devel/share/common-lisp/ros/plan_execution/msg/ExecutePlanResult.lisp
Symlinking /home/chels/catkin_ws/devel/share/common-lisp/ros/plan_execution/msg/_package_ExecutePlanAction.lisp
Symlinking /home/chels/catkin_ws/devel/share/common-lisp/ros/plan_execution/msg/_package_ExecutePlanGoal.lisp
Symlinking /home/chels/catkin_ws/devel/share/common-lisp/ros/plan_execution/msg/_package_ExecutePlanActionGoal.lisp
Symlinking /home/chels/catkin_ws/devel/share/common-lisp/ros/plan_execution/msg/_package_ExecutePlanResult.lisp
Symlinking /home/chels/catkin_ws/devel/share/common-lisp/ros/plan_execution/msg/ExecuteSmachStateMachineFeedback.lisp
Symlinking /home/chels/catkin_ws/devel/share/common-lisp/ros/plan_execution/msg/ExecutePlanGoal.lisp
Symlinking /home/chels/catkin_ws/devel/share/common-lisp/ros/plan_execution/msg/AspFluent.lisp
Symlinking /home/chels/catkin_ws/devel/share/common-lisp/ros/plan_execution/msg/_package_ExecutePlanFeedback.lisp
Symlinking /home/chels/catkin_ws/devel/share/common-lisp/ros/plan_execution/msg/ExecuteSmachStateMachineActionResult.lisp
Symlinking /home/chels/catkin_ws/devel/share/common-lisp/ros/plan_execution/msg/ExecuteSmachStateMachineActionFeedback.lisp
Symlinking /home/chels/catkin_ws/devel/share/common-lisp/ros/plan_execution/msg/_package_ExecuteSmachStateMachineActionResult.lisp
Symlinking /home/chels/catkin_ws/devel/share/common-lisp/ros/plan_execution/msg/_package_AspFluent.lisp
Symlinking /home/chels/catkin_ws/devel/share/common-lisp/ros/plan_execution/msg/_package.lisp
Symlinking /home/chels/catkin_ws/devel/share/common-lisp/ros/plan_execution/msg/_package_AspRule.lisp
Symlinking /home/chels/catkin_ws/devel/share/common-lisp/ros/plan_execution/msg/AspRule.lisp
Symlinking /home/chels/catkin_ws/devel/share/common-lisp/ros/plan_execution/msg/HriMessage.lisp
Symlinking /home/chels/catkin_ws/devel/share/common-lisp/ros/plan_execution/msg/plan_execution-msg.asd
Symlinking /home/chels/catkin_ws/devel/share/common-lisp/ros/plan_execution/msg/_package_ExecutePlanActionFeedback.lisp
Symlinking /home/chels/catkin_ws/devel/share/common-lisp/ros/plan_execution/msg/ExecuteSmachStateMachineActionGoal.lisp
Symlinking /home/chels/catkin_ws/devel/share/common-lisp/ros/plan_execution/msg/_package_ExecuteSmachStateMachineFeedback.lisp
Symlinking /home/chels/catkin_ws/devel/share/common-lisp/ros/plan_execution/msg/_package_AnswerSet.lisp
Symlinking /home/chels/catkin_ws/devel/share/common-lisp/ros/plan_execution/msg/ExecutePlanActionFeedback.lisp
Symlinking /home/chels/catkin_ws/devel/share/common-lisp/ros/plan_execution/msg/_package_HriMessage.lisp
Symlinking /home/chels/catkin_ws/devel/share/roseus/ros/plan_execution/manifest.l
Symlinking /home/chels/catkin_ws/devel/share/roseus/ros/plan_execution/srv/CurrentStateQuery.l
Symlinking /home/chels/catkin_ws/devel/share/roseus/ros/plan_execution/srv/ComputeAllPlans.l
Symlinking /home/chels/catkin_ws/devel/share/roseus/ros/plan_execution/srv/GetHriMessage.l
Symlinking /home/chels/catkin_ws/devel/share/roseus/ros/plan_execution/srv/ComputePlan.l
Symlinking /home/chels/catkin_ws/devel/share/roseus/ros/plan_execution/srv/IsPlanValid.l
Symlinking /home/chels/catkin_ws/devel/share/roseus/ros/plan_execution/srv/UpdateFluents.l
Symlinking /home/chels/catkin_ws/devel/share/roseus/ros/plan_execution/msg/ExecuteSmachStateMachineAction.l
Symlinking /home/chels/catkin_ws/devel/share/roseus/ros/plan_execution/msg/ExecutePlanActionResult.l
Symlinking /home/chels/catkin_ws/devel/share/roseus/ros/plan_execution/msg/ExecutePlanGoal.l
Symlinking /home/chels/catkin_ws/devel/share/roseus/ros/plan_execution/msg/ExecuteSmachStateMachineActionGoal.l
Symlinking /home/chels/catkin_ws/devel/share/roseus/ros/plan_execution/msg/ExecuteSmachStateMachineActionFeedback.l
Symlinking /home/chels/catkin_ws/devel/share/roseus/ros/plan_execution/msg/ExecutePlanFeedback.l
Symlinking /home/chels/catkin_ws/devel/share/roseus/ros/plan_execution/msg/ExecuteSmachStateMachineFeedback.l
Symlinking /home/chels/catkin_ws/devel/share/roseus/ros/plan_execution/msg/ExecuteSmachStateMachineActionResult.l
Symlinking /home/chels/catkin_ws/devel/share/roseus/ros/plan_execution/msg/AspFluent.l
Symlinking /home/chels/catkin_ws/devel/share/roseus/ros/plan_execution/msg/ExecutePlanResult.l
Symlinking /home/chels/catkin_ws/devel/share/roseus/ros/plan_execution/msg/AspRule.l
Symlinking /home/chels/catkin_ws/devel/share/roseus/ros/plan_execution/msg/ExecutePlanActionFeedback.l
Symlinking /home/chels/catkin_ws/devel/share/roseus/ros/plan_execution/msg/HriMessage.l
Symlinking /home/chels/catkin_ws/devel/share/roseus/ros/plan_execution/msg/AnswerSet.l
Symlinking /home/chels/catkin_ws/devel/share/roseus/ros/plan_execution/msg/ExecutePlanActionGoal.l
Symlinking /home/chels/catkin_ws/devel/share/roseus/ros/plan_execution/msg/ExecutePlanAction.l
Symlinking /home/chels/catkin_ws/devel/share/roseus/ros/plan_execution/msg/ExecuteSmachStateMachineGoal.l
Symlinking /home/chels/catkin_ws/devel/share/roseus/ros/plan_execution/msg/ExecuteSmachStateMachineResult.l
