[ 14%] Built target actasp
[ 14%] Built target actionlib_msgs_generate_messages_nodejs
[ 14%] Built target _plan_execution_generate_messages_check_deps_ExecuteSmachStateMachineGoal
[ 14%] Built target _plan_execution_generate_messages_check_deps_ExecutePlanActionFeedback
[ 14%] Built target _plan_execution_generate_messages_check_deps_IsPlanValid
[ 14%] Built target _plan_execution_generate_messages_check_deps_GetHriMessage
[ 14%] Built target _plan_execution_generate_messages_check_deps_ExecutePlanAction
[ 14%] Built target _plan_execution_generate_messages_check_deps_UpdateFluents
[ 14%] Built target _plan_execution_generate_messages_check_deps_ExecutePlanFeedback
[ 14%] Built target _plan_execution_generate_messages_check_deps_ExecuteSmachStateMachineAction
[ 14%] Built target _plan_execution_generate_messages_check_deps_ExecutePlanResult
[ 14%] Built target _plan_execution_generate_messages_check_deps_ExecuteSmachStateMachineActionFeedback
[ 14%] Built target _plan_execution_generate_messages_check_deps_ExecuteSmachStateMachineActionGoal
[ 14%] Built target _plan_execution_generate_messages_check_deps_ComputeAllPlans
[ 14%] Built target _plan_execution_generate_messages_check_deps_ExecutePlanGoal
[ 14%] Built target _plan_execution_generate_messages_check_deps_AnswerSet
[ 14%] Built target std_msgs_generate_messages_eus
[ 14%] Built target _plan_execution_generate_messages_check_deps_ExecuteSmachStateMachineFeedback
[ 14%] Built target _plan_execution_generate_messages_check_deps_AspRule
[ 14%] Built target _plan_execution_generate_messages_check_deps_AspFluent
[ 14%] Built target _plan_execution_generate_messages_check_deps_CurrentStateQuery
[ 14%] Built target actionlib_msgs_generate_messages_eus
[ 14%] Built target _plan_execution_generate_messages_check_deps_ExecuteSmachStateMachineResult
[ 14%] Built target _plan_execution_generate_messages_check_deps_ExecuteSmachStateMachineActionResult
[ 14%] Built target _plan_execution_generate_messages_check_deps_ExecutePlanActionGoal
[ 14%] Built target _plan_execution_generate_messages_check_deps_ExecutePlanActionResult
[ 14%] Built target _plan_execution_generate_messages_check_deps_ComputePlan
[ 14%] Built target _plan_execution_generate_messages_check_deps_HriMessage
[ 14%] Built target std_msgs_generate_messages_cpp
[ 14%] Built target actionlib_msgs_generate_messages_cpp
[ 14%] Built target actionlib_msgs_generate_messages_py
[ 14%] Built target std_msgs_generate_messages_nodejs
[ 14%] Built target bwi_planning_common_generate_messages_eus
[ 14%] Built target bwi_planning_common_generate_messages_nodejs
[ 14%] Built target bwi_msgs_generate_messages_lisp
[ 14%] Built target rosgraph_msgs_generate_messages_cpp
[ 14%] Built target geometry_msgs_generate_messages_eus
[ 14%] Built target roscpp_generate_messages_py
[ 14%] Built target sensor_msgs_generate_messages_eus
[ 14%] Built target std_msgs_generate_messages_py
[ 14%] Built target roscpp_generate_messages_nodejs
[ 14%] Built target std_msgs_generate_messages_lisp
[ 14%] Built target rosgraph_msgs_generate_messages_lisp
[ 14%] Built target actionlib_generate_messages_cpp
[ 14%] Built target roscpp_generate_messages_cpp
[ 14%] Built target roscpp_generate_messages_lisp
[ 14%] Built target sensor_msgs_generate_messages_nodejs
[ 14%] Built target std_srvs_generate_messages_eus
[ 14%] Built target bwi_msgs_generate_messages_eus
[ 14%] Built target bwi_planning_common_generate_messages_lisp
[ 14%] Built target geometry_msgs_generate_messages_py
[ 14%] Built target nav_msgs_generate_messages_nodejs
[ 14%] Built target geometry_msgs_generate_messages_nodejs
[ 14%] Built target std_srvs_generate_messages_nodejs
[ 14%] Built target actionlib_generate_messages_eus
[ 14%] Built target bwi_msgs_generate_messages_cpp
[ 14%] Built target rosgraph_msgs_generate_messages_eus
[ 14%] Built target rosgraph_msgs_generate_messages_nodejs
[ 14%] Built target actionlib_generate_messages_nodejs
[ 14%] Built target std_srvs_generate_messages_cpp
[ 14%] Built target actionlib_msgs_generate_messages_lisp
[ 31%] Built target plan_execution_generate_messages_py
[ 31%] Built target roscpp_generate_messages_eus
[ 31%] Built target bwi_msgs_generate_messages_py
[ 31%] Built target rosgraph_msgs_generate_messages_py
[ 31%] Built target _catkin_empty_exported_target
[ 31%] Built target std_srvs_generate_messages_lisp
[ 31%] Built target bwi_planning_common_generate_messages_cpp
[ 31%] Built target bwi_planning_common_generate_messages_py
[ 31%] Built target sensor_msgs_generate_messages_lisp
[ 31%] Built target nav_msgs_generate_messages_cpp
[ 31%] Built target nav_msgs_generate_messages_eus
[ 31%] Built target tf2_msgs_generate_messages_eus
[ 31%] Built target nav_msgs_generate_messages_lisp
[ 31%] Built target actionlib_generate_messages_lisp
[ 31%] Built target geometry_msgs_generate_messages_cpp
[ 31%] Built target geometry_msgs_generate_messages_lisp
[ 31%] Built target tf2_msgs_generate_messages_cpp
[ 31%] Built target nav_msgs_generate_messages_py
[ 31%] Built target tf2_msgs_generate_messages_lisp
[ 31%] Built target actionlib_generate_messages_py
[ 31%] Built target tf2_msgs_generate_messages_py
[ 31%] Built target bwi_msgs_generate_messages_nodejs
[ 31%] Built target tf2_msgs_generate_messages_nodejs
[ 31%] Built target sensor_msgs_generate_messages_cpp
[ 49%] Built target plan_execution_generate_messages_eus
[ 49%] Built target std_srvs_generate_messages_py
[ 49%] Built target sensor_msgs_generate_messages_py
[ 65%] Built target plan_execution_generate_messages_cpp
[ 82%] Built target plan_execution_generate_messages_nodejs
[ 98%] Built target plan_execution_generate_messages_lisp
[ 98%] Built target plan_execution_generate_messages
[100%] Built target plan_execution
