[rospy.client][INFO] 2023-09-14 16:04:09,470: init_node, name[/ros_control_stopped_spawner], pid[11609]
[xmlrpc][INFO] 2023-09-14 16:04:09,470: XML-RPC server binding to 0.0.0.0:0
[xmlrpc][INFO] 2023-09-14 16:04:09,470: Started XML-RPC server [http://segbot:33387/]
[rospy.impl.masterslave][INFO] 2023-09-14 16:04:09,471: _ready: http://segbot:33387/
[rospy.registration][INFO] 2023-09-14 16:04:09,472: Registering with master node http://localhost:11311
[xmlrpc][INFO] 2023-09-14 16:04:09,473: xml rpc node: starting XML-RPC server
[rospy.init][INFO] 2023-09-14 16:04:09,478: ROS Slave URI: [http://segbot:33387/]
[rospy.init][INFO] 2023-09-14 16:04:09,478: registered with master
[rospy.rosout][INFO] 2023-09-14 16:04:09,478: initializing /rosout core topic
[rospy.rosout][INFO] 2023-09-14 16:04:09,481: connected to core topic /rosout
[rospy.simtime][INFO] 2023-09-14 16:04:09,482: /use_sim_time is not set, will not subscribe to simulated time [/clock] topic
[rosout][INFO] 2023-09-14 16:04:09,489: Controller Spawner: Waiting for service controller_manager/load_controller
[rospy.internal][INFO] 2023-09-14 16:04:09,740: topic[/rosout] adding connection to [/rosout], count 0
[rosout][INFO] 2023-09-14 16:04:10,397: Controller Spawner: Waiting for service controller_manager/switch_controller
[rosout][INFO] 2023-09-14 16:04:10,403: Controller Spawner: Waiting for service controller_manager/unload_controller
[rosout][INFO] 2023-09-14 16:04:10,409: Loading controller: pos_joint_traj_controller
[rosout][INFO] 2023-09-14 16:04:10,476: Loading controller: joint_group_vel_controller
[rosout][INFO] 2023-09-14 16:04:10,496: Controller Spawner: Loaded controllers: pos_joint_traj_controller, joint_group_vel_controller
[rospy.core][INFO] 2023-09-14 16:06:55,736: signal_shutdown [signal-2]
[rospy.core][INFO] 2023-09-14 16:06:55,737: signal_shutdown [atexit]
