[rospy.client][INFO] 2023-09-14 16:04:09,391: init_node, name[/ros_control_controller_spawner], pid[11600]
[xmlrpc][INFO] 2023-09-14 16:04:09,391: XML-RPC server binding to 0.0.0.0:0
[rospy.init][INFO] 2023-09-14 16:04:09,391: ROS Slave URI: [http://segbot:33447/]
[xmlrpc][INFO] 2023-09-14 16:04:09,391: Started XML-RPC server [http://segbot:33447/]
[rospy.impl.masterslave][INFO] 2023-09-14 16:04:09,391: _ready: http://segbot:33447/
[xmlrpc][INFO] 2023-09-14 16:04:09,392: xml rpc node: starting XML-RPC server
[rospy.registration][INFO] 2023-09-14 16:04:09,392: Registering with master node http://localhost:11311
[rospy.init][INFO] 2023-09-14 16:04:09,492: registered with master
[rospy.rosout][INFO] 2023-09-14 16:04:09,492: initializing /rosout core topic
[rospy.rosout][INFO] 2023-09-14 16:04:09,496: connected to core topic /rosout
[rospy.simtime][INFO] 2023-09-14 16:04:09,497: /use_sim_time is not set, will not subscribe to simulated time [/clock] topic
[rosout][INFO] 2023-09-14 16:04:09,500: Controller Spawner: Waiting for service controller_manager/load_controller
[rospy.internal][INFO] 2023-09-14 16:04:09,741: topic[/rosout] adding connection to [/rosout], count 0
[rosout][INFO] 2023-09-14 16:04:10,408: Controller Spawner: Waiting for service controller_manager/switch_controller
[rosout][INFO] 2023-09-14 16:04:10,417: Controller Spawner: Waiting for service controller_manager/unload_controller
[rosout][INFO] 2023-09-14 16:04:10,424: Loading controller: joint_state_controller
[rosout][INFO] 2023-09-14 16:04:10,484: Loading controller: scaled_pos_joint_traj_controller
[rosout][INFO] 2023-09-14 16:04:10,554: Loading controller: speed_scaling_state_controller
[rosout][INFO] 2023-09-14 16:04:10,567: Loading controller: force_torque_sensor_controller
[rosout][INFO] 2023-09-14 16:04:10,594: Controller Spawner: Loaded controllers: joint_state_controller, scaled_pos_joint_traj_controller, speed_scaling_state_controller, force_torque_sensor_controller
[rosout][INFO] 2023-09-14 16:04:10,602: Started controllers: joint_state_controller, scaled_pos_joint_traj_controller, speed_scaling_state_controller, force_torque_sensor_controller
[rospy.core][INFO] 2023-09-14 16:06:55,737: signal_shutdown [signal-2]
[rospy.core][INFO] 2023-09-14 16:06:55,737: signal_shutdown [atexit]
