Linked: (/home/chels/catkin_ws/devel/.private/astra_camera/include/astra_camera/SetLaserResponse.h, /home/chels/catkin_ws/devel/include/astra_camera/SetLaserResponse.h)
Linked: (/home/chels/catkin_ws/devel/.private/astra_camera/include/astra_camera/GetCameraInfoRequest.h, /home/chels/catkin_ws/devel/include/astra_camera/GetCameraInfoRequest.h)
Linked: (/home/chels/catkin_ws/devel/.private/astra_camera/include/astra_camera/SetAutoWhiteBalance.h, /home/chels/catkin_ws/devel/include/astra_camera/SetAutoWhiteBalance.h)
Linked: (/home/chels/catkin_ws/devel/.private/astra_camera/include/astra_camera/SetLDPResponse.h, /home/chels/catkin_ws/devel/include/astra_camera/SetLDPResponse.h)
Linked: (/home/chels/catkin_ws/devel/.private/astra_camera/include/astra_camera/GetVersionRequest.h, /home/chels/catkin_ws/devel/include/astra_camera/GetVersionRequest.h)
Linked: (/home/chels/catkin_ws/devel/.private/astra_camera/include/astra_camera/SetFan.h, /home/chels/catkin_ws/devel/include/astra_camera/SetFan.h)
Linked: (/home/chels/catkin_ws/devel/.private/astra_camera/include/astra_camera/SetUVCWhiteBalance.h, /home/chels/catkin_ws/devel/include/astra_camera/SetUVCWhiteBalance.h)
Linked: (/home/chels/catkin_ws/devel/.private/astra_camera/include/astra_camera/GetIRGainResponse.h, /home/chels/catkin_ws/devel/include/astra_camera/GetIRGainResponse.h)
Linked: (/home/chels/catkin_ws/devel/.private/astra_camera/include/astra_camera/GetUVCExposureRequest.h, /home/chels/catkin_ws/devel/include/astra_camera/GetUVCExposureRequest.h)
Linked: (/home/chels/catkin_ws/devel/.private/astra_camera/include/astra_camera/UVCCameraConfig.h, /home/chels/catkin_ws/devel/include/astra_camera/UVCCameraConfig.h)
Linked: (/home/chels/catkin_ws/devel/.private/astra_camera/include/astra_camera/ResetIRExposureResponse.h, /home/chels/catkin_ws/devel/include/astra_camera/ResetIRExposureResponse.h)
Linked: (/home/chels/catkin_ws/devel/.private/astra_camera/include/astra_camera/SetIRGain.h, /home/chels/catkin_ws/devel/include/astra_camera/SetIRGain.h)
Linked: (/home/chels/catkin_ws/devel/.private/astra_camera/include/astra_camera/SetIRExposureResponse.h, /home/chels/catkin_ws/devel/include/astra_camera/SetIRExposureResponse.h)
Linked: (/home/chels/catkin_ws/devel/.private/astra_camera/include/astra_camera/GetUVCExposureResponse.h, /home/chels/catkin_ws/devel/include/astra_camera/GetUVCExposureResponse.h)
Linked: (/home/chels/catkin_ws/devel/.private/astra_camera/include/astra_camera/GetDeviceTypeRequest.h, /home/chels/catkin_ws/devel/include/astra_camera/GetDeviceTypeRequest.h)
Linked: (/home/chels/catkin_ws/devel/.private/astra_camera/include/astra_camera/SetAutoExposureRequest.h, /home/chels/catkin_ws/devel/include/astra_camera/SetAutoExposureRequest.h)
Linked: (/home/chels/catkin_ws/devel/.private/astra_camera/include/astra_camera/SwitchIRCameraResponse.h, /home/chels/catkin_ws/devel/include/astra_camera/SwitchIRCameraResponse.h)
Linked: (/home/chels/catkin_ws/devel/.private/astra_camera/include/astra_camera/SetIRExposureRequest.h, /home/chels/catkin_ws/devel/include/astra_camera/SetIRExposureRequest.h)
Linked: (/home/chels/catkin_ws/devel/.private/astra_camera/include/astra_camera/GetSerialRequest.h, /home/chels/catkin_ws/devel/include/astra_camera/GetSerialRequest.h)
Linked: (/home/chels/catkin_ws/devel/.private/astra_camera/include/astra_camera/GetUVCWhiteBalance.h, /home/chels/catkin_ws/devel/include/astra_camera/GetUVCWhiteBalance.h)
Linked: (/home/chels/catkin_ws/devel/.private/astra_camera/include/astra_camera/SetAutoExposureResponse.h, /home/chels/catkin_ws/devel/include/astra_camera/SetAutoExposureResponse.h)
Linked: (/home/chels/catkin_ws/devel/.private/astra_camera/include/astra_camera/GetUVCExposure.h, /home/chels/catkin_ws/devel/include/astra_camera/GetUVCExposure.h)
Linked: (/home/chels/catkin_ws/devel/.private/astra_camera/include/astra_camera/SetAutoExposure.h, /home/chels/catkin_ws/devel/include/astra_camera/SetAutoExposure.h)
Linked: (/home/chels/catkin_ws/devel/.private/astra_camera/include/astra_camera/ResetIRExposure.h, /home/chels/catkin_ws/devel/include/astra_camera/ResetIRExposure.h)
Linked: (/home/chels/catkin_ws/devel/.private/astra_camera/include/astra_camera/AstraConfig.h, /home/chels/catkin_ws/devel/include/astra_camera/AstraConfig.h)
Linked: (/home/chels/catkin_ws/devel/.private/astra_camera/include/astra_camera/SwitchIRCameraRequest.h, /home/chels/catkin_ws/devel/include/astra_camera/SwitchIRCameraRequest.h)
Linked: (/home/chels/catkin_ws/devel/.private/astra_camera/include/astra_camera/GetUVCWhiteBalanceRequest.h, /home/chels/catkin_ws/devel/include/astra_camera/GetUVCWhiteBalanceRequest.h)
Linked: (/home/chels/catkin_ws/devel/.private/astra_camera/include/astra_camera/SetMirrorResponse.h, /home/chels/catkin_ws/devel/include/astra_camera/SetMirrorResponse.h)
Linked: (/home/chels/catkin_ws/devel/.private/astra_camera/include/astra_camera/SetIRGainRequest.h, /home/chels/catkin_ws/devel/include/astra_camera/SetIRGainRequest.h)
Linked: (/home/chels/catkin_ws/devel/.private/astra_camera/include/astra_camera/SetUVCGainResponse.h, /home/chels/catkin_ws/devel/include/astra_camera/SetUVCGainResponse.h)
Linked: (/home/chels/catkin_ws/devel/.private/astra_camera/include/astra_camera/SetUVCExposureRequest.h, /home/chels/catkin_ws/devel/include/astra_camera/SetUVCExposureRequest.h)
Linked: (/home/chels/catkin_ws/devel/.private/astra_camera/include/astra_camera/GetIRExposureRequest.h, /home/chels/catkin_ws/devel/include/astra_camera/GetIRExposureRequest.h)
Linked: (/home/chels/catkin_ws/devel/.private/astra_camera/include/astra_camera/GetSerialResponse.h, /home/chels/catkin_ws/devel/include/astra_camera/GetSerialResponse.h)
Linked: (/home/chels/catkin_ws/devel/.private/astra_camera/include/astra_camera/GetCameraInfoResponse.h, /home/chels/catkin_ws/devel/include/astra_camera/GetCameraInfoResponse.h)
Linked: (/home/chels/catkin_ws/devel/.private/astra_camera/include/astra_camera/GetCameraInfo.h, /home/chels/catkin_ws/devel/include/astra_camera/GetCameraInfo.h)
Linked: (/home/chels/catkin_ws/devel/.private/astra_camera/include/astra_camera/SetMirror.h, /home/chels/catkin_ws/devel/include/astra_camera/SetMirror.h)
Linked: (/home/chels/catkin_ws/devel/.private/astra_camera/include/astra_camera/GetIRExposure.h, /home/chels/catkin_ws/devel/include/astra_camera/GetIRExposure.h)
Linked: (/home/chels/catkin_ws/devel/.private/astra_camera/include/astra_camera/GetUVCGainResponse.h, /home/chels/catkin_ws/devel/include/astra_camera/GetUVCGainResponse.h)
Linked: (/home/chels/catkin_ws/devel/.private/astra_camera/include/astra_camera/SetAeEnable.h, /home/chels/catkin_ws/devel/include/astra_camera/SetAeEnable.h)
Linked: (/home/chels/catkin_ws/devel/.private/astra_camera/include/astra_camera/GetDeviceTypeResponse.h, /home/chels/catkin_ws/devel/include/astra_camera/GetDeviceTypeResponse.h)
Linked: (/home/chels/catkin_ws/devel/.private/astra_camera/include/astra_camera/SetUVCExposureResponse.h, /home/chels/catkin_ws/devel/include/astra_camera/SetUVCExposureResponse.h)
Linked: (/home/chels/catkin_ws/devel/.private/astra_camera/include/astra_camera/SetIRGainResponse.h, /home/chels/catkin_ws/devel/include/astra_camera/SetIRGainResponse.h)
Linked: (/home/chels/catkin_ws/devel/.private/astra_camera/include/astra_camera/SetAeEnableResponse.h, /home/chels/catkin_ws/devel/include/astra_camera/SetAeEnableResponse.h)
Linked: (/home/chels/catkin_ws/devel/.private/astra_camera/include/astra_camera/ResetIRGain.h, /home/chels/catkin_ws/devel/include/astra_camera/ResetIRGain.h)
Linked: (/home/chels/catkin_ws/devel/.private/astra_camera/include/astra_camera/SetAeEnableRequest.h, /home/chels/catkin_ws/devel/include/astra_camera/SetAeEnableRequest.h)
Linked: (/home/chels/catkin_ws/devel/.private/astra_camera/include/astra_camera/GetIRExposureResponse.h, /home/chels/catkin_ws/devel/include/astra_camera/GetIRExposureResponse.h)
Linked: (/home/chels/catkin_ws/devel/.private/astra_camera/include/astra_camera/GetVersionResponse.h, /home/chels/catkin_ws/devel/include/astra_camera/GetVersionResponse.h)
Linked: (/home/chels/catkin_ws/devel/.private/astra_camera/include/astra_camera/GetIRGain.h, /home/chels/catkin_ws/devel/include/astra_camera/GetIRGain.h)
Linked: (/home/chels/catkin_ws/devel/.private/astra_camera/include/astra_camera/ResetIRExposureRequest.h, /home/chels/catkin_ws/devel/include/astra_camera/ResetIRExposureRequest.h)
Linked: (/home/chels/catkin_ws/devel/.private/astra_camera/include/astra_camera/SetIRExposure.h, /home/chels/catkin_ws/devel/include/astra_camera/SetIRExposure.h)
Linked: (/home/chels/catkin_ws/devel/.private/astra_camera/include/astra_camera/GetIRGainRequest.h, /home/chels/catkin_ws/devel/include/astra_camera/GetIRGainRequest.h)
Linked: (/home/chels/catkin_ws/devel/.private/astra_camera/include/astra_camera/SetLDP.h, /home/chels/catkin_ws/devel/include/astra_camera/SetLDP.h)
Linked: (/home/chels/catkin_ws/devel/.private/astra_camera/include/astra_camera/GetUVCWhiteBalanceResponse.h, /home/chels/catkin_ws/devel/include/astra_camera/GetUVCWhiteBalanceResponse.h)
Linked: (/home/chels/catkin_ws/devel/.private/astra_camera/include/astra_camera/SetIRFlood.h, /home/chels/catkin_ws/devel/include/astra_camera/SetIRFlood.h)
Linked: (/home/chels/catkin_ws/devel/.private/astra_camera/include/astra_camera/GetVersion.h, /home/chels/catkin_ws/devel/include/astra_camera/GetVersion.h)
Linked: (/home/chels/catkin_ws/devel/.private/astra_camera/include/astra_camera/SetUVCWhiteBalanceResponse.h, /home/chels/catkin_ws/devel/include/astra_camera/SetUVCWhiteBalanceResponse.h)
Linked: (/home/chels/catkin_ws/devel/.private/astra_camera/include/astra_camera/SetDistortioncalResponse.h, /home/chels/catkin_ws/devel/include/astra_camera/SetDistortioncalResponse.h)
Linked: (/home/chels/catkin_ws/devel/.private/astra_camera/include/astra_camera/GetUVCGainRequest.h, /home/chels/catkin_ws/devel/include/astra_camera/GetUVCGainRequest.h)
Linked: (/home/chels/catkin_ws/devel/.private/astra_camera/include/astra_camera/GetUVCGain.h, /home/chels/catkin_ws/devel/include/astra_camera/GetUVCGain.h)
Linked: (/home/chels/catkin_ws/devel/.private/astra_camera/include/astra_camera/SetFanRequest.h, /home/chels/catkin_ws/devel/include/astra_camera/SetFanRequest.h)
Linked: (/home/chels/catkin_ws/devel/.private/astra_camera/include/astra_camera/SetAutoWhiteBalanceResponse.h, /home/chels/catkin_ws/devel/include/astra_camera/SetAutoWhiteBalanceResponse.h)
Linked: (/home/chels/catkin_ws/devel/.private/astra_camera/include/astra_camera/SetUVCGain.h, /home/chels/catkin_ws/devel/include/astra_camera/SetUVCGain.h)
Linked: (/home/chels/catkin_ws/devel/.private/astra_camera/include/astra_camera/SetUVCWhiteBalanceRequest.h, /home/chels/catkin_ws/devel/include/astra_camera/SetUVCWhiteBalanceRequest.h)
Linked: (/home/chels/catkin_ws/devel/.private/astra_camera/include/astra_camera/SwitchIRCamera.h, /home/chels/catkin_ws/devel/include/astra_camera/SwitchIRCamera.h)
Linked: (/home/chels/catkin_ws/devel/.private/astra_camera/include/astra_camera/SetIRFloodRequest.h, /home/chels/catkin_ws/devel/include/astra_camera/SetIRFloodRequest.h)
Linked: (/home/chels/catkin_ws/devel/.private/astra_camera/include/astra_camera/SetLDPRequest.h, /home/chels/catkin_ws/devel/include/astra_camera/SetLDPRequest.h)
Linked: (/home/chels/catkin_ws/devel/.private/astra_camera/include/astra_camera/ResetIRGainResponse.h, /home/chels/catkin_ws/devel/include/astra_camera/ResetIRGainResponse.h)
Linked: (/home/chels/catkin_ws/devel/.private/astra_camera/include/astra_camera/ResetIRGainRequest.h, /home/chels/catkin_ws/devel/include/astra_camera/ResetIRGainRequest.h)
Linked: (/home/chels/catkin_ws/devel/.private/astra_camera/include/astra_camera/SetLaser.h, /home/chels/catkin_ws/devel/include/astra_camera/SetLaser.h)
Linked: (/home/chels/catkin_ws/devel/.private/astra_camera/include/astra_camera/GetSerial.h, /home/chels/catkin_ws/devel/include/astra_camera/GetSerial.h)
Linked: (/home/chels/catkin_ws/devel/.private/astra_camera/include/astra_camera/SetDistortioncal.h, /home/chels/catkin_ws/devel/include/astra_camera/SetDistortioncal.h)
Linked: (/home/chels/catkin_ws/devel/.private/astra_camera/include/astra_camera/SetIRFloodResponse.h, /home/chels/catkin_ws/devel/include/astra_camera/SetIRFloodResponse.h)
Linked: (/home/chels/catkin_ws/devel/.private/astra_camera/include/astra_camera/SetLaserRequest.h, /home/chels/catkin_ws/devel/include/astra_camera/SetLaserRequest.h)
Linked: (/home/chels/catkin_ws/devel/.private/astra_camera/include/astra_camera/SetFanResponse.h, /home/chels/catkin_ws/devel/include/astra_camera/SetFanResponse.h)
Linked: (/home/chels/catkin_ws/devel/.private/astra_camera/include/astra_camera/SetAutoWhiteBalanceRequest.h, /home/chels/catkin_ws/devel/include/astra_camera/SetAutoWhiteBalanceRequest.h)
Linked: (/home/chels/catkin_ws/devel/.private/astra_camera/include/astra_camera/GetDeviceType.h, /home/chels/catkin_ws/devel/include/astra_camera/GetDeviceType.h)
Linked: (/home/chels/catkin_ws/devel/.private/astra_camera/include/astra_camera/SetUVCGainRequest.h, /home/chels/catkin_ws/devel/include/astra_camera/SetUVCGainRequest.h)
Linked: (/home/chels/catkin_ws/devel/.private/astra_camera/include/astra_camera/SetDistortioncalRequest.h, /home/chels/catkin_ws/devel/include/astra_camera/SetDistortioncalRequest.h)
Linked: (/home/chels/catkin_ws/devel/.private/astra_camera/include/astra_camera/SetMirrorRequest.h, /home/chels/catkin_ws/devel/include/astra_camera/SetMirrorRequest.h)
Linked: (/home/chels/catkin_ws/devel/.private/astra_camera/include/astra_camera/SetUVCExposure.h, /home/chels/catkin_ws/devel/include/astra_camera/SetUVCExposure.h)
Linked: (/home/chels/catkin_ws/devel/.private/astra_camera/lib/liblibuvc_camera_nodelet.so, /home/chels/catkin_ws/devel/lib/liblibuvc_camera_nodelet.so)
Linked: (/home/chels/catkin_ws/devel/.private/astra_camera/lib/libastra_driver_lib.so, /home/chels/catkin_ws/devel/lib/libastra_driver_lib.so)
Linked: (/home/chels/catkin_ws/devel/.private/astra_camera/lib/libastra_wrapper.so, /home/chels/catkin_ws/devel/lib/libastra_wrapper.so)
Linked: (/home/chels/catkin_ws/devel/.private/astra_camera/lib/libastra_camera_nodelet.so, /home/chels/catkin_ws/devel/lib/libastra_camera_nodelet.so)
Linked: (/home/chels/catkin_ws/devel/.private/astra_camera/lib/python2.7/dist-packages/astra_camera/__init__.py, /home/chels/catkin_ws/devel/lib/python2.7/dist-packages/astra_camera/__init__.py)
Linked: (/home/chels/catkin_ws/devel/.private/astra_camera/lib/python2.7/dist-packages/astra_camera/srv/_SetMirror.py, /home/chels/catkin_ws/devel/lib/python2.7/dist-packages/astra_camera/srv/_SetMirror.py)
Linked: (/home/chels/catkin_ws/devel/.private/astra_camera/lib/python2.7/dist-packages/astra_camera/srv/_SetIRExposure.py, /home/chels/catkin_ws/devel/lib/python2.7/dist-packages/astra_camera/srv/_SetIRExposure.py)
Linked: (/home/chels/catkin_ws/devel/.private/astra_camera/lib/python2.7/dist-packages/astra_camera/srv/_SetFan.py, /home/chels/catkin_ws/devel/lib/python2.7/dist-packages/astra_camera/srv/_SetFan.py)
Linked: (/home/chels/catkin_ws/devel/.private/astra_camera/lib/python2.7/dist-packages/astra_camera/srv/_GetIRGain.py, /home/chels/catkin_ws/devel/lib/python2.7/dist-packages/astra_camera/srv/_GetIRGain.py)
Linked: (/home/chels/catkin_ws/devel/.private/astra_camera/lib/python2.7/dist-packages/astra_camera/srv/_SetAeEnable.py, /home/chels/catkin_ws/devel/lib/python2.7/dist-packages/astra_camera/srv/_SetAeEnable.py)
Linked: (/home/chels/catkin_ws/devel/.private/astra_camera/lib/python2.7/dist-packages/astra_camera/srv/_SetIRGain.py, /home/chels/catkin_ws/devel/lib/python2.7/dist-packages/astra_camera/srv/_SetIRGain.py)
Linked: (/home/chels/catkin_ws/devel/.private/astra_camera/lib/python2.7/dist-packages/astra_camera/srv/_ResetIRExposure.py, /home/chels/catkin_ws/devel/lib/python2.7/dist-packages/astra_camera/srv/_ResetIRExposure.py)
Linked: (/home/chels/catkin_ws/devel/.private/astra_camera/lib/python2.7/dist-packages/astra_camera/srv/_ResetIRGain.py, /home/chels/catkin_ws/devel/lib/python2.7/dist-packages/astra_camera/srv/_ResetIRGain.py)
Linked: (/home/chels/catkin_ws/devel/.private/astra_camera/lib/python2.7/dist-packages/astra_camera/srv/_GetCameraInfo.py, /home/chels/catkin_ws/devel/lib/python2.7/dist-packages/astra_camera/srv/_GetCameraInfo.py)
Linked: (/home/chels/catkin_ws/devel/.private/astra_camera/lib/python2.7/dist-packages/astra_camera/srv/_SetLDP.py, /home/chels/catkin_ws/devel/lib/python2.7/dist-packages/astra_camera/srv/_SetLDP.py)
Linked: (/home/chels/catkin_ws/devel/.private/astra_camera/lib/python2.7/dist-packages/astra_camera/srv/_GetUVCWhiteBalance.py, /home/chels/catkin_ws/devel/lib/python2.7/dist-packages/astra_camera/srv/_GetUVCWhiteBalance.py)
Linked: (/home/chels/catkin_ws/devel/.private/astra_camera/lib/python2.7/dist-packages/astra_camera/srv/_GetDeviceType.py, /home/chels/catkin_ws/devel/lib/python2.7/dist-packages/astra_camera/srv/_GetDeviceType.py)
Linked: (/home/chels/catkin_ws/devel/.private/astra_camera/lib/python2.7/dist-packages/astra_camera/srv/_SetAutoExposure.py, /home/chels/catkin_ws/devel/lib/python2.7/dist-packages/astra_camera/srv/_SetAutoExposure.py)
Linked: (/home/chels/catkin_ws/devel/.private/astra_camera/lib/python2.7/dist-packages/astra_camera/srv/_SetUVCExposure.py, /home/chels/catkin_ws/devel/lib/python2.7/dist-packages/astra_camera/srv/_SetUVCExposure.py)
Linked: (/home/chels/catkin_ws/devel/.private/astra_camera/lib/python2.7/dist-packages/astra_camera/srv/_SetUVCGain.py, /home/chels/catkin_ws/devel/lib/python2.7/dist-packages/astra_camera/srv/_SetUVCGain.py)
Linked: (/home/chels/catkin_ws/devel/.private/astra_camera/lib/python2.7/dist-packages/astra_camera/srv/_GetIRExposure.py, /home/chels/catkin_ws/devel/lib/python2.7/dist-packages/astra_camera/srv/_GetIRExposure.py)
Linked: (/home/chels/catkin_ws/devel/.private/astra_camera/lib/python2.7/dist-packages/astra_camera/srv/_GetUVCGain.py, /home/chels/catkin_ws/devel/lib/python2.7/dist-packages/astra_camera/srv/_GetUVCGain.py)
Linked: (/home/chels/catkin_ws/devel/.private/astra_camera/lib/python2.7/dist-packages/astra_camera/srv/_SetLaser.py, /home/chels/catkin_ws/devel/lib/python2.7/dist-packages/astra_camera/srv/_SetLaser.py)
Linked: (/home/chels/catkin_ws/devel/.private/astra_camera/lib/python2.7/dist-packages/astra_camera/srv/_GetUVCExposure.py, /home/chels/catkin_ws/devel/lib/python2.7/dist-packages/astra_camera/srv/_GetUVCExposure.py)
Linked: (/home/chels/catkin_ws/devel/.private/astra_camera/lib/python2.7/dist-packages/astra_camera/srv/_GetVersion.py, /home/chels/catkin_ws/devel/lib/python2.7/dist-packages/astra_camera/srv/_GetVersion.py)
Linked: (/home/chels/catkin_ws/devel/.private/astra_camera/lib/python2.7/dist-packages/astra_camera/srv/_SetUVCWhiteBalance.py, /home/chels/catkin_ws/devel/lib/python2.7/dist-packages/astra_camera/srv/_SetUVCWhiteBalance.py)
Linked: (/home/chels/catkin_ws/devel/.private/astra_camera/lib/python2.7/dist-packages/astra_camera/srv/_GetSerial.py, /home/chels/catkin_ws/devel/lib/python2.7/dist-packages/astra_camera/srv/_GetSerial.py)
Linked: (/home/chels/catkin_ws/devel/.private/astra_camera/lib/python2.7/dist-packages/astra_camera/srv/_SwitchIRCamera.py, /home/chels/catkin_ws/devel/lib/python2.7/dist-packages/astra_camera/srv/_SwitchIRCamera.py)
Linked: (/home/chels/catkin_ws/devel/.private/astra_camera/lib/python2.7/dist-packages/astra_camera/srv/_SetDistortioncal.py, /home/chels/catkin_ws/devel/lib/python2.7/dist-packages/astra_camera/srv/_SetDistortioncal.py)
Linked: (/home/chels/catkin_ws/devel/.private/astra_camera/lib/python2.7/dist-packages/astra_camera/srv/__init__.py, /home/chels/catkin_ws/devel/lib/python2.7/dist-packages/astra_camera/srv/__init__.py)
Linked: (/home/chels/catkin_ws/devel/.private/astra_camera/lib/python2.7/dist-packages/astra_camera/srv/_SetIRFlood.py, /home/chels/catkin_ws/devel/lib/python2.7/dist-packages/astra_camera/srv/_SetIRFlood.py)
Linked: (/home/chels/catkin_ws/devel/.private/astra_camera/lib/python2.7/dist-packages/astra_camera/srv/_SetAutoWhiteBalance.py, /home/chels/catkin_ws/devel/lib/python2.7/dist-packages/astra_camera/srv/_SetAutoWhiteBalance.py)
Linked: (/home/chels/catkin_ws/devel/.private/astra_camera/lib/python2.7/dist-packages/astra_camera/cfg/UVCCameraConfig.py, /home/chels/catkin_ws/devel/lib/python2.7/dist-packages/astra_camera/cfg/UVCCameraConfig.py)
Linked: (/home/chels/catkin_ws/devel/.private/astra_camera/lib/python2.7/dist-packages/astra_camera/cfg/__init__.py, /home/chels/catkin_ws/devel/lib/python2.7/dist-packages/astra_camera/cfg/__init__.py)
Linked: (/home/chels/catkin_ws/devel/.private/astra_camera/lib/python2.7/dist-packages/astra_camera/cfg/AstraConfig.py, /home/chels/catkin_ws/devel/lib/python2.7/dist-packages/astra_camera/cfg/AstraConfig.py)
Linked: (/home/chels/catkin_ws/devel/.private/astra_camera/lib/astra_camera/camera_node, /home/chels/catkin_ws/devel/lib/astra_camera/camera_node)
Linked: (/home/chels/catkin_ws/devel/.private/astra_camera/lib/astra_camera/astra_usb_reset, /home/chels/catkin_ws/devel/lib/astra_camera/astra_usb_reset)
Linked: (/home/chels/catkin_ws/devel/.private/astra_camera/lib/astra_camera/astra_list_devices, /home/chels/catkin_ws/devel/lib/astra_camera/astra_list_devices)
Linked: (/home/chels/catkin_ws/devel/.private/astra_camera/lib/astra_camera/astra_test_wrapper, /home/chels/catkin_ws/devel/lib/astra_camera/astra_test_wrapper)
Linked: (/home/chels/catkin_ws/devel/.private/astra_camera/lib/astra_camera/astra_camera_node, /home/chels/catkin_ws/devel/lib/astra_camera/astra_camera_node)
Linked: (/home/chels/catkin_ws/devel/.private/astra_camera/lib/pkgconfig/astra_camera.pc, /home/chels/catkin_ws/devel/lib/pkgconfig/astra_camera.pc)
Linked: (/home/chels/catkin_ws/devel/.private/astra_camera/share/gennodejs/ros/astra_camera/_index.js, /home/chels/catkin_ws/devel/share/gennodejs/ros/astra_camera/_index.js)
Linked: (/home/chels/catkin_ws/devel/.private/astra_camera/share/gennodejs/ros/astra_camera/srv/SetLDP.js, /home/chels/catkin_ws/devel/share/gennodejs/ros/astra_camera/srv/SetLDP.js)
Linked: (/home/chels/catkin_ws/devel/.private/astra_camera/share/gennodejs/ros/astra_camera/srv/ResetIRGain.js, /home/chels/catkin_ws/devel/share/gennodejs/ros/astra_camera/srv/ResetIRGain.js)
Linked: (/home/chels/catkin_ws/devel/.private/astra_camera/share/gennodejs/ros/astra_camera/srv/SetAutoWhiteBalance.js, /home/chels/catkin_ws/devel/share/gennodejs/ros/astra_camera/srv/SetAutoWhiteBalance.js)
Linked: (/home/chels/catkin_ws/devel/.private/astra_camera/share/gennodejs/ros/astra_camera/srv/GetUVCExposure.js, /home/chels/catkin_ws/devel/share/gennodejs/ros/astra_camera/srv/GetUVCExposure.js)
Linked: (/home/chels/catkin_ws/devel/.private/astra_camera/share/gennodejs/ros/astra_camera/srv/SetAutoExposure.js, /home/chels/catkin_ws/devel/share/gennodejs/ros/astra_camera/srv/SetAutoExposure.js)
Linked: (/home/chels/catkin_ws/devel/.private/astra_camera/share/gennodejs/ros/astra_camera/srv/GetSerial.js, /home/chels/catkin_ws/devel/share/gennodejs/ros/astra_camera/srv/GetSerial.js)
Linked: (/home/chels/catkin_ws/devel/.private/astra_camera/share/gennodejs/ros/astra_camera/srv/GetIRExposure.js, /home/chels/catkin_ws/devel/share/gennodejs/ros/astra_camera/srv/GetIRExposure.js)
Linked: (/home/chels/catkin_ws/devel/.private/astra_camera/share/gennodejs/ros/astra_camera/srv/GetCameraInfo.js, /home/chels/catkin_ws/devel/share/gennodejs/ros/astra_camera/srv/GetCameraInfo.js)
Linked: (/home/chels/catkin_ws/devel/.private/astra_camera/share/gennodejs/ros/astra_camera/srv/SetFan.js, /home/chels/catkin_ws/devel/share/gennodejs/ros/astra_camera/srv/SetFan.js)
Linked: (/home/chels/catkin_ws/devel/.private/astra_camera/share/gennodejs/ros/astra_camera/srv/GetDeviceType.js, /home/chels/catkin_ws/devel/share/gennodejs/ros/astra_camera/srv/GetDeviceType.js)
Linked: (/home/chels/catkin_ws/devel/.private/astra_camera/share/gennodejs/ros/astra_camera/srv/GetVersion.js, /home/chels/catkin_ws/devel/share/gennodejs/ros/astra_camera/srv/GetVersion.js)
Linked: (/home/chels/catkin_ws/devel/.private/astra_camera/share/gennodejs/ros/astra_camera/srv/SetMirror.js, /home/chels/catkin_ws/devel/share/gennodejs/ros/astra_camera/srv/SetMirror.js)
Linked: (/home/chels/catkin_ws/devel/.private/astra_camera/share/gennodejs/ros/astra_camera/srv/SwitchIRCamera.js, /home/chels/catkin_ws/devel/share/gennodejs/ros/astra_camera/srv/SwitchIRCamera.js)
Linked: (/home/chels/catkin_ws/devel/.private/astra_camera/share/gennodejs/ros/astra_camera/srv/SetUVCGain.js, /home/chels/catkin_ws/devel/share/gennodejs/ros/astra_camera/srv/SetUVCGain.js)
Linked: (/home/chels/catkin_ws/devel/.private/astra_camera/share/gennodejs/ros/astra_camera/srv/SetDistortioncal.js, /home/chels/catkin_ws/devel/share/gennodejs/ros/astra_camera/srv/SetDistortioncal.js)
Linked: (/home/chels/catkin_ws/devel/.private/astra_camera/share/gennodejs/ros/astra_camera/srv/SetIRGain.js, /home/chels/catkin_ws/devel/share/gennodejs/ros/astra_camera/srv/SetIRGain.js)
Linked: (/home/chels/catkin_ws/devel/.private/astra_camera/share/gennodejs/ros/astra_camera/srv/_index.js, /home/chels/catkin_ws/devel/share/gennodejs/ros/astra_camera/srv/_index.js)
Linked: (/home/chels/catkin_ws/devel/.private/astra_camera/share/gennodejs/ros/astra_camera/srv/GetUVCGain.js, /home/chels/catkin_ws/devel/share/gennodejs/ros/astra_camera/srv/GetUVCGain.js)
Linked: (/home/chels/catkin_ws/devel/.private/astra_camera/share/gennodejs/ros/astra_camera/srv/GetIRGain.js, /home/chels/catkin_ws/devel/share/gennodejs/ros/astra_camera/srv/GetIRGain.js)
Linked: (/home/chels/catkin_ws/devel/.private/astra_camera/share/gennodejs/ros/astra_camera/srv/SetLaser.js, /home/chels/catkin_ws/devel/share/gennodejs/ros/astra_camera/srv/SetLaser.js)
Linked: (/home/chels/catkin_ws/devel/.private/astra_camera/share/gennodejs/ros/astra_camera/srv/GetUVCWhiteBalance.js, /home/chels/catkin_ws/devel/share/gennodejs/ros/astra_camera/srv/GetUVCWhiteBalance.js)
Linked: (/home/chels/catkin_ws/devel/.private/astra_camera/share/gennodejs/ros/astra_camera/srv/SetIRExposure.js, /home/chels/catkin_ws/devel/share/gennodejs/ros/astra_camera/srv/SetIRExposure.js)
Linked: (/home/chels/catkin_ws/devel/.private/astra_camera/share/gennodejs/ros/astra_camera/srv/SetUVCExposure.js, /home/chels/catkin_ws/devel/share/gennodejs/ros/astra_camera/srv/SetUVCExposure.js)
Linked: (/home/chels/catkin_ws/devel/.private/astra_camera/share/gennodejs/ros/astra_camera/srv/SetIRFlood.js, /home/chels/catkin_ws/devel/share/gennodejs/ros/astra_camera/srv/SetIRFlood.js)
Linked: (/home/chels/catkin_ws/devel/.private/astra_camera/share/gennodejs/ros/astra_camera/srv/ResetIRExposure.js, /home/chels/catkin_ws/devel/share/gennodejs/ros/astra_camera/srv/ResetIRExposure.js)
Linked: (/home/chels/catkin_ws/devel/.private/astra_camera/share/gennodejs/ros/astra_camera/srv/SetAeEnable.js, /home/chels/catkin_ws/devel/share/gennodejs/ros/astra_camera/srv/SetAeEnable.js)
Linked: (/home/chels/catkin_ws/devel/.private/astra_camera/share/gennodejs/ros/astra_camera/srv/SetUVCWhiteBalance.js, /home/chels/catkin_ws/devel/share/gennodejs/ros/astra_camera/srv/SetUVCWhiteBalance.js)
Linked: (/home/chels/catkin_ws/devel/.private/astra_camera/share/common-lisp/ros/astra_camera/srv/_package_SetAutoExposure.lisp, /home/chels/catkin_ws/devel/share/common-lisp/ros/astra_camera/srv/_package_SetAutoExposure.lisp)
Linked: (/home/chels/catkin_ws/devel/.private/astra_camera/share/common-lisp/ros/astra_camera/srv/GetCameraInfo.lisp, /home/chels/catkin_ws/devel/share/common-lisp/ros/astra_camera/srv/GetCameraInfo.lisp)
Linked: (/home/chels/catkin_ws/devel/.private/astra_camera/share/common-lisp/ros/astra_camera/srv/SetUVCWhiteBalance.lisp, /home/chels/catkin_ws/devel/share/common-lisp/ros/astra_camera/srv/SetUVCWhiteBalance.lisp)
Linked: (/home/chels/catkin_ws/devel/.private/astra_camera/share/common-lisp/ros/astra_camera/srv/SetAeEnable.lisp, /home/chels/catkin_ws/devel/share/common-lisp/ros/astra_camera/srv/SetAeEnable.lisp)
Linked: (/home/chels/catkin_ws/devel/.private/astra_camera/share/common-lisp/ros/astra_camera/srv/_package_SwitchIRCamera.lisp, /home/chels/catkin_ws/devel/share/common-lisp/ros/astra_camera/srv/_package_SwitchIRCamera.lisp)
Linked: (/home/chels/catkin_ws/devel/.private/astra_camera/share/common-lisp/ros/astra_camera/srv/_package_ResetIRGain.lisp, /home/chels/catkin_ws/devel/share/common-lisp/ros/astra_camera/srv/_package_ResetIRGain.lisp)
Linked: (/home/chels/catkin_ws/devel/.private/astra_camera/share/common-lisp/ros/astra_camera/srv/GetUVCWhiteBalance.lisp, /home/chels/catkin_ws/devel/share/common-lisp/ros/astra_camera/srv/GetUVCWhiteBalance.lisp)
Linked: (/home/chels/catkin_ws/devel/.private/astra_camera/share/common-lisp/ros/astra_camera/srv/SetUVCExposure.lisp, /home/chels/catkin_ws/devel/share/common-lisp/ros/astra_camera/srv/SetUVCExposure.lisp)
Linked: (/home/chels/catkin_ws/devel/.private/astra_camera/share/common-lisp/ros/astra_camera/srv/_package_SetUVCExposure.lisp, /home/chels/catkin_ws/devel/share/common-lisp/ros/astra_camera/srv/_package_SetUVCExposure.lisp)
Linked: (/home/chels/catkin_ws/devel/.private/astra_camera/share/common-lisp/ros/astra_camera/srv/GetIRGain.lisp, /home/chels/catkin_ws/devel/share/common-lisp/ros/astra_camera/srv/GetIRGain.lisp)
Linked: (/home/chels/catkin_ws/devel/.private/astra_camera/share/common-lisp/ros/astra_camera/srv/_package_SetUVCWhiteBalance.lisp, /home/chels/catkin_ws/devel/share/common-lisp/ros/astra_camera/srv/_package_SetUVCWhiteBalance.lisp)
Linked: (/home/chels/catkin_ws/devel/.private/astra_camera/share/common-lisp/ros/astra_camera/srv/GetUVCExposure.lisp, /home/chels/catkin_ws/devel/share/common-lisp/ros/astra_camera/srv/GetUVCExposure.lisp)
Linked: (/home/chels/catkin_ws/devel/.private/astra_camera/share/common-lisp/ros/astra_camera/srv/SetLDP.lisp, /home/chels/catkin_ws/devel/share/common-lisp/ros/astra_camera/srv/SetLDP.lisp)
Linked: (/home/chels/catkin_ws/devel/.private/astra_camera/share/common-lisp/ros/astra_camera/srv/_package_SetIRFlood.lisp, /home/chels/catkin_ws/devel/share/common-lisp/ros/astra_camera/srv/_package_SetIRFlood.lisp)
Linked: (/home/chels/catkin_ws/devel/.private/astra_camera/share/common-lisp/ros/astra_camera/srv/_package_GetUVCExposure.lisp, /home/chels/catkin_ws/devel/share/common-lisp/ros/astra_camera/srv/_package_GetUVCExposure.lisp)
Linked: (/home/chels/catkin_ws/devel/.private/astra_camera/share/common-lisp/ros/astra_camera/srv/_package_GetVersion.lisp, /home/chels/catkin_ws/devel/share/common-lisp/ros/astra_camera/srv/_package_GetVersion.lisp)
Linked: (/home/chels/catkin_ws/devel/.private/astra_camera/share/common-lisp/ros/astra_camera/srv/SetMirror.lisp, /home/chels/catkin_ws/devel/share/common-lisp/ros/astra_camera/srv/SetMirror.lisp)
Linked: (/home/chels/catkin_ws/devel/.private/astra_camera/share/common-lisp/ros/astra_camera/srv/_package_SetUVCGain.lisp, /home/chels/catkin_ws/devel/share/common-lisp/ros/astra_camera/srv/_package_SetUVCGain.lisp)
Linked: (/home/chels/catkin_ws/devel/.private/astra_camera/share/common-lisp/ros/astra_camera/srv/ResetIRGain.lisp, /home/chels/catkin_ws/devel/share/common-lisp/ros/astra_camera/srv/ResetIRGain.lisp)
Linked: (/home/chels/catkin_ws/devel/.private/astra_camera/share/common-lisp/ros/astra_camera/srv/ResetIRExposure.lisp, /home/chels/catkin_ws/devel/share/common-lisp/ros/astra_camera/srv/ResetIRExposure.lisp)
Linked: (/home/chels/catkin_ws/devel/.private/astra_camera/share/common-lisp/ros/astra_camera/srv/_package_SetFan.lisp, /home/chels/catkin_ws/devel/share/common-lisp/ros/astra_camera/srv/_package_SetFan.lisp)
Linked: (/home/chels/catkin_ws/devel/.private/astra_camera/share/common-lisp/ros/astra_camera/srv/SetDistortioncal.lisp, /home/chels/catkin_ws/devel/share/common-lisp/ros/astra_camera/srv/SetDistortioncal.lisp)
Linked: (/home/chels/catkin_ws/devel/.private/astra_camera/share/common-lisp/ros/astra_camera/srv/SetIRExposure.lisp, /home/chels/catkin_ws/devel/share/common-lisp/ros/astra_camera/srv/SetIRExposure.lisp)
Linked: (/home/chels/catkin_ws/devel/.private/astra_camera/share/common-lisp/ros/astra_camera/srv/_package_SetAeEnable.lisp, /home/chels/catkin_ws/devel/share/common-lisp/ros/astra_camera/srv/_package_SetAeEnable.lisp)
Linked: (/home/chels/catkin_ws/devel/.private/astra_camera/share/common-lisp/ros/astra_camera/srv/_package_SetAutoWhiteBalance.lisp, /home/chels/catkin_ws/devel/share/common-lisp/ros/astra_camera/srv/_package_SetAutoWhiteBalance.lisp)
Linked: (/home/chels/catkin_ws/devel/.private/astra_camera/share/common-lisp/ros/astra_camera/srv/SetFan.lisp, /home/chels/catkin_ws/devel/share/common-lisp/ros/astra_camera/srv/SetFan.lisp)
Linked: (/home/chels/catkin_ws/devel/.private/astra_camera/share/common-lisp/ros/astra_camera/srv/SetIRGain.lisp, /home/chels/catkin_ws/devel/share/common-lisp/ros/astra_camera/srv/SetIRGain.lisp)
Linked: (/home/chels/catkin_ws/devel/.private/astra_camera/share/common-lisp/ros/astra_camera/srv/_package_GetDeviceType.lisp, /home/chels/catkin_ws/devel/share/common-lisp/ros/astra_camera/srv/_package_GetDeviceType.lisp)
Linked: (/home/chels/catkin_ws/devel/.private/astra_camera/share/common-lisp/ros/astra_camera/srv/astra_camera-srv.asd, /home/chels/catkin_ws/devel/share/common-lisp/ros/astra_camera/srv/astra_camera-srv.asd)
Linked: (/home/chels/catkin_ws/devel/.private/astra_camera/share/common-lisp/ros/astra_camera/srv/GetDeviceType.lisp, /home/chels/catkin_ws/devel/share/common-lisp/ros/astra_camera/srv/GetDeviceType.lisp)
Linked: (/home/chels/catkin_ws/devel/.private/astra_camera/share/common-lisp/ros/astra_camera/srv/_package_SetDistortioncal.lisp, /home/chels/catkin_ws/devel/share/common-lisp/ros/astra_camera/srv/_package_SetDistortioncal.lisp)
Linked: (/home/chels/catkin_ws/devel/.private/astra_camera/share/common-lisp/ros/astra_camera/srv/SetAutoExposure.lisp, /home/chels/catkin_ws/devel/share/common-lisp/ros/astra_camera/srv/SetAutoExposure.lisp)
Linked: (/home/chels/catkin_ws/devel/.private/astra_camera/share/common-lisp/ros/astra_camera/srv/_package_GetUVCWhiteBalance.lisp, /home/chels/catkin_ws/devel/share/common-lisp/ros/astra_camera/srv/_package_GetUVCWhiteBalance.lisp)
Linked: (/home/chels/catkin_ws/devel/.private/astra_camera/share/common-lisp/ros/astra_camera/srv/GetSerial.lisp, /home/chels/catkin_ws/devel/share/common-lisp/ros/astra_camera/srv/GetSerial.lisp)
Linked: (/home/chels/catkin_ws/devel/.private/astra_camera/share/common-lisp/ros/astra_camera/srv/SetUVCGain.lisp, /home/chels/catkin_ws/devel/share/common-lisp/ros/astra_camera/srv/SetUVCGain.lisp)
Linked: (/home/chels/catkin_ws/devel/.private/astra_camera/share/common-lisp/ros/astra_camera/srv/_package_GetIRExposure.lisp, /home/chels/catkin_ws/devel/share/common-lisp/ros/astra_camera/srv/_package_GetIRExposure.lisp)
Linked: (/home/chels/catkin_ws/devel/.private/astra_camera/share/common-lisp/ros/astra_camera/srv/_package_SetIRExposure.lisp, /home/chels/catkin_ws/devel/share/common-lisp/ros/astra_camera/srv/_package_SetIRExposure.lisp)
Linked: (/home/chels/catkin_ws/devel/.private/astra_camera/share/common-lisp/ros/astra_camera/srv/GetUVCGain.lisp, /home/chels/catkin_ws/devel/share/common-lisp/ros/astra_camera/srv/GetUVCGain.lisp)
Linked: (/home/chels/catkin_ws/devel/.private/astra_camera/share/common-lisp/ros/astra_camera/srv/SwitchIRCamera.lisp, /home/chels/catkin_ws/devel/share/common-lisp/ros/astra_camera/srv/SwitchIRCamera.lisp)
Linked: (/home/chels/catkin_ws/devel/.private/astra_camera/share/common-lisp/ros/astra_camera/srv/_package.lisp, /home/chels/catkin_ws/devel/share/common-lisp/ros/astra_camera/srv/_package.lisp)
Linked: (/home/chels/catkin_ws/devel/.private/astra_camera/share/common-lisp/ros/astra_camera/srv/GetVersion.lisp, /home/chels/catkin_ws/devel/share/common-lisp/ros/astra_camera/srv/GetVersion.lisp)
Linked: (/home/chels/catkin_ws/devel/.private/astra_camera/share/common-lisp/ros/astra_camera/srv/_package_GetIRGain.lisp, /home/chels/catkin_ws/devel/share/common-lisp/ros/astra_camera/srv/_package_GetIRGain.lisp)
Linked: (/home/chels/catkin_ws/devel/.private/astra_camera/share/common-lisp/ros/astra_camera/srv/_package_SetIRGain.lisp, /home/chels/catkin_ws/devel/share/common-lisp/ros/astra_camera/srv/_package_SetIRGain.lisp)
Linked: (/home/chels/catkin_ws/devel/.private/astra_camera/share/common-lisp/ros/astra_camera/srv/SetAutoWhiteBalance.lisp, /home/chels/catkin_ws/devel/share/common-lisp/ros/astra_camera/srv/SetAutoWhiteBalance.lisp)
Linked: (/home/chels/catkin_ws/devel/.private/astra_camera/share/common-lisp/ros/astra_camera/srv/GetIRExposure.lisp, /home/chels/catkin_ws/devel/share/common-lisp/ros/astra_camera/srv/GetIRExposure.lisp)
Linked: (/home/chels/catkin_ws/devel/.private/astra_camera/share/common-lisp/ros/astra_camera/srv/_package_GetUVCGain.lisp, /home/chels/catkin_ws/devel/share/common-lisp/ros/astra_camera/srv/_package_GetUVCGain.lisp)
Linked: (/home/chels/catkin_ws/devel/.private/astra_camera/share/common-lisp/ros/astra_camera/srv/_package_ResetIRExposure.lisp, /home/chels/catkin_ws/devel/share/common-lisp/ros/astra_camera/srv/_package_ResetIRExposure.lisp)
Linked: (/home/chels/catkin_ws/devel/.private/astra_camera/share/common-lisp/ros/astra_camera/srv/_package_GetCameraInfo.lisp, /home/chels/catkin_ws/devel/share/common-lisp/ros/astra_camera/srv/_package_GetCameraInfo.lisp)
Linked: (/home/chels/catkin_ws/devel/.private/astra_camera/share/common-lisp/ros/astra_camera/srv/_package_SetMirror.lisp, /home/chels/catkin_ws/devel/share/common-lisp/ros/astra_camera/srv/_package_SetMirror.lisp)
Linked: (/home/chels/catkin_ws/devel/.private/astra_camera/share/common-lisp/ros/astra_camera/srv/_package_GetSerial.lisp, /home/chels/catkin_ws/devel/share/common-lisp/ros/astra_camera/srv/_package_GetSerial.lisp)
Linked: (/home/chels/catkin_ws/devel/.private/astra_camera/share/common-lisp/ros/astra_camera/srv/_package_SetLaser.lisp, /home/chels/catkin_ws/devel/share/common-lisp/ros/astra_camera/srv/_package_SetLaser.lisp)
Linked: (/home/chels/catkin_ws/devel/.private/astra_camera/share/common-lisp/ros/astra_camera/srv/SetIRFlood.lisp, /home/chels/catkin_ws/devel/share/common-lisp/ros/astra_camera/srv/SetIRFlood.lisp)
Linked: (/home/chels/catkin_ws/devel/.private/astra_camera/share/common-lisp/ros/astra_camera/srv/SetLaser.lisp, /home/chels/catkin_ws/devel/share/common-lisp/ros/astra_camera/srv/SetLaser.lisp)
Linked: (/home/chels/catkin_ws/devel/.private/astra_camera/share/common-lisp/ros/astra_camera/srv/_package_SetLDP.lisp, /home/chels/catkin_ws/devel/share/common-lisp/ros/astra_camera/srv/_package_SetLDP.lisp)
Linked: (/home/chels/catkin_ws/devel/.private/astra_camera/share/astra_camera/cmake/astra_camera-msg-paths.cmake, /home/chels/catkin_ws/devel/share/astra_camera/cmake/astra_camera-msg-paths.cmake)
Linked: (/home/chels/catkin_ws/devel/.private/astra_camera/share/astra_camera/cmake/astra_camera-msg-extras.cmake, /home/chels/catkin_ws/devel/share/astra_camera/cmake/astra_camera-msg-extras.cmake)
Linked: (/home/chels/catkin_ws/devel/.private/astra_camera/share/astra_camera/cmake/astra_cameraConfig-version.cmake, /home/chels/catkin_ws/devel/share/astra_camera/cmake/astra_cameraConfig-version.cmake)
Linked: (/home/chels/catkin_ws/devel/.private/astra_camera/share/astra_camera/cmake/astra_cameraConfig.cmake, /home/chels/catkin_ws/devel/share/astra_camera/cmake/astra_cameraConfig.cmake)
Linked: (/home/chels/catkin_ws/devel/.private/astra_camera/share/astra_camera/docs/AstraConfig.dox, /home/chels/catkin_ws/devel/share/astra_camera/docs/AstraConfig.dox)
Linked: (/home/chels/catkin_ws/devel/.private/astra_camera/share/astra_camera/docs/UVCCameraConfig.wikidoc, /home/chels/catkin_ws/devel/share/astra_camera/docs/UVCCameraConfig.wikidoc)
Linked: (/home/chels/catkin_ws/devel/.private/astra_camera/share/astra_camera/docs/UVCCameraConfig-usage.dox, /home/chels/catkin_ws/devel/share/astra_camera/docs/UVCCameraConfig-usage.dox)
Linked: (/home/chels/catkin_ws/devel/.private/astra_camera/share/astra_camera/docs/AstraConfig.wikidoc, /home/chels/catkin_ws/devel/share/astra_camera/docs/AstraConfig.wikidoc)
Linked: (/home/chels/catkin_ws/devel/.private/astra_camera/share/astra_camera/docs/UVCCameraConfig.dox, /home/chels/catkin_ws/devel/share/astra_camera/docs/UVCCameraConfig.dox)
Linked: (/home/chels/catkin_ws/devel/.private/astra_camera/share/astra_camera/docs/AstraConfig-usage.dox, /home/chels/catkin_ws/devel/share/astra_camera/docs/AstraConfig-usage.dox)
Linked: (/home/chels/catkin_ws/devel/.private/astra_camera/share/roseus/ros/astra_camera/manifest.l, /home/chels/catkin_ws/devel/share/roseus/ros/astra_camera/manifest.l)
Linked: (/home/chels/catkin_ws/devel/.private/astra_camera/share/roseus/ros/astra_camera/srv/SetDistortioncal.l, /home/chels/catkin_ws/devel/share/roseus/ros/astra_camera/srv/SetDistortioncal.l)
Linked: (/home/chels/catkin_ws/devel/.private/astra_camera/share/roseus/ros/astra_camera/srv/SwitchIRCamera.l, /home/chels/catkin_ws/devel/share/roseus/ros/astra_camera/srv/SwitchIRCamera.l)
Linked: (/home/chels/catkin_ws/devel/.private/astra_camera/share/roseus/ros/astra_camera/srv/GetIRExposure.l, /home/chels/catkin_ws/devel/share/roseus/ros/astra_camera/srv/GetIRExposure.l)
Linked: (/home/chels/catkin_ws/devel/.private/astra_camera/share/roseus/ros/astra_camera/srv/SetAeEnable.l, /home/chels/catkin_ws/devel/share/roseus/ros/astra_camera/srv/SetAeEnable.l)
Linked: (/home/chels/catkin_ws/devel/.private/astra_camera/share/roseus/ros/astra_camera/srv/GetSerial.l, /home/chels/catkin_ws/devel/share/roseus/ros/astra_camera/srv/GetSerial.l)
Linked: (/home/chels/catkin_ws/devel/.private/astra_camera/share/roseus/ros/astra_camera/srv/ResetIRExposure.l, /home/chels/catkin_ws/devel/share/roseus/ros/astra_camera/srv/ResetIRExposure.l)
Linked: (/home/chels/catkin_ws/devel/.private/astra_camera/share/roseus/ros/astra_camera/srv/GetUVCWhiteBalance.l, /home/chels/catkin_ws/devel/share/roseus/ros/astra_camera/srv/GetUVCWhiteBalance.l)
Linked: (/home/chels/catkin_ws/devel/.private/astra_camera/share/roseus/ros/astra_camera/srv/SetIRGain.l, /home/chels/catkin_ws/devel/share/roseus/ros/astra_camera/srv/SetIRGain.l)
Linked: (/home/chels/catkin_ws/devel/.private/astra_camera/share/roseus/ros/astra_camera/srv/SetIRExposure.l, /home/chels/catkin_ws/devel/share/roseus/ros/astra_camera/srv/SetIRExposure.l)
Linked: (/home/chels/catkin_ws/devel/.private/astra_camera/share/roseus/ros/astra_camera/srv/GetCameraInfo.l, /home/chels/catkin_ws/devel/share/roseus/ros/astra_camera/srv/GetCameraInfo.l)
Linked: (/home/chels/catkin_ws/devel/.private/astra_camera/share/roseus/ros/astra_camera/srv/GetUVCGain.l, /home/chels/catkin_ws/devel/share/roseus/ros/astra_camera/srv/GetUVCGain.l)
Linked: (/home/chels/catkin_ws/devel/.private/astra_camera/share/roseus/ros/astra_camera/srv/GetDeviceType.l, /home/chels/catkin_ws/devel/share/roseus/ros/astra_camera/srv/GetDeviceType.l)
Linked: (/home/chels/catkin_ws/devel/.private/astra_camera/share/roseus/ros/astra_camera/srv/ResetIRGain.l, /home/chels/catkin_ws/devel/share/roseus/ros/astra_camera/srv/ResetIRGain.l)
Linked: (/home/chels/catkin_ws/devel/.private/astra_camera/share/roseus/ros/astra_camera/srv/SetUVCExposure.l, /home/chels/catkin_ws/devel/share/roseus/ros/astra_camera/srv/SetUVCExposure.l)
Linked: (/home/chels/catkin_ws/devel/.private/astra_camera/share/roseus/ros/astra_camera/srv/SetIRFlood.l, /home/chels/catkin_ws/devel/share/roseus/ros/astra_camera/srv/SetIRFlood.l)
Linked: (/home/chels/catkin_ws/devel/.private/astra_camera/share/roseus/ros/astra_camera/srv/SetUVCWhiteBalance.l, /home/chels/catkin_ws/devel/share/roseus/ros/astra_camera/srv/SetUVCWhiteBalance.l)
Linked: (/home/chels/catkin_ws/devel/.private/astra_camera/share/roseus/ros/astra_camera/srv/GetIRGain.l, /home/chels/catkin_ws/devel/share/roseus/ros/astra_camera/srv/GetIRGain.l)
Linked: (/home/chels/catkin_ws/devel/.private/astra_camera/share/roseus/ros/astra_camera/srv/SetLDP.l, /home/chels/catkin_ws/devel/share/roseus/ros/astra_camera/srv/SetLDP.l)
Linked: (/home/chels/catkin_ws/devel/.private/astra_camera/share/roseus/ros/astra_camera/srv/SetMirror.l, /home/chels/catkin_ws/devel/share/roseus/ros/astra_camera/srv/SetMirror.l)
Linked: (/home/chels/catkin_ws/devel/.private/astra_camera/share/roseus/ros/astra_camera/srv/SetAutoExposure.l, /home/chels/catkin_ws/devel/share/roseus/ros/astra_camera/srv/SetAutoExposure.l)
Linked: (/home/chels/catkin_ws/devel/.private/astra_camera/share/roseus/ros/astra_camera/srv/SetFan.l, /home/chels/catkin_ws/devel/share/roseus/ros/astra_camera/srv/SetFan.l)
Linked: (/home/chels/catkin_ws/devel/.private/astra_camera/share/roseus/ros/astra_camera/srv/GetUVCExposure.l, /home/chels/catkin_ws/devel/share/roseus/ros/astra_camera/srv/GetUVCExposure.l)
Linked: (/home/chels/catkin_ws/devel/.private/astra_camera/share/roseus/ros/astra_camera/srv/GetVersion.l, /home/chels/catkin_ws/devel/share/roseus/ros/astra_camera/srv/GetVersion.l)
Linked: (/home/chels/catkin_ws/devel/.private/astra_camera/share/roseus/ros/astra_camera/srv/SetAutoWhiteBalance.l, /home/chels/catkin_ws/devel/share/roseus/ros/astra_camera/srv/SetAutoWhiteBalance.l)
Linked: (/home/chels/catkin_ws/devel/.private/astra_camera/share/roseus/ros/astra_camera/srv/SetUVCGain.l, /home/chels/catkin_ws/devel/share/roseus/ros/astra_camera/srv/SetUVCGain.l)
Linked: (/home/chels/catkin_ws/devel/.private/astra_camera/share/roseus/ros/astra_camera/srv/SetLaser.l, /home/chels/catkin_ws/devel/share/roseus/ros/astra_camera/srv/SetLaser.l)
