[  0%] Built target _astra_camera_generate_messages_check_deps_GetUVCWhiteBalance
[  0%] Built target _astra_camera_generate_messages_check_deps_SetUVCExposure
[  0%] Built target _astra_camera_generate_messages_check_deps_SwitchIRCamera
[  0%] Built target _astra_camera_generate_messages_check_deps_SetAutoWhiteBalance
[  0%] Built target _astra_camera_generate_messages_check_deps_SetIRGain
[  0%] Built target _astra_camera_generate_messages_check_deps_SetAeEnable
[  0%] Built target _astra_camera_generate_messages_check_deps_GetDeviceType
[  0%] Built target _astra_camera_generate_messages_check_deps_GetCameraInfo
[  0%] Built target _astra_camera_generate_messages_check_deps_ResetIRGain
[  0%] Built target std_msgs_generate_messages_cpp
[  0%] Built target _astra_camera_generate_messages_check_deps_GetUVCExposure
[  0%] Built target _astra_camera_generate_messages_check_deps_GetUVCGain
[  0%] Built target _astra_camera_generate_messages_check_deps_SetLaser
[  0%] Built target sensor_msgs_generate_messages_cpp
[  0%] Built target _astra_camera_generate_messages_check_deps_GetSerial
[  0%] Built target _astra_camera_generate_messages_check_deps_GetIRGain
[  0%] Built target _astra_camera_generate_messages_check_deps_SetUVCWhiteBalance
[  0%] Built target _astra_camera_generate_messages_check_deps_SetLDP
[  0%] Built target _astra_camera_generate_messages_check_deps_SetMirror
[  0%] Built target _astra_camera_generate_messages_check_deps_ResetIRExposure
[  0%] Built target _astra_camera_generate_messages_check_deps_SetIRFlood
[  0%] Built target _astra_camera_generate_messages_check_deps_GetIRExposure
[  0%] Built target _astra_camera_generate_messages_check_deps_SetAutoExposure
[  0%] Built target _astra_camera_generate_messages_check_deps_SetFan
[  0%] Built target _astra_camera_generate_messages_check_deps_SetUVCGain
[  0%] Built target _astra_camera_generate_messages_check_deps_SetDistortioncal
[  1%] Built target astra_camera_gencfg
[  1%] Built target _astra_camera_generate_messages_check_deps_SetIRExposure
[  2%] Built target astra_usb_reset
[  2%] Built target _astra_camera_generate_messages_check_deps_GetVersion
[  2%] Built target std_msgs_generate_messages_py
[  2%] Built target sensor_msgs_generate_messages_py
[  2%] Built target std_msgs_generate_messages_nodejs
[  2%] Built target sensor_msgs_generate_messages_nodejs
[  2%] Built target sensor_msgs_generate_messages_lisp
[  2%] Built target std_msgs_generate_messages_lisp
[  2%] Built target std_msgs_generate_messages_eus
[  2%] Built target sensor_msgs_generate_messages_eus
[ 19%] Built target astra_camera_generate_messages_py
[ 34%] Built target astra_camera_generate_messages_cpp
[ 48%] Built target astra_camera_generate_messages_nodejs
[ 64%] Built target astra_camera_generate_messages_lisp
[ 81%] Built target astra_camera_generate_messages_eus
[ 85%] Built target libuvc_camera_nodelet
[ 87%] Built target astra_camera_generate_messages
[ 87%] Built target camera_node
[ 93%] Built target astra_wrapper
[ 94%] Built target astra_list_devices
[ 95%] Built target astra_test_wrapper
[ 97%] Built target astra_driver_lib
[ 98%] Built target astra_camera_node
[100%] Built target astra_camera_nodelet
