Determining if the pthread_create exist failed with the following output:
Change Dir: /home/chels/catkin_ws/build/gqcnn/CMakeFiles/CMakeTmp

Run Build Command:"/usr/bin/make" "cmTC_712fe/fast"
/usr/bin/make -f CMakeFiles/cmTC_712fe.dir/build.make CMakeFiles/cmTC_712fe.dir/build
make[1]: Entering directory '/home/chels/catkin_ws/build/gqcnn/CMakeFiles/CMakeTmp'
Building C object CMakeFiles/cmTC_712fe.dir/CheckSymbolExists.c.o
/usr/bin/cc    -o CMakeFiles/cmTC_712fe.dir/CheckSymbolExists.c.o   -c /home/chels/catkin_ws/build/gqcnn/CMakeFiles/CMakeTmp/CheckSymbolExists.c
Linking C executable cmTC_712fe
/usr/bin/cmake -E cmake_link_script CMakeFiles/cmTC_712fe.dir/link.txt --verbose=1
/usr/bin/cc      -rdynamic CMakeFiles/cmTC_712fe.dir/CheckSymbolExists.c.o  -o cmTC_712fe 
CMakeFiles/cmTC_712fe.dir/CheckSymbolExists.c.o: In function `main':
CheckSymbolExists.c:(.text+0x1b): undefined reference to `pthread_create'
collect2: error: ld returned 1 exit status
CMakeFiles/cmTC_712fe.dir/build.make:97: recipe for target 'cmTC_712fe' failed
make[1]: *** [cmTC_712fe] Error 1
make[1]: Leaving directory '/home/chels/catkin_ws/build/gqcnn/CMakeFiles/CMakeTmp'
Makefile:126: recipe for target 'cmTC_712fe/fast' failed
make: *** [cmTC_712fe/fast] Error 2

File /home/chels/catkin_ws/build/gqcnn/CMakeFiles/CMakeTmp/CheckSymbolExists.c:
/* */
#include <pthread.h>

int main(int argc, char** argv)
{
  (void)argv;
#ifndef pthread_create
  return ((int*)(&pthread_create))[argc];
#else
  (void)argc;
  return 0;
#endif
}

Determining if the function pthread_create exists in the pthreads failed with the following output:
Change Dir: /home/chels/catkin_ws/build/gqcnn/CMakeFiles/CMakeTmp

Run Build Command:"/usr/bin/make" "cmTC_64736/fast"
/usr/bin/make -f CMakeFiles/cmTC_64736.dir/build.make CMakeFiles/cmTC_64736.dir/build
make[1]: Entering directory '/home/chels/catkin_ws/build/gqcnn/CMakeFiles/CMakeTmp'
Building C object CMakeFiles/cmTC_64736.dir/CheckFunctionExists.c.o
/usr/bin/cc   -DCHECK_FUNCTION_EXISTS=pthread_create   -o CMakeFiles/cmTC_64736.dir/CheckFunctionExists.c.o   -c /usr/share/cmake-3.10/Modules/CheckFunctionExists.c
Linking C executable cmTC_64736
/usr/bin/cmake -E cmake_link_script CMakeFiles/cmTC_64736.dir/link.txt --verbose=1
/usr/bin/cc  -DCHECK_FUNCTION_EXISTS=pthread_create    -rdynamic CMakeFiles/cmTC_64736.dir/CheckFunctionExists.c.o  -o cmTC_64736 -lpthreads 
/usr/bin/ld: cannot find -lpthreads
collect2: error: ld returned 1 exit status
CMakeFiles/cmTC_64736.dir/build.make:97: recipe for target 'cmTC_64736' failed
make[1]: *** [cmTC_64736] Error 1
make[1]: Leaving directory '/home/chels/catkin_ws/build/gqcnn/CMakeFiles/CMakeTmp'
Makefile:126: recipe for target 'cmTC_64736/fast' failed
make: *** [cmTC_64736/fast] Error 2


