Linked: (/home/chels/catkin_ws/devel/.private/bwi_moveit_utils/include/bwi_moveit_utils/MoveitCartesianPoseRequest.h, /home/chels/catkin_ws/devel/include/bwi_moveit_utils/MoveitCartesianPoseRequest.h)
Linked: (/home/chels/catkin_ws/devel/.private/bwi_moveit_utils/include/bwi_moveit_utils/MoveitWaypointResponse.h, /home/chels/catkin_ws/devel/include/bwi_moveit_utils/MoveitWaypointResponse.h)
Linked: (/home/chels/catkin_ws/devel/.private/bwi_moveit_utils/include/bwi_moveit_utils/MoveitCartesianPose.h, /home/chels/catkin_ws/devel/include/bwi_moveit_utils/MoveitCartesianPose.h)
Linked: (/home/chels/catkin_ws/devel/.private/bwi_moveit_utils/include/bwi_moveit_utils/MoveitWaypointRequest.h, /home/chels/catkin_ws/devel/include/bwi_moveit_utils/MoveitWaypointRequest.h)
Linked: (/home/chels/catkin_ws/devel/.private/bwi_moveit_utils/include/bwi_moveit_utils/MoveitJointPoseRequest.h, /home/chels/catkin_ws/devel/include/bwi_moveit_utils/MoveitJointPoseRequest.h)
Linked: (/home/chels/catkin_ws/devel/.private/bwi_moveit_utils/include/bwi_moveit_utils/MoveitJointPose.h, /home/chels/catkin_ws/devel/include/bwi_moveit_utils/MoveitJointPose.h)
Linked: (/home/chels/catkin_ws/devel/.private/bwi_moveit_utils/include/bwi_moveit_utils/MoveitCartesianPoseResponse.h, /home/chels/catkin_ws/devel/include/bwi_moveit_utils/MoveitCartesianPoseResponse.h)
Linked: (/home/chels/catkin_ws/devel/.private/bwi_moveit_utils/include/bwi_moveit_utils/MoveitWaypoint.h, /home/chels/catkin_ws/devel/include/bwi_moveit_utils/MoveitWaypoint.h)
Linked: (/home/chels/catkin_ws/devel/.private/bwi_moveit_utils/include/bwi_moveit_utils/MoveitJointPoseResponse.h, /home/chels/catkin_ws/devel/include/bwi_moveit_utils/MoveitJointPoseResponse.h)
Linked: (/home/chels/catkin_ws/devel/.private/bwi_moveit_utils/lib/bwi_moveit_utils/moveit_cartesian_pose_service, /home/chels/catkin_ws/devel/lib/bwi_moveit_utils/moveit_cartesian_pose_service)
Linked: (/home/chels/catkin_ws/devel/.private/bwi_moveit_utils/lib/bwi_moveit_utils/moveit_joint_pose_service, /home/chels/catkin_ws/devel/lib/bwi_moveit_utils/moveit_joint_pose_service)
Linked: (/home/chels/catkin_ws/devel/.private/bwi_moveit_utils/lib/bwi_moveit_utils/moveit_waypoint_service, /home/chels/catkin_ws/devel/lib/bwi_moveit_utils/moveit_waypoint_service)
Linked: (/home/chels/catkin_ws/devel/.private/bwi_moveit_utils/lib/python2.7/dist-packages/bwi_moveit_utils/__init__.py, /home/chels/catkin_ws/devel/lib/python2.7/dist-packages/bwi_moveit_utils/__init__.py)
Linked: (/home/chels/catkin_ws/devel/.private/bwi_moveit_utils/lib/python2.7/dist-packages/bwi_moveit_utils/srv/_MoveitWaypoint.py, /home/chels/catkin_ws/devel/lib/python2.7/dist-packages/bwi_moveit_utils/srv/_MoveitWaypoint.py)
Linked: (/home/chels/catkin_ws/devel/.private/bwi_moveit_utils/lib/python2.7/dist-packages/bwi_moveit_utils/srv/_MoveitCartesianPose.py, /home/chels/catkin_ws/devel/lib/python2.7/dist-packages/bwi_moveit_utils/srv/_MoveitCartesianPose.py)
Linked: (/home/chels/catkin_ws/devel/.private/bwi_moveit_utils/lib/python2.7/dist-packages/bwi_moveit_utils/srv/__init__.py, /home/chels/catkin_ws/devel/lib/python2.7/dist-packages/bwi_moveit_utils/srv/__init__.py)
Linked: (/home/chels/catkin_ws/devel/.private/bwi_moveit_utils/lib/python2.7/dist-packages/bwi_moveit_utils/srv/_MoveitJointPose.py, /home/chels/catkin_ws/devel/lib/python2.7/dist-packages/bwi_moveit_utils/srv/_MoveitJointPose.py)
Linked: (/home/chels/catkin_ws/devel/.private/bwi_moveit_utils/lib/pkgconfig/bwi_moveit_utils.pc, /home/chels/catkin_ws/devel/lib/pkgconfig/bwi_moveit_utils.pc)
Linked: (/home/chels/catkin_ws/devel/.private/bwi_moveit_utils/share/bwi_moveit_utils/cmake/bwi_moveit_utils-msg-extras.cmake, /home/chels/catkin_ws/devel/share/bwi_moveit_utils/cmake/bwi_moveit_utils-msg-extras.cmake)
Linked: (/home/chels/catkin_ws/devel/.private/bwi_moveit_utils/share/bwi_moveit_utils/cmake/bwi_moveit_utilsConfig.cmake, /home/chels/catkin_ws/devel/share/bwi_moveit_utils/cmake/bwi_moveit_utilsConfig.cmake)
Linked: (/home/chels/catkin_ws/devel/.private/bwi_moveit_utils/share/bwi_moveit_utils/cmake/bwi_moveit_utilsConfig-version.cmake, /home/chels/catkin_ws/devel/share/bwi_moveit_utils/cmake/bwi_moveit_utilsConfig-version.cmake)
Linked: (/home/chels/catkin_ws/devel/.private/bwi_moveit_utils/share/bwi_moveit_utils/cmake/bwi_moveit_utils-msg-paths.cmake, /home/chels/catkin_ws/devel/share/bwi_moveit_utils/cmake/bwi_moveit_utils-msg-paths.cmake)
Linked: (/home/chels/catkin_ws/devel/.private/bwi_moveit_utils/share/gennodejs/ros/bwi_moveit_utils/_index.js, /home/chels/catkin_ws/devel/share/gennodejs/ros/bwi_moveit_utils/_index.js)
Linked: (/home/chels/catkin_ws/devel/.private/bwi_moveit_utils/share/gennodejs/ros/bwi_moveit_utils/srv/MoveitWaypoint.js, /home/chels/catkin_ws/devel/share/gennodejs/ros/bwi_moveit_utils/srv/MoveitWaypoint.js)
Linked: (/home/chels/catkin_ws/devel/.private/bwi_moveit_utils/share/gennodejs/ros/bwi_moveit_utils/srv/MoveitJointPose.js, /home/chels/catkin_ws/devel/share/gennodejs/ros/bwi_moveit_utils/srv/MoveitJointPose.js)
Linked: (/home/chels/catkin_ws/devel/.private/bwi_moveit_utils/share/gennodejs/ros/bwi_moveit_utils/srv/_index.js, /home/chels/catkin_ws/devel/share/gennodejs/ros/bwi_moveit_utils/srv/_index.js)
Linked: (/home/chels/catkin_ws/devel/.private/bwi_moveit_utils/share/gennodejs/ros/bwi_moveit_utils/srv/MoveitCartesianPose.js, /home/chels/catkin_ws/devel/share/gennodejs/ros/bwi_moveit_utils/srv/MoveitCartesianPose.js)
Linked: (/home/chels/catkin_ws/devel/.private/bwi_moveit_utils/share/common-lisp/ros/bwi_moveit_utils/srv/_package_MoveitWaypoint.lisp, /home/chels/catkin_ws/devel/share/common-lisp/ros/bwi_moveit_utils/srv/_package_MoveitWaypoint.lisp)
Linked: (/home/chels/catkin_ws/devel/.private/bwi_moveit_utils/share/common-lisp/ros/bwi_moveit_utils/srv/MoveitCartesianPose.lisp, /home/chels/catkin_ws/devel/share/common-lisp/ros/bwi_moveit_utils/srv/MoveitCartesianPose.lisp)
Linked: (/home/chels/catkin_ws/devel/.private/bwi_moveit_utils/share/common-lisp/ros/bwi_moveit_utils/srv/_package_MoveitJointPose.lisp, /home/chels/catkin_ws/devel/share/common-lisp/ros/bwi_moveit_utils/srv/_package_MoveitJointPose.lisp)
Linked: (/home/chels/catkin_ws/devel/.private/bwi_moveit_utils/share/common-lisp/ros/bwi_moveit_utils/srv/MoveitJointPose.lisp, /home/chels/catkin_ws/devel/share/common-lisp/ros/bwi_moveit_utils/srv/MoveitJointPose.lisp)
Linked: (/home/chels/catkin_ws/devel/.private/bwi_moveit_utils/share/common-lisp/ros/bwi_moveit_utils/srv/_package_MoveitCartesianPose.lisp, /home/chels/catkin_ws/devel/share/common-lisp/ros/bwi_moveit_utils/srv/_package_MoveitCartesianPose.lisp)
Linked: (/home/chels/catkin_ws/devel/.private/bwi_moveit_utils/share/common-lisp/ros/bwi_moveit_utils/srv/_package.lisp, /home/chels/catkin_ws/devel/share/common-lisp/ros/bwi_moveit_utils/srv/_package.lisp)
Linked: (/home/chels/catkin_ws/devel/.private/bwi_moveit_utils/share/common-lisp/ros/bwi_moveit_utils/srv/MoveitWaypoint.lisp, /home/chels/catkin_ws/devel/share/common-lisp/ros/bwi_moveit_utils/srv/MoveitWaypoint.lisp)
Linked: (/home/chels/catkin_ws/devel/.private/bwi_moveit_utils/share/common-lisp/ros/bwi_moveit_utils/srv/bwi_moveit_utils-srv.asd, /home/chels/catkin_ws/devel/share/common-lisp/ros/bwi_moveit_utils/srv/bwi_moveit_utils-srv.asd)
Linked: (/home/chels/catkin_ws/devel/.private/bwi_moveit_utils/share/roseus/ros/bwi_moveit_utils/manifest.l, /home/chels/catkin_ws/devel/share/roseus/ros/bwi_moveit_utils/manifest.l)
Linked: (/home/chels/catkin_ws/devel/.private/bwi_moveit_utils/share/roseus/ros/bwi_moveit_utils/srv/MoveitWaypoint.l, /home/chels/catkin_ws/devel/share/roseus/ros/bwi_moveit_utils/srv/MoveitWaypoint.l)
Linked: (/home/chels/catkin_ws/devel/.private/bwi_moveit_utils/share/roseus/ros/bwi_moveit_utils/srv/MoveitJointPose.l, /home/chels/catkin_ws/devel/share/roseus/ros/bwi_moveit_utils/srv/MoveitJointPose.l)
Linked: (/home/chels/catkin_ws/devel/.private/bwi_moveit_utils/share/roseus/ros/bwi_moveit_utils/srv/MoveitCartesianPose.l, /home/chels/catkin_ws/devel/share/roseus/ros/bwi_moveit_utils/srv/MoveitCartesianPose.l)
