[  0%] Built target _bwi_moveit_utils_generate_messages_check_deps_MoveitJointPose
[  0%] Built target _bwi_moveit_utils_generate_messages_check_deps_MoveitWaypoint
[  0%] Built target actionlib_msgs_generate_messages_cpp
[  0%] Built target sensor_msgs_generate_messages_cpp
[  0%] Built target _bwi_moveit_utils_generate_messages_check_deps_MoveitCartesianPose
[  0%] Built target moveit_msgs_generate_messages_cpp
[  0%] Built target moveit_msgs_generate_messages_py
[  0%] Built target actionlib_msgs_generate_messages_py
[  0%] Built target sensor_msgs_generate_messages_py
[  0%] Built target sensor_msgs_generate_messages_nodejs
[  0%] Built target moveit_msgs_generate_messages_nodejs
[  0%] Built target actionlib_msgs_generate_messages_nodejs
[  0%] Built target moveit_msgs_generate_messages_lisp
[  0%] Built target actionlib_msgs_generate_messages_lisp
[  0%] Built target sensor_msgs_generate_messages_lisp
[  0%] Built target moveit_msgs_generate_messages_eus
[  0%] Built target sensor_msgs_generate_messages_eus
[  0%] Built target actionlib_msgs_generate_messages_eus
[ 13%] Built target bwi_moveit_utils_generate_messages_cpp
[ 30%] Built target bwi_moveit_utils_generate_messages_py
[ 43%] Built target bwi_moveit_utils_generate_messages_nodejs
[ 56%] Built target bwi_moveit_utils_generate_messages_lisp
[ 73%] Built target bwi_moveit_utils_generate_messages_eus
[ 73%] Built target bwi_moveit_utils_gencpp
[ 73%] Built target bwi_moveit_utils_generate_messages
[ 82%] Built target moveit_waypoint_service
[ 91%] Built target moveit_cartesian_pose_service
[100%] Built target moveit_joint_pose_service
