Linked: (/home/chels/catkin_ws/devel/.private/camera1394/include/camera1394/GetCameraRegistersRequest.h, /home/chels/catkin_ws/devel/include/camera1394/GetCameraRegistersRequest.h)
Linked: (/home/chels/catkin_ws/devel/.private/camera1394/include/camera1394/Camera1394Config.h, /home/chels/catkin_ws/devel/include/camera1394/Camera1394Config.h)
Linked: (/home/chels/catkin_ws/devel/.private/camera1394/include/camera1394/GetCameraRegisters.h, /home/chels/catkin_ws/devel/include/camera1394/GetCameraRegisters.h)
Linked: (/home/chels/catkin_ws/devel/.private/camera1394/include/camera1394/SetCameraRegistersRequest.h, /home/chels/catkin_ws/devel/include/camera1394/SetCameraRegistersRequest.h)
Linked: (/home/chels/catkin_ws/devel/.private/camera1394/include/camera1394/SetCameraRegisters.h, /home/chels/catkin_ws/devel/include/camera1394/SetCameraRegisters.h)
Linked: (/home/chels/catkin_ws/devel/.private/camera1394/include/camera1394/SetCameraRegistersResponse.h, /home/chels/catkin_ws/devel/include/camera1394/SetCameraRegistersResponse.h)
Linked: (/home/chels/catkin_ws/devel/.private/camera1394/include/camera1394/GetCameraRegistersResponse.h, /home/chels/catkin_ws/devel/include/camera1394/GetCameraRegistersResponse.h)
Linked: (/home/chels/catkin_ws/devel/.private/camera1394/lib/libcamera1394_nodelet.so, /home/chels/catkin_ws/devel/lib/libcamera1394_nodelet.so)
Linked: (/home/chels/catkin_ws/devel/.private/camera1394/lib/python2.7/dist-packages/camera1394/__init__.py, /home/chels/catkin_ws/devel/lib/python2.7/dist-packages/camera1394/__init__.py)
Linked: (/home/chels/catkin_ws/devel/.private/camera1394/lib/python2.7/dist-packages/camera1394/srv/__init__.py, /home/chels/catkin_ws/devel/lib/python2.7/dist-packages/camera1394/srv/__init__.py)
Linked: (/home/chels/catkin_ws/devel/.private/camera1394/lib/python2.7/dist-packages/camera1394/srv/_GetCameraRegisters.py, /home/chels/catkin_ws/devel/lib/python2.7/dist-packages/camera1394/srv/_GetCameraRegisters.py)
Linked: (/home/chels/catkin_ws/devel/.private/camera1394/lib/python2.7/dist-packages/camera1394/srv/_SetCameraRegisters.py, /home/chels/catkin_ws/devel/lib/python2.7/dist-packages/camera1394/srv/_SetCameraRegisters.py)
Linked: (/home/chels/catkin_ws/devel/.private/camera1394/lib/python2.7/dist-packages/camera1394/cfg/Camera1394Config.py, /home/chels/catkin_ws/devel/lib/python2.7/dist-packages/camera1394/cfg/Camera1394Config.py)
Linked: (/home/chels/catkin_ws/devel/.private/camera1394/lib/python2.7/dist-packages/camera1394/cfg/__init__.py, /home/chels/catkin_ws/devel/lib/python2.7/dist-packages/camera1394/cfg/__init__.py)
Linked: (/home/chels/catkin_ws/devel/.private/camera1394/lib/camera1394/camera1394_node, /home/chels/catkin_ws/devel/lib/camera1394/camera1394_node)
Linked: (/home/chels/catkin_ws/devel/.private/camera1394/lib/pkgconfig/camera1394.pc, /home/chels/catkin_ws/devel/lib/pkgconfig/camera1394.pc)
Linked: (/home/chels/catkin_ws/devel/.private/camera1394/share/gennodejs/ros/camera1394/_index.js, /home/chels/catkin_ws/devel/share/gennodejs/ros/camera1394/_index.js)
Linked: (/home/chels/catkin_ws/devel/.private/camera1394/share/gennodejs/ros/camera1394/srv/GetCameraRegisters.js, /home/chels/catkin_ws/devel/share/gennodejs/ros/camera1394/srv/GetCameraRegisters.js)
Linked: (/home/chels/catkin_ws/devel/.private/camera1394/share/gennodejs/ros/camera1394/srv/_index.js, /home/chels/catkin_ws/devel/share/gennodejs/ros/camera1394/srv/_index.js)
Linked: (/home/chels/catkin_ws/devel/.private/camera1394/share/gennodejs/ros/camera1394/srv/SetCameraRegisters.js, /home/chels/catkin_ws/devel/share/gennodejs/ros/camera1394/srv/SetCameraRegisters.js)
Linked: (/home/chels/catkin_ws/devel/.private/camera1394/share/camera1394/cmake/camera1394Config.cmake, /home/chels/catkin_ws/devel/share/camera1394/cmake/camera1394Config.cmake)
Linked: (/home/chels/catkin_ws/devel/.private/camera1394/share/camera1394/cmake/camera1394-msg-extras.cmake, /home/chels/catkin_ws/devel/share/camera1394/cmake/camera1394-msg-extras.cmake)
Linked: (/home/chels/catkin_ws/devel/.private/camera1394/share/camera1394/cmake/camera1394Config-version.cmake, /home/chels/catkin_ws/devel/share/camera1394/cmake/camera1394Config-version.cmake)
Linked: (/home/chels/catkin_ws/devel/.private/camera1394/share/camera1394/cmake/camera1394-msg-paths.cmake, /home/chels/catkin_ws/devel/share/camera1394/cmake/camera1394-msg-paths.cmake)
Linked: (/home/chels/catkin_ws/devel/.private/camera1394/share/camera1394/docs/Camera1394Config.dox, /home/chels/catkin_ws/devel/share/camera1394/docs/Camera1394Config.dox)
Linked: (/home/chels/catkin_ws/devel/.private/camera1394/share/camera1394/docs/Camera1394Config.wikidoc, /home/chels/catkin_ws/devel/share/camera1394/docs/Camera1394Config.wikidoc)
Linked: (/home/chels/catkin_ws/devel/.private/camera1394/share/camera1394/docs/Camera1394Config-usage.dox, /home/chels/catkin_ws/devel/share/camera1394/docs/Camera1394Config-usage.dox)
Linked: (/home/chels/catkin_ws/devel/.private/camera1394/share/common-lisp/ros/camera1394/srv/camera1394-srv.asd, /home/chels/catkin_ws/devel/share/common-lisp/ros/camera1394/srv/camera1394-srv.asd)
Linked: (/home/chels/catkin_ws/devel/.private/camera1394/share/common-lisp/ros/camera1394/srv/_package_SetCameraRegisters.lisp, /home/chels/catkin_ws/devel/share/common-lisp/ros/camera1394/srv/_package_SetCameraRegisters.lisp)
Linked: (/home/chels/catkin_ws/devel/.private/camera1394/share/common-lisp/ros/camera1394/srv/_package_GetCameraRegisters.lisp, /home/chels/catkin_ws/devel/share/common-lisp/ros/camera1394/srv/_package_GetCameraRegisters.lisp)
Linked: (/home/chels/catkin_ws/devel/.private/camera1394/share/common-lisp/ros/camera1394/srv/GetCameraRegisters.lisp, /home/chels/catkin_ws/devel/share/common-lisp/ros/camera1394/srv/GetCameraRegisters.lisp)
Linked: (/home/chels/catkin_ws/devel/.private/camera1394/share/common-lisp/ros/camera1394/srv/_package.lisp, /home/chels/catkin_ws/devel/share/common-lisp/ros/camera1394/srv/_package.lisp)
Linked: (/home/chels/catkin_ws/devel/.private/camera1394/share/common-lisp/ros/camera1394/srv/SetCameraRegisters.lisp, /home/chels/catkin_ws/devel/share/common-lisp/ros/camera1394/srv/SetCameraRegisters.lisp)
Linked: (/home/chels/catkin_ws/devel/.private/camera1394/share/roseus/ros/camera1394/manifest.l, /home/chels/catkin_ws/devel/share/roseus/ros/camera1394/manifest.l)
Linked: (/home/chels/catkin_ws/devel/.private/camera1394/share/roseus/ros/camera1394/srv/SetCameraRegisters.l, /home/chels/catkin_ws/devel/share/roseus/ros/camera1394/srv/SetCameraRegisters.l)
Linked: (/home/chels/catkin_ws/devel/.private/camera1394/share/roseus/ros/camera1394/srv/GetCameraRegisters.l, /home/chels/catkin_ws/devel/share/roseus/ros/camera1394/srv/GetCameraRegisters.l)
