[35m[1mScanning dependencies of target tf_generate_messages_lisp[0m
[  0%] Built target tf_generate_messages_lisp
[35m[1mScanning dependencies of target geometry_msgs_generate_messages_lisp[0m
[  0%] Built target geometry_msgs_generate_messages_lisp
[35m[1mScanning dependencies of target geometry_msgs_generate_messages_eus[0m
[  0%] Built target geometry_msgs_generate_messages_eus
[35m[1mScanning dependencies of target std_msgs_generate_messages_py[0m
[  0%] Built target std_msgs_generate_messages_py
[35m[1mScanning dependencies of target roscpp_generate_messages_nodejs[0m
[  0%] Built target roscpp_generate_messages_nodejs
[35m[1mScanning dependencies of target std_msgs_generate_messages_lisp[0m
[  0%] Built target std_msgs_generate_messages_lisp
[35m[1mScanning dependencies of target sensor_msgs_generate_messages_py[0m
[  0%] Built target sensor_msgs_generate_messages_py
[35m[1mScanning dependencies of target tf_generate_messages_py[0m
[  0%] Built target tf_generate_messages_py
[35m[1mScanning dependencies of target dynamic_reconfigure_generate_messages_cpp[0m
[  0%] Built target dynamic_reconfigure_generate_messages_cpp
[35m[1mScanning dependencies of target rosgraph_msgs_generate_messages_cpp[0m
[  0%] Built target rosgraph_msgs_generate_messages_cpp
[35m[1mScanning dependencies of target std_msgs_generate_messages_cpp[0m
[  0%] Built target std_msgs_generate_messages_cpp
[35m[1mScanning dependencies of target move_base_msgs_generate_messages_cpp[0m
[  0%] Built target move_base_msgs_generate_messages_cpp
[35m[1mScanning dependencies of target map_msgs_generate_messages_lisp[0m
[  0%] Built target map_msgs_generate_messages_lisp
[35m[1mScanning dependencies of target std_msgs_generate_messages_eus[0m
[  0%] Built target std_msgs_generate_messages_eus
[35m[1mScanning dependencies of target visualization_msgs_generate_messages_lisp[0m
[  0%] Built target visualization_msgs_generate_messages_lisp
[35m[1mScanning dependencies of target visualization_msgs_generate_messages_nodejs[0m
[  0%] Built target visualization_msgs_generate_messages_nodejs
[35m[1mScanning dependencies of target map_msgs_generate_messages_nodejs[0m
[  0%] Built target map_msgs_generate_messages_nodejs
[35m[1mScanning dependencies of target actionlib_msgs_generate_messages_nodejs[0m
[  0%] Built target actionlib_msgs_generate_messages_nodejs
[35m[1mScanning dependencies of target nav_msgs_generate_messages_nodejs[0m
[  0%] Built target nav_msgs_generate_messages_nodejs
[35m[1mScanning dependencies of target costmap_2d_gencfg[0m
[  0%] Built target costmap_2d_gencfg
[35m[1mScanning dependencies of target costmap_2d_generate_messages_cpp[0m
[  0%] Built target costmap_2d_generate_messages_cpp
[35m[1mScanning dependencies of target dynamic_reconfigure_generate_messages_nodejs[0m
[  0%] Built target dynamic_reconfigure_generate_messages_nodejs
[35m[1mScanning dependencies of target exploration_msgs_generate_messages_nodejs[0m
[  0%] Built target exploration_msgs_generate_messages_nodejs
[35m[1mScanning dependencies of target visualization_msgs_generate_messages_py[0m
[  0%] Built target visualization_msgs_generate_messages_py
[35m[1mScanning dependencies of target roscpp_generate_messages_cpp[0m
[  0%] Built target roscpp_generate_messages_cpp
[35m[1mScanning dependencies of target sensor_msgs_generate_messages_nodejs[0m
[  0%] Built target sensor_msgs_generate_messages_nodejs
[35m[1mScanning dependencies of target actionlib_generate_messages_cpp[0m
[  0%] Built target actionlib_generate_messages_cpp
[35m[1mScanning dependencies of target geometry_msgs_generate_messages_nodejs[0m
[  0%] Built target geometry_msgs_generate_messages_nodejs
[35m[1mScanning dependencies of target costmap_2d_generate_messages_lisp[0m
[  0%] Built target costmap_2d_generate_messages_lisp
[35m[1mScanning dependencies of target tf_generate_messages_nodejs[0m
[  0%] Built target tf_generate_messages_nodejs
[35m[1mScanning dependencies of target std_srvs_generate_messages_cpp[0m
[  0%] Built target std_srvs_generate_messages_cpp
[35m[1mScanning dependencies of target move_base_msgs_generate_messages_nodejs[0m
[  0%] Built target move_base_msgs_generate_messages_nodejs
[35m[1mScanning dependencies of target costmap_2d_generate_messages_nodejs[0m
[  0%] Built target costmap_2d_generate_messages_nodejs
[35m[1mScanning dependencies of target std_msgs_generate_messages_nodejs[0m
[  0%] Built target std_msgs_generate_messages_nodejs
[35m[1mScanning dependencies of target costmap_2d_generate_messages_py[0m
[  0%] Built target costmap_2d_generate_messages_py
[35m[1mScanning dependencies of target dynamic_reconfigure_generate_messages_eus[0m
[  0%] Built target dynamic_reconfigure_generate_messages_eus
[35m[1mScanning dependencies of target costmap_2d_generate_messages_eus[0m
[  0%] Built target costmap_2d_generate_messages_eus
[35m[1mScanning dependencies of target dynamic_reconfigure_generate_messages_lisp[0m
[  0%] Built target dynamic_reconfigure_generate_messages_lisp
[35m[1mScanning dependencies of target map_msgs_generate_messages_eus[0m
[  0%] Built target map_msgs_generate_messages_eus
[35m[1mScanning dependencies of target geometry_msgs_generate_messages_py[0m
[  0%] Built target geometry_msgs_generate_messages_py
[35m[1mScanning dependencies of target dynamic_reconfigure_generate_messages_py[0m
[  0%] Built target dynamic_reconfigure_generate_messages_py
[35m[1mScanning dependencies of target roscpp_generate_messages_py[0m
[  0%] Built target roscpp_generate_messages_py
[35m[1mScanning dependencies of target rosgraph_msgs_generate_messages_eus[0m
[  0%] Built target rosgraph_msgs_generate_messages_eus
[35m[1mScanning dependencies of target rosgraph_msgs_generate_messages_lisp[0m
[  0%] Built target rosgraph_msgs_generate_messages_lisp
[35m[1mScanning dependencies of target rosgraph_msgs_generate_messages_nodejs[0m
[  0%] Built target rosgraph_msgs_generate_messages_nodejs
[35m[1mScanning dependencies of target sensor_msgs_generate_messages_cpp[0m
[  0%] Built target sensor_msgs_generate_messages_cpp
[35m[1mScanning dependencies of target sensor_msgs_generate_messages_eus[0m
[  0%] Built target sensor_msgs_generate_messages_eus
[35m[1mScanning dependencies of target std_srvs_generate_messages_lisp[0m
[  0%] Built target std_srvs_generate_messages_lisp
[35m[1mScanning dependencies of target _catkin_empty_exported_target[0m
[  0%] Built target _catkin_empty_exported_target
[35m[1mScanning dependencies of target actionlib_generate_messages_eus[0m
[  0%] Built target actionlib_generate_messages_eus
[35m[1mScanning dependencies of target geometry_msgs_generate_messages_cpp[0m
[  0%] Built target geometry_msgs_generate_messages_cpp
[35m[1mScanning dependencies of target actionlib_generate_messages_lisp[0m
[  0%] Built target actionlib_generate_messages_lisp
[35m[1mScanning dependencies of target _frontier_exploration_generate_messages_check_deps_ExploreTaskActionGoal[0m
[  0%] Built target _frontier_exploration_generate_messages_check_deps_ExploreTaskActionGoal
[35m[1mScanning dependencies of target _frontier_exploration_generate_messages_check_deps_Frontier[0m
[  0%] Built target _frontier_exploration_generate_messages_check_deps_Frontier
[35m[1mScanning dependencies of target _frontier_exploration_generate_messages_check_deps_ExploreTaskAction[0m
[  0%] Built target _frontier_exploration_generate_messages_check_deps_ExploreTaskAction
[35m[1mScanning dependencies of target actionlib_msgs_generate_messages_cpp[0m
[  0%] Built target actionlib_msgs_generate_messages_cpp
[35m[1mScanning dependencies of target visualization_msgs_generate_messages_cpp[0m
[  0%] Built target visualization_msgs_generate_messages_cpp
[35m[1mScanning dependencies of target _frontier_exploration_generate_messages_check_deps_ExploreTaskActionFeedback[0m
[  0%] Built target _frontier_exploration_generate_messages_check_deps_ExploreTaskActionFeedback
[35m[1mScanning dependencies of target _frontier_exploration_generate_messages_check_deps_ExploreTaskResult[0m
[  0%] Built target _frontier_exploration_generate_messages_check_deps_ExploreTaskResult
[35m[1mScanning dependencies of target _frontier_exploration_generate_messages_check_deps_ExploreTaskFeedback[0m
[  0%] Built target _frontier_exploration_generate_messages_check_deps_ExploreTaskFeedback
[35m[1mScanning dependencies of target _frontier_exploration_generate_messages_check_deps_ExploreTaskActionResult[0m
[  0%] Built target _frontier_exploration_generate_messages_check_deps_ExploreTaskActionResult
[35m[1mScanning dependencies of target _frontier_exploration_generate_messages_check_deps_ExploreTaskGoal[0m
[  0%] Built target _frontier_exploration_generate_messages_check_deps_ExploreTaskGoal
[35m[1mScanning dependencies of target map_msgs_generate_messages_py[0m
[  0%] Built target map_msgs_generate_messages_py
[35m[1mScanning dependencies of target tf_generate_messages_cpp[0m
[  0%] Built target tf_generate_messages_cpp
[35m[1mScanning dependencies of target actionlib_generate_messages_nodejs[0m
[  0%] Built target actionlib_generate_messages_nodejs
[35m[1mScanning dependencies of target tf_generate_messages_eus[0m
[  0%] Built target tf_generate_messages_eus
[35m[1mScanning dependencies of target roscpp_generate_messages_eus[0m
[  0%] Built target roscpp_generate_messages_eus
[35m[1mScanning dependencies of target rosgraph_msgs_generate_messages_py[0m
[  0%] Built target rosgraph_msgs_generate_messages_py
[35m[1mScanning dependencies of target actionlib_msgs_generate_messages_eus[0m
[  0%] Built target actionlib_msgs_generate_messages_eus
[35m[1mScanning dependencies of target actionlib_msgs_generate_messages_lisp[0m
[  0%] Built target actionlib_msgs_generate_messages_lisp
[35m[1mScanning dependencies of target actionlib_msgs_generate_messages_py[0m
[  0%] Built target actionlib_msgs_generate_messages_py
[35m[1mScanning dependencies of target tf2_msgs_generate_messages_cpp[0m
[  0%] Built target tf2_msgs_generate_messages_cpp
[35m[1mScanning dependencies of target map_msgs_generate_messages_cpp[0m
[  0%] Built target map_msgs_generate_messages_cpp
[35m[1mScanning dependencies of target actionlib_generate_messages_py[0m
[  0%] Built target actionlib_generate_messages_py
[35m[1mScanning dependencies of target tf2_msgs_generate_messages_py[0m
[  0%] Built target tf2_msgs_generate_messages_py
[35m[1mScanning dependencies of target tf2_msgs_generate_messages_nodejs[0m
[  0%] Built target tf2_msgs_generate_messages_nodejs
[35m[1mScanning dependencies of target move_base_msgs_generate_messages_eus[0m
[  0%] Built target move_base_msgs_generate_messages_eus
[35m[1mScanning dependencies of target sensor_msgs_generate_messages_lisp[0m
[  0%] Built target sensor_msgs_generate_messages_lisp
[35m[1mScanning dependencies of target nav_msgs_generate_messages_cpp[0m
[  0%] Built target nav_msgs_generate_messages_cpp
[35m[1mScanning dependencies of target dynamic_reconfigure_gencfg[0m
[35m[1mScanning dependencies of target nav_msgs_generate_messages_lisp[0m
[  0%] Built target dynamic_reconfigure_gencfg
[  0%] Built target nav_msgs_generate_messages_lisp
[35m[1mScanning dependencies of target tf2_msgs_generate_messages_lisp[0m
[35m[1mScanning dependencies of target nav_msgs_generate_messages_py[0m
[  0%] Built target tf2_msgs_generate_messages_lisp
[  0%] Built target nav_msgs_generate_messages_py
[35m[1mScanning dependencies of target nav_msgs_generate_messages_eus[0m
[35m[1mScanning dependencies of target tf2_msgs_generate_messages_eus[0m
[  0%] Built target nav_msgs_generate_messages_eus
[  0%] Built target tf2_msgs_generate_messages_eus
[35m[1mScanning dependencies of target visualization_msgs_generate_messages_eus[0m
[35m[1mScanning dependencies of target exploration_msgs_generate_messages_cpp[0m
[  0%] Built target visualization_msgs_generate_messages_eus
[  0%] Built target exploration_msgs_generate_messages_cpp
[35m[1mScanning dependencies of target std_srvs_generate_messages_py[0m
[35m[1mScanning dependencies of target std_srvs_generate_messages_nodejs[0m
[  0%] Built target std_srvs_generate_messages_py
[  0%] Built target std_srvs_generate_messages_nodejs
[35m[1mScanning dependencies of target move_base_msgs_generate_messages_py[0m
[35m[1mScanning dependencies of target move_base_msgs_generate_messages_lisp[0m
[  0%] Built target move_base_msgs_generate_messages_py
[  0%] Built target move_base_msgs_generate_messages_lisp
[35m[1mScanning dependencies of target exploration_msgs_generate_messages_py[0m
[  0%] Built target exploration_msgs_generate_messages_py
[35m[1mScanning dependencies of target exploration_msgs_generate_messages_lisp[0m
[35m[1mScanning dependencies of target exploration_msgs_generate_messages_eus[0m
[  0%] Built target exploration_msgs_generate_messages_lisp
[  0%] Built target exploration_msgs_generate_messages_eus
[35m[1mScanning dependencies of target std_srvs_generate_messages_eus[0m
[35m[1mScanning dependencies of target roscpp_generate_messages_lisp[0m
[  0%] Built target std_srvs_generate_messages_eus
[  0%] Built target roscpp_generate_messages_lisp
[35m[1mScanning dependencies of target frontier_exploration_generate_messages_eus[0m
[35m[1mScanning dependencies of target frontier_exploration_generate_messages_py[0m
[  2%] [34m[1mGenerating EusLisp code from frontier_exploration/ExploreTaskGoal.msg[0m
[  4%] [34m[1mGenerating Python from MSG frontier_exploration/ExploreTaskGoal[0m
[  6%] [34m[1mGenerating EusLisp code from frontier_exploration/ExploreTaskActionResult.msg[0m
[  8%] [34m[1mGenerating EusLisp code from frontier_exploration/ExploreTaskFeedback.msg[0m
[ 11%] [34m[1mGenerating Python from MSG frontier_exploration/ExploreTaskActionResult[0m
[ 13%] [34m[1mGenerating EusLisp code from frontier_exploration/ExploreTaskActionGoal.msg[0m
[ 15%] [34m[1mGenerating EusLisp code from frontier_exploration/Frontier.msg[0m
[ 17%] [34m[1mGenerating Python from MSG frontier_exploration/ExploreTaskFeedback[0m
[ 20%] [34m[1mGenerating EusLisp code from frontier_exploration/ExploreTaskResult.msg[0m
[ 22%] [34m[1mGenerating EusLisp code from frontier_exploration/ExploreTaskActionFeedback.msg[0m
[ 24%] [34m[1mGenerating Python from MSG frontier_exploration/ExploreTaskActionGoal[0m
[ 26%] [34m[1mGenerating EusLisp code from frontier_exploration/ExploreTaskAction.msg[0m
[ 28%] [34m[1mGenerating EusLisp manifest code for frontier_exploration[0m
[ 31%] [34m[1mGenerating Python from MSG frontier_exploration/Frontier[0m
WARNING: Package name "gazebo_ros_2Dmap_plugin" does not follow the naming conventions. It should start with a lower case letter and only contain lower case letters, digits, underscores, and dashes.
[ 33%] [34m[1mGenerating Python from MSG frontier_exploration/ExploreTaskResult[0m
[ 35%] [34m[1mGenerating Python from MSG frontier_exploration/ExploreTaskActionFeedback[0m
[ 37%] [34m[1mGenerating Python from MSG frontier_exploration/ExploreTaskAction[0m
[ 40%] [34m[1mGenerating Python msg __init__.py for frontier_exploration[0m
[35m[1mScanning dependencies of target frontier_exploration_generate_messages_nodejs[0m
[ 42%] [34m[1mGenerating Javascript code from frontier_exploration/ExploreTaskGoal.msg[0m
[ 44%] [34m[1mGenerating Javascript code from frontier_exploration/ExploreTaskActionResult.msg[0m
[ 44%] Built target frontier_exploration_generate_messages_py
[35m[1mScanning dependencies of target frontier_exploration_generate_messages_lisp[0m
[ 46%] [34m[1mGenerating Javascript code from frontier_exploration/ExploreTaskFeedback.msg[0m
[ 48%] [34m[1mGenerating Lisp code from frontier_exploration/ExploreTaskGoal.msg[0m
[ 51%] [34m[1mGenerating Javascript code from frontier_exploration/ExploreTaskActionGoal.msg[0m
[ 53%] [34m[1mGenerating Lisp code from frontier_exploration/ExploreTaskActionResult.msg[0m
[ 57%] [34m[1mGenerating Javascript code from frontier_exploration/Frontier.msg[0m
[ 57%] [34m[1mGenerating Lisp code from frontier_exploration/ExploreTaskFeedback.msg[0m
WARNING: Package name "gazebo_ros_2Dmap_plugin" does not follow the naming conventions. It should start with a lower case letter and only contain lower case letters, digits, underscores, and dashes.
[ 60%] [34m[1mGenerating Javascript code from frontier_exploration/ExploreTaskResult.msg[0m
[ 62%] [34m[1mGenerating Lisp code from frontier_exploration/ExploreTaskActionGoal.msg[0m
[ 64%] [34m[1mGenerating Javascript code from frontier_exploration/ExploreTaskActionFeedback.msg[0m
[ 66%] [34m[1mGenerating Lisp code from frontier_exploration/Frontier.msg[0m
[ 68%] [34m[1mGenerating Lisp code from frontier_exploration/ExploreTaskResult.msg[0m
[ 71%] [34m[1mGenerating Javascript code from frontier_exploration/ExploreTaskAction.msg[0m
[ 73%] [34m[1mGenerating Lisp code from frontier_exploration/ExploreTaskActionFeedback.msg[0m
[ 73%] Built target frontier_exploration_generate_messages_nodejs
[35m[1mScanning dependencies of target frontier_exploration_generate_messages_cpp[0m
[ 75%] [34m[1mGenerating C++ code from frontier_exploration/ExploreTaskGoal.msg[0m
[ 77%] [34m[1mGenerating Lisp code from frontier_exploration/ExploreTaskAction.msg[0m
[ 77%] Built target frontier_exploration_generate_messages_lisp
[ 80%] [34m[1mGenerating C++ code from frontier_exploration/ExploreTaskActionResult.msg[0m
[ 82%] [34m[1mGenerating C++ code from frontier_exploration/ExploreTaskFeedback.msg[0m
[ 84%] [34m[1mGenerating C++ code from frontier_exploration/ExploreTaskActionGoal.msg[0m
[ 86%] [34m[1mGenerating C++ code from frontier_exploration/Frontier.msg[0m
[ 88%] [34m[1mGenerating C++ code from frontier_exploration/ExploreTaskResult.msg[0m
[ 88%] Built target frontier_exploration_generate_messages_eus
[ 91%] [34m[1mGenerating C++ code from frontier_exploration/ExploreTaskActionFeedback.msg[0m
[ 93%] [34m[1mGenerating C++ code from frontier_exploration/ExploreTaskAction.msg[0m
[ 93%] Built target frontier_exploration_generate_messages_cpp
[35m[1mScanning dependencies of target frontier_plugin[0m
[35m[1mScanning dependencies of target frontier_exploration_generate_messages[0m
[ 93%] Built target frontier_exploration_generate_messages
[ 95%] [32mBuilding CXX object CMakeFiles/frontier_plugin.dir/src/frontier_plugin.cpp.o[0m
[ 97%] [32mBuilding CXX object CMakeFiles/frontier_plugin.dir/src/frontier_search.cpp.o[0m
[100%] [32m[1mLinking CXX shared library /home/chels/catkin_ws/devel/.private/frontier_exploration/lib/libfrontier_plugin.so[0m
[100%] Built target frontier_plugin
