Linked: (/home/chels/catkin_ws/devel/.private/frontier_exploration/include/frontier_exploration/Frontier.h, /home/chels/catkin_ws/devel/include/frontier_exploration/Frontier.h)
Linked: (/home/chels/catkin_ws/devel/.private/frontier_exploration/include/frontier_exploration/ExploreTaskGoal.h, /home/chels/catkin_ws/devel/include/frontier_exploration/ExploreTaskGoal.h)
Linked: (/home/chels/catkin_ws/devel/.private/frontier_exploration/include/frontier_exploration/ExploreTaskFeedback.h, /home/chels/catkin_ws/devel/include/frontier_exploration/ExploreTaskFeedback.h)
Linked: (/home/chels/catkin_ws/devel/.private/frontier_exploration/include/frontier_exploration/ExploreTaskAction.h, /home/chels/catkin_ws/devel/include/frontier_exploration/ExploreTaskAction.h)
Linked: (/home/chels/catkin_ws/devel/.private/frontier_exploration/include/frontier_exploration/ExploreTaskResult.h, /home/chels/catkin_ws/devel/include/frontier_exploration/ExploreTaskResult.h)
Linked: (/home/chels/catkin_ws/devel/.private/frontier_exploration/include/frontier_exploration/ExploreTaskActionGoal.h, /home/chels/catkin_ws/devel/include/frontier_exploration/ExploreTaskActionGoal.h)
Linked: (/home/chels/catkin_ws/devel/.private/frontier_exploration/include/frontier_exploration/ExploreTaskActionResult.h, /home/chels/catkin_ws/devel/include/frontier_exploration/ExploreTaskActionResult.h)
Linked: (/home/chels/catkin_ws/devel/.private/frontier_exploration/include/frontier_exploration/ExploreTaskActionFeedback.h, /home/chels/catkin_ws/devel/include/frontier_exploration/ExploreTaskActionFeedback.h)
Linked: (/home/chels/catkin_ws/devel/.private/frontier_exploration/lib/libfrontier_plugin.so, /home/chels/catkin_ws/devel/lib/libfrontier_plugin.so)
Linked: (/home/chels/catkin_ws/devel/.private/frontier_exploration/lib/python2.7/dist-packages/frontier_exploration/__init__.py, /home/chels/catkin_ws/devel/lib/python2.7/dist-packages/frontier_exploration/__init__.py)
Linked: (/home/chels/catkin_ws/devel/.private/frontier_exploration/lib/python2.7/dist-packages/frontier_exploration/msg/_ExploreTaskResult.py, /home/chels/catkin_ws/devel/lib/python2.7/dist-packages/frontier_exploration/msg/_ExploreTaskResult.py)
Linked: (/home/chels/catkin_ws/devel/.private/frontier_exploration/lib/python2.7/dist-packages/frontier_exploration/msg/_ExploreTaskGoal.py, /home/chels/catkin_ws/devel/lib/python2.7/dist-packages/frontier_exploration/msg/_ExploreTaskGoal.py)
Linked: (/home/chels/catkin_ws/devel/.private/frontier_exploration/lib/python2.7/dist-packages/frontier_exploration/msg/_ExploreTaskFeedback.py, /home/chels/catkin_ws/devel/lib/python2.7/dist-packages/frontier_exploration/msg/_ExploreTaskFeedback.py)
Linked: (/home/chels/catkin_ws/devel/.private/frontier_exploration/lib/python2.7/dist-packages/frontier_exploration/msg/_ExploreTaskActionFeedback.py, /home/chels/catkin_ws/devel/lib/python2.7/dist-packages/frontier_exploration/msg/_ExploreTaskActionFeedback.py)
Linked: (/home/chels/catkin_ws/devel/.private/frontier_exploration/lib/python2.7/dist-packages/frontier_exploration/msg/_Frontier.py, /home/chels/catkin_ws/devel/lib/python2.7/dist-packages/frontier_exploration/msg/_Frontier.py)
Linked: (/home/chels/catkin_ws/devel/.private/frontier_exploration/lib/python2.7/dist-packages/frontier_exploration/msg/_ExploreTaskActionResult.py, /home/chels/catkin_ws/devel/lib/python2.7/dist-packages/frontier_exploration/msg/_ExploreTaskActionResult.py)
Linked: (/home/chels/catkin_ws/devel/.private/frontier_exploration/lib/python2.7/dist-packages/frontier_exploration/msg/__init__.py, /home/chels/catkin_ws/devel/lib/python2.7/dist-packages/frontier_exploration/msg/__init__.py)
Linked: (/home/chels/catkin_ws/devel/.private/frontier_exploration/lib/python2.7/dist-packages/frontier_exploration/msg/_ExploreTaskAction.py, /home/chels/catkin_ws/devel/lib/python2.7/dist-packages/frontier_exploration/msg/_ExploreTaskAction.py)
Linked: (/home/chels/catkin_ws/devel/.private/frontier_exploration/lib/python2.7/dist-packages/frontier_exploration/msg/_ExploreTaskActionGoal.py, /home/chels/catkin_ws/devel/lib/python2.7/dist-packages/frontier_exploration/msg/_ExploreTaskActionGoal.py)
Linked: (/home/chels/catkin_ws/devel/.private/frontier_exploration/lib/pkgconfig/frontier_exploration.pc, /home/chels/catkin_ws/devel/lib/pkgconfig/frontier_exploration.pc)
Linked: (/home/chels/catkin_ws/devel/.private/frontier_exploration/share/gennodejs/ros/frontier_exploration/_index.js, /home/chels/catkin_ws/devel/share/gennodejs/ros/frontier_exploration/_index.js)
Linked: (/home/chels/catkin_ws/devel/.private/frontier_exploration/share/gennodejs/ros/frontier_exploration/msg/Frontier.js, /home/chels/catkin_ws/devel/share/gennodejs/ros/frontier_exploration/msg/Frontier.js)
Linked: (/home/chels/catkin_ws/devel/.private/frontier_exploration/share/gennodejs/ros/frontier_exploration/msg/_index.js, /home/chels/catkin_ws/devel/share/gennodejs/ros/frontier_exploration/msg/_index.js)
Linked: (/home/chels/catkin_ws/devel/.private/frontier_exploration/share/gennodejs/ros/frontier_exploration/msg/ExploreTaskActionGoal.js, /home/chels/catkin_ws/devel/share/gennodejs/ros/frontier_exploration/msg/ExploreTaskActionGoal.js)
Linked: (/home/chels/catkin_ws/devel/.private/frontier_exploration/share/gennodejs/ros/frontier_exploration/msg/ExploreTaskResult.js, /home/chels/catkin_ws/devel/share/gennodejs/ros/frontier_exploration/msg/ExploreTaskResult.js)
Linked: (/home/chels/catkin_ws/devel/.private/frontier_exploration/share/gennodejs/ros/frontier_exploration/msg/ExploreTaskActionFeedback.js, /home/chels/catkin_ws/devel/share/gennodejs/ros/frontier_exploration/msg/ExploreTaskActionFeedback.js)
Linked: (/home/chels/catkin_ws/devel/.private/frontier_exploration/share/gennodejs/ros/frontier_exploration/msg/ExploreTaskFeedback.js, /home/chels/catkin_ws/devel/share/gennodejs/ros/frontier_exploration/msg/ExploreTaskFeedback.js)
Linked: (/home/chels/catkin_ws/devel/.private/frontier_exploration/share/gennodejs/ros/frontier_exploration/msg/ExploreTaskAction.js, /home/chels/catkin_ws/devel/share/gennodejs/ros/frontier_exploration/msg/ExploreTaskAction.js)
Linked: (/home/chels/catkin_ws/devel/.private/frontier_exploration/share/gennodejs/ros/frontier_exploration/msg/ExploreTaskActionResult.js, /home/chels/catkin_ws/devel/share/gennodejs/ros/frontier_exploration/msg/ExploreTaskActionResult.js)
Linked: (/home/chels/catkin_ws/devel/.private/frontier_exploration/share/gennodejs/ros/frontier_exploration/msg/ExploreTaskGoal.js, /home/chels/catkin_ws/devel/share/gennodejs/ros/frontier_exploration/msg/ExploreTaskGoal.js)
Linked: (/home/chels/catkin_ws/devel/.private/frontier_exploration/share/frontier_exploration/cmake/frontier_exploration-msg-extras.cmake, /home/chels/catkin_ws/devel/share/frontier_exploration/cmake/frontier_exploration-msg-extras.cmake)
Linked: (/home/chels/catkin_ws/devel/.private/frontier_exploration/share/frontier_exploration/cmake/frontier_explorationConfig.cmake, /home/chels/catkin_ws/devel/share/frontier_exploration/cmake/frontier_explorationConfig.cmake)
Linked: (/home/chels/catkin_ws/devel/.private/frontier_exploration/share/frontier_exploration/cmake/frontier_exploration-msg-paths.cmake, /home/chels/catkin_ws/devel/share/frontier_exploration/cmake/frontier_exploration-msg-paths.cmake)
Linked: (/home/chels/catkin_ws/devel/.private/frontier_exploration/share/frontier_exploration/cmake/frontier_explorationConfig-version.cmake, /home/chels/catkin_ws/devel/share/frontier_exploration/cmake/frontier_explorationConfig-version.cmake)
Linked: (/home/chels/catkin_ws/devel/.private/frontier_exploration/share/frontier_exploration/msg/ExploreTaskAction.msg, /home/chels/catkin_ws/devel/share/frontier_exploration/msg/ExploreTaskAction.msg)
Linked: (/home/chels/catkin_ws/devel/.private/frontier_exploration/share/frontier_exploration/msg/ExploreTaskFeedback.msg, /home/chels/catkin_ws/devel/share/frontier_exploration/msg/ExploreTaskFeedback.msg)
Linked: (/home/chels/catkin_ws/devel/.private/frontier_exploration/share/frontier_exploration/msg/ExploreTaskResult.msg, /home/chels/catkin_ws/devel/share/frontier_exploration/msg/ExploreTaskResult.msg)
Linked: (/home/chels/catkin_ws/devel/.private/frontier_exploration/share/frontier_exploration/msg/ExploreTaskActionGoal.msg, /home/chels/catkin_ws/devel/share/frontier_exploration/msg/ExploreTaskActionGoal.msg)
Linked: (/home/chels/catkin_ws/devel/.private/frontier_exploration/share/frontier_exploration/msg/ExploreTaskActionFeedback.msg, /home/chels/catkin_ws/devel/share/frontier_exploration/msg/ExploreTaskActionFeedback.msg)
Linked: (/home/chels/catkin_ws/devel/.private/frontier_exploration/share/frontier_exploration/msg/ExploreTaskActionResult.msg, /home/chels/catkin_ws/devel/share/frontier_exploration/msg/ExploreTaskActionResult.msg)
Linked: (/home/chels/catkin_ws/devel/.private/frontier_exploration/share/frontier_exploration/msg/ExploreTaskGoal.msg, /home/chels/catkin_ws/devel/share/frontier_exploration/msg/ExploreTaskGoal.msg)
Linked: (/home/chels/catkin_ws/devel/.private/frontier_exploration/share/common-lisp/ros/frontier_exploration/msg/ExploreTaskActionFeedback.lisp, /home/chels/catkin_ws/devel/share/common-lisp/ros/frontier_exploration/msg/ExploreTaskActionFeedback.lisp)
Linked: (/home/chels/catkin_ws/devel/.private/frontier_exploration/share/common-lisp/ros/frontier_exploration/msg/_package_Frontier.lisp, /home/chels/catkin_ws/devel/share/common-lisp/ros/frontier_exploration/msg/_package_Frontier.lisp)
Linked: (/home/chels/catkin_ws/devel/.private/frontier_exploration/share/common-lisp/ros/frontier_exploration/msg/_package_ExploreTaskActionResult.lisp, /home/chels/catkin_ws/devel/share/common-lisp/ros/frontier_exploration/msg/_package_ExploreTaskActionResult.lisp)
Linked: (/home/chels/catkin_ws/devel/.private/frontier_exploration/share/common-lisp/ros/frontier_exploration/msg/_package_ExploreTaskGoal.lisp, /home/chels/catkin_ws/devel/share/common-lisp/ros/frontier_exploration/msg/_package_ExploreTaskGoal.lisp)
Linked: (/home/chels/catkin_ws/devel/.private/frontier_exploration/share/common-lisp/ros/frontier_exploration/msg/_package_ExploreTaskActionGoal.lisp, /home/chels/catkin_ws/devel/share/common-lisp/ros/frontier_exploration/msg/_package_ExploreTaskActionGoal.lisp)
Linked: (/home/chels/catkin_ws/devel/.private/frontier_exploration/share/common-lisp/ros/frontier_exploration/msg/_package_ExploreTaskResult.lisp, /home/chels/catkin_ws/devel/share/common-lisp/ros/frontier_exploration/msg/_package_ExploreTaskResult.lisp)
Linked: (/home/chels/catkin_ws/devel/.private/frontier_exploration/share/common-lisp/ros/frontier_exploration/msg/ExploreTaskResult.lisp, /home/chels/catkin_ws/devel/share/common-lisp/ros/frontier_exploration/msg/ExploreTaskResult.lisp)
Linked: (/home/chels/catkin_ws/devel/.private/frontier_exploration/share/common-lisp/ros/frontier_exploration/msg/_package_ExploreTaskFeedback.lisp, /home/chels/catkin_ws/devel/share/common-lisp/ros/frontier_exploration/msg/_package_ExploreTaskFeedback.lisp)
Linked: (/home/chels/catkin_ws/devel/.private/frontier_exploration/share/common-lisp/ros/frontier_exploration/msg/_package_ExploreTaskActionFeedback.lisp, /home/chels/catkin_ws/devel/share/common-lisp/ros/frontier_exploration/msg/_package_ExploreTaskActionFeedback.lisp)
Linked: (/home/chels/catkin_ws/devel/.private/frontier_exploration/share/common-lisp/ros/frontier_exploration/msg/Frontier.lisp, /home/chels/catkin_ws/devel/share/common-lisp/ros/frontier_exploration/msg/Frontier.lisp)
Linked: (/home/chels/catkin_ws/devel/.private/frontier_exploration/share/common-lisp/ros/frontier_exploration/msg/ExploreTaskAction.lisp, /home/chels/catkin_ws/devel/share/common-lisp/ros/frontier_exploration/msg/ExploreTaskAction.lisp)
Linked: (/home/chels/catkin_ws/devel/.private/frontier_exploration/share/common-lisp/ros/frontier_exploration/msg/_package.lisp, /home/chels/catkin_ws/devel/share/common-lisp/ros/frontier_exploration/msg/_package.lisp)
Linked: (/home/chels/catkin_ws/devel/.private/frontier_exploration/share/common-lisp/ros/frontier_exploration/msg/ExploreTaskGoal.lisp, /home/chels/catkin_ws/devel/share/common-lisp/ros/frontier_exploration/msg/ExploreTaskGoal.lisp)
Linked: (/home/chels/catkin_ws/devel/.private/frontier_exploration/share/common-lisp/ros/frontier_exploration/msg/frontier_exploration-msg.asd, /home/chels/catkin_ws/devel/share/common-lisp/ros/frontier_exploration/msg/frontier_exploration-msg.asd)
Linked: (/home/chels/catkin_ws/devel/.private/frontier_exploration/share/common-lisp/ros/frontier_exploration/msg/ExploreTaskActionGoal.lisp, /home/chels/catkin_ws/devel/share/common-lisp/ros/frontier_exploration/msg/ExploreTaskActionGoal.lisp)
Linked: (/home/chels/catkin_ws/devel/.private/frontier_exploration/share/common-lisp/ros/frontier_exploration/msg/_package_ExploreTaskAction.lisp, /home/chels/catkin_ws/devel/share/common-lisp/ros/frontier_exploration/msg/_package_ExploreTaskAction.lisp)
Linked: (/home/chels/catkin_ws/devel/.private/frontier_exploration/share/common-lisp/ros/frontier_exploration/msg/ExploreTaskFeedback.lisp, /home/chels/catkin_ws/devel/share/common-lisp/ros/frontier_exploration/msg/ExploreTaskFeedback.lisp)
Linked: (/home/chels/catkin_ws/devel/.private/frontier_exploration/share/common-lisp/ros/frontier_exploration/msg/ExploreTaskActionResult.lisp, /home/chels/catkin_ws/devel/share/common-lisp/ros/frontier_exploration/msg/ExploreTaskActionResult.lisp)
Linked: (/home/chels/catkin_ws/devel/.private/frontier_exploration/share/roseus/ros/frontier_exploration/manifest.l, /home/chels/catkin_ws/devel/share/roseus/ros/frontier_exploration/manifest.l)
Linked: (/home/chels/catkin_ws/devel/.private/frontier_exploration/share/roseus/ros/frontier_exploration/msg/Frontier.l, /home/chels/catkin_ws/devel/share/roseus/ros/frontier_exploration/msg/Frontier.l)
Linked: (/home/chels/catkin_ws/devel/.private/frontier_exploration/share/roseus/ros/frontier_exploration/msg/ExploreTaskActionFeedback.l, /home/chels/catkin_ws/devel/share/roseus/ros/frontier_exploration/msg/ExploreTaskActionFeedback.l)
Linked: (/home/chels/catkin_ws/devel/.private/frontier_exploration/share/roseus/ros/frontier_exploration/msg/ExploreTaskGoal.l, /home/chels/catkin_ws/devel/share/roseus/ros/frontier_exploration/msg/ExploreTaskGoal.l)
Linked: (/home/chels/catkin_ws/devel/.private/frontier_exploration/share/roseus/ros/frontier_exploration/msg/ExploreTaskFeedback.l, /home/chels/catkin_ws/devel/share/roseus/ros/frontier_exploration/msg/ExploreTaskFeedback.l)
Linked: (/home/chels/catkin_ws/devel/.private/frontier_exploration/share/roseus/ros/frontier_exploration/msg/ExploreTaskAction.l, /home/chels/catkin_ws/devel/share/roseus/ros/frontier_exploration/msg/ExploreTaskAction.l)
Linked: (/home/chels/catkin_ws/devel/.private/frontier_exploration/share/roseus/ros/frontier_exploration/msg/ExploreTaskResult.l, /home/chels/catkin_ws/devel/share/roseus/ros/frontier_exploration/msg/ExploreTaskResult.l)
Linked: (/home/chels/catkin_ws/devel/.private/frontier_exploration/share/roseus/ros/frontier_exploration/msg/ExploreTaskActionGoal.l, /home/chels/catkin_ws/devel/share/roseus/ros/frontier_exploration/msg/ExploreTaskActionGoal.l)
Linked: (/home/chels/catkin_ws/devel/.private/frontier_exploration/share/roseus/ros/frontier_exploration/msg/ExploreTaskActionResult.l, /home/chels/catkin_ws/devel/share/roseus/ros/frontier_exploration/msg/ExploreTaskActionResult.l)
