[  0%] Built target rosgraph_msgs_generate_messages_lisp
[  0%] Built target _bwi_virtour_generate_messages_check_deps_RequestTour
[  0%] Built target _bwi_virtour_generate_messages_check_deps_GoToLocation
[  0%] Built target _bwi_virtour_generate_messages_check_deps_GetTourState
[  0%] Built target _bwi_virtour_generate_messages_check_deps_PingTour
[  0%] Built target std_msgs_generate_messages_py
[  0%] Built target _bwi_virtour_generate_messages_check_deps_Rotate
[  0%] Built target _bwi_virtour_generate_messages_check_deps_GoBesideLocation
[  0%] Built target _bwi_virtour_generate_messages_check_deps_LeaveTour
[  0%] Built target std_msgs_generate_messages_nodejs
[  0%] Built target _bwi_virtour_generate_messages_check_deps_Authenticate
[  0%] Built target std_msgs_generate_messages_lisp
[  0%] Built target std_msgs_generate_messages_eus
[  0%] Built target roscpp_generate_messages_py
[  0%] Built target plan_execution_generate_messages_eus
[  0%] Built target geometry_msgs_generate_messages_eus
[  0%] Built target rosgraph_msgs_generate_messages_cpp
[  0%] Built target sensor_msgs_generate_messages_eus
[  0%] Built target std_msgs_generate_messages_cpp
[  0%] Built target plan_execution_generate_messages_cpp
[  0%] Built target roscpp_generate_messages_nodejs
[  0%] Built target actionlib_generate_messages_cpp
[  0%] Built target roscpp_generate_messages_cpp
[  0%] Built target sensor_msgs_generate_messages_nodejs
[  0%] Built target roscpp_generate_messages_lisp
[  0%] Built target std_srvs_generate_messages_eus
[  0%] Built target actionlib_msgs_generate_messages_nodejs
[  0%] Built target nav_msgs_generate_messages_nodejs
[  0%] Built target geometry_msgs_generate_messages_nodejs
[  0%] Built target actionlib_generate_messages_eus
[  0%] Built target std_srvs_generate_messages_nodejs
[  0%] Built target actionlib_generate_messages_nodejs
[  0%] Built target rosgraph_msgs_generate_messages_nodejs
[  0%] Built target rosgraph_msgs_generate_messages_eus
[  0%] Built target bwi_msgs_generate_messages_cpp
[  0%] Built target actionlib_msgs_generate_messages_cpp
[  0%] Built target std_srvs_generate_messages_cpp
[  0%] Built target roscpp_generate_messages_eus
[  0%] Built target plan_execution_generate_messages_lisp
[  0%] Built target plan_execution_generate_messages_py
[  0%] Built target rosgraph_msgs_generate_messages_py
[  0%] Built target actionlib_msgs_generate_messages_eus
[  0%] Built target actionlib_msgs_generate_messages_lisp
[  0%] Built target actionlib_msgs_generate_messages_py
[  0%] Built target tf2_msgs_generate_messages_nodejs
[  0%] Built target bwi_msgs_generate_messages_nodejs
[  0%] Built target plan_execution_generate_messages_nodejs
[  0%] Built target bwi_planning_common_generate_messages_eus
[  0%] Built target bwi_msgs_generate_messages_eus
[  0%] Built target bwi_planning_common_generate_messages_lisp
[  0%] Built target geometry_msgs_generate_messages_py
[  0%] Built target bwi_msgs_generate_messages_lisp
[  0%] Built target bwi_planning_common_generate_messages_nodejs
[  0%] Built target _catkin_empty_exported_target
[  0%] Built target std_srvs_generate_messages_lisp
[  0%] Built target bwi_planning_common_generate_messages_cpp
[  0%] Built target bwi_planning_common_generate_messages_py
[  0%] Built target nav_msgs_generate_messages_cpp
[  0%] Built target sensor_msgs_generate_messages_lisp
[  0%] Built target tf2_msgs_generate_messages_eus
[  0%] Built target nav_msgs_generate_messages_eus
[  0%] Built target nav_msgs_generate_messages_lisp
[  0%] Built target actionlib_generate_messages_lisp
[  0%] Built target geometry_msgs_generate_messages_cpp
[  0%] Built target geometry_msgs_generate_messages_lisp
[  0%] Built target tf2_msgs_generate_messages_cpp
[  0%] Built target nav_msgs_generate_messages_py
[  0%] Built target tf2_msgs_generate_messages_lisp
[  0%] Built target actionlib_generate_messages_py
[  0%] Built target tf2_msgs_generate_messages_py
[  0%] Built target sensor_msgs_generate_messages_cpp
[  0%] Built target sensor_msgs_generate_messages_py
[  0%] Built target std_srvs_generate_messages_py
[  0%] Built target bwi_msgs_generate_messages_py
[ 18%] Built target bwi_virtour_generate_messages_py
[ 35%] Built target bwi_virtour_generate_messages_nodejs
[ 54%] Built target bwi_virtour_generate_messages_eus
[ 70%] Built target bwi_virtour_generate_messages_lisp
[ 87%] Built target bwi_virtour_generate_messages_cpp
[ 91%] Built target go_to_location_service_node
[ 95%] Built target tour_manager
[ 95%] Built target bwi_virtour_generate_messages
[100%] Built target rotate_service_node
