Symlinking /home/chels/catkin_ws/devel/include/bwi_virtour/GoToLocationRequest.h
Symlinking /home/chels/catkin_ws/devel/include/bwi_virtour/RotateRequest.h
Symlinking /home/chels/catkin_ws/devel/include/bwi_virtour/PingTourRequest.h
Symlinking /home/chels/catkin_ws/devel/include/bwi_virtour/AuthenticateResponse.h
Symlinking /home/chels/catkin_ws/devel/include/bwi_virtour/RequestTourResponse.h
Symlinking /home/chels/catkin_ws/devel/include/bwi_virtour/GoToLocation.h
Symlinking /home/chels/catkin_ws/devel/include/bwi_virtour/GoBesideLocationRequest.h
Symlinking /home/chels/catkin_ws/devel/include/bwi_virtour/LeaveTour.h
Symlinking /home/chels/catkin_ws/devel/include/bwi_virtour/AuthenticateRequest.h
Symlinking /home/chels/catkin_ws/devel/include/bwi_virtour/LeaveTourResponse.h
Symlinking /home/chels/catkin_ws/devel/include/bwi_virtour/Authenticate.h
Symlinking /home/chels/catkin_ws/devel/include/bwi_virtour/RequestTour.h
Symlinking /home/chels/catkin_ws/devel/include/bwi_virtour/GetTourState.h
Symlinking /home/chels/catkin_ws/devel/include/bwi_virtour/PingTour.h
Symlinking /home/chels/catkin_ws/devel/include/bwi_virtour/PingTourResponse.h
Symlinking /home/chels/catkin_ws/devel/include/bwi_virtour/LeaveTourRequest.h
Symlinking /home/chels/catkin_ws/devel/include/bwi_virtour/GoBesideLocation.h
Symlinking /home/chels/catkin_ws/devel/include/bwi_virtour/Rotate.h
Symlinking /home/chels/catkin_ws/devel/include/bwi_virtour/GoToLocationResponse.h
Symlinking /home/chels/catkin_ws/devel/include/bwi_virtour/GetTourStateResponse.h
Symlinking /home/chels/catkin_ws/devel/include/bwi_virtour/RotateResponse.h
Symlinking /home/chels/catkin_ws/devel/include/bwi_virtour/RequestTourRequest.h
Symlinking /home/chels/catkin_ws/devel/include/bwi_virtour/GetTourStateRequest.h
Symlinking /home/chels/catkin_ws/devel/include/bwi_virtour/GoBesideLocationResponse.h
Symlinking /home/chels/catkin_ws/devel/lib/python2.7/dist-packages/bwi_virtour/__init__.py
Symlinking /home/chels/catkin_ws/devel/lib/python2.7/dist-packages/bwi_virtour/srv/_Authenticate.py
Symlinking /home/chels/catkin_ws/devel/lib/python2.7/dist-packages/bwi_virtour/srv/_GoToLocation.py
Symlinking /home/chels/catkin_ws/devel/lib/python2.7/dist-packages/bwi_virtour/srv/_Rotate.py
Symlinking /home/chels/catkin_ws/devel/lib/python2.7/dist-packages/bwi_virtour/srv/_RequestTour.py
Symlinking /home/chels/catkin_ws/devel/lib/python2.7/dist-packages/bwi_virtour/srv/_PingTour.py
Symlinking /home/chels/catkin_ws/devel/lib/python2.7/dist-packages/bwi_virtour/srv/__init__.py
Symlinking /home/chels/catkin_ws/devel/lib/python2.7/dist-packages/bwi_virtour/srv/_LeaveTour.py
Symlinking /home/chels/catkin_ws/devel/lib/python2.7/dist-packages/bwi_virtour/srv/_GetTourState.py
Symlinking /home/chels/catkin_ws/devel/lib/python2.7/dist-packages/bwi_virtour/srv/_GoBesideLocation.py
Symlinking /home/chels/catkin_ws/devel/lib/bwi_virtour/tour_manager
Symlinking /home/chels/catkin_ws/devel/lib/bwi_virtour/rotate_service_node
Symlinking /home/chels/catkin_ws/devel/lib/bwi_virtour/go_to_location_service_node
Symlinking /home/chels/catkin_ws/devel/lib/pkgconfig/bwi_virtour.pc
Symlinking /home/chels/catkin_ws/devel/share/gennodejs/ros/bwi_virtour/_index.js
Symlinking /home/chels/catkin_ws/devel/share/gennodejs/ros/bwi_virtour/srv/Rotate.js
Symlinking /home/chels/catkin_ws/devel/share/gennodejs/ros/bwi_virtour/srv/RequestTour.js
Symlinking /home/chels/catkin_ws/devel/share/gennodejs/ros/bwi_virtour/srv/PingTour.js
Symlinking /home/chels/catkin_ws/devel/share/gennodejs/ros/bwi_virtour/srv/_index.js
Symlinking /home/chels/catkin_ws/devel/share/gennodejs/ros/bwi_virtour/srv/GoBesideLocation.js
Symlinking /home/chels/catkin_ws/devel/share/gennodejs/ros/bwi_virtour/srv/Authenticate.js
Symlinking /home/chels/catkin_ws/devel/share/gennodejs/ros/bwi_virtour/srv/LeaveTour.js
Symlinking /home/chels/catkin_ws/devel/share/gennodejs/ros/bwi_virtour/srv/GoToLocation.js
Symlinking /home/chels/catkin_ws/devel/share/gennodejs/ros/bwi_virtour/srv/GetTourState.js
Symlinking /home/chels/catkin_ws/devel/share/bwi_virtour/cmake/bwi_virtourConfig.cmake
Symlinking /home/chels/catkin_ws/devel/share/bwi_virtour/cmake/bwi_virtourConfig-version.cmake
Symlinking /home/chels/catkin_ws/devel/share/bwi_virtour/cmake/bwi_virtour-msg-paths.cmake
Symlinking /home/chels/catkin_ws/devel/share/bwi_virtour/cmake/bwi_virtour-msg-extras.cmake
Symlinking /home/chels/catkin_ws/devel/share/common-lisp/ros/bwi_virtour/srv/_package_GetTourState.lisp
Symlinking /home/chels/catkin_ws/devel/share/common-lisp/ros/bwi_virtour/srv/Rotate.lisp
Symlinking /home/chels/catkin_ws/devel/share/common-lisp/ros/bwi_virtour/srv/_package_GoBesideLocation.lisp
Symlinking /home/chels/catkin_ws/devel/share/common-lisp/ros/bwi_virtour/srv/bwi_virtour-srv.asd
Symlinking /home/chels/catkin_ws/devel/share/common-lisp/ros/bwi_virtour/srv/_package_GoToLocation.lisp
Symlinking /home/chels/catkin_ws/devel/share/common-lisp/ros/bwi_virtour/srv/_package_Rotate.lisp
Symlinking /home/chels/catkin_ws/devel/share/common-lisp/ros/bwi_virtour/srv/Authenticate.lisp
Symlinking /home/chels/catkin_ws/devel/share/common-lisp/ros/bwi_virtour/srv/_package_Authenticate.lisp
Symlinking /home/chels/catkin_ws/devel/share/common-lisp/ros/bwi_virtour/srv/RequestTour.lisp
Symlinking /home/chels/catkin_ws/devel/share/common-lisp/ros/bwi_virtour/srv/GetTourState.lisp
Symlinking /home/chels/catkin_ws/devel/share/common-lisp/ros/bwi_virtour/srv/LeaveTour.lisp
Symlinking /home/chels/catkin_ws/devel/share/common-lisp/ros/bwi_virtour/srv/GoBesideLocation.lisp
Symlinking /home/chels/catkin_ws/devel/share/common-lisp/ros/bwi_virtour/srv/_package.lisp
Symlinking /home/chels/catkin_ws/devel/share/common-lisp/ros/bwi_virtour/srv/_package_RequestTour.lisp
Symlinking /home/chels/catkin_ws/devel/share/common-lisp/ros/bwi_virtour/srv/_package_PingTour.lisp
Symlinking /home/chels/catkin_ws/devel/share/common-lisp/ros/bwi_virtour/srv/GoToLocation.lisp
Symlinking /home/chels/catkin_ws/devel/share/common-lisp/ros/bwi_virtour/srv/_package_LeaveTour.lisp
Symlinking /home/chels/catkin_ws/devel/share/common-lisp/ros/bwi_virtour/srv/PingTour.lisp
Symlinking /home/chels/catkin_ws/devel/share/roseus/ros/bwi_virtour/manifest.l
Symlinking /home/chels/catkin_ws/devel/share/roseus/ros/bwi_virtour/srv/Authenticate.l
Symlinking /home/chels/catkin_ws/devel/share/roseus/ros/bwi_virtour/srv/RequestTour.l
Symlinking /home/chels/catkin_ws/devel/share/roseus/ros/bwi_virtour/srv/GetTourState.l
Symlinking /home/chels/catkin_ws/devel/share/roseus/ros/bwi_virtour/srv/Rotate.l
Symlinking /home/chels/catkin_ws/devel/share/roseus/ros/bwi_virtour/srv/GoBesideLocation.l
Symlinking /home/chels/catkin_ws/devel/share/roseus/ros/bwi_virtour/srv/GoToLocation.l
Symlinking /home/chels/catkin_ws/devel/share/roseus/ros/bwi_virtour/srv/LeaveTour.l
Symlinking /home/chels/catkin_ws/devel/share/roseus/ros/bwi_virtour/srv/PingTour.l
