Determining if the pthread_create exist failed with the following output:
Change Dir: /home/chels/catkin_ws/build/camera_calibration/CMakeFiles/CMakeTmp

Run Build Command:"/usr/bin/make" "cmTC_dc4df/fast"
/usr/bin/make -f CMakeFiles/cmTC_dc4df.dir/build.make CMakeFiles/cmTC_dc4df.dir/build
make[1]: Entering directory '/home/chels/catkin_ws/build/camera_calibration/CMakeFiles/CMakeTmp'
Building C object CMakeFiles/cmTC_dc4df.dir/CheckSymbolExists.c.o
/usr/bin/cc    -o CMakeFiles/cmTC_dc4df.dir/CheckSymbolExists.c.o   -c /home/chels/catkin_ws/build/camera_calibration/CMakeFiles/CMakeTmp/CheckSymbolExists.c
Linking C executable cmTC_dc4df
/usr/bin/cmake -E cmake_link_script CMakeFiles/cmTC_dc4df.dir/link.txt --verbose=1
/usr/bin/cc      -rdynamic CMakeFiles/cmTC_dc4df.dir/CheckSymbolExists.c.o  -o cmTC_dc4df 
CMakeFiles/cmTC_dc4df.dir/CheckSymbolExists.c.o: In function `main':
CheckSymbolExists.c:(.text+0x1b): undefined reference to `pthread_create'
collect2: error: ld returned 1 exit status
CMakeFiles/cmTC_dc4df.dir/build.make:97: recipe for target 'cmTC_dc4df' failed
make[1]: *** [cmTC_dc4df] Error 1
make[1]: Leaving directory '/home/chels/catkin_ws/build/camera_calibration/CMakeFiles/CMakeTmp'
Makefile:126: recipe for target 'cmTC_dc4df/fast' failed
make: *** [cmTC_dc4df/fast] Error 2

File /home/chels/catkin_ws/build/camera_calibration/CMakeFiles/CMakeTmp/CheckSymbolExists.c:
/* */
#include <pthread.h>

int main(int argc, char** argv)
{
  (void)argv;
#ifndef pthread_create
  return ((int*)(&pthread_create))[argc];
#else
  (void)argc;
  return 0;
#endif
}

Determining if the function pthread_create exists in the pthreads failed with the following output:
Change Dir: /home/chels/catkin_ws/build/camera_calibration/CMakeFiles/CMakeTmp

Run Build Command:"/usr/bin/make" "cmTC_42858/fast"
/usr/bin/make -f CMakeFiles/cmTC_42858.dir/build.make CMakeFiles/cmTC_42858.dir/build
make[1]: Entering directory '/home/chels/catkin_ws/build/camera_calibration/CMakeFiles/CMakeTmp'
Building C object CMakeFiles/cmTC_42858.dir/CheckFunctionExists.c.o
/usr/bin/cc   -DCHECK_FUNCTION_EXISTS=pthread_create   -o CMakeFiles/cmTC_42858.dir/CheckFunctionExists.c.o   -c /usr/share/cmake-3.10/Modules/CheckFunctionExists.c
Linking C executable cmTC_42858
/usr/bin/cmake -E cmake_link_script CMakeFiles/cmTC_42858.dir/link.txt --verbose=1
/usr/bin/cc  -DCHECK_FUNCTION_EXISTS=pthread_create    -rdynamic CMakeFiles/cmTC_42858.dir/CheckFunctionExists.c.o  -o cmTC_42858 -lpthreads 
/usr/bin/ld: cannot find -lpthreads
collect2: error: ld returned 1 exit status
CMakeFiles/cmTC_42858.dir/build.make:97: recipe for target 'cmTC_42858' failed
make[1]: *** [cmTC_42858] Error 1
make[1]: Leaving directory '/home/chels/catkin_ws/build/camera_calibration/CMakeFiles/CMakeTmp'
Makefile:126: recipe for target 'cmTC_42858/fast' failed
make: *** [cmTC_42858/fast] Error 2


