[rospy.client][INFO] 2023-09-14 16:11:52,890: init_node, name[/ros_control_controller_spawner], pid[13262]
[xmlrpc][INFO] 2023-09-14 16:11:52,891: XML-RPC server binding to 0.0.0.0:0
[xmlrpc][INFO] 2023-09-14 16:11:52,891: Started XML-RPC server [http://segbot:42037/]
[rospy.init][INFO] 2023-09-14 16:11:52,891: ROS Slave URI: [http://segbot:42037/]
[rospy.impl.masterslave][INFO] 2023-09-14 16:11:52,891: _ready: http://segbot:42037/
[xmlrpc][INFO] 2023-09-14 16:11:52,892: xml rpc node: starting XML-RPC server
[rospy.registration][INFO] 2023-09-14 16:11:52,892: Registering with master node http://localhost:11311
[rospy.init][INFO] 2023-09-14 16:11:52,992: registered with master
[rospy.rosout][INFO] 2023-09-14 16:11:52,992: initializing /rosout core topic
[rospy.rosout][INFO] 2023-09-14 16:11:52,994: connected to core topic /rosout
[rospy.simtime][INFO] 2023-09-14 16:11:52,998: /use_sim_time is not set, will not subscribe to simulated time [/clock] topic
[rosout][INFO] 2023-09-14 16:11:53,001: Controller Spawner: Waiting for service controller_manager/load_controller
[rospy.internal][INFO] 2023-09-14 16:11:53,199: topic[/rosout] adding connection to [/rosout], count 0
[rosout][INFO] 2023-09-14 16:11:54,812: Controller Spawner: Waiting for service controller_manager/switch_controller
[rosout][INFO] 2023-09-14 16:11:54,814: Controller Spawner: Waiting for service controller_manager/unload_controller
[rosout][INFO] 2023-09-14 16:11:54,817: Loading controller: joint_state_controller
[rosout][INFO] 2023-09-14 16:11:54,822: Loading controller: scaled_pos_joint_traj_controller
[rosout][INFO] 2023-09-14 16:11:54,844: Loading controller: speed_scaling_state_controller
[rosout][INFO] 2023-09-14 16:11:54,848: Loading controller: force_torque_sensor_controller
[rosout][INFO] 2023-09-14 16:11:54,854: Controller Spawner: Loaded controllers: joint_state_controller, scaled_pos_joint_traj_controller, speed_scaling_state_controller, force_torque_sensor_controller
[rosout][INFO] 2023-09-14 16:11:54,858: Started controllers: joint_state_controller, scaled_pos_joint_traj_controller, speed_scaling_state_controller, force_torque_sensor_controller
[rospy.core][INFO] 2023-09-14 16:15:45,887: signal_shutdown [signal-2]
[rospy.core][INFO] 2023-09-14 16:15:45,888: signal_shutdown [atexit]
