[rospy.client][INFO] 2023-09-14 16:11:52,835: init_node, name[/ros_control_stopped_spawner], pid[13271]
[xmlrpc][INFO] 2023-09-14 16:11:52,835: XML-RPC server binding to 0.0.0.0:0
[xmlrpc][INFO] 2023-09-14 16:11:52,835: Started XML-RPC server [http://segbot:44525/]
[rospy.impl.masterslave][INFO] 2023-09-14 16:11:52,835: _ready: http://segbot:44525/
[rospy.init][INFO] 2023-09-14 16:11:52,836: ROS Slave URI: [http://segbot:44525/]
[rospy.registration][INFO] 2023-09-14 16:11:52,838: Registering with master node http://localhost:11311
[xmlrpc][INFO] 2023-09-14 16:11:52,838: xml rpc node: starting XML-RPC server
[rospy.init][INFO] 2023-09-14 16:11:52,936: registered with master
[rospy.rosout][INFO] 2023-09-14 16:11:52,936: initializing /rosout core topic
[rospy.rosout][INFO] 2023-09-14 16:11:52,938: connected to core topic /rosout
[rospy.simtime][INFO] 2023-09-14 16:11:52,939: /use_sim_time is not set, will not subscribe to simulated time [/clock] topic
[rosout][INFO] 2023-09-14 16:11:52,941: Controller Spawner: Waiting for service controller_manager/load_controller
[rospy.internal][INFO] 2023-09-14 16:11:53,099: topic[/rosout] adding connection to [/rosout], count 0
[rosout][INFO] 2023-09-14 16:11:55,054: Controller Spawner: Waiting for service controller_manager/switch_controller
[rosout][INFO] 2023-09-14 16:11:55,057: Controller Spawner: Waiting for service controller_manager/unload_controller
[rosout][INFO] 2023-09-14 16:11:55,061: Loading controller: pos_joint_traj_controller
[rosout][INFO] 2023-09-14 16:11:55,102: Loading controller: joint_group_vel_controller
[rosout][INFO] 2023-09-14 16:11:55,110: Controller Spawner: Loaded controllers: pos_joint_traj_controller, joint_group_vel_controller
[rospy.core][INFO] 2023-09-14 16:15:45,879: signal_shutdown [signal-2]
[rospy.core][INFO] 2023-09-14 16:15:45,880: signal_shutdown [atexit]
