[rospy.client][INFO] 2023-09-11 14:05:31,914: init_node, name[/ros_control_controller_spawner], pid[5734]
[xmlrpc][INFO] 2023-09-11 14:05:31,915: XML-RPC server binding to 0.0.0.0:0
[xmlrpc][INFO] 2023-09-11 14:05:31,915: Started XML-RPC server [http://segbot:39341/]
[rospy.impl.masterslave][INFO] 2023-09-11 14:05:31,915: _ready: http://segbot:39341/
[rospy.registration][INFO] 2023-09-11 14:05:31,916: Registering with master node http://localhost:11311
[xmlrpc][INFO] 2023-09-11 14:05:31,916: xml rpc node: starting XML-RPC server
[rospy.init][INFO] 2023-09-11 14:05:31,925: ROS Slave URI: [http://segbot:39341/]
[rospy.init][INFO] 2023-09-11 14:05:31,925: registered with master
[rospy.rosout][INFO] 2023-09-11 14:05:31,925: initializing /rosout core topic
[rospy.rosout][INFO] 2023-09-11 14:05:31,932: connected to core topic /rosout
[rospy.simtime][INFO] 2023-09-11 14:05:31,932: /use_sim_time is not set, will not subscribe to simulated time [/clock] topic
[rosout][INFO] 2023-09-11 14:05:31,945: Controller Spawner: Waiting for service controller_manager/load_controller
[rospy.internal][INFO] 2023-09-11 14:05:32,199: topic[/rosout] adding connection to [/rosout], count 0
[rosout][INFO] 2023-09-11 14:05:32,853: Controller Spawner: Waiting for service controller_manager/switch_controller
[rosout][INFO] 2023-09-11 14:05:32,858: Controller Spawner: Waiting for service controller_manager/unload_controller
[rosout][INFO] 2023-09-11 14:05:32,863: Loading controller: joint_state_controller
[rosout][INFO] 2023-09-11 14:05:32,877: Loading controller: scaled_pos_joint_traj_controller
[rosout][INFO] 2023-09-11 14:05:32,915: Loading controller: speed_scaling_state_controller
[rosout][INFO] 2023-09-11 14:05:32,921: Loading controller: force_torque_sensor_controller
[rosout][INFO] 2023-09-11 14:05:32,927: Controller Spawner: Loaded controllers: joint_state_controller, scaled_pos_joint_traj_controller, speed_scaling_state_controller, force_torque_sensor_controller
[rosout][INFO] 2023-09-11 14:05:32,931: Started controllers: joint_state_controller, scaled_pos_joint_traj_controller, speed_scaling_state_controller, force_torque_sensor_controller
[rospy.core][INFO] 2023-09-11 14:25:46,675: signal_shutdown [signal-2]
[rospy.core][INFO] 2023-09-11 14:25:46,676: signal_shutdown [atexit]
