Symlinking /home/chels/catkin_ws/devel/include/dialogflow_ros/DialogflowParameter.h
Symlinking /home/chels/catkin_ws/devel/include/dialogflow_ros/DialogflowEvent.h
Symlinking /home/chels/catkin_ws/devel/include/dialogflow_ros/DialogflowServiceRequest.h
Symlinking /home/chels/catkin_ws/devel/include/dialogflow_ros/DialogflowService.h
Symlinking /home/chels/catkin_ws/devel/include/dialogflow_ros/DialogflowResult.h
Symlinking /home/chels/catkin_ws/devel/include/dialogflow_ros/DialogflowRequest.h
Symlinking /home/chels/catkin_ws/devel/include/dialogflow_ros/DialogflowServiceResponse.h
Symlinking /home/chels/catkin_ws/devel/include/dialogflow_ros/DialogflowContext.h
Symlinking /home/chels/catkin_ws/devel/lib/python2.7/dist-packages/dialogflow_ros/__init__.py
Symlinking /home/chels/catkin_ws/devel/lib/python2.7/dist-packages/dialogflow_ros/srv/_DialogflowService.py
Symlinking /home/chels/catkin_ws/devel/lib/python2.7/dist-packages/dialogflow_ros/srv/__init__.py
Symlinking /home/chels/catkin_ws/devel/lib/python2.7/dist-packages/dialogflow_ros/msg/_DialogflowParameter.py
Symlinking /home/chels/catkin_ws/devel/lib/python2.7/dist-packages/dialogflow_ros/msg/_DialogflowResult.py
Symlinking /home/chels/catkin_ws/devel/lib/python2.7/dist-packages/dialogflow_ros/msg/_DialogflowContext.py
Symlinking /home/chels/catkin_ws/devel/lib/python2.7/dist-packages/dialogflow_ros/msg/_DialogflowRequest.py
Symlinking /home/chels/catkin_ws/devel/lib/python2.7/dist-packages/dialogflow_ros/msg/__init__.py
Symlinking /home/chels/catkin_ws/devel/lib/python2.7/dist-packages/dialogflow_ros/msg/_DialogflowEvent.py
Symlinking /home/chels/catkin_ws/devel/lib/dialogflow_ros/test_intent_event
Symlinking /home/chels/catkin_ws/devel/lib/pkgconfig/dialogflow_ros.pc
Symlinking /home/chels/catkin_ws/devel/share/gennodejs/ros/dialogflow_ros/_index.js
Symlinking /home/chels/catkin_ws/devel/share/gennodejs/ros/dialogflow_ros/srv/DialogflowService.js
Symlinking /home/chels/catkin_ws/devel/share/gennodejs/ros/dialogflow_ros/srv/_index.js
Symlinking /home/chels/catkin_ws/devel/share/gennodejs/ros/dialogflow_ros/msg/_index.js
Symlinking /home/chels/catkin_ws/devel/share/gennodejs/ros/dialogflow_ros/msg/DialogflowResult.js
Symlinking /home/chels/catkin_ws/devel/share/gennodejs/ros/dialogflow_ros/msg/DialogflowContext.js
Symlinking /home/chels/catkin_ws/devel/share/gennodejs/ros/dialogflow_ros/msg/DialogflowRequest.js
Symlinking /home/chels/catkin_ws/devel/share/gennodejs/ros/dialogflow_ros/msg/DialogflowParameter.js
Symlinking /home/chels/catkin_ws/devel/share/gennodejs/ros/dialogflow_ros/msg/DialogflowEvent.js
Symlinking /home/chels/catkin_ws/devel/share/dialogflow_ros/cmake/dialogflow_ros-msg-extras.cmake
Symlinking /home/chels/catkin_ws/devel/share/dialogflow_ros/cmake/dialogflow_rosConfig-version.cmake
Symlinking /home/chels/catkin_ws/devel/share/dialogflow_ros/cmake/dialogflow_ros-msg-paths.cmake
Symlinking /home/chels/catkin_ws/devel/share/dialogflow_ros/cmake/dialogflow_rosConfig.cmake
Symlinking /home/chels/catkin_ws/devel/share/common-lisp/ros/dialogflow_ros/srv/DialogflowService.lisp
Symlinking /home/chels/catkin_ws/devel/share/common-lisp/ros/dialogflow_ros/srv/_package_DialogflowService.lisp
Symlinking /home/chels/catkin_ws/devel/share/common-lisp/ros/dialogflow_ros/srv/_package.lisp
Symlinking /home/chels/catkin_ws/devel/share/common-lisp/ros/dialogflow_ros/srv/dialogflow_ros-srv.asd
Symlinking /home/chels/catkin_ws/devel/share/common-lisp/ros/dialogflow_ros/msg/DialogflowEvent.lisp
Symlinking /home/chels/catkin_ws/devel/share/common-lisp/ros/dialogflow_ros/msg/DialogflowResult.lisp
Symlinking /home/chels/catkin_ws/devel/share/common-lisp/ros/dialogflow_ros/msg/_package_DialogflowRequest.lisp
Symlinking /home/chels/catkin_ws/devel/share/common-lisp/ros/dialogflow_ros/msg/_package_DialogflowEvent.lisp
Symlinking /home/chels/catkin_ws/devel/share/common-lisp/ros/dialogflow_ros/msg/_package_DialogflowContext.lisp
Symlinking /home/chels/catkin_ws/devel/share/common-lisp/ros/dialogflow_ros/msg/DialogflowRequest.lisp
Symlinking /home/chels/catkin_ws/devel/share/common-lisp/ros/dialogflow_ros/msg/_package_DialogflowParameter.lisp
Symlinking /home/chels/catkin_ws/devel/share/common-lisp/ros/dialogflow_ros/msg/_package_DialogflowResult.lisp
Symlinking /home/chels/catkin_ws/devel/share/common-lisp/ros/dialogflow_ros/msg/DialogflowParameter.lisp
Symlinking /home/chels/catkin_ws/devel/share/common-lisp/ros/dialogflow_ros/msg/_package.lisp
Symlinking /home/chels/catkin_ws/devel/share/common-lisp/ros/dialogflow_ros/msg/DialogflowContext.lisp
Symlinking /home/chels/catkin_ws/devel/share/common-lisp/ros/dialogflow_ros/msg/dialogflow_ros-msg.asd
Symlinking /home/chels/catkin_ws/devel/share/roseus/ros/dialogflow_ros/manifest.l
Symlinking /home/chels/catkin_ws/devel/share/roseus/ros/dialogflow_ros/srv/DialogflowService.l
Symlinking /home/chels/catkin_ws/devel/share/roseus/ros/dialogflow_ros/msg/DialogflowRequest.l
Symlinking /home/chels/catkin_ws/devel/share/roseus/ros/dialogflow_ros/msg/DialogflowEvent.l
Symlinking /home/chels/catkin_ws/devel/share/roseus/ros/dialogflow_ros/msg/DialogflowResult.l
Symlinking /home/chels/catkin_ws/devel/share/roseus/ros/dialogflow_ros/msg/DialogflowParameter.l
Symlinking /home/chels/catkin_ws/devel/share/roseus/ros/dialogflow_ros/msg/DialogflowContext.l
