[35m[1mScanning dependencies of target _dialogflow_ros_generate_messages_check_deps_DialogflowRequest[0m
[  0%] Built target _dialogflow_ros_generate_messages_check_deps_DialogflowRequest
[35m[1mScanning dependencies of target std_msgs_generate_messages_eus[0m
[  0%] Built target std_msgs_generate_messages_eus
[35m[1mScanning dependencies of target _dialogflow_ros_generate_messages_check_deps_DialogflowEvent[0m
[  0%] Built target _dialogflow_ros_generate_messages_check_deps_DialogflowEvent
[35m[1mScanning dependencies of target _dialogflow_ros_generate_messages_check_deps_DialogflowContext[0m
[  0%] Built target _dialogflow_ros_generate_messages_check_deps_DialogflowContext
[35m[1mScanning dependencies of target _dialogflow_ros_generate_messages_check_deps_DialogflowResult[0m
[  0%] Built target _dialogflow_ros_generate_messages_check_deps_DialogflowResult
[35m[1mScanning dependencies of target _dialogflow_ros_generate_messages_check_deps_DialogflowParameter[0m
[  0%] Built target _dialogflow_ros_generate_messages_check_deps_DialogflowParameter
[35m[1mScanning dependencies of target _dialogflow_ros_generate_messages_check_deps_DialogflowService[0m
[  0%] Built target _dialogflow_ros_generate_messages_check_deps_DialogflowService
[35m[1mScanning dependencies of target std_msgs_generate_messages_cpp[0m
[  0%] Built target std_msgs_generate_messages_cpp
[35m[1mScanning dependencies of target std_msgs_generate_messages_nodejs[0m
[  0%] Built target std_msgs_generate_messages_nodejs
[35m[1mScanning dependencies of target std_msgs_generate_messages_py[0m
[  0%] Built target std_msgs_generate_messages_py
[35m[1mScanning dependencies of target std_msgs_generate_messages_lisp[0m
[  0%] Built target std_msgs_generate_messages_lisp
[35m[1mScanning dependencies of target dialogflow_ros_generate_messages_eus[0m
[  2%] [34m[1mGenerating EusLisp code from dialogflow_ros/DialogflowRequest.msg[0m
[  5%] [34m[1mGenerating EusLisp code from dialogflow_ros/DialogflowEvent.msg[0m
[  8%] [34m[1mGenerating EusLisp code from dialogflow_ros/DialogflowResult.msg[0m
[ 11%] [34m[1mGenerating EusLisp code from dialogflow_ros/DialogflowParameter.msg[0m
[ 14%] [34m[1mGenerating EusLisp code from dialogflow_ros/DialogflowContext.msg[0m
[ 17%] [34m[1mGenerating EusLisp code from dialogflow_ros/DialogflowService.srv[0m
[ 20%] [34m[1mGenerating EusLisp manifest code for dialogflow_ros[0m
WARNING: Package name "gazebo_ros_2Dmap_plugin" does not follow the naming conventions. It should start with a lower case letter and only contain lower case letters, digits, underscores, and dashes.
WARNING: Package name "gazebo_ros_2Dmap_plugin" does not follow the naming conventions. It should start with a lower case letter and only contain lower case letters, digits, underscores, and dashes.
[ 20%] Built target dialogflow_ros_generate_messages_eus
[35m[1mScanning dependencies of target dialogflow_ros_generate_messages_cpp[0m
[ 22%] [34m[1mGenerating C++ code from dialogflow_ros/DialogflowRequest.msg[0m
[ 25%] [34m[1mGenerating C++ code from dialogflow_ros/DialogflowEvent.msg[0m
[ 28%] [34m[1mGenerating C++ code from dialogflow_ros/DialogflowResult.msg[0m
[ 31%] [34m[1mGenerating C++ code from dialogflow_ros/DialogflowParameter.msg[0m
[ 34%] [34m[1mGenerating C++ code from dialogflow_ros/DialogflowContext.msg[0m
[ 37%] [34m[1mGenerating C++ code from dialogflow_ros/DialogflowService.srv[0m
[ 37%] Built target dialogflow_ros_generate_messages_cpp
[35m[1mScanning dependencies of target dialogflow_ros_generate_messages_nodejs[0m
[ 40%] [34m[1mGenerating Javascript code from dialogflow_ros/DialogflowRequest.msg[0m
[ 42%] [34m[1mGenerating Javascript code from dialogflow_ros/DialogflowEvent.msg[0m
[ 45%] [34m[1mGenerating Javascript code from dialogflow_ros/DialogflowResult.msg[0m
[ 48%] [34m[1mGenerating Javascript code from dialogflow_ros/DialogflowParameter.msg[0m
[ 51%] [34m[1mGenerating Javascript code from dialogflow_ros/DialogflowContext.msg[0m
[ 54%] [34m[1mGenerating Javascript code from dialogflow_ros/DialogflowService.srv[0m
[ 54%] Built target dialogflow_ros_generate_messages_nodejs
[35m[1mScanning dependencies of target dialogflow_ros_generate_messages_py[0m
[ 57%] [34m[1mGenerating Python from MSG dialogflow_ros/DialogflowRequest[0m
[ 60%] [34m[1mGenerating Python from MSG dialogflow_ros/DialogflowEvent[0m
[ 62%] [34m[1mGenerating Python from MSG dialogflow_ros/DialogflowResult[0m
[ 65%] [34m[1mGenerating Python from MSG dialogflow_ros/DialogflowParameter[0m
[ 68%] [34m[1mGenerating Python from MSG dialogflow_ros/DialogflowContext[0m
[ 71%] [34m[1mGenerating Python code from SRV dialogflow_ros/DialogflowService[0m
[ 74%] [34m[1mGenerating Python msg __init__.py for dialogflow_ros[0m
[ 77%] [34m[1mGenerating Python srv __init__.py for dialogflow_ros[0m
[ 77%] Built target dialogflow_ros_generate_messages_py
[35m[1mScanning dependencies of target dialogflow_ros_generate_messages_lisp[0m
[ 80%] [34m[1mGenerating Lisp code from dialogflow_ros/DialogflowRequest.msg[0m
[ 82%] [34m[1mGenerating Lisp code from dialogflow_ros/DialogflowEvent.msg[0m
[ 85%] [34m[1mGenerating Lisp code from dialogflow_ros/DialogflowResult.msg[0m
[ 88%] [34m[1mGenerating Lisp code from dialogflow_ros/DialogflowParameter.msg[0m
[ 91%] [34m[1mGenerating Lisp code from dialogflow_ros/DialogflowContext.msg[0m
[ 94%] [34m[1mGenerating Lisp code from dialogflow_ros/DialogflowService.srv[0m
[ 94%] Built target dialogflow_ros_generate_messages_lisp
[35m[1mScanning dependencies of target test_intent_event[0m
[ 97%] [32mBuilding CXX object CMakeFiles/test_intent_event.dir/scripts/test/test_intent_event.cpp.o[0m
[100%] [32m[1mLinking CXX executable /home/chels/catkin_ws/devel/.private/dialogflow_ros/lib/dialogflow_ros/test_intent_event[0m
[100%] Built target test_intent_event
[35m[1mScanning dependencies of target dialogflow_ros_generate_messages[0m
[100%] Built target dialogflow_ros_generate_messages
