[rospy.client][INFO] 2023-09-08 17:34:14,096: init_node, name[/ros_control_controller_spawner], pid[2189]
[xmlrpc][INFO] 2023-09-08 17:34:14,096: XML-RPC server binding to 0.0.0.0:0
[rospy.init][INFO] 2023-09-08 17:34:14,099: ROS Slave URI: [http://segbot:36409/]
[xmlrpc][INFO] 2023-09-08 17:34:14,099: Started XML-RPC server [http://segbot:36409/]
[rospy.impl.masterslave][INFO] 2023-09-08 17:34:14,099: _ready: http://segbot:36409/
[xmlrpc][INFO] 2023-09-08 17:34:14,099: xml rpc node: starting XML-RPC server
[rospy.registration][INFO] 2023-09-08 17:34:14,100: Registering with master node http://localhost:11311
[rospy.init][INFO] 2023-09-08 17:34:14,199: registered with master
[rospy.rosout][INFO] 2023-09-08 17:34:14,199: initializing /rosout core topic
[rospy.rosout][INFO] 2023-09-08 17:34:14,202: connected to core topic /rosout
[rospy.simtime][INFO] 2023-09-08 17:34:14,205: /use_sim_time is not set, will not subscribe to simulated time [/clock] topic
[rosout][INFO] 2023-09-08 17:34:14,211: Controller Spawner: Waiting for service controller_manager/load_controller
[rospy.internal][INFO] 2023-09-08 17:34:14,441: topic[/rosout] adding connection to [/rosout], count 0
[rosout][INFO] 2023-09-08 17:34:15,435: Controller Spawner: Waiting for service controller_manager/switch_controller
[rosout][INFO] 2023-09-08 17:34:15,439: Controller Spawner: Waiting for service controller_manager/unload_controller
[rosout][INFO] 2023-09-08 17:34:15,443: Loading controller: joint_state_controller
[rosout][INFO] 2023-09-08 17:34:15,473: Loading controller: scaled_pos_joint_traj_controller
[rosout][INFO] 2023-09-08 17:34:15,503: Loading controller: speed_scaling_state_controller
[rosout][INFO] 2023-09-08 17:34:15,511: Loading controller: force_torque_sensor_controller
[rosout][INFO] 2023-09-08 17:34:15,517: Controller Spawner: Loaded controllers: joint_state_controller, scaled_pos_joint_traj_controller, speed_scaling_state_controller, force_torque_sensor_controller
[rosout][INFO] 2023-09-08 17:34:15,521: Started controllers: joint_state_controller, scaled_pos_joint_traj_controller, speed_scaling_state_controller, force_torque_sensor_controller
[rospy.core][INFO] 2023-09-08 17:34:42,390: signal_shutdown [signal-2]
[rospy.core][INFO] 2023-09-08 17:34:42,400: signal_shutdown [atexit]
