[  0%] Built target tf_generate_messages_nodejs
[  0%] Built target plan_execution_generate_messages_eus
[  0%] Built target roscpp_generate_messages_py
[  0%] Built target geometry_msgs_generate_messages_eus
[  0%] Built target rosgraph_msgs_generate_messages_cpp
[  0%] Built target sensor_msgs_generate_messages_eus
[  0%] Built target std_msgs_generate_messages_py
[  0%] Built target plan_execution_generate_messages_cpp
[  0%] Built target std_msgs_generate_messages_nodejs
[  0%] Built target roscpp_generate_messages_nodejs
[  0%] Built target std_msgs_generate_messages_lisp
[  0%] Built target rosgraph_msgs_generate_messages_lisp
[  0%] Built target actionlib_generate_messages_cpp
[  0%] Built target roscpp_generate_messages_cpp
[  0%] Built target sensor_msgs_generate_messages_nodejs
[  0%] Built target roscpp_generate_messages_lisp
[  0%] Built target std_srvs_generate_messages_eus
[  0%] Built target std_msgs_generate_messages_cpp
[  0%] Built target actionlib_msgs_generate_messages_nodejs
[  0%] Built target nav_msgs_generate_messages_nodejs
[  0%] Built target geometry_msgs_generate_messages_nodejs
[  0%] Built target actionlib_generate_messages_eus
[  0%] Built target std_srvs_generate_messages_nodejs
[  0%] Built target rosgraph_msgs_generate_messages_nodejs
[  0%] Built target std_msgs_generate_messages_eus
[  0%] Built target rosgraph_msgs_generate_messages_eus
[  0%] Built target bwi_msgs_generate_messages_cpp
[  0%] Built target std_srvs_generate_messages_cpp
[  0%] Built target roscpp_generate_messages_eus
[  0%] Built target plan_execution_generate_messages_lisp
[  0%] Built target plan_execution_generate_messages_py
[  0%] Built target rosgraph_msgs_generate_messages_py
[  0%] Built target actionlib_msgs_generate_messages_eus
[  0%] Built target actionlib_msgs_generate_messages_lisp
[  0%] Built target actionlib_msgs_generate_messages_py
[  0%] Built target tf2_msgs_generate_messages_nodejs
[  0%] Built target bwi_msgs_generate_messages_nodejs
[  0%] Built target plan_execution_generate_messages_nodejs
[  0%] Built target bwi_planning_common_generate_messages_eus
[  0%] Built target bwi_msgs_generate_messages_eus
[  0%] Built target bwi_planning_common_generate_messages_lisp
[  0%] Built target geometry_msgs_generate_messages_py
[  0%] Built target bwi_msgs_generate_messages_lisp
[  0%] Built target bwi_planning_common_generate_messages_nodejs
[  0%] Built target bwi_msgs_generate_messages_py
[  0%] Built target _catkin_empty_exported_target
[  0%] Built target std_srvs_generate_messages_lisp
[  0%] Built target bwi_planning_common_generate_messages_cpp
[  0%] Built target bwi_planning_common_generate_messages_py
[  0%] Built target sensor_msgs_generate_messages_lisp
[  0%] Built target nav_msgs_generate_messages_cpp
[  0%] Built target tf2_msgs_generate_messages_eus
[  0%] Built target nav_msgs_generate_messages_eus
[  0%] Built target nav_msgs_generate_messages_lisp
[  0%] Built target actionlib_generate_messages_lisp
[  0%] Built target geometry_msgs_generate_messages_cpp
[  0%] Built target geometry_msgs_generate_messages_lisp
[  0%] Built target tf2_msgs_generate_messages_cpp
[  0%] Built target nav_msgs_generate_messages_py
[  0%] Built target tf2_msgs_generate_messages_lisp
[  0%] Built target actionlib_generate_messages_py
[  0%] Built target tf2_msgs_generate_messages_py
[  0%] Built target sensor_msgs_generate_messages_cpp
[  0%] Built target sensor_msgs_generate_messages_py
[  0%] Built target tf_generate_messages_py
[  0%] Built target std_srvs_generate_messages_py
[  0%] Built target tf_generate_messages_cpp
[  0%] Built target actionlib_generate_messages_nodejs
[  0%] Built target actionlib_msgs_generate_messages_cpp
[  0%] Built target tf_generate_messages_eus
[  0%] Built target tf_generate_messages_lisp
[  7%] Built target message_delivery
[ 14%] Built target visit_door_list
[ 21%] Built target meeting_experiment
[ 28%] Built target learning_tasks_node
[ 35%] Built target go_to_object_node
[ 42%] Built target go_to_location_node
[ 50%] Built target filtering_tasks
[ 57%] Built target visit_door_list_gui
[ 64%] Built target look_for_person_node
[ 71%] Built target go_to_door_node
[ 78%] Built target simulator_learning_tasks_node
[ 85%] Built target visit_and_ask_list_node
[ 92%] Built target between_doors
[100%] Built target back_and_forth_node
