Determining if the pthread_create exist failed with the following output:
Change Dir: /home/chels/catkin_ws/build/bwi_virtour/CMakeFiles/CMakeTmp

Run Build Command:"/usr/bin/make" "cmTC_07658/fast"
/usr/bin/make -f CMakeFiles/cmTC_07658.dir/build.make CMakeFiles/cmTC_07658.dir/build
make[1]: Entering directory '/home/chels/catkin_ws/build/bwi_virtour/CMakeFiles/CMakeTmp'
Building C object CMakeFiles/cmTC_07658.dir/CheckSymbolExists.c.o
/usr/bin/cc    -o CMakeFiles/cmTC_07658.dir/CheckSymbolExists.c.o   -c /home/chels/catkin_ws/build/bwi_virtour/CMakeFiles/CMakeTmp/CheckSymbolExists.c
Linking C executable cmTC_07658
/usr/bin/cmake -E cmake_link_script CMakeFiles/cmTC_07658.dir/link.txt --verbose=1
/usr/bin/cc      -rdynamic CMakeFiles/cmTC_07658.dir/CheckSymbolExists.c.o  -o cmTC_07658 
CMakeFiles/cmTC_07658.dir/CheckSymbolExists.c.o: In function `main':
CheckSymbolExists.c:(.text+0x1b): undefined reference to `pthread_create'
collect2: error: ld returned 1 exit status
CMakeFiles/cmTC_07658.dir/build.make:97: recipe for target 'cmTC_07658' failed
make[1]: *** [cmTC_07658] Error 1
make[1]: Leaving directory '/home/chels/catkin_ws/build/bwi_virtour/CMakeFiles/CMakeTmp'
Makefile:126: recipe for target 'cmTC_07658/fast' failed
make: *** [cmTC_07658/fast] Error 2

File /home/chels/catkin_ws/build/bwi_virtour/CMakeFiles/CMakeTmp/CheckSymbolExists.c:
/* */
#include <pthread.h>

int main(int argc, char** argv)
{
  (void)argv;
#ifndef pthread_create
  return ((int*)(&pthread_create))[argc];
#else
  (void)argc;
  return 0;
#endif
}

Determining if the function pthread_create exists in the pthreads failed with the following output:
Change Dir: /home/chels/catkin_ws/build/bwi_virtour/CMakeFiles/CMakeTmp

Run Build Command:"/usr/bin/make" "cmTC_6c169/fast"
/usr/bin/make -f CMakeFiles/cmTC_6c169.dir/build.make CMakeFiles/cmTC_6c169.dir/build
make[1]: Entering directory '/home/chels/catkin_ws/build/bwi_virtour/CMakeFiles/CMakeTmp'
Building C object CMakeFiles/cmTC_6c169.dir/CheckFunctionExists.c.o
/usr/bin/cc   -DCHECK_FUNCTION_EXISTS=pthread_create   -o CMakeFiles/cmTC_6c169.dir/CheckFunctionExists.c.o   -c /usr/share/cmake-3.10/Modules/CheckFunctionExists.c
Linking C executable cmTC_6c169
/usr/bin/cmake -E cmake_link_script CMakeFiles/cmTC_6c169.dir/link.txt --verbose=1
/usr/bin/cc  -DCHECK_FUNCTION_EXISTS=pthread_create    -rdynamic CMakeFiles/cmTC_6c169.dir/CheckFunctionExists.c.o  -o cmTC_6c169 -lpthreads 
/usr/bin/ld: cannot find -lpthreads
collect2: error: ld returned 1 exit status
CMakeFiles/cmTC_6c169.dir/build.make:97: recipe for target 'cmTC_6c169' failed
make[1]: *** [cmTC_6c169] Error 1
make[1]: Leaving directory '/home/chels/catkin_ws/build/bwi_virtour/CMakeFiles/CMakeTmp'
Makefile:126: recipe for target 'cmTC_6c169/fast' failed
make: *** [cmTC_6c169/fast] Error 2


