Determining if the pthread_create exist failed with the following output:
Change Dir: /home/chelsea/catkin_ws/build/robotiq_3f_gripper_control/CMakeFiles/CMakeTmp

Run Build Command:"/usr/bin/make" "cmTC_c00bb/fast"
/usr/bin/make -f CMakeFiles/cmTC_c00bb.dir/build.make CMakeFiles/cmTC_c00bb.dir/build
make[1]: Entering directory '/home/chelsea/catkin_ws/build/robotiq_3f_gripper_control/CMakeFiles/CMakeTmp'
Building C object CMakeFiles/cmTC_c00bb.dir/CheckSymbolExists.c.o
/usr/bin/cc    -o CMakeFiles/cmTC_c00bb.dir/CheckSymbolExists.c.o   -c /home/chelsea/catkin_ws/build/robotiq_3f_gripper_control/CMakeFiles/CMakeTmp/CheckSymbolExists.c
Linking C executable cmTC_c00bb
/usr/bin/cmake -E cmake_link_script CMakeFiles/cmTC_c00bb.dir/link.txt --verbose=1
/usr/bin/cc      -rdynamic CMakeFiles/cmTC_c00bb.dir/CheckSymbolExists.c.o  -o cmTC_c00bb 
CMakeFiles/cmTC_c00bb.dir/CheckSymbolExists.c.o: In function `main':
CheckSymbolExists.c:(.text+0x1b): undefined reference to `pthread_create'
collect2: error: ld returned 1 exit status
CMakeFiles/cmTC_c00bb.dir/build.make:97: recipe for target 'cmTC_c00bb' failed
make[1]: *** [cmTC_c00bb] Error 1
make[1]: Leaving directory '/home/chelsea/catkin_ws/build/robotiq_3f_gripper_control/CMakeFiles/CMakeTmp'
Makefile:126: recipe for target 'cmTC_c00bb/fast' failed
make: *** [cmTC_c00bb/fast] Error 2

File /home/chelsea/catkin_ws/build/robotiq_3f_gripper_control/CMakeFiles/CMakeTmp/CheckSymbolExists.c:
/* */
#include <pthread.h>

int main(int argc, char** argv)
{
  (void)argv;
#ifndef pthread_create
  return ((int*)(&pthread_create))[argc];
#else
  (void)argc;
  return 0;
#endif
}

Determining if the function pthread_create exists in the pthreads failed with the following output:
Change Dir: /home/chelsea/catkin_ws/build/robotiq_3f_gripper_control/CMakeFiles/CMakeTmp

Run Build Command:"/usr/bin/make" "cmTC_500a0/fast"
/usr/bin/make -f CMakeFiles/cmTC_500a0.dir/build.make CMakeFiles/cmTC_500a0.dir/build
make[1]: Entering directory '/home/chelsea/catkin_ws/build/robotiq_3f_gripper_control/CMakeFiles/CMakeTmp'
Building C object CMakeFiles/cmTC_500a0.dir/CheckFunctionExists.c.o
/usr/bin/cc   -DCHECK_FUNCTION_EXISTS=pthread_create   -o CMakeFiles/cmTC_500a0.dir/CheckFunctionExists.c.o   -c /usr/share/cmake-3.10/Modules/CheckFunctionExists.c
Linking C executable cmTC_500a0
/usr/bin/cmake -E cmake_link_script CMakeFiles/cmTC_500a0.dir/link.txt --verbose=1
/usr/bin/cc  -DCHECK_FUNCTION_EXISTS=pthread_create    -rdynamic CMakeFiles/cmTC_500a0.dir/CheckFunctionExists.c.o  -o cmTC_500a0 -lpthreads 
/usr/bin/ld: cannot find -lpthreads
collect2: error: ld returned 1 exit status
CMakeFiles/cmTC_500a0.dir/build.make:97: recipe for target 'cmTC_500a0' failed
make[1]: *** [cmTC_500a0] Error 1
make[1]: Leaving directory '/home/chelsea/catkin_ws/build/robotiq_3f_gripper_control/CMakeFiles/CMakeTmp'
Makefile:126: recipe for target 'cmTC_500a0/fast' failed
make: *** [cmTC_500a0/fast] Error 2


