[  8%] Built target asp_formatter
[  8%] Built target std_srvs_generate_messages_py
[  8%] Built target actionlib_msgs_generate_messages_py
[  8%] Built target bwi_msgs_generate_messages_lisp
[  8%] Built target bwi_planning_common_generate_messages_nodejs
[  8%] Built target roscpp_generate_messages_py
[  8%] Built target geometry_msgs_generate_messages_eus
[  8%] Built target rosgraph_msgs_generate_messages_cpp
[  8%] Built target sensor_msgs_generate_messages_eus
[  8%] Built target std_msgs_generate_messages_py
[  8%] Built target std_msgs_generate_messages_nodejs
[  8%] Built target roscpp_generate_messages_nodejs
[  8%] Built target std_msgs_generate_messages_lisp
[  8%] Built target rosgraph_msgs_generate_messages_lisp
[  8%] Built target roscpp_generate_messages_cpp
[  8%] Built target actionlib_generate_messages_cpp
[  8%] Built target sensor_msgs_generate_messages_nodejs
[  8%] Built target roscpp_generate_messages_lisp
[  8%] Built target std_srvs_generate_messages_eus
[  8%] Built target bwi_msgs_generate_messages_eus
[  8%] Built target bwi_planning_common_generate_messages_lisp
[  8%] Built target geometry_msgs_generate_messages_py
[  8%] Built target std_msgs_generate_messages_cpp
[  8%] Built target bwi_services_generate_messages_cpp
[  8%] Built target actionlib_msgs_generate_messages_nodejs
[  8%] Built target nav_msgs_generate_messages_nodejs
[  8%] Built target geometry_msgs_generate_messages_nodejs
[  8%] Built target actionlib_generate_messages_eus
[  8%] Built target std_srvs_generate_messages_nodejs
[  8%] Built target rosgraph_msgs_generate_messages_eus
[  8%] Built target rosgraph_msgs_generate_messages_nodejs
[  8%] Built target std_msgs_generate_messages_eus
[  8%] Built target actionlib_generate_messages_nodejs
[  8%] Built target bwi_services_generate_messages_py
[  8%] Built target actionlib_msgs_generate_messages_cpp
[  8%] Built target std_srvs_generate_messages_cpp
[  8%] Built target roscpp_generate_messages_eus
[  8%] Built target plan_execution_generate_messages_lisp
[  8%] Built target plan_execution_generate_messages_py
[  8%] Built target rosgraph_msgs_generate_messages_py
[  8%] Built target actionlib_msgs_generate_messages_eus
[  8%] Built target actionlib_msgs_generate_messages_lisp
[  8%] Built target bwi_msgs_generate_messages_py
[  8%] Built target _catkin_empty_exported_target
[  8%] Built target bwi_planning_common_generate_messages_cpp
[  8%] Built target std_srvs_generate_messages_lisp
[  8%] Built target bwi_planning_common_generate_messages_py
[  8%] Built target sensor_msgs_generate_messages_lisp
[  8%] Built target nav_msgs_generate_messages_cpp
[  8%] Built target tf2_msgs_generate_messages_eus
[  8%] Built target nav_msgs_generate_messages_eus
[  8%] Built target nav_msgs_generate_messages_lisp
[  8%] Built target actionlib_generate_messages_lisp
[  8%] Built target geometry_msgs_generate_messages_cpp
[  8%] Built target geometry_msgs_generate_messages_lisp
[  8%] Built target nav_msgs_generate_messages_py
[  8%] Built target tf2_msgs_generate_messages_cpp
[  8%] Built target tf2_msgs_generate_messages_lisp
[  8%] Built target actionlib_generate_messages_py
[  8%] Built target tf2_msgs_generate_messages_py
[  8%] Built target bwi_msgs_generate_messages_nodejs
[  8%] Built target tf2_msgs_generate_messages_nodejs
[  8%] Built target plan_execution_generate_messages_eus
[  8%] Built target sensor_msgs_generate_messages_cpp
[  8%] Built target sensor_msgs_generate_messages_py
[  8%] Built target bwi_services_generate_messages_eus
[  8%] Built target bwi_msgs_generate_messages_cpp
[  8%] Built target bwi_services_generate_messages_lisp
[  8%] Built target bwi_services_generate_messages_nodejs
[  8%] Built target plan_execution_generate_messages_cpp
[  8%] Built target bwi_planning_common_generate_messages_eus
[  8%] Built target plan_execution_generate_messages_nodejs
[ 17%] Built target kb_to_asp
[ 73%] Built target bwikractions
[ 82%] Built target test_plan_executor
[ 91%] Built target test_action_executor_node
[100%] Built target plan_executor_node
