Linked: (/home/chels/catkin_ws/devel/.private/bwi_services/include/bwi_services/GoToLocationRequest.h, /home/chels/catkin_ws/devel/include/bwi_services/GoToLocationRequest.h)
Linked: (/home/chels/catkin_ws/devel/.private/bwi_services/include/bwi_services/GoToLocation.h, /home/chels/catkin_ws/devel/include/bwi_services/GoToLocation.h)
Linked: (/home/chels/catkin_ws/devel/.private/bwi_services/include/bwi_services/DeliverMessageResponse.h, /home/chels/catkin_ws/devel/include/bwi_services/DeliverMessageResponse.h)
Linked: (/home/chels/catkin_ws/devel/.private/bwi_services/include/bwi_services/SpeakMessage.h, /home/chels/catkin_ws/devel/include/bwi_services/SpeakMessage.h)
Linked: (/home/chels/catkin_ws/devel/.private/bwi_services/include/bwi_services/SpeakMessageResponse.h, /home/chels/catkin_ws/devel/include/bwi_services/SpeakMessageResponse.h)
Linked: (/home/chels/catkin_ws/devel/.private/bwi_services/include/bwi_services/DeliverMessage.h, /home/chels/catkin_ws/devel/include/bwi_services/DeliverMessage.h)
Linked: (/home/chels/catkin_ws/devel/.private/bwi_services/include/bwi_services/SpeakMessageRequest.h, /home/chels/catkin_ws/devel/include/bwi_services/SpeakMessageRequest.h)
Linked: (/home/chels/catkin_ws/devel/.private/bwi_services/include/bwi_services/GoToLocationResponse.h, /home/chels/catkin_ws/devel/include/bwi_services/GoToLocationResponse.h)
Linked: (/home/chels/catkin_ws/devel/.private/bwi_services/include/bwi_services/DeliverMessageRequest.h, /home/chels/catkin_ws/devel/include/bwi_services/DeliverMessageRequest.h)
Linked: (/home/chels/catkin_ws/devel/.private/bwi_services/lib/bwi_services/go_to_location_service, /home/chels/catkin_ws/devel/lib/bwi_services/go_to_location_service)
Linked: (/home/chels/catkin_ws/devel/.private/bwi_services/lib/bwi_services/deliver_message_service, /home/chels/catkin_ws/devel/lib/bwi_services/deliver_message_service)
Linked: (/home/chels/catkin_ws/devel/.private/bwi_services/lib/bwi_services/speak_message_service, /home/chels/catkin_ws/devel/lib/bwi_services/speak_message_service)
Linked: (/home/chels/catkin_ws/devel/.private/bwi_services/lib/python2.7/dist-packages/bwi_services/__init__.py, /home/chels/catkin_ws/devel/lib/python2.7/dist-packages/bwi_services/__init__.py)
Linked: (/home/chels/catkin_ws/devel/.private/bwi_services/lib/python2.7/dist-packages/bwi_services/srv/_DeliverMessage.py, /home/chels/catkin_ws/devel/lib/python2.7/dist-packages/bwi_services/srv/_DeliverMessage.py)
Linked: (/home/chels/catkin_ws/devel/.private/bwi_services/lib/python2.7/dist-packages/bwi_services/srv/_GoToLocation.py, /home/chels/catkin_ws/devel/lib/python2.7/dist-packages/bwi_services/srv/_GoToLocation.py)
Linked: (/home/chels/catkin_ws/devel/.private/bwi_services/lib/python2.7/dist-packages/bwi_services/srv/_SpeakMessage.py, /home/chels/catkin_ws/devel/lib/python2.7/dist-packages/bwi_services/srv/_SpeakMessage.py)
Linked: (/home/chels/catkin_ws/devel/.private/bwi_services/lib/python2.7/dist-packages/bwi_services/srv/__init__.py, /home/chels/catkin_ws/devel/lib/python2.7/dist-packages/bwi_services/srv/__init__.py)
Linked: (/home/chels/catkin_ws/devel/.private/bwi_services/lib/pkgconfig/bwi_services.pc, /home/chels/catkin_ws/devel/lib/pkgconfig/bwi_services.pc)
Linked: (/home/chels/catkin_ws/devel/.private/bwi_services/share/bwi_services/cmake/bwi_services-msg-extras.cmake, /home/chels/catkin_ws/devel/share/bwi_services/cmake/bwi_services-msg-extras.cmake)
Linked: (/home/chels/catkin_ws/devel/.private/bwi_services/share/bwi_services/cmake/bwi_services-msg-paths.cmake, /home/chels/catkin_ws/devel/share/bwi_services/cmake/bwi_services-msg-paths.cmake)
Linked: (/home/chels/catkin_ws/devel/.private/bwi_services/share/bwi_services/cmake/bwi_servicesConfig-version.cmake, /home/chels/catkin_ws/devel/share/bwi_services/cmake/bwi_servicesConfig-version.cmake)
Linked: (/home/chels/catkin_ws/devel/.private/bwi_services/share/bwi_services/cmake/bwi_servicesConfig.cmake, /home/chels/catkin_ws/devel/share/bwi_services/cmake/bwi_servicesConfig.cmake)
Linked: (/home/chels/catkin_ws/devel/.private/bwi_services/share/gennodejs/ros/bwi_services/_index.js, /home/chels/catkin_ws/devel/share/gennodejs/ros/bwi_services/_index.js)
Linked: (/home/chels/catkin_ws/devel/.private/bwi_services/share/gennodejs/ros/bwi_services/srv/DeliverMessage.js, /home/chels/catkin_ws/devel/share/gennodejs/ros/bwi_services/srv/DeliverMessage.js)
Linked: (/home/chels/catkin_ws/devel/.private/bwi_services/share/gennodejs/ros/bwi_services/srv/_index.js, /home/chels/catkin_ws/devel/share/gennodejs/ros/bwi_services/srv/_index.js)
Linked: (/home/chels/catkin_ws/devel/.private/bwi_services/share/gennodejs/ros/bwi_services/srv/SpeakMessage.js, /home/chels/catkin_ws/devel/share/gennodejs/ros/bwi_services/srv/SpeakMessage.js)
Linked: (/home/chels/catkin_ws/devel/.private/bwi_services/share/gennodejs/ros/bwi_services/srv/GoToLocation.js, /home/chels/catkin_ws/devel/share/gennodejs/ros/bwi_services/srv/GoToLocation.js)
Linked: (/home/chels/catkin_ws/devel/.private/bwi_services/share/common-lisp/ros/bwi_services/srv/_package_DeliverMessage.lisp, /home/chels/catkin_ws/devel/share/common-lisp/ros/bwi_services/srv/_package_DeliverMessage.lisp)
Linked: (/home/chels/catkin_ws/devel/.private/bwi_services/share/common-lisp/ros/bwi_services/srv/_package_SpeakMessage.lisp, /home/chels/catkin_ws/devel/share/common-lisp/ros/bwi_services/srv/_package_SpeakMessage.lisp)
Linked: (/home/chels/catkin_ws/devel/.private/bwi_services/share/common-lisp/ros/bwi_services/srv/bwi_services-srv.asd, /home/chels/catkin_ws/devel/share/common-lisp/ros/bwi_services/srv/bwi_services-srv.asd)
Linked: (/home/chels/catkin_ws/devel/.private/bwi_services/share/common-lisp/ros/bwi_services/srv/_package_GoToLocation.lisp, /home/chels/catkin_ws/devel/share/common-lisp/ros/bwi_services/srv/_package_GoToLocation.lisp)
Linked: (/home/chels/catkin_ws/devel/.private/bwi_services/share/common-lisp/ros/bwi_services/srv/_package.lisp, /home/chels/catkin_ws/devel/share/common-lisp/ros/bwi_services/srv/_package.lisp)
Linked: (/home/chels/catkin_ws/devel/.private/bwi_services/share/common-lisp/ros/bwi_services/srv/SpeakMessage.lisp, /home/chels/catkin_ws/devel/share/common-lisp/ros/bwi_services/srv/SpeakMessage.lisp)
Linked: (/home/chels/catkin_ws/devel/.private/bwi_services/share/common-lisp/ros/bwi_services/srv/GoToLocation.lisp, /home/chels/catkin_ws/devel/share/common-lisp/ros/bwi_services/srv/GoToLocation.lisp)
Linked: (/home/chels/catkin_ws/devel/.private/bwi_services/share/common-lisp/ros/bwi_services/srv/DeliverMessage.lisp, /home/chels/catkin_ws/devel/share/common-lisp/ros/bwi_services/srv/DeliverMessage.lisp)
Linked: (/home/chels/catkin_ws/devel/.private/bwi_services/share/roseus/ros/bwi_services/manifest.l, /home/chels/catkin_ws/devel/share/roseus/ros/bwi_services/manifest.l)
Linked: (/home/chels/catkin_ws/devel/.private/bwi_services/share/roseus/ros/bwi_services/srv/SpeakMessage.l, /home/chels/catkin_ws/devel/share/roseus/ros/bwi_services/srv/SpeakMessage.l)
Linked: (/home/chels/catkin_ws/devel/.private/bwi_services/share/roseus/ros/bwi_services/srv/DeliverMessage.l, /home/chels/catkin_ws/devel/share/roseus/ros/bwi_services/srv/DeliverMessage.l)
Linked: (/home/chels/catkin_ws/devel/.private/bwi_services/share/roseus/ros/bwi_services/srv/GoToLocation.l, /home/chels/catkin_ws/devel/share/roseus/ros/bwi_services/srv/GoToLocation.l)
