[  0%] Built target _bwi_services_generate_messages_check_deps_DeliverMessage
[  0%] Built target _bwi_services_generate_messages_check_deps_GoToLocation
[  0%] Built target std_msgs_generate_messages_eus
[  0%] Built target _bwi_services_generate_messages_check_deps_SpeakMessage
[  0%] Built target std_msgs_generate_messages_py
[  0%] Built target std_msgs_generate_messages_nodejs
[  0%] Built target plan_execution_generate_messages_eus
[  0%] Built target roscpp_generate_messages_py
[  0%] Built target geometry_msgs_generate_messages_eus
[  0%] Built target rosgraph_msgs_generate_messages_cpp
[  0%] Built target sensor_msgs_generate_messages_eus
[  0%] Built target plan_execution_generate_messages_cpp
[  0%] Built target roscpp_generate_messages_nodejs
[  0%] Built target std_msgs_generate_messages_lisp
[  0%] Built target rosgraph_msgs_generate_messages_lisp
[  0%] Built target actionlib_generate_messages_cpp
[  0%] Built target roscpp_generate_messages_cpp
[  0%] Built target sensor_msgs_generate_messages_nodejs
[  0%] Built target roscpp_generate_messages_lisp
[  0%] Built target std_srvs_generate_messages_eus
[  0%] Built target std_msgs_generate_messages_cpp
[  0%] Built target actionlib_msgs_generate_messages_nodejs
[  0%] Built target nav_msgs_generate_messages_nodejs
[  0%] Built target geometry_msgs_generate_messages_nodejs
[  0%] Built target std_srvs_generate_messages_nodejs
[  0%] Built target actionlib_generate_messages_eus
[  0%] Built target rosgraph_msgs_generate_messages_nodejs
[  0%] Built target actionlib_generate_messages_nodejs
[  0%] Built target rosgraph_msgs_generate_messages_eus
[ 13%] Built target bwi_services_generate_messages_lisp
[ 13%] Built target bwi_msgs_generate_messages_cpp
[ 13%] Built target actionlib_msgs_generate_messages_cpp
[ 13%] Built target std_srvs_generate_messages_cpp
[ 13%] Built target roscpp_generate_messages_eus
[ 13%] Built target plan_execution_generate_messages_lisp
[ 13%] Built target plan_execution_generate_messages_py
[ 13%] Built target rosgraph_msgs_generate_messages_py
[ 13%] Built target actionlib_msgs_generate_messages_eus
[ 13%] Built target actionlib_msgs_generate_messages_lisp
[ 13%] Built target actionlib_msgs_generate_messages_py
[ 13%] Built target tf2_msgs_generate_messages_nodejs
[ 13%] Built target bwi_msgs_generate_messages_nodejs
[ 13%] Built target plan_execution_generate_messages_nodejs
[ 13%] Built target bwi_planning_common_generate_messages_eus
[ 13%] Built target bwi_msgs_generate_messages_eus
[ 13%] Built target bwi_planning_common_generate_messages_lisp
[ 13%] Built target geometry_msgs_generate_messages_py
[ 13%] Built target bwi_msgs_generate_messages_lisp
[ 13%] Built target bwi_planning_common_generate_messages_nodejs
[ 13%] Built target bwi_msgs_generate_messages_py
[ 13%] Built target _catkin_empty_exported_target
[ 13%] Built target std_srvs_generate_messages_lisp
[ 13%] Built target bwi_planning_common_generate_messages_cpp
[ 13%] Built target sensor_msgs_generate_messages_lisp
[ 13%] Built target bwi_planning_common_generate_messages_py
[ 13%] Built target nav_msgs_generate_messages_cpp
[ 13%] Built target tf2_msgs_generate_messages_eus
[ 13%] Built target nav_msgs_generate_messages_eus
[ 13%] Built target nav_msgs_generate_messages_lisp
[ 13%] Built target geometry_msgs_generate_messages_cpp
[ 13%] Built target actionlib_generate_messages_lisp
[ 13%] Built target tf2_msgs_generate_messages_cpp
[ 13%] Built target nav_msgs_generate_messages_py
[ 13%] Built target tf2_msgs_generate_messages_lisp
[ 13%] Built target actionlib_generate_messages_py
[ 13%] Built target tf2_msgs_generate_messages_py
[ 13%] Built target sensor_msgs_generate_messages_cpp
[ 13%] Built target sensor_msgs_generate_messages_py
[ 13%] Built target std_srvs_generate_messages_py
[ 13%] Built target geometry_msgs_generate_messages_lisp
[ 30%] Built target bwi_services_generate_messages_eus
[ 47%] Built target bwi_services_generate_messages_py
[ 60%] Built target bwi_services_generate_messages_nodejs
[ 73%] Built target bwi_services_generate_messages_cpp
[ 82%] Built target speak_message_service
[ 91%] Built target go_to_location_service
[100%] Built target deliver_message_service
[100%] Built target bwi_services_generate_messages
