Symlinking /home/chels/catkin_ws/devel/include/bwi_services/GoToLocationRequest.h
Symlinking /home/chels/catkin_ws/devel/include/bwi_services/GoToLocation.h
Symlinking /home/chels/catkin_ws/devel/include/bwi_services/DeliverMessageResponse.h
Symlinking /home/chels/catkin_ws/devel/include/bwi_services/SpeakMessage.h
Symlinking /home/chels/catkin_ws/devel/include/bwi_services/SpeakMessageResponse.h
Symlinking /home/chels/catkin_ws/devel/include/bwi_services/DeliverMessage.h
Symlinking /home/chels/catkin_ws/devel/include/bwi_services/SpeakMessageRequest.h
Symlinking /home/chels/catkin_ws/devel/include/bwi_services/GoToLocationResponse.h
Symlinking /home/chels/catkin_ws/devel/include/bwi_services/DeliverMessageRequest.h
Symlinking /home/chels/catkin_ws/devel/lib/bwi_services/go_to_location_service
Symlinking /home/chels/catkin_ws/devel/lib/bwi_services/deliver_message_service
Symlinking /home/chels/catkin_ws/devel/lib/bwi_services/speak_message_service
Symlinking /home/chels/catkin_ws/devel/lib/python2.7/dist-packages/bwi_services/__init__.py
Symlinking /home/chels/catkin_ws/devel/lib/python2.7/dist-packages/bwi_services/srv/_DeliverMessage.py
Symlinking /home/chels/catkin_ws/devel/lib/python2.7/dist-packages/bwi_services/srv/_GoToLocation.py
Symlinking /home/chels/catkin_ws/devel/lib/python2.7/dist-packages/bwi_services/srv/_SpeakMessage.py
Symlinking /home/chels/catkin_ws/devel/lib/python2.7/dist-packages/bwi_services/srv/__init__.py
Symlinking /home/chels/catkin_ws/devel/lib/pkgconfig/bwi_services.pc
Symlinking /home/chels/catkin_ws/devel/share/bwi_services/cmake/bwi_services-msg-extras.cmake
Symlinking /home/chels/catkin_ws/devel/share/bwi_services/cmake/bwi_services-msg-paths.cmake
Symlinking /home/chels/catkin_ws/devel/share/bwi_services/cmake/bwi_servicesConfig-version.cmake
Symlinking /home/chels/catkin_ws/devel/share/bwi_services/cmake/bwi_servicesConfig.cmake
Symlinking /home/chels/catkin_ws/devel/share/gennodejs/ros/bwi_services/_index.js
Symlinking /home/chels/catkin_ws/devel/share/gennodejs/ros/bwi_services/srv/DeliverMessage.js
Symlinking /home/chels/catkin_ws/devel/share/gennodejs/ros/bwi_services/srv/_index.js
Symlinking /home/chels/catkin_ws/devel/share/gennodejs/ros/bwi_services/srv/SpeakMessage.js
Symlinking /home/chels/catkin_ws/devel/share/gennodejs/ros/bwi_services/srv/GoToLocation.js
Symlinking /home/chels/catkin_ws/devel/share/common-lisp/ros/bwi_services/srv/_package_DeliverMessage.lisp
Symlinking /home/chels/catkin_ws/devel/share/common-lisp/ros/bwi_services/srv/_package_SpeakMessage.lisp
Symlinking /home/chels/catkin_ws/devel/share/common-lisp/ros/bwi_services/srv/bwi_services-srv.asd
Symlinking /home/chels/catkin_ws/devel/share/common-lisp/ros/bwi_services/srv/_package_GoToLocation.lisp
Symlinking /home/chels/catkin_ws/devel/share/common-lisp/ros/bwi_services/srv/_package.lisp
Symlinking /home/chels/catkin_ws/devel/share/common-lisp/ros/bwi_services/srv/SpeakMessage.lisp
Symlinking /home/chels/catkin_ws/devel/share/common-lisp/ros/bwi_services/srv/GoToLocation.lisp
Symlinking /home/chels/catkin_ws/devel/share/common-lisp/ros/bwi_services/srv/DeliverMessage.lisp
Symlinking /home/chels/catkin_ws/devel/share/roseus/ros/bwi_services/manifest.l
Symlinking /home/chels/catkin_ws/devel/share/roseus/ros/bwi_services/srv/SpeakMessage.l
Symlinking /home/chels/catkin_ws/devel/share/roseus/ros/bwi_services/srv/DeliverMessage.l
Symlinking /home/chels/catkin_ws/devel/share/roseus/ros/bwi_services/srv/GoToLocation.l
