Symlinking /home/chels/catkin_ws/devel/include/segway_rmp/SegwayStatus.h
Symlinking /home/chels/catkin_ws/devel/include/segway_rmp/SegwayStatusStamped.h
Symlinking /home/chels/catkin_ws/devel/lib/segway_rmp/segway_rmp_node
Symlinking /home/chels/catkin_ws/devel/lib/python2.7/dist-packages/segway_rmp/__init__.py
Symlinking /home/chels/catkin_ws/devel/lib/python2.7/dist-packages/segway_rmp/msg/_SegwayStatus.py
Symlinking /home/chels/catkin_ws/devel/lib/python2.7/dist-packages/segway_rmp/msg/__init__.py
Symlinking /home/chels/catkin_ws/devel/lib/python2.7/dist-packages/segway_rmp/msg/_SegwayStatusStamped.py
Symlinking /home/chels/catkin_ws/devel/lib/pkgconfig/segway_rmp.pc
Symlinking /home/chels/catkin_ws/devel/share/segway_rmp/cmake/segway_rmp-msg-paths.cmake
Symlinking /home/chels/catkin_ws/devel/share/segway_rmp/cmake/segway_rmpConfig.cmake
Symlinking /home/chels/catkin_ws/devel/share/segway_rmp/cmake/segway_rmpConfig-version.cmake
Symlinking /home/chels/catkin_ws/devel/share/segway_rmp/cmake/segway_rmp-msg-extras.cmake
Symlinking /home/chels/catkin_ws/devel/share/gennodejs/ros/segway_rmp/_index.js
Symlinking /home/chels/catkin_ws/devel/share/gennodejs/ros/segway_rmp/msg/SegwayStatus.js
Symlinking /home/chels/catkin_ws/devel/share/gennodejs/ros/segway_rmp/msg/_index.js
Symlinking /home/chels/catkin_ws/devel/share/gennodejs/ros/segway_rmp/msg/SegwayStatusStamped.js
Symlinking /home/chels/catkin_ws/devel/share/common-lisp/ros/segway_rmp/msg/SegwayStatus.lisp
Symlinking /home/chels/catkin_ws/devel/share/common-lisp/ros/segway_rmp/msg/SegwayStatusStamped.lisp
Symlinking /home/chels/catkin_ws/devel/share/common-lisp/ros/segway_rmp/msg/segway_rmp-msg.asd
Symlinking /home/chels/catkin_ws/devel/share/common-lisp/ros/segway_rmp/msg/_package.lisp
Symlinking /home/chels/catkin_ws/devel/share/common-lisp/ros/segway_rmp/msg/_package_SegwayStatusStamped.lisp
Symlinking /home/chels/catkin_ws/devel/share/common-lisp/ros/segway_rmp/msg/_package_SegwayStatus.lisp
Symlinking /home/chels/catkin_ws/devel/share/roseus/ros/segway_rmp/manifest.l
Symlinking /home/chels/catkin_ws/devel/share/roseus/ros/segway_rmp/msg/SegwayStatusStamped.l
Symlinking /home/chels/catkin_ws/devel/share/roseus/ros/segway_rmp/msg/SegwayStatus.l
