Linked: (/home/chels/catkin_ws/devel/.private/segway_rmp/include/segway_rmp/SegwayStatus.h, /home/chels/catkin_ws/devel/include/segway_rmp/SegwayStatus.h)
Linked: (/home/chels/catkin_ws/devel/.private/segway_rmp/include/segway_rmp/SegwayStatusStamped.h, /home/chels/catkin_ws/devel/include/segway_rmp/SegwayStatusStamped.h)
Linked: (/home/chels/catkin_ws/devel/.private/segway_rmp/lib/segway_rmp/segway_rmp_node, /home/chels/catkin_ws/devel/lib/segway_rmp/segway_rmp_node)
Linked: (/home/chels/catkin_ws/devel/.private/segway_rmp/lib/python2.7/dist-packages/segway_rmp/__init__.py, /home/chels/catkin_ws/devel/lib/python2.7/dist-packages/segway_rmp/__init__.py)
Linked: (/home/chels/catkin_ws/devel/.private/segway_rmp/lib/python2.7/dist-packages/segway_rmp/msg/_SegwayStatus.py, /home/chels/catkin_ws/devel/lib/python2.7/dist-packages/segway_rmp/msg/_SegwayStatus.py)
Linked: (/home/chels/catkin_ws/devel/.private/segway_rmp/lib/python2.7/dist-packages/segway_rmp/msg/__init__.py, /home/chels/catkin_ws/devel/lib/python2.7/dist-packages/segway_rmp/msg/__init__.py)
Linked: (/home/chels/catkin_ws/devel/.private/segway_rmp/lib/python2.7/dist-packages/segway_rmp/msg/_SegwayStatusStamped.py, /home/chels/catkin_ws/devel/lib/python2.7/dist-packages/segway_rmp/msg/_SegwayStatusStamped.py)
Linked: (/home/chels/catkin_ws/devel/.private/segway_rmp/lib/pkgconfig/segway_rmp.pc, /home/chels/catkin_ws/devel/lib/pkgconfig/segway_rmp.pc)
Linked: (/home/chels/catkin_ws/devel/.private/segway_rmp/share/segway_rmp/cmake/segway_rmp-msg-paths.cmake, /home/chels/catkin_ws/devel/share/segway_rmp/cmake/segway_rmp-msg-paths.cmake)
Linked: (/home/chels/catkin_ws/devel/.private/segway_rmp/share/segway_rmp/cmake/segway_rmpConfig.cmake, /home/chels/catkin_ws/devel/share/segway_rmp/cmake/segway_rmpConfig.cmake)
Linked: (/home/chels/catkin_ws/devel/.private/segway_rmp/share/segway_rmp/cmake/segway_rmpConfig-version.cmake, /home/chels/catkin_ws/devel/share/segway_rmp/cmake/segway_rmpConfig-version.cmake)
Linked: (/home/chels/catkin_ws/devel/.private/segway_rmp/share/segway_rmp/cmake/segway_rmp-msg-extras.cmake, /home/chels/catkin_ws/devel/share/segway_rmp/cmake/segway_rmp-msg-extras.cmake)
Linked: (/home/chels/catkin_ws/devel/.private/segway_rmp/share/gennodejs/ros/segway_rmp/_index.js, /home/chels/catkin_ws/devel/share/gennodejs/ros/segway_rmp/_index.js)
Linked: (/home/chels/catkin_ws/devel/.private/segway_rmp/share/gennodejs/ros/segway_rmp/msg/SegwayStatus.js, /home/chels/catkin_ws/devel/share/gennodejs/ros/segway_rmp/msg/SegwayStatus.js)
Linked: (/home/chels/catkin_ws/devel/.private/segway_rmp/share/gennodejs/ros/segway_rmp/msg/_index.js, /home/chels/catkin_ws/devel/share/gennodejs/ros/segway_rmp/msg/_index.js)
Linked: (/home/chels/catkin_ws/devel/.private/segway_rmp/share/gennodejs/ros/segway_rmp/msg/SegwayStatusStamped.js, /home/chels/catkin_ws/devel/share/gennodejs/ros/segway_rmp/msg/SegwayStatusStamped.js)
Linked: (/home/chels/catkin_ws/devel/.private/segway_rmp/share/common-lisp/ros/segway_rmp/msg/SegwayStatus.lisp, /home/chels/catkin_ws/devel/share/common-lisp/ros/segway_rmp/msg/SegwayStatus.lisp)
Linked: (/home/chels/catkin_ws/devel/.private/segway_rmp/share/common-lisp/ros/segway_rmp/msg/SegwayStatusStamped.lisp, /home/chels/catkin_ws/devel/share/common-lisp/ros/segway_rmp/msg/SegwayStatusStamped.lisp)
Linked: (/home/chels/catkin_ws/devel/.private/segway_rmp/share/common-lisp/ros/segway_rmp/msg/segway_rmp-msg.asd, /home/chels/catkin_ws/devel/share/common-lisp/ros/segway_rmp/msg/segway_rmp-msg.asd)
Linked: (/home/chels/catkin_ws/devel/.private/segway_rmp/share/common-lisp/ros/segway_rmp/msg/_package.lisp, /home/chels/catkin_ws/devel/share/common-lisp/ros/segway_rmp/msg/_package.lisp)
Linked: (/home/chels/catkin_ws/devel/.private/segway_rmp/share/common-lisp/ros/segway_rmp/msg/_package_SegwayStatusStamped.lisp, /home/chels/catkin_ws/devel/share/common-lisp/ros/segway_rmp/msg/_package_SegwayStatusStamped.lisp)
Linked: (/home/chels/catkin_ws/devel/.private/segway_rmp/share/common-lisp/ros/segway_rmp/msg/_package_SegwayStatus.lisp, /home/chels/catkin_ws/devel/share/common-lisp/ros/segway_rmp/msg/_package_SegwayStatus.lisp)
Linked: (/home/chels/catkin_ws/devel/.private/segway_rmp/share/roseus/ros/segway_rmp/manifest.l, /home/chels/catkin_ws/devel/share/roseus/ros/segway_rmp/manifest.l)
Linked: (/home/chels/catkin_ws/devel/.private/segway_rmp/share/roseus/ros/segway_rmp/msg/SegwayStatusStamped.l, /home/chels/catkin_ws/devel/share/roseus/ros/segway_rmp/msg/SegwayStatusStamped.l)
Linked: (/home/chels/catkin_ws/devel/.private/segway_rmp/share/roseus/ros/segway_rmp/msg/SegwayStatus.l, /home/chels/catkin_ws/devel/share/roseus/ros/segway_rmp/msg/SegwayStatus.l)
