Determining if the pthread_create exist failed with the following output:
Change Dir: /home/chels/catkin_ws/build/bwi_scavenger/CMakeFiles/CMakeTmp

Run Build Command:"/usr/bin/make" "cmTC_a5d34/fast"
/usr/bin/make -f CMakeFiles/cmTC_a5d34.dir/build.make CMakeFiles/cmTC_a5d34.dir/build
make[1]: Entering directory '/home/chels/catkin_ws/build/bwi_scavenger/CMakeFiles/CMakeTmp'
Building C object CMakeFiles/cmTC_a5d34.dir/CheckSymbolExists.c.o
/usr/bin/cc    -o CMakeFiles/cmTC_a5d34.dir/CheckSymbolExists.c.o   -c /home/chels/catkin_ws/build/bwi_scavenger/CMakeFiles/CMakeTmp/CheckSymbolExists.c
Linking C executable cmTC_a5d34
/usr/bin/cmake -E cmake_link_script CMakeFiles/cmTC_a5d34.dir/link.txt --verbose=1
/usr/bin/cc      -rdynamic CMakeFiles/cmTC_a5d34.dir/CheckSymbolExists.c.o  -o cmTC_a5d34 
CMakeFiles/cmTC_a5d34.dir/CheckSymbolExists.c.o: In function `main':
CheckSymbolExists.c:(.text+0x1b): undefined reference to `pthread_create'
collect2: error: ld returned 1 exit status
CMakeFiles/cmTC_a5d34.dir/build.make:97: recipe for target 'cmTC_a5d34' failed
make[1]: *** [cmTC_a5d34] Error 1
make[1]: Leaving directory '/home/chels/catkin_ws/build/bwi_scavenger/CMakeFiles/CMakeTmp'
Makefile:126: recipe for target 'cmTC_a5d34/fast' failed
make: *** [cmTC_a5d34/fast] Error 2

File /home/chels/catkin_ws/build/bwi_scavenger/CMakeFiles/CMakeTmp/CheckSymbolExists.c:
/* */
#include <pthread.h>

int main(int argc, char** argv)
{
  (void)argv;
#ifndef pthread_create
  return ((int*)(&pthread_create))[argc];
#else
  (void)argc;
  return 0;
#endif
}

Determining if the function pthread_create exists in the pthreads failed with the following output:
Change Dir: /home/chels/catkin_ws/build/bwi_scavenger/CMakeFiles/CMakeTmp

Run Build Command:"/usr/bin/make" "cmTC_70e45/fast"
/usr/bin/make -f CMakeFiles/cmTC_70e45.dir/build.make CMakeFiles/cmTC_70e45.dir/build
make[1]: Entering directory '/home/chels/catkin_ws/build/bwi_scavenger/CMakeFiles/CMakeTmp'
Building C object CMakeFiles/cmTC_70e45.dir/CheckFunctionExists.c.o
/usr/bin/cc   -DCHECK_FUNCTION_EXISTS=pthread_create   -o CMakeFiles/cmTC_70e45.dir/CheckFunctionExists.c.o   -c /usr/share/cmake-3.10/Modules/CheckFunctionExists.c
Linking C executable cmTC_70e45
/usr/bin/cmake -E cmake_link_script CMakeFiles/cmTC_70e45.dir/link.txt --verbose=1
/usr/bin/cc  -DCHECK_FUNCTION_EXISTS=pthread_create    -rdynamic CMakeFiles/cmTC_70e45.dir/CheckFunctionExists.c.o  -o cmTC_70e45 -lpthreads 
/usr/bin/ld: cannot find -lpthreads
collect2: error: ld returned 1 exit status
CMakeFiles/cmTC_70e45.dir/build.make:97: recipe for target 'cmTC_70e45' failed
make[1]: *** [cmTC_70e45] Error 1
make[1]: Leaving directory '/home/chels/catkin_ws/build/bwi_scavenger/CMakeFiles/CMakeTmp'
Makefile:126: recipe for target 'cmTC_70e45/fast' failed
make: *** [cmTC_70e45/fast] Error 2


