Determining if the pthread_create exist failed with the following output:
Change Dir: /home/chels/catkin_ws/build/robotiq_3f_gripper_visualization/CMakeFiles/CMakeTmp

Run Build Command:"/usr/bin/make" "cmTC_9efa5/fast"
/usr/bin/make -f CMakeFiles/cmTC_9efa5.dir/build.make CMakeFiles/cmTC_9efa5.dir/build
make[1]: Entering directory '/home/chels/catkin_ws/build/robotiq_3f_gripper_visualization/CMakeFiles/CMakeTmp'
Building C object CMakeFiles/cmTC_9efa5.dir/CheckSymbolExists.c.o
/usr/bin/cc    -o CMakeFiles/cmTC_9efa5.dir/CheckSymbolExists.c.o   -c /home/chels/catkin_ws/build/robotiq_3f_gripper_visualization/CMakeFiles/CMakeTmp/CheckSymbolExists.c
Linking C executable cmTC_9efa5
/usr/bin/cmake -E cmake_link_script CMakeFiles/cmTC_9efa5.dir/link.txt --verbose=1
/usr/bin/cc      -rdynamic CMakeFiles/cmTC_9efa5.dir/CheckSymbolExists.c.o  -o cmTC_9efa5 
CMakeFiles/cmTC_9efa5.dir/CheckSymbolExists.c.o: In function `main':
CheckSymbolExists.c:(.text+0x1b): undefined reference to `pthread_create'
collect2: error: ld returned 1 exit status
CMakeFiles/cmTC_9efa5.dir/build.make:97: recipe for target 'cmTC_9efa5' failed
make[1]: *** [cmTC_9efa5] Error 1
make[1]: Leaving directory '/home/chels/catkin_ws/build/robotiq_3f_gripper_visualization/CMakeFiles/CMakeTmp'
Makefile:126: recipe for target 'cmTC_9efa5/fast' failed
make: *** [cmTC_9efa5/fast] Error 2

File /home/chels/catkin_ws/build/robotiq_3f_gripper_visualization/CMakeFiles/CMakeTmp/CheckSymbolExists.c:
/* */
#include <pthread.h>

int main(int argc, char** argv)
{
  (void)argv;
#ifndef pthread_create
  return ((int*)(&pthread_create))[argc];
#else
  (void)argc;
  return 0;
#endif
}

Determining if the function pthread_create exists in the pthreads failed with the following output:
Change Dir: /home/chels/catkin_ws/build/robotiq_3f_gripper_visualization/CMakeFiles/CMakeTmp

Run Build Command:"/usr/bin/make" "cmTC_648b2/fast"
/usr/bin/make -f CMakeFiles/cmTC_648b2.dir/build.make CMakeFiles/cmTC_648b2.dir/build
make[1]: Entering directory '/home/chels/catkin_ws/build/robotiq_3f_gripper_visualization/CMakeFiles/CMakeTmp'
Building C object CMakeFiles/cmTC_648b2.dir/CheckFunctionExists.c.o
/usr/bin/cc   -DCHECK_FUNCTION_EXISTS=pthread_create   -o CMakeFiles/cmTC_648b2.dir/CheckFunctionExists.c.o   -c /usr/share/cmake-3.10/Modules/CheckFunctionExists.c
Linking C executable cmTC_648b2
/usr/bin/cmake -E cmake_link_script CMakeFiles/cmTC_648b2.dir/link.txt --verbose=1
/usr/bin/cc  -DCHECK_FUNCTION_EXISTS=pthread_create    -rdynamic CMakeFiles/cmTC_648b2.dir/CheckFunctionExists.c.o  -o cmTC_648b2 -lpthreads 
/usr/bin/ld: cannot find -lpthreads
collect2: error: ld returned 1 exit status
CMakeFiles/cmTC_648b2.dir/build.make:97: recipe for target 'cmTC_648b2' failed
make[1]: *** [cmTC_648b2] Error 1
make[1]: Leaving directory '/home/chels/catkin_ws/build/robotiq_3f_gripper_visualization/CMakeFiles/CMakeTmp'
Makefile:126: recipe for target 'cmTC_648b2/fast' failed
make: *** [cmTC_648b2/fast] Error 2


