Determining if the pthread_create exist failed with the following output:
Change Dir: /home/chels/catkin_ws/build/bwi_interruptable_action_server/CMakeFiles/CMakeTmp

Run Build Command:"/usr/bin/make" "cmTC_7dff3/fast"
/usr/bin/make -f CMakeFiles/cmTC_7dff3.dir/build.make CMakeFiles/cmTC_7dff3.dir/build
make[1]: Entering directory '/home/chels/catkin_ws/build/bwi_interruptable_action_server/CMakeFiles/CMakeTmp'
Building C object CMakeFiles/cmTC_7dff3.dir/CheckSymbolExists.c.o
/usr/bin/cc    -o CMakeFiles/cmTC_7dff3.dir/CheckSymbolExists.c.o   -c /home/chels/catkin_ws/build/bwi_interruptable_action_server/CMakeFiles/CMakeTmp/CheckSymbolExists.c
Linking C executable cmTC_7dff3
/usr/bin/cmake -E cmake_link_script CMakeFiles/cmTC_7dff3.dir/link.txt --verbose=1
/usr/bin/cc      -rdynamic CMakeFiles/cmTC_7dff3.dir/CheckSymbolExists.c.o  -o cmTC_7dff3 
CMakeFiles/cmTC_7dff3.dir/CheckSymbolExists.c.o: In function `main':
CheckSymbolExists.c:(.text+0x1b): undefined reference to `pthread_create'
collect2: error: ld returned 1 exit status
CMakeFiles/cmTC_7dff3.dir/build.make:97: recipe for target 'cmTC_7dff3' failed
make[1]: *** [cmTC_7dff3] Error 1
make[1]: Leaving directory '/home/chels/catkin_ws/build/bwi_interruptable_action_server/CMakeFiles/CMakeTmp'
Makefile:126: recipe for target 'cmTC_7dff3/fast' failed
make: *** [cmTC_7dff3/fast] Error 2

File /home/chels/catkin_ws/build/bwi_interruptable_action_server/CMakeFiles/CMakeTmp/CheckSymbolExists.c:
/* */
#include <pthread.h>

int main(int argc, char** argv)
{
  (void)argv;
#ifndef pthread_create
  return ((int*)(&pthread_create))[argc];
#else
  (void)argc;
  return 0;
#endif
}

Determining if the function pthread_create exists in the pthreads failed with the following output:
Change Dir: /home/chels/catkin_ws/build/bwi_interruptable_action_server/CMakeFiles/CMakeTmp

Run Build Command:"/usr/bin/make" "cmTC_011ba/fast"
/usr/bin/make -f CMakeFiles/cmTC_011ba.dir/build.make CMakeFiles/cmTC_011ba.dir/build
make[1]: Entering directory '/home/chels/catkin_ws/build/bwi_interruptable_action_server/CMakeFiles/CMakeTmp'
Building C object CMakeFiles/cmTC_011ba.dir/CheckFunctionExists.c.o
/usr/bin/cc   -DCHECK_FUNCTION_EXISTS=pthread_create   -o CMakeFiles/cmTC_011ba.dir/CheckFunctionExists.c.o   -c /usr/share/cmake-3.10/Modules/CheckFunctionExists.c
Linking C executable cmTC_011ba
/usr/bin/cmake -E cmake_link_script CMakeFiles/cmTC_011ba.dir/link.txt --verbose=1
/usr/bin/cc  -DCHECK_FUNCTION_EXISTS=pthread_create    -rdynamic CMakeFiles/cmTC_011ba.dir/CheckFunctionExists.c.o  -o cmTC_011ba -lpthreads 
/usr/bin/ld: cannot find -lpthreads
collect2: error: ld returned 1 exit status
CMakeFiles/cmTC_011ba.dir/build.make:97: recipe for target 'cmTC_011ba' failed
make[1]: *** [cmTC_011ba] Error 1
make[1]: Leaving directory '/home/chels/catkin_ws/build/bwi_interruptable_action_server/CMakeFiles/CMakeTmp'
Makefile:126: recipe for target 'cmTC_011ba/fast' failed
make: *** [cmTC_011ba/fast] Error 2


