Linked: (/home/chels/catkin_ws/devel/.private/bwi_perception/include/bwi_perception/GetCloudRequest.h, /home/chels/catkin_ws/devel/include/bwi_perception/GetCloudRequest.h)
Linked: (/home/chels/catkin_ws/devel/.private/bwi_perception/include/bwi_perception/SetObstacles.h, /home/chels/catkin_ws/devel/include/bwi_perception/SetObstacles.h)
Linked: (/home/chels/catkin_ws/devel/.private/bwi_perception/include/bwi_perception/ExtractTabletopSceneResponse.h, /home/chels/catkin_ws/devel/include/bwi_perception/ExtractTabletopSceneResponse.h)
Linked: (/home/chels/catkin_ws/devel/.private/bwi_perception/include/bwi_perception/PerceiveLargestHorizontalPlane.h, /home/chels/catkin_ws/devel/include/bwi_perception/PerceiveLargestHorizontalPlane.h)
Linked: (/home/chels/catkin_ws/devel/.private/bwi_perception/include/bwi_perception/SetObstaclesResponse.h, /home/chels/catkin_ws/devel/include/bwi_perception/SetObstaclesResponse.h)
Linked: (/home/chels/catkin_ws/devel/.private/bwi_perception/include/bwi_perception/ProcessVisionRequest.h, /home/chels/catkin_ws/devel/include/bwi_perception/ProcessVisionRequest.h)
Linked: (/home/chels/catkin_ws/devel/.private/bwi_perception/include/bwi_perception/PerceiveTabletopSceneResponse.h, /home/chels/catkin_ws/devel/include/bwi_perception/PerceiveTabletopSceneResponse.h)
Linked: (/home/chels/catkin_ws/devel/.private/bwi_perception/include/bwi_perception/ExtractTabletopScene.h, /home/chels/catkin_ws/devel/include/bwi_perception/ExtractTabletopScene.h)
Linked: (/home/chels/catkin_ws/devel/.private/bwi_perception/include/bwi_perception/GetPCDResponse.h, /home/chels/catkin_ws/devel/include/bwi_perception/GetPCDResponse.h)
Linked: (/home/chels/catkin_ws/devel/.private/bwi_perception/include/bwi_perception/ExtractTabletopSceneRequest.h, /home/chels/catkin_ws/devel/include/bwi_perception/ExtractTabletopSceneRequest.h)
Linked: (/home/chels/catkin_ws/devel/.private/bwi_perception/include/bwi_perception/FeatureExtraction.h, /home/chels/catkin_ws/devel/include/bwi_perception/FeatureExtraction.h)
Linked: (/home/chels/catkin_ws/devel/.private/bwi_perception/include/bwi_perception/ButtonDetection.h, /home/chels/catkin_ws/devel/include/bwi_perception/ButtonDetection.h)
Linked: (/home/chels/catkin_ws/devel/.private/bwi_perception/include/bwi_perception/GetPCD.h, /home/chels/catkin_ws/devel/include/bwi_perception/GetPCD.h)
Linked: (/home/chels/catkin_ws/devel/.private/bwi_perception/include/bwi_perception/DetectHorizontalPlanesRequest.h, /home/chels/catkin_ws/devel/include/bwi_perception/DetectHorizontalPlanesRequest.h)
Linked: (/home/chels/catkin_ws/devel/.private/bwi_perception/include/bwi_perception/GetCloudResponse.h, /home/chels/catkin_ws/devel/include/bwi_perception/GetCloudResponse.h)
Linked: (/home/chels/catkin_ws/devel/.private/bwi_perception/include/bwi_perception/FeatureExtractionRequest.h, /home/chels/catkin_ws/devel/include/bwi_perception/FeatureExtractionRequest.h)
Linked: (/home/chels/catkin_ws/devel/.private/bwi_perception/include/bwi_perception/ProcessVisionResponse.h, /home/chels/catkin_ws/devel/include/bwi_perception/ProcessVisionResponse.h)
Linked: (/home/chels/catkin_ws/devel/.private/bwi_perception/include/bwi_perception/PerceiveTabletopSceneRequest.h, /home/chels/catkin_ws/devel/include/bwi_perception/PerceiveTabletopSceneRequest.h)
Linked: (/home/chels/catkin_ws/devel/.private/bwi_perception/include/bwi_perception/DetectHorizontalPlanes.h, /home/chels/catkin_ws/devel/include/bwi_perception/DetectHorizontalPlanes.h)
Linked: (/home/chels/catkin_ws/devel/.private/bwi_perception/include/bwi_perception/PerceiveLargestHorizontalPlaneRequest.h, /home/chels/catkin_ws/devel/include/bwi_perception/PerceiveLargestHorizontalPlaneRequest.h)
Linked: (/home/chels/catkin_ws/devel/.private/bwi_perception/include/bwi_perception/PerceiveTabletopScene.h, /home/chels/catkin_ws/devel/include/bwi_perception/PerceiveTabletopScene.h)
Linked: (/home/chels/catkin_ws/devel/.private/bwi_perception/include/bwi_perception/ButtonDetectionResponse.h, /home/chels/catkin_ws/devel/include/bwi_perception/ButtonDetectionResponse.h)
Linked: (/home/chels/catkin_ws/devel/.private/bwi_perception/include/bwi_perception/SetObstaclesRequest.h, /home/chels/catkin_ws/devel/include/bwi_perception/SetObstaclesRequest.h)
Linked: (/home/chels/catkin_ws/devel/.private/bwi_perception/include/bwi_perception/FeatureExtractionResponse.h, /home/chels/catkin_ws/devel/include/bwi_perception/FeatureExtractionResponse.h)
Linked: (/home/chels/catkin_ws/devel/.private/bwi_perception/include/bwi_perception/DetectHorizontalPlanesResponse.h, /home/chels/catkin_ws/devel/include/bwi_perception/DetectHorizontalPlanesResponse.h)
Linked: (/home/chels/catkin_ws/devel/.private/bwi_perception/include/bwi_perception/ButtonDetectionRequest.h, /home/chels/catkin_ws/devel/include/bwi_perception/ButtonDetectionRequest.h)
Linked: (/home/chels/catkin_ws/devel/.private/bwi_perception/include/bwi_perception/GetCloud.h, /home/chels/catkin_ws/devel/include/bwi_perception/GetCloud.h)
Linked: (/home/chels/catkin_ws/devel/.private/bwi_perception/include/bwi_perception/PerceiveLargestHorizontalPlaneResponse.h, /home/chels/catkin_ws/devel/include/bwi_perception/PerceiveLargestHorizontalPlaneResponse.h)
Linked: (/home/chels/catkin_ws/devel/.private/bwi_perception/include/bwi_perception/GetPCDRequest.h, /home/chels/catkin_ws/devel/include/bwi_perception/GetPCDRequest.h)
Linked: (/home/chels/catkin_ws/devel/.private/bwi_perception/include/bwi_perception/ProcessVision.h, /home/chels/catkin_ws/devel/include/bwi_perception/ProcessVision.h)
Linked: (/home/chels/catkin_ws/devel/.private/bwi_perception/lib/liblibbwi_perception.so, /home/chels/catkin_ws/devel/lib/liblibbwi_perception.so)
Linked: (/home/chels/catkin_ws/devel/.private/bwi_perception/lib/python2.7/dist-packages/bwi_perception/__init__.py, /home/chels/catkin_ws/devel/lib/python2.7/dist-packages/bwi_perception/__init__.py)
Linked: (/home/chels/catkin_ws/devel/.private/bwi_perception/lib/python2.7/dist-packages/bwi_perception/srv/_ProcessVision.py, /home/chels/catkin_ws/devel/lib/python2.7/dist-packages/bwi_perception/srv/_ProcessVision.py)
Linked: (/home/chels/catkin_ws/devel/.private/bwi_perception/lib/python2.7/dist-packages/bwi_perception/srv/_GetCloud.py, /home/chels/catkin_ws/devel/lib/python2.7/dist-packages/bwi_perception/srv/_GetCloud.py)
Linked: (/home/chels/catkin_ws/devel/.private/bwi_perception/lib/python2.7/dist-packages/bwi_perception/srv/_ButtonDetection.py, /home/chels/catkin_ws/devel/lib/python2.7/dist-packages/bwi_perception/srv/_ButtonDetection.py)
Linked: (/home/chels/catkin_ws/devel/.private/bwi_perception/lib/python2.7/dist-packages/bwi_perception/srv/_PerceiveLargestHorizontalPlane.py, /home/chels/catkin_ws/devel/lib/python2.7/dist-packages/bwi_perception/srv/_PerceiveLargestHorizontalPlane.py)
Linked: (/home/chels/catkin_ws/devel/.private/bwi_perception/lib/python2.7/dist-packages/bwi_perception/srv/_ExtractTabletopScene.py, /home/chels/catkin_ws/devel/lib/python2.7/dist-packages/bwi_perception/srv/_ExtractTabletopScene.py)
Linked: (/home/chels/catkin_ws/devel/.private/bwi_perception/lib/python2.7/dist-packages/bwi_perception/srv/_SetObstacles.py, /home/chels/catkin_ws/devel/lib/python2.7/dist-packages/bwi_perception/srv/_SetObstacles.py)
Linked: (/home/chels/catkin_ws/devel/.private/bwi_perception/lib/python2.7/dist-packages/bwi_perception/srv/_DetectHorizontalPlanes.py, /home/chels/catkin_ws/devel/lib/python2.7/dist-packages/bwi_perception/srv/_DetectHorizontalPlanes.py)
Linked: (/home/chels/catkin_ws/devel/.private/bwi_perception/lib/python2.7/dist-packages/bwi_perception/srv/_FeatureExtraction.py, /home/chels/catkin_ws/devel/lib/python2.7/dist-packages/bwi_perception/srv/_FeatureExtraction.py)
Linked: (/home/chels/catkin_ws/devel/.private/bwi_perception/lib/python2.7/dist-packages/bwi_perception/srv/_GetPCD.py, /home/chels/catkin_ws/devel/lib/python2.7/dist-packages/bwi_perception/srv/_GetPCD.py)
Linked: (/home/chels/catkin_ws/devel/.private/bwi_perception/lib/python2.7/dist-packages/bwi_perception/srv/__init__.py, /home/chels/catkin_ws/devel/lib/python2.7/dist-packages/bwi_perception/srv/__init__.py)
Linked: (/home/chels/catkin_ws/devel/.private/bwi_perception/lib/python2.7/dist-packages/bwi_perception/srv/_PerceiveTabletopScene.py, /home/chels/catkin_ws/devel/lib/python2.7/dist-packages/bwi_perception/srv/_PerceiveTabletopScene.py)
Linked: (/home/chels/catkin_ws/devel/.private/bwi_perception/lib/bwi_perception/image_logging_server, /home/chels/catkin_ws/devel/lib/bwi_perception/image_logging_server)
Linked: (/home/chels/catkin_ws/devel/.private/bwi_perception/lib/bwi_perception/table_change_detection_node, /home/chels/catkin_ws/devel/lib/bwi_perception/table_change_detection_node)
Linked: (/home/chels/catkin_ws/devel/.private/bwi_perception/lib/bwi_perception/pointcloud_feature_server, /home/chels/catkin_ws/devel/lib/bwi_perception/pointcloud_feature_server)
Linked: (/home/chels/catkin_ws/devel/.private/bwi_perception/lib/bwi_perception/tabletop_scene_perception_node, /home/chels/catkin_ws/devel/lib/bwi_perception/tabletop_scene_perception_node)
Linked: (/home/chels/catkin_ws/devel/.private/bwi_perception/lib/bwi_perception/button_detection_srv_node, /home/chels/catkin_ws/devel/lib/bwi_perception/button_detection_srv_node)
Linked: (/home/chels/catkin_ws/devel/.private/bwi_perception/lib/bwi_perception/horizontal_surface_detector, /home/chels/catkin_ws/devel/lib/bwi_perception/horizontal_surface_detector)
Linked: (/home/chels/catkin_ws/devel/.private/bwi_perception/lib/bwi_perception/obstacle_cloud_manager, /home/chels/catkin_ws/devel/lib/bwi_perception/obstacle_cloud_manager)
Linked: (/home/chels/catkin_ws/devel/.private/bwi_perception/lib/pkgconfig/bwi_perception.pc, /home/chels/catkin_ws/devel/lib/pkgconfig/bwi_perception.pc)
Linked: (/home/chels/catkin_ws/devel/.private/bwi_perception/share/gennodejs/ros/bwi_perception/_index.js, /home/chels/catkin_ws/devel/share/gennodejs/ros/bwi_perception/_index.js)
Linked: (/home/chels/catkin_ws/devel/.private/bwi_perception/share/gennodejs/ros/bwi_perception/srv/PerceiveTabletopScene.js, /home/chels/catkin_ws/devel/share/gennodejs/ros/bwi_perception/srv/PerceiveTabletopScene.js)
Linked: (/home/chels/catkin_ws/devel/.private/bwi_perception/share/gennodejs/ros/bwi_perception/srv/FeatureExtraction.js, /home/chels/catkin_ws/devel/share/gennodejs/ros/bwi_perception/srv/FeatureExtraction.js)
Linked: (/home/chels/catkin_ws/devel/.private/bwi_perception/share/gennodejs/ros/bwi_perception/srv/ProcessVision.js, /home/chels/catkin_ws/devel/share/gennodejs/ros/bwi_perception/srv/ProcessVision.js)
Linked: (/home/chels/catkin_ws/devel/.private/bwi_perception/share/gennodejs/ros/bwi_perception/srv/PerceiveLargestHorizontalPlane.js, /home/chels/catkin_ws/devel/share/gennodejs/ros/bwi_perception/srv/PerceiveLargestHorizontalPlane.js)
Linked: (/home/chels/catkin_ws/devel/.private/bwi_perception/share/gennodejs/ros/bwi_perception/srv/_index.js, /home/chels/catkin_ws/devel/share/gennodejs/ros/bwi_perception/srv/_index.js)
Linked: (/home/chels/catkin_ws/devel/.private/bwi_perception/share/gennodejs/ros/bwi_perception/srv/GetPCD.js, /home/chels/catkin_ws/devel/share/gennodejs/ros/bwi_perception/srv/GetPCD.js)
Linked: (/home/chels/catkin_ws/devel/.private/bwi_perception/share/gennodejs/ros/bwi_perception/srv/ExtractTabletopScene.js, /home/chels/catkin_ws/devel/share/gennodejs/ros/bwi_perception/srv/ExtractTabletopScene.js)
Linked: (/home/chels/catkin_ws/devel/.private/bwi_perception/share/gennodejs/ros/bwi_perception/srv/ButtonDetection.js, /home/chels/catkin_ws/devel/share/gennodejs/ros/bwi_perception/srv/ButtonDetection.js)
Linked: (/home/chels/catkin_ws/devel/.private/bwi_perception/share/gennodejs/ros/bwi_perception/srv/SetObstacles.js, /home/chels/catkin_ws/devel/share/gennodejs/ros/bwi_perception/srv/SetObstacles.js)
Linked: (/home/chels/catkin_ws/devel/.private/bwi_perception/share/gennodejs/ros/bwi_perception/srv/DetectHorizontalPlanes.js, /home/chels/catkin_ws/devel/share/gennodejs/ros/bwi_perception/srv/DetectHorizontalPlanes.js)
Linked: (/home/chels/catkin_ws/devel/.private/bwi_perception/share/gennodejs/ros/bwi_perception/srv/GetCloud.js, /home/chels/catkin_ws/devel/share/gennodejs/ros/bwi_perception/srv/GetCloud.js)
Linked: (/home/chels/catkin_ws/devel/.private/bwi_perception/share/common-lisp/ros/bwi_perception/srv/ExtractTabletopScene.lisp, /home/chels/catkin_ws/devel/share/common-lisp/ros/bwi_perception/srv/ExtractTabletopScene.lisp)
Linked: (/home/chels/catkin_ws/devel/.private/bwi_perception/share/common-lisp/ros/bwi_perception/srv/_package_DetectHorizontalPlanes.lisp, /home/chels/catkin_ws/devel/share/common-lisp/ros/bwi_perception/srv/_package_DetectHorizontalPlanes.lisp)
Linked: (/home/chels/catkin_ws/devel/.private/bwi_perception/share/common-lisp/ros/bwi_perception/srv/PerceiveLargestHorizontalPlane.lisp, /home/chels/catkin_ws/devel/share/common-lisp/ros/bwi_perception/srv/PerceiveLargestHorizontalPlane.lisp)
Linked: (/home/chels/catkin_ws/devel/.private/bwi_perception/share/common-lisp/ros/bwi_perception/srv/ButtonDetection.lisp, /home/chels/catkin_ws/devel/share/common-lisp/ros/bwi_perception/srv/ButtonDetection.lisp)
Linked: (/home/chels/catkin_ws/devel/.private/bwi_perception/share/common-lisp/ros/bwi_perception/srv/_package_ProcessVision.lisp, /home/chels/catkin_ws/devel/share/common-lisp/ros/bwi_perception/srv/_package_ProcessVision.lisp)
Linked: (/home/chels/catkin_ws/devel/.private/bwi_perception/share/common-lisp/ros/bwi_perception/srv/PerceiveTabletopScene.lisp, /home/chels/catkin_ws/devel/share/common-lisp/ros/bwi_perception/srv/PerceiveTabletopScene.lisp)
Linked: (/home/chels/catkin_ws/devel/.private/bwi_perception/share/common-lisp/ros/bwi_perception/srv/bwi_perception-srv.asd, /home/chels/catkin_ws/devel/share/common-lisp/ros/bwi_perception/srv/bwi_perception-srv.asd)
Linked: (/home/chels/catkin_ws/devel/.private/bwi_perception/share/common-lisp/ros/bwi_perception/srv/_package_FeatureExtraction.lisp, /home/chels/catkin_ws/devel/share/common-lisp/ros/bwi_perception/srv/_package_FeatureExtraction.lisp)
Linked: (/home/chels/catkin_ws/devel/.private/bwi_perception/share/common-lisp/ros/bwi_perception/srv/_package_ExtractTabletopScene.lisp, /home/chels/catkin_ws/devel/share/common-lisp/ros/bwi_perception/srv/_package_ExtractTabletopScene.lisp)
Linked: (/home/chels/catkin_ws/devel/.private/bwi_perception/share/common-lisp/ros/bwi_perception/srv/_package_ButtonDetection.lisp, /home/chels/catkin_ws/devel/share/common-lisp/ros/bwi_perception/srv/_package_ButtonDetection.lisp)
Linked: (/home/chels/catkin_ws/devel/.private/bwi_perception/share/common-lisp/ros/bwi_perception/srv/GetCloud.lisp, /home/chels/catkin_ws/devel/share/common-lisp/ros/bwi_perception/srv/GetCloud.lisp)
Linked: (/home/chels/catkin_ws/devel/.private/bwi_perception/share/common-lisp/ros/bwi_perception/srv/ProcessVision.lisp, /home/chels/catkin_ws/devel/share/common-lisp/ros/bwi_perception/srv/ProcessVision.lisp)
Linked: (/home/chels/catkin_ws/devel/.private/bwi_perception/share/common-lisp/ros/bwi_perception/srv/DetectHorizontalPlanes.lisp, /home/chels/catkin_ws/devel/share/common-lisp/ros/bwi_perception/srv/DetectHorizontalPlanes.lisp)
Linked: (/home/chels/catkin_ws/devel/.private/bwi_perception/share/common-lisp/ros/bwi_perception/srv/_package_GetPCD.lisp, /home/chels/catkin_ws/devel/share/common-lisp/ros/bwi_perception/srv/_package_GetPCD.lisp)
Linked: (/home/chels/catkin_ws/devel/.private/bwi_perception/share/common-lisp/ros/bwi_perception/srv/_package_PerceiveLargestHorizontalPlane.lisp, /home/chels/catkin_ws/devel/share/common-lisp/ros/bwi_perception/srv/_package_PerceiveLargestHorizontalPlane.lisp)
Linked: (/home/chels/catkin_ws/devel/.private/bwi_perception/share/common-lisp/ros/bwi_perception/srv/_package.lisp, /home/chels/catkin_ws/devel/share/common-lisp/ros/bwi_perception/srv/_package.lisp)
Linked: (/home/chels/catkin_ws/devel/.private/bwi_perception/share/common-lisp/ros/bwi_perception/srv/FeatureExtraction.lisp, /home/chels/catkin_ws/devel/share/common-lisp/ros/bwi_perception/srv/FeatureExtraction.lisp)
Linked: (/home/chels/catkin_ws/devel/.private/bwi_perception/share/common-lisp/ros/bwi_perception/srv/_package_GetCloud.lisp, /home/chels/catkin_ws/devel/share/common-lisp/ros/bwi_perception/srv/_package_GetCloud.lisp)
Linked: (/home/chels/catkin_ws/devel/.private/bwi_perception/share/common-lisp/ros/bwi_perception/srv/_package_SetObstacles.lisp, /home/chels/catkin_ws/devel/share/common-lisp/ros/bwi_perception/srv/_package_SetObstacles.lisp)
Linked: (/home/chels/catkin_ws/devel/.private/bwi_perception/share/common-lisp/ros/bwi_perception/srv/_package_PerceiveTabletopScene.lisp, /home/chels/catkin_ws/devel/share/common-lisp/ros/bwi_perception/srv/_package_PerceiveTabletopScene.lisp)
Linked: (/home/chels/catkin_ws/devel/.private/bwi_perception/share/common-lisp/ros/bwi_perception/srv/GetPCD.lisp, /home/chels/catkin_ws/devel/share/common-lisp/ros/bwi_perception/srv/GetPCD.lisp)
Linked: (/home/chels/catkin_ws/devel/.private/bwi_perception/share/common-lisp/ros/bwi_perception/srv/SetObstacles.lisp, /home/chels/catkin_ws/devel/share/common-lisp/ros/bwi_perception/srv/SetObstacles.lisp)
Linked: (/home/chels/catkin_ws/devel/.private/bwi_perception/share/bwi_perception/cmake/bwi_perceptionConfig-version.cmake, /home/chels/catkin_ws/devel/share/bwi_perception/cmake/bwi_perceptionConfig-version.cmake)
Linked: (/home/chels/catkin_ws/devel/.private/bwi_perception/share/bwi_perception/cmake/bwi_perceptionConfig.cmake, /home/chels/catkin_ws/devel/share/bwi_perception/cmake/bwi_perceptionConfig.cmake)
Linked: (/home/chels/catkin_ws/devel/.private/bwi_perception/share/bwi_perception/cmake/bwi_perception-msg-paths.cmake, /home/chels/catkin_ws/devel/share/bwi_perception/cmake/bwi_perception-msg-paths.cmake)
Linked: (/home/chels/catkin_ws/devel/.private/bwi_perception/share/bwi_perception/cmake/bwi_perception-msg-extras.cmake, /home/chels/catkin_ws/devel/share/bwi_perception/cmake/bwi_perception-msg-extras.cmake)
Linked: (/home/chels/catkin_ws/devel/.private/bwi_perception/share/roseus/ros/bwi_perception/manifest.l, /home/chels/catkin_ws/devel/share/roseus/ros/bwi_perception/manifest.l)
Linked: (/home/chels/catkin_ws/devel/.private/bwi_perception/share/roseus/ros/bwi_perception/srv/GetPCD.l, /home/chels/catkin_ws/devel/share/roseus/ros/bwi_perception/srv/GetPCD.l)
Linked: (/home/chels/catkin_ws/devel/.private/bwi_perception/share/roseus/ros/bwi_perception/srv/FeatureExtraction.l, /home/chels/catkin_ws/devel/share/roseus/ros/bwi_perception/srv/FeatureExtraction.l)
Linked: (/home/chels/catkin_ws/devel/.private/bwi_perception/share/roseus/ros/bwi_perception/srv/DetectHorizontalPlanes.l, /home/chels/catkin_ws/devel/share/roseus/ros/bwi_perception/srv/DetectHorizontalPlanes.l)
Linked: (/home/chels/catkin_ws/devel/.private/bwi_perception/share/roseus/ros/bwi_perception/srv/GetCloud.l, /home/chels/catkin_ws/devel/share/roseus/ros/bwi_perception/srv/GetCloud.l)
Linked: (/home/chels/catkin_ws/devel/.private/bwi_perception/share/roseus/ros/bwi_perception/srv/SetObstacles.l, /home/chels/catkin_ws/devel/share/roseus/ros/bwi_perception/srv/SetObstacles.l)
Linked: (/home/chels/catkin_ws/devel/.private/bwi_perception/share/roseus/ros/bwi_perception/srv/PerceiveLargestHorizontalPlane.l, /home/chels/catkin_ws/devel/share/roseus/ros/bwi_perception/srv/PerceiveLargestHorizontalPlane.l)
Linked: (/home/chels/catkin_ws/devel/.private/bwi_perception/share/roseus/ros/bwi_perception/srv/ProcessVision.l, /home/chels/catkin_ws/devel/share/roseus/ros/bwi_perception/srv/ProcessVision.l)
Linked: (/home/chels/catkin_ws/devel/.private/bwi_perception/share/roseus/ros/bwi_perception/srv/ButtonDetection.l, /home/chels/catkin_ws/devel/share/roseus/ros/bwi_perception/srv/ButtonDetection.l)
Linked: (/home/chels/catkin_ws/devel/.private/bwi_perception/share/roseus/ros/bwi_perception/srv/ExtractTabletopScene.l, /home/chels/catkin_ws/devel/share/roseus/ros/bwi_perception/srv/ExtractTabletopScene.l)
Linked: (/home/chels/catkin_ws/devel/.private/bwi_perception/share/roseus/ros/bwi_perception/srv/PerceiveTabletopScene.l, /home/chels/catkin_ws/devel/share/roseus/ros/bwi_perception/srv/PerceiveTabletopScene.l)
