[  0%] Built target actionlib_msgs_generate_messages_eus
[  0%] Built target _bwi_perception_generate_messages_check_deps_ProcessVision
[  0%] Built target _bwi_perception_generate_messages_check_deps_DetectHorizontalPlanes
[  0%] Built target _bwi_perception_generate_messages_check_deps_GetCloud
[  0%] Built target _bwi_perception_generate_messages_check_deps_SetObstacles
[  0%] Built target _bwi_perception_generate_messages_check_deps_PerceiveTabletopScene
[  0%] Built target _bwi_perception_generate_messages_check_deps_PerceiveLargestHorizontalPlane
[  0%] Built target visualization_msgs_generate_messages_eus
[  0%] Built target geometry_msgs_generate_messages_eus
[  0%] Built target _bwi_perception_generate_messages_check_deps_FeatureExtraction
[  0%] Built target std_srvs_generate_messages_eus
[  0%] Built target _bwi_perception_generate_messages_check_deps_GetPCD
[  0%] Built target sensor_msgs_generate_messages_eus
[  0%] Built target std_msgs_generate_messages_eus
[  0%] Built target _bwi_perception_generate_messages_check_deps_ButtonDetection
[  0%] Built target _bwi_perception_generate_messages_check_deps_ExtractTabletopScene
[  0%] Built target std_srvs_generate_messages_py
[  0%] Built target visualization_msgs_generate_messages_py
[  0%] Built target geometry_msgs_generate_messages_py
[  0%] Built target sensor_msgs_generate_messages_py
[  0%] Built target actionlib_msgs_generate_messages_py
[  0%] Built target std_msgs_generate_messages_py
[  0%] Built target std_srvs_generate_messages_lisp
[  0%] Built target geometry_msgs_generate_messages_lisp
[  0%] Built target sensor_msgs_generate_messages_lisp
[  0%] Built target actionlib_msgs_generate_messages_lisp
[  0%] Built target visualization_msgs_generate_messages_lisp
[  0%] Built target std_msgs_generate_messages_lisp
[  0%] Built target actionlib_msgs_generate_messages_cpp
[  0%] Built target visualization_msgs_generate_messages_cpp
[  0%] Built target std_srvs_generate_messages_cpp
[  0%] Built target std_msgs_generate_messages_cpp
[  0%] Built target sensor_msgs_generate_messages_cpp
[  0%] Built target geometry_msgs_generate_messages_cpp
[  0%] Built target actionlib_msgs_generate_messages_nodejs
[  0%] Built target visualization_msgs_generate_messages_nodejs
[  0%] Built target sensor_msgs_generate_messages_nodejs
[  0%] Built target geometry_msgs_generate_messages_nodejs
[  0%] Built target std_msgs_generate_messages_nodejs
[  0%] Built target std_srvs_generate_messages_nodejs
[ 15%] Built target bwi_perception_generate_messages_eus
[ 31%] Built target bwi_perception_generate_messages_py
[ 45%] Built target bwi_perception_generate_messages_lisp
[ 60%] Built target bwi_perception_generate_messages_cpp
[ 74%] Built target bwi_perception_generate_messages_nodejs
[ 77%] Built target button_detection_srv_node
[ 82%] Built target libbwi_perception
[ 85%] Built target pointcloud_feature_server
[ 88%] Built target obstacle_cloud_manager
[ 91%] Built target image_logging_server
[ 91%] Built target bwi_perception_generate_messages
[ 94%] Built target horizontal_surface_detector
[ 97%] Built target table_change_detection_node
[100%] Built target tabletop_scene_perception_node
