Symlinking /home/chels/catkin_ws/devel/include/bwi_perception/GetCloudRequest.h
Symlinking /home/chels/catkin_ws/devel/include/bwi_perception/SetObstacles.h
Symlinking /home/chels/catkin_ws/devel/include/bwi_perception/ExtractTabletopSceneResponse.h
Symlinking /home/chels/catkin_ws/devel/include/bwi_perception/PerceiveLargestHorizontalPlane.h
Symlinking /home/chels/catkin_ws/devel/include/bwi_perception/SetObstaclesResponse.h
Symlinking /home/chels/catkin_ws/devel/include/bwi_perception/ProcessVisionRequest.h
Symlinking /home/chels/catkin_ws/devel/include/bwi_perception/PerceiveTabletopSceneResponse.h
Symlinking /home/chels/catkin_ws/devel/include/bwi_perception/ExtractTabletopScene.h
Symlinking /home/chels/catkin_ws/devel/include/bwi_perception/GetPCDResponse.h
Symlinking /home/chels/catkin_ws/devel/include/bwi_perception/ExtractTabletopSceneRequest.h
Symlinking /home/chels/catkin_ws/devel/include/bwi_perception/FeatureExtraction.h
Symlinking /home/chels/catkin_ws/devel/include/bwi_perception/ButtonDetection.h
Symlinking /home/chels/catkin_ws/devel/include/bwi_perception/GetPCD.h
Symlinking /home/chels/catkin_ws/devel/include/bwi_perception/DetectHorizontalPlanesRequest.h
Symlinking /home/chels/catkin_ws/devel/include/bwi_perception/GetCloudResponse.h
Symlinking /home/chels/catkin_ws/devel/include/bwi_perception/FeatureExtractionRequest.h
Symlinking /home/chels/catkin_ws/devel/include/bwi_perception/ProcessVisionResponse.h
Symlinking /home/chels/catkin_ws/devel/include/bwi_perception/PerceiveTabletopSceneRequest.h
Symlinking /home/chels/catkin_ws/devel/include/bwi_perception/DetectHorizontalPlanes.h
Symlinking /home/chels/catkin_ws/devel/include/bwi_perception/PerceiveLargestHorizontalPlaneRequest.h
Symlinking /home/chels/catkin_ws/devel/include/bwi_perception/PerceiveTabletopScene.h
Symlinking /home/chels/catkin_ws/devel/include/bwi_perception/ButtonDetectionResponse.h
Symlinking /home/chels/catkin_ws/devel/include/bwi_perception/SetObstaclesRequest.h
Symlinking /home/chels/catkin_ws/devel/include/bwi_perception/FeatureExtractionResponse.h
Symlinking /home/chels/catkin_ws/devel/include/bwi_perception/DetectHorizontalPlanesResponse.h
Symlinking /home/chels/catkin_ws/devel/include/bwi_perception/ButtonDetectionRequest.h
Symlinking /home/chels/catkin_ws/devel/include/bwi_perception/GetCloud.h
Symlinking /home/chels/catkin_ws/devel/include/bwi_perception/PerceiveLargestHorizontalPlaneResponse.h
Symlinking /home/chels/catkin_ws/devel/include/bwi_perception/GetPCDRequest.h
Symlinking /home/chels/catkin_ws/devel/include/bwi_perception/ProcessVision.h
Symlinking /home/chels/catkin_ws/devel/lib/liblibbwi_perception.so
Symlinking /home/chels/catkin_ws/devel/lib/python2.7/dist-packages/bwi_perception/__init__.py
Symlinking /home/chels/catkin_ws/devel/lib/python2.7/dist-packages/bwi_perception/srv/_ProcessVision.py
Symlinking /home/chels/catkin_ws/devel/lib/python2.7/dist-packages/bwi_perception/srv/_GetCloud.py
Symlinking /home/chels/catkin_ws/devel/lib/python2.7/dist-packages/bwi_perception/srv/_ButtonDetection.py
Symlinking /home/chels/catkin_ws/devel/lib/python2.7/dist-packages/bwi_perception/srv/_PerceiveLargestHorizontalPlane.py
Symlinking /home/chels/catkin_ws/devel/lib/python2.7/dist-packages/bwi_perception/srv/_ExtractTabletopScene.py
Symlinking /home/chels/catkin_ws/devel/lib/python2.7/dist-packages/bwi_perception/srv/_SetObstacles.py
Symlinking /home/chels/catkin_ws/devel/lib/python2.7/dist-packages/bwi_perception/srv/_DetectHorizontalPlanes.py
Symlinking /home/chels/catkin_ws/devel/lib/python2.7/dist-packages/bwi_perception/srv/_FeatureExtraction.py
Symlinking /home/chels/catkin_ws/devel/lib/python2.7/dist-packages/bwi_perception/srv/_GetPCD.py
Symlinking /home/chels/catkin_ws/devel/lib/python2.7/dist-packages/bwi_perception/srv/__init__.py
Symlinking /home/chels/catkin_ws/devel/lib/python2.7/dist-packages/bwi_perception/srv/_PerceiveTabletopScene.py
Symlinking /home/chels/catkin_ws/devel/lib/bwi_perception/image_logging_server
Symlinking /home/chels/catkin_ws/devel/lib/bwi_perception/table_change_detection_node
Symlinking /home/chels/catkin_ws/devel/lib/bwi_perception/pointcloud_feature_server
Symlinking /home/chels/catkin_ws/devel/lib/bwi_perception/tabletop_scene_perception_node
Symlinking /home/chels/catkin_ws/devel/lib/bwi_perception/button_detection_srv_node
Symlinking /home/chels/catkin_ws/devel/lib/bwi_perception/horizontal_surface_detector
Symlinking /home/chels/catkin_ws/devel/lib/bwi_perception/obstacle_cloud_manager
Symlinking /home/chels/catkin_ws/devel/lib/pkgconfig/bwi_perception.pc
Symlinking /home/chels/catkin_ws/devel/share/gennodejs/ros/bwi_perception/_index.js
Symlinking /home/chels/catkin_ws/devel/share/gennodejs/ros/bwi_perception/srv/PerceiveTabletopScene.js
Symlinking /home/chels/catkin_ws/devel/share/gennodejs/ros/bwi_perception/srv/FeatureExtraction.js
Symlinking /home/chels/catkin_ws/devel/share/gennodejs/ros/bwi_perception/srv/ProcessVision.js
Symlinking /home/chels/catkin_ws/devel/share/gennodejs/ros/bwi_perception/srv/PerceiveLargestHorizontalPlane.js
Symlinking /home/chels/catkin_ws/devel/share/gennodejs/ros/bwi_perception/srv/_index.js
Symlinking /home/chels/catkin_ws/devel/share/gennodejs/ros/bwi_perception/srv/GetPCD.js
Symlinking /home/chels/catkin_ws/devel/share/gennodejs/ros/bwi_perception/srv/ExtractTabletopScene.js
Symlinking /home/chels/catkin_ws/devel/share/gennodejs/ros/bwi_perception/srv/ButtonDetection.js
Symlinking /home/chels/catkin_ws/devel/share/gennodejs/ros/bwi_perception/srv/SetObstacles.js
Symlinking /home/chels/catkin_ws/devel/share/gennodejs/ros/bwi_perception/srv/DetectHorizontalPlanes.js
Symlinking /home/chels/catkin_ws/devel/share/gennodejs/ros/bwi_perception/srv/GetCloud.js
Symlinking /home/chels/catkin_ws/devel/share/common-lisp/ros/bwi_perception/srv/ExtractTabletopScene.lisp
Symlinking /home/chels/catkin_ws/devel/share/common-lisp/ros/bwi_perception/srv/_package_DetectHorizontalPlanes.lisp
Symlinking /home/chels/catkin_ws/devel/share/common-lisp/ros/bwi_perception/srv/PerceiveLargestHorizontalPlane.lisp
Symlinking /home/chels/catkin_ws/devel/share/common-lisp/ros/bwi_perception/srv/ButtonDetection.lisp
Symlinking /home/chels/catkin_ws/devel/share/common-lisp/ros/bwi_perception/srv/_package_ProcessVision.lisp
Symlinking /home/chels/catkin_ws/devel/share/common-lisp/ros/bwi_perception/srv/PerceiveTabletopScene.lisp
Symlinking /home/chels/catkin_ws/devel/share/common-lisp/ros/bwi_perception/srv/bwi_perception-srv.asd
Symlinking /home/chels/catkin_ws/devel/share/common-lisp/ros/bwi_perception/srv/_package_FeatureExtraction.lisp
Symlinking /home/chels/catkin_ws/devel/share/common-lisp/ros/bwi_perception/srv/_package_ExtractTabletopScene.lisp
Symlinking /home/chels/catkin_ws/devel/share/common-lisp/ros/bwi_perception/srv/_package_ButtonDetection.lisp
Symlinking /home/chels/catkin_ws/devel/share/common-lisp/ros/bwi_perception/srv/GetCloud.lisp
Symlinking /home/chels/catkin_ws/devel/share/common-lisp/ros/bwi_perception/srv/ProcessVision.lisp
Symlinking /home/chels/catkin_ws/devel/share/common-lisp/ros/bwi_perception/srv/DetectHorizontalPlanes.lisp
Symlinking /home/chels/catkin_ws/devel/share/common-lisp/ros/bwi_perception/srv/_package_GetPCD.lisp
Symlinking /home/chels/catkin_ws/devel/share/common-lisp/ros/bwi_perception/srv/_package_PerceiveLargestHorizontalPlane.lisp
Symlinking /home/chels/catkin_ws/devel/share/common-lisp/ros/bwi_perception/srv/_package.lisp
Symlinking /home/chels/catkin_ws/devel/share/common-lisp/ros/bwi_perception/srv/FeatureExtraction.lisp
Symlinking /home/chels/catkin_ws/devel/share/common-lisp/ros/bwi_perception/srv/_package_GetCloud.lisp
Symlinking /home/chels/catkin_ws/devel/share/common-lisp/ros/bwi_perception/srv/_package_SetObstacles.lisp
Symlinking /home/chels/catkin_ws/devel/share/common-lisp/ros/bwi_perception/srv/_package_PerceiveTabletopScene.lisp
Symlinking /home/chels/catkin_ws/devel/share/common-lisp/ros/bwi_perception/srv/GetPCD.lisp
Symlinking /home/chels/catkin_ws/devel/share/common-lisp/ros/bwi_perception/srv/SetObstacles.lisp
Symlinking /home/chels/catkin_ws/devel/share/bwi_perception/cmake/bwi_perceptionConfig-version.cmake
Symlinking /home/chels/catkin_ws/devel/share/bwi_perception/cmake/bwi_perceptionConfig.cmake
Symlinking /home/chels/catkin_ws/devel/share/bwi_perception/cmake/bwi_perception-msg-paths.cmake
Symlinking /home/chels/catkin_ws/devel/share/bwi_perception/cmake/bwi_perception-msg-extras.cmake
Symlinking /home/chels/catkin_ws/devel/share/roseus/ros/bwi_perception/manifest.l
Symlinking /home/chels/catkin_ws/devel/share/roseus/ros/bwi_perception/srv/GetPCD.l
Symlinking /home/chels/catkin_ws/devel/share/roseus/ros/bwi_perception/srv/FeatureExtraction.l
Symlinking /home/chels/catkin_ws/devel/share/roseus/ros/bwi_perception/srv/DetectHorizontalPlanes.l
Symlinking /home/chels/catkin_ws/devel/share/roseus/ros/bwi_perception/srv/GetCloud.l
Symlinking /home/chels/catkin_ws/devel/share/roseus/ros/bwi_perception/srv/SetObstacles.l
Symlinking /home/chels/catkin_ws/devel/share/roseus/ros/bwi_perception/srv/PerceiveLargestHorizontalPlane.l
Symlinking /home/chels/catkin_ws/devel/share/roseus/ros/bwi_perception/srv/ProcessVision.l
Symlinking /home/chels/catkin_ws/devel/share/roseus/ros/bwi_perception/srv/ButtonDetection.l
Symlinking /home/chels/catkin_ws/devel/share/roseus/ros/bwi_perception/srv/ExtractTabletopScene.l
Symlinking /home/chels/catkin_ws/devel/share/roseus/ros/bwi_perception/srv/PerceiveTabletopScene.l
