[rospy.client][INFO] 2023-09-14 15:39:39,439: init_node, name[/robotiq2FGripper], pid[24000]
[xmlrpc][INFO] 2023-09-14 15:39:39,440: XML-RPC server binding to 0.0.0.0:0
[xmlrpc][INFO] 2023-09-14 15:39:39,440: Started XML-RPC server [http://segbot:41411/]
[rospy.init][INFO] 2023-09-14 15:39:39,440: ROS Slave URI: [http://segbot:41411/]
[rospy.impl.masterslave][INFO] 2023-09-14 15:39:39,440: _ready: http://segbot:41411/
[xmlrpc][INFO] 2023-09-14 15:39:39,440: xml rpc node: starting XML-RPC server
[rospy.registration][INFO] 2023-09-14 15:39:39,441: Registering with master node http://localhost:11311
[rospy.init][INFO] 2023-09-14 15:39:39,540: registered with master
[rospy.rosout][INFO] 2023-09-14 15:39:39,541: initializing /rosout core topic
[rospy.rosout][INFO] 2023-09-14 15:39:39,542: connected to core topic /rosout
[rospy.simtime][INFO] 2023-09-14 15:39:39,543: /use_sim_time is not set, will not subscribe to simulated time [/clock] topic
[rospy.internal][INFO] 2023-09-14 15:39:39,767: topic[/rosout] adding connection to [/rosout], count 0
[rospy.internal][INFO] 2023-09-14 15:41:04,551: topic[/Robotiq2FGripperRobotOutput] adding connection to [http://segbot:34065/], count 0
[rospy.internal][INFO] 2023-09-14 15:41:04,617: topic[/Robotiq2FGripperRobotOutput] removing connection to http://segbot:34065/
[rospy.internal][INFO] 2023-09-14 15:41:22,056: topic[/Robotiq2FGripperRobotOutput] adding connection to [http://segbot:45489/], count 0
[rospy.internal][INFO] 2023-09-14 15:41:22,148: topic[/Robotiq2FGripperRobotOutput] removing connection to http://segbot:45489/
[rospy.internal][INFO] 2023-09-14 15:42:18,438: topic[/Robotiq2FGripperRobotOutput] adding connection to [http://segbot:44901/], count 0
[rospy.core][INFO] 2023-09-14 15:42:46,200: signal_shutdown [signal-2]
[rospy.internal][INFO] 2023-09-14 15:42:46,203: topic[/rosout] removing connection to /rosout
[rospy.internal][INFO] 2023-09-14 15:42:46,204: topic[/Robotiq2FGripperRobotOutput] removing connection to http://segbot:44901/
[rospy.impl.masterslave][INFO] 2023-09-14 15:42:46,204: signal-2
[rospy.core][INFO] 2023-09-14 15:42:46,513: signal_shutdown [atexit]
[rospy.client][INFO] 2023-09-14 15:59:06,797: init_node, name[/robotiq2FGripper], pid[10549]
[xmlrpc][INFO] 2023-09-14 15:59:06,797: XML-RPC server binding to 0.0.0.0:0
[xmlrpc][INFO] 2023-09-14 15:59:06,798: Started XML-RPC server [http://segbot:38643/]
[rospy.impl.masterslave][INFO] 2023-09-14 15:59:06,798: _ready: http://segbot:38643/
[rospy.init][INFO] 2023-09-14 15:59:06,798: ROS Slave URI: [http://segbot:38643/]
[rospy.registration][INFO] 2023-09-14 15:59:06,799: Registering with master node http://localhost:11311
[xmlrpc][INFO] 2023-09-14 15:59:06,799: xml rpc node: starting XML-RPC server
[rospy.init][INFO] 2023-09-14 15:59:06,899: registered with master
[rospy.rosout][INFO] 2023-09-14 15:59:06,899: initializing /rosout core topic
[rospy.rosout][INFO] 2023-09-14 15:59:06,901: connected to core topic /rosout
[rospy.simtime][INFO] 2023-09-14 15:59:06,903: /use_sim_time is not set, will not subscribe to simulated time [/clock] topic
[rospy.internal][INFO] 2023-09-14 15:59:07,141: topic[/rosout] adding connection to [/rosout], count 0
[rospy.internal][INFO] 2023-09-14 15:59:59,953: topic[/Robotiq2FGripperRobotOutput] adding connection to [http://segbot:36277/], count 0
[rospy.internal][INFO] 2023-09-14 15:59:59,964: topic[/Robotiq2FGripperRobotOutput] removing connection to http://segbot:36277/
[rospy.internal][INFO] 2023-09-14 16:00:12,422: topic[/Robotiq2FGripperRobotOutput] adding connection to [http://segbot:46763/], count 0
[rospy.internal][INFO] 2023-09-14 16:00:12,489: topic[/Robotiq2FGripperRobotOutput] removing connection to http://segbot:46763/
[rospy.internal][INFO] 2023-09-14 16:01:04,154: topic[/Robotiq2FGripperRobotOutput] adding connection to [http://segbot:36105/], count 0
[rospy.internal][INFO] 2023-09-14 16:01:28,561: topic[/Robotiq2FGripperRobotOutput] removing connection to http://segbot:36105/
[rospy.core][INFO] 2023-09-14 16:01:30,730: signal_shutdown [signal-2]
[rospy.internal][INFO] 2023-09-14 16:01:30,733: topic[/rosout] removing connection to /rosout
[rospy.impl.masterslave][INFO] 2023-09-14 16:01:30,733: signal-2
[rospy.core][INFO] 2023-09-14 16:01:30,926: signal_shutdown [signal-2]
[rospy.core][INFO] 2023-09-14 16:01:30,948: signal_shutdown [atexit]
[rospy.client][INFO] 2023-09-14 16:04:25,953: init_node, name[/robotiq2FGripper], pid[11903]
[xmlrpc][INFO] 2023-09-14 16:04:25,954: XML-RPC server binding to 0.0.0.0:0
[xmlrpc][INFO] 2023-09-14 16:04:25,954: Started XML-RPC server [http://segbot:34331/]
[rospy.init][INFO] 2023-09-14 16:04:25,954: ROS Slave URI: [http://segbot:34331/]
[rospy.impl.masterslave][INFO] 2023-09-14 16:04:25,954: _ready: http://segbot:34331/
[rospy.registration][INFO] 2023-09-14 16:04:25,955: Registering with master node http://localhost:11311
[xmlrpc][INFO] 2023-09-14 16:04:25,955: xml rpc node: starting XML-RPC server
[rospy.init][INFO] 2023-09-14 16:04:26,054: registered with master
[rospy.rosout][INFO] 2023-09-14 16:04:26,055: initializing /rosout core topic
[rospy.rosout][INFO] 2023-09-14 16:04:26,057: connected to core topic /rosout
[rospy.simtime][INFO] 2023-09-14 16:04:26,058: /use_sim_time is not set, will not subscribe to simulated time [/clock] topic
[rospy.internal][INFO] 2023-09-14 16:04:26,283: topic[/rosout] adding connection to [/rosout], count 0
[rospy.internal][INFO] 2023-09-14 16:06:09,033: topic[/Robotiq2FGripperRobotOutput] adding connection to [http://segbot:38061/], count 0
[rospy.client][INFO] 2023-09-14 16:12:16,614: init_node, name[/robotiq2FGripper], pid[13508]
[xmlrpc][INFO] 2023-09-14 16:12:16,615: XML-RPC server binding to 0.0.0.0:0
[xmlrpc][INFO] 2023-09-14 16:12:16,615: Started XML-RPC server [http://segbot:38607/]
[rospy.init][INFO] 2023-09-14 16:12:16,615: ROS Slave URI: [http://segbot:38607/]
[rospy.impl.masterslave][INFO] 2023-09-14 16:12:16,615: _ready: http://segbot:38607/
[rospy.registration][INFO] 2023-09-14 16:12:16,616: Registering with master node http://localhost:11311
[xmlrpc][INFO] 2023-09-14 16:12:16,616: xml rpc node: starting XML-RPC server
[rospy.init][INFO] 2023-09-14 16:12:16,716: registered with master
[rospy.rosout][INFO] 2023-09-14 16:12:16,716: initializing /rosout core topic
[rospy.rosout][INFO] 2023-09-14 16:12:16,718: connected to core topic /rosout
[rospy.simtime][INFO] 2023-09-14 16:12:16,718: /use_sim_time is not set, will not subscribe to simulated time [/clock] topic
[rospy.internal][INFO] 2023-09-14 16:12:16,957: topic[/rosout] adding connection to [/rosout], count 0
[rospy.internal][INFO] 2023-09-14 16:15:33,264: topic[/Robotiq2FGripperRobotOutput] adding connection to [http://segbot:45477/], count 0
[rospy.internal][INFO] 2023-09-14 16:15:43,608: topic[/Robotiq2FGripperRobotOutput] removing connection to http://segbot:45477/
