[rospy.client][INFO] 2023-09-14 15:40:31,537: init_node, name[/ur_grasp_node_24125_1694720431461], pid[24125]
[xmlrpc][INFO] 2023-09-14 15:40:31,538: XML-RPC server binding to 0.0.0.0:0
[xmlrpc][INFO] 2023-09-14 15:40:31,538: Started XML-RPC server [http://segbot:34799/]
[rospy.init][INFO] 2023-09-14 15:40:31,538: ROS Slave URI: [http://segbot:34799/]
[rospy.impl.masterslave][INFO] 2023-09-14 15:40:31,538: _ready: http://segbot:34799/
[rospy.registration][INFO] 2023-09-14 15:40:31,539: Registering with master node http://localhost:11311
[xmlrpc][INFO] 2023-09-14 15:40:31,539: xml rpc node: starting XML-RPC server
[rospy.init][INFO] 2023-09-14 15:40:31,638: registered with master
[rospy.rosout][INFO] 2023-09-14 15:40:31,639: initializing /rosout core topic
[rospy.rosout][INFO] 2023-09-14 15:40:31,640: connected to core topic /rosout
[rospy.simtime][INFO] 2023-09-14 15:40:31,641: /use_sim_time is not set, will not subscribe to simulated time [/clock] topic
[rospy.internal][INFO] 2023-09-14 15:40:32,957: topic[/rosout] adding connection to [/rosout], count 0
[rospy.internal][INFO] 2023-09-14 15:40:33,159: topic[/collision_object] adding connection to [/move_group], count 0
[rospy.internal][INFO] 2023-09-14 15:40:33,160: topic[/tf_static] adding connection to [http://segbot:32959/], count 0
[rospy.internal][INFO] 2023-09-14 15:40:33,161: topic[/attached_collision_object] adding connection to [/move_group], count 0
[rospy.internal][INFO] 2023-09-14 15:40:33,162: topic[/tf_static] adding connection to [http://segbot:39159/], count 1
[rospy.internal][INFO] 2023-09-14 15:40:33,165: topic[/tf] adding connection to [http://segbot:42671/], count 0
[rospy.internal][INFO] 2023-09-14 15:40:33,167: topic[/tf] adding connection to [http://segbot:37647/], count 1
[rospy.internal][INFO] 2023-09-14 15:40:33,167: topic[/tf] adding connection to [http://segbot:32959/], count 1
[rospy.core][INFO] 2023-09-14 15:40:39,938: signal_shutdown [atexit]
[rospy.internal][INFO] 2023-09-14 15:40:39,941: topic[/collision_object] removing connection to /move_group
[rospy.internal][INFO] 2023-09-14 15:40:39,942: topic[/attached_collision_object] removing connection to /move_group
[rospy.internal][INFO] 2023-09-14 15:40:39,942: topic[/rosout] removing connection to /rosout
[rospy.internal][INFO] 2023-09-14 15:40:39,943: topic[/tf_static] removing connection to http://segbot:32959/
[rospy.internal][INFO] 2023-09-14 15:40:39,943: topic[/tf_static] removing connection to http://segbot:39159/
[rospy.internal][INFO] 2023-09-14 15:40:39,943: topic[/tf] removing connection to http://segbot:42671/
[rospy.internal][INFO] 2023-09-14 15:40:39,944: topic[/tf] removing connection to http://segbot:37647/
[rospy.internal][INFO] 2023-09-14 15:40:39,944: topic[/tf] removing connection to http://segbot:32959/
[rospy.impl.masterslave][INFO] 2023-09-14 15:40:39,945: atexit
