[rospy.client][INFO] 2023-09-14 15:55:26,705: init_node, name[/ur_grasp_node_9237_1694721326634], pid[9237]
[xmlrpc][INFO] 2023-09-14 15:55:26,705: XML-RPC server binding to 0.0.0.0:0
[xmlrpc][INFO] 2023-09-14 15:55:26,706: Started XML-RPC server [http://segbot:35645/]
[rospy.init][INFO] 2023-09-14 15:55:26,706: ROS Slave URI: [http://segbot:35645/]
[rospy.impl.masterslave][INFO] 2023-09-14 15:55:26,706: _ready: http://segbot:35645/
[xmlrpc][INFO] 2023-09-14 15:55:26,707: xml rpc node: starting XML-RPC server
[rospy.registration][INFO] 2023-09-14 15:55:26,707: Registering with master node http://localhost:11311
[rospy.init][INFO] 2023-09-14 15:55:26,806: registered with master
[rospy.rosout][INFO] 2023-09-14 15:55:26,807: initializing /rosout core topic
[rospy.rosout][INFO] 2023-09-14 15:55:26,809: connected to core topic /rosout
[rospy.simtime][INFO] 2023-09-14 15:55:26,810: /use_sim_time is not set, will not subscribe to simulated time [/clock] topic
[rospy.internal][INFO] 2023-09-14 15:55:28,005: topic[/rosout] adding connection to [/rosout], count 0
[rospy.internal][INFO] 2023-09-14 15:55:28,013: topic[/tf] adding connection to [http://segbot:43657/], count 0
[rospy.internal][INFO] 2023-09-14 15:55:28,013: topic[/tf] adding connection to [http://segbot:38435/], count 0
[rospy.internal][INFO] 2023-09-14 15:55:28,016: topic[/tf] adding connection to [http://segbot:38887/], count 2
[rospy.internal][INFO] 2023-09-14 15:55:28,015: topic[/tf_static] adding connection to [http://segbot:38887/], count 0
[rospy.internal][INFO] 2023-09-14 15:55:28,018: topic[/tf_static] adding connection to [http://segbot:40885/], count 1
[rospy.internal][INFO] 2023-09-14 15:55:28,108: topic[/collision_object] adding connection to [/move_group], count 0
[rospy.internal][INFO] 2023-09-14 15:55:28,109: topic[/attached_collision_object] adding connection to [/move_group], count 0
[rospy.core][INFO] 2023-09-14 15:55:47,902: signal_shutdown [signal-2]
[rospy.internal][INFO] 2023-09-14 15:55:47,914: topic[/collision_object] removing connection to /move_group
[rospy.internal][INFO] 2023-09-14 15:55:47,916: topic[/attached_collision_object] removing connection to /move_group
[rospy.internal][INFO] 2023-09-14 15:55:47,917: topic[/rosout] removing connection to /rosout
[rospy.internal][INFO] 2023-09-14 15:55:47,918: topic[/tf_static] removing connection to http://segbot:38887/
[rospy.internal][INFO] 2023-09-14 15:55:47,918: topic[/tf_static] removing connection to http://segbot:40885/
[rospy.internal][INFO] 2023-09-14 15:55:47,919: topic[/tf] removing connection to http://segbot:43657/
[rospy.internal][INFO] 2023-09-14 15:55:47,919: topic[/tf] removing connection to http://segbot:38435/
[rospy.internal][INFO] 2023-09-14 15:55:47,919: topic[/tf] removing connection to http://segbot:38887/
[rospy.internal][INFO] 2023-09-14 15:55:47,920: topic[/tf] removing connection to http://segbot:38887/
[rospy.topics][ERROR] 2023-09-14 15:55:47,920: Traceback (most recent call last):
  File "/opt/ros/melodic/lib/python2.7/dist-packages/rospy/topics.py", line 326, in close
    c.close()
  File "/opt/ros/melodic/lib/python2.7/dist-packages/rospy/impl/tcpros_base.py", line 858, in close
    self.socket.close()
AttributeError: 'NoneType' object has no attribute 'close'

[rospy.impl.masterslave][INFO] 2023-09-14 15:55:47,920: signal-2
[rospy.core][INFO] 2023-09-14 15:55:50,255: signal_shutdown [signal-2]
[rospy.core][INFO] 2023-09-14 15:55:50,497: signal_shutdown [signal-2]
[rospy.core][INFO] 2023-09-14 15:55:50,715: signal_shutdown [signal-2]
[rospy.core][INFO] 2023-09-14 15:55:51,383: signal_shutdown [signal-2]
[rospy.core][INFO] 2023-09-14 15:55:51,535: signal_shutdown [signal-2]
[rospy.core][INFO] 2023-09-14 15:55:51,677: signal_shutdown [signal-2]
[rospy.core][INFO] 2023-09-14 15:55:51,789: signal_shutdown [signal-2]
[rospy.core][INFO] 2023-09-14 15:55:51,927: signal_shutdown [signal-2]
[rospy.core][INFO] 2023-09-14 15:55:52,071: signal_shutdown [signal-2]
