[rospy.client][INFO] 2023-09-14 15:59:58,478: init_node, name[/ur_grasp_node_10811_1694721598406], pid[10811]
[xmlrpc][INFO] 2023-09-14 15:59:58,479: XML-RPC server binding to 0.0.0.0:0
[xmlrpc][INFO] 2023-09-14 15:59:58,479: Started XML-RPC server [http://segbot:36277/]
[rospy.init][INFO] 2023-09-14 15:59:58,479: ROS Slave URI: [http://segbot:36277/]
[rospy.impl.masterslave][INFO] 2023-09-14 15:59:58,479: _ready: http://segbot:36277/
[xmlrpc][INFO] 2023-09-14 15:59:58,479: xml rpc node: starting XML-RPC server
[rospy.registration][INFO] 2023-09-14 15:59:58,480: Registering with master node http://localhost:11311
[rospy.init][INFO] 2023-09-14 15:59:58,579: registered with master
[rospy.rosout][INFO] 2023-09-14 15:59:58,580: initializing /rosout core topic
[rospy.rosout][INFO] 2023-09-14 15:59:58,582: connected to core topic /rosout
[rospy.simtime][INFO] 2023-09-14 15:59:58,583: /use_sim_time is not set, will not subscribe to simulated time [/clock] topic
[rospy.internal][INFO] 2023-09-14 15:59:59,857: topic[/tf] adding connection to [http://segbot:36339/], count 0
[rospy.internal][INFO] 2023-09-14 15:59:59,858: topic[/tf] adding connection to [http://segbot:35679/], count 0
[rospy.internal][INFO] 2023-09-14 15:59:59,860: topic[/tf] adding connection to [http://segbot:36341/], count 2
[rospy.internal][INFO] 2023-09-14 15:59:59,862: topic[/tf_static] adding connection to [http://segbot:36339/], count 0
[rospy.internal][INFO] 2023-09-14 15:59:59,863: topic[/tf_static] adding connection to [http://segbot:33569/], count 0
[rospy.internal][INFO] 2023-09-14 15:59:59,953: topic[/rosout] adding connection to [/rosout], count 0
[rospy.internal][INFO] 2023-09-14 15:59:59,956: topic[/Robotiq2FGripperRobotOutput] adding connection to [/robotiq2FGripper], count 0
[rospy.internal][INFO] 2023-09-14 15:59:59,956: topic[/collision_object] adding connection to [/move_group], count 0
[rospy.internal][INFO] 2023-09-14 15:59:59,957: topic[/attached_collision_object] adding connection to [/move_group], count 0
[rospy.core][INFO] 2023-09-14 15:59:59,959: signal_shutdown [atexit]
[rospy.internal][INFO] 2023-09-14 15:59:59,963: topic[/collision_object] removing connection to /move_group
[rospy.internal][INFO] 2023-09-14 15:59:59,963: topic[/attached_collision_object] removing connection to /move_group
[rospy.internal][INFO] 2023-09-14 15:59:59,963: topic[/rosout] removing connection to /rosout
[rospy.internal][INFO] 2023-09-14 15:59:59,964: topic[/Robotiq2FGripperRobotOutput] removing connection to /robotiq2FGripper
[rospy.internal][INFO] 2023-09-14 15:59:59,964: topic[/tf_static] removing connection to http://segbot:36339/
[rospy.internal][INFO] 2023-09-14 15:59:59,964: topic[/tf_static] removing connection to http://segbot:33569/
[rospy.internal][INFO] 2023-09-14 15:59:59,965: topic[/tf] removing connection to http://segbot:36339/
[rospy.internal][INFO] 2023-09-14 15:59:59,965: topic[/tf] removing connection to http://segbot:36339/
[rospy.topics][ERROR] 2023-09-14 15:59:59,966: Traceback (most recent call last):
  File "/opt/ros/melodic/lib/python2.7/dist-packages/rospy/topics.py", line 326, in close
    c.close()
  File "/opt/ros/melodic/lib/python2.7/dist-packages/rospy/impl/tcpros_base.py", line 858, in close
    self.socket.close()
AttributeError: 'NoneType' object has no attribute 'close'

[rospy.internal][INFO] 2023-09-14 15:59:59,967: topic[/tf] removing connection to http://segbot:35679/
[rospy.internal][INFO] 2023-09-14 15:59:59,968: topic[/tf] removing connection to http://segbot:36341/
[rospy.impl.masterslave][INFO] 2023-09-14 15:59:59,969: atexit
