[rospy.client][INFO] 2023-09-08 17:37:12,931: init_node, name[/ros_control_controller_spawner], pid[2844]
[xmlrpc][INFO] 2023-09-08 17:37:12,932: XML-RPC server binding to 0.0.0.0:0
[rospy.init][INFO] 2023-09-08 17:37:12,932: ROS Slave URI: [http://segbot:38831/]
[xmlrpc][INFO] 2023-09-08 17:37:12,932: Started XML-RPC server [http://segbot:38831/]
[rospy.impl.masterslave][INFO] 2023-09-08 17:37:12,933: _ready: http://segbot:38831/
[xmlrpc][INFO] 2023-09-08 17:37:12,934: xml rpc node: starting XML-RPC server
[rospy.registration][INFO] 2023-09-08 17:37:12,934: Registering with master node http://localhost:11311
[rospy.init][INFO] 2023-09-08 17:37:13,032: registered with master
[rospy.rosout][INFO] 2023-09-08 17:37:13,033: initializing /rosout core topic
[rospy.rosout][INFO] 2023-09-08 17:37:13,040: connected to core topic /rosout
[rospy.simtime][INFO] 2023-09-08 17:37:13,041: /use_sim_time is not set, will not subscribe to simulated time [/clock] topic
[rosout][INFO] 2023-09-08 17:37:13,046: Controller Spawner: Waiting for service controller_manager/load_controller
[rospy.internal][INFO] 2023-09-08 17:37:13,257: topic[/rosout] adding connection to [/rosout], count 0
[rosout][INFO] 2023-09-08 17:37:13,976: Controller Spawner: Waiting for service controller_manager/switch_controller
[rosout][INFO] 2023-09-08 17:37:13,985: Controller Spawner: Waiting for service controller_manager/unload_controller
[rosout][INFO] 2023-09-08 17:37:13,990: Loading controller: joint_state_controller
[rosout][INFO] 2023-09-08 17:37:14,002: Loading controller: scaled_pos_joint_traj_controller
[rosout][INFO] 2023-09-08 17:37:14,028: Loading controller: speed_scaling_state_controller
[rosout][INFO] 2023-09-08 17:37:14,050: Loading controller: force_torque_sensor_controller
[rosout][INFO] 2023-09-08 17:37:14,060: Controller Spawner: Loaded controllers: joint_state_controller, scaled_pos_joint_traj_controller, speed_scaling_state_controller, force_torque_sensor_controller
[rosout][INFO] 2023-09-08 17:37:14,064: Started controllers: joint_state_controller, scaled_pos_joint_traj_controller, speed_scaling_state_controller, force_torque_sensor_controller
[rospy.core][INFO] 2023-09-08 17:45:19,316: signal_shutdown [signal-2]
[rospy.core][INFO] 2023-09-08 17:45:19,317: signal_shutdown [atexit]
