Symlinking /home/chelsea/catkin_ws/devel/include/camera1394/GetCameraRegistersRequest.h
Symlinking /home/chelsea/catkin_ws/devel/include/camera1394/Camera1394Config.h
Symlinking /home/chelsea/catkin_ws/devel/include/camera1394/GetCameraRegisters.h
Symlinking /home/chelsea/catkin_ws/devel/include/camera1394/SetCameraRegistersRequest.h
Symlinking /home/chelsea/catkin_ws/devel/include/camera1394/SetCameraRegisters.h
Symlinking /home/chelsea/catkin_ws/devel/include/camera1394/SetCameraRegistersResponse.h
Symlinking /home/chelsea/catkin_ws/devel/include/camera1394/GetCameraRegistersResponse.h
Symlinking /home/chelsea/catkin_ws/devel/lib/libcamera1394_nodelet.so
Symlinking /home/chelsea/catkin_ws/devel/lib/python2.7/dist-packages/camera1394/__init__.py
Symlinking /home/chelsea/catkin_ws/devel/lib/python2.7/dist-packages/camera1394/srv/__init__.py
Symlinking /home/chelsea/catkin_ws/devel/lib/python2.7/dist-packages/camera1394/srv/_GetCameraRegisters.py
Symlinking /home/chelsea/catkin_ws/devel/lib/python2.7/dist-packages/camera1394/srv/_SetCameraRegisters.py
Symlinking /home/chelsea/catkin_ws/devel/lib/python2.7/dist-packages/camera1394/cfg/Camera1394Config.py
Symlinking /home/chelsea/catkin_ws/devel/lib/python2.7/dist-packages/camera1394/cfg/__init__.py
Symlinking /home/chelsea/catkin_ws/devel/lib/camera1394/camera1394_node
Symlinking /home/chelsea/catkin_ws/devel/lib/pkgconfig/camera1394.pc
Symlinking /home/chelsea/catkin_ws/devel/share/gennodejs/ros/camera1394/_index.js
Symlinking /home/chelsea/catkin_ws/devel/share/gennodejs/ros/camera1394/srv/GetCameraRegisters.js
Symlinking /home/chelsea/catkin_ws/devel/share/gennodejs/ros/camera1394/srv/_index.js
Symlinking /home/chelsea/catkin_ws/devel/share/gennodejs/ros/camera1394/srv/SetCameraRegisters.js
Symlinking /home/chelsea/catkin_ws/devel/share/camera1394/cmake/camera1394Config.cmake
Symlinking /home/chelsea/catkin_ws/devel/share/camera1394/cmake/camera1394-msg-extras.cmake
Symlinking /home/chelsea/catkin_ws/devel/share/camera1394/cmake/camera1394Config-version.cmake
Symlinking /home/chelsea/catkin_ws/devel/share/camera1394/cmake/camera1394-msg-paths.cmake
Symlinking /home/chelsea/catkin_ws/devel/share/camera1394/docs/Camera1394Config.dox
Symlinking /home/chelsea/catkin_ws/devel/share/camera1394/docs/Camera1394Config.wikidoc
Symlinking /home/chelsea/catkin_ws/devel/share/camera1394/docs/Camera1394Config-usage.dox
Symlinking /home/chelsea/catkin_ws/devel/share/common-lisp/ros/camera1394/srv/camera1394-srv.asd
Symlinking /home/chelsea/catkin_ws/devel/share/common-lisp/ros/camera1394/srv/_package_SetCameraRegisters.lisp
Symlinking /home/chelsea/catkin_ws/devel/share/common-lisp/ros/camera1394/srv/_package_GetCameraRegisters.lisp
Symlinking /home/chelsea/catkin_ws/devel/share/common-lisp/ros/camera1394/srv/GetCameraRegisters.lisp
Symlinking /home/chelsea/catkin_ws/devel/share/common-lisp/ros/camera1394/srv/_package.lisp
Symlinking /home/chelsea/catkin_ws/devel/share/common-lisp/ros/camera1394/srv/SetCameraRegisters.lisp
Symlinking /home/chelsea/catkin_ws/devel/share/roseus/ros/camera1394/manifest.l
Symlinking /home/chelsea/catkin_ws/devel/share/roseus/ros/camera1394/srv/SetCameraRegisters.l
Symlinking /home/chelsea/catkin_ws/devel/share/roseus/ros/camera1394/srv/GetCameraRegisters.l
