WARNING: Package name "gazebo_ros_2Dmap_plugin" does not follow the naming conventions. It should start with a lower case letter and only contain lower case letters, digits, underscores, and dashes.
WARNING: Package name "gazebo_ros_2Dmap_plugin" does not follow the naming conventions. It should start with a lower case letter and only contain lower case letters, digits, underscores, and dashes.
[01m[K/home/chelsea/catkin_ws/src/camera1394/src/nodes/dev_camera1394.cpp:[m[K In member function ‘[01m[Kint camera1394::Camera1394::open(camera1394::Camera1394Config&)[m[K’:
[01m[K/home/chelsea/catkin_ws/src/camera1394/src/nodes/dev_camera1394.cpp:161:5:[m[K [01;35m[Kwarning: [m[K‘[01m[K]: Could not initialize dc1394_context.
Make sure /dev/raw1394 exists, you have access permission,
and libraw1394 development package is installed.[m[K’ directive output truncated writing 147 bytes into a region of size 87 [[01;35m[K-Wformat-truncation=[m[K]
 int [01;35m[KCamera1394[m[K::open(camera1394::Camera1394Config &newconfig)
     [01;35m[K^~~~~~~~~~[m[K
[01m[K/home/chelsea/catkin_ws/src/camera1394/src/nodes/dev_camera1394.cpp:63:13:[m[K [01;36m[Knote: [m[K‘[01m[Ksnprintf[m[K’ output 161 or more bytes into a destination of size 100
     [01;36m[Ksnprintf(buf, 100, "[Camera1394::%s]: " msg, __FUNCTION__)[m[K; \
     [01;36m[K~~~~~~~~^~~~~~~~~~~~~~~~~~~~~~~~~~~~~~~~~~~~~~~~~~~~~~~~~~[m[K
[01m[K/home/chelsea/catkin_ws/src/camera1394/src/nodes/dev_camera1394.cpp:197:7:[m[K [01;36m[Knote: [m[Kin expansion of macro ‘[01m[KCAM_EXCEPT[m[K’
       [01;36m[KC[m[KAM_EXCEPT(camera1394::Exception,
       [01;36m[K^[m[K
[01m[K/home/chelsea/catkin_ws/src/camera1394/src/nodes/dev_camera1394.cpp:[m[K In member function ‘[01m[Kint camera1394::Camera1394::open(camera1394::Camera1394Config&)[m[K’:
[01m[K/home/chelsea/catkin_ws/src/camera1394/src/nodes/dev_camera1394.cpp:161:5:[m[K [01;35m[Kwarning: [m[K‘[01m[K]: Could not initialize dc1394_context.
Make sure /dev/raw1394 exists, you have access permission,
and libraw1394 development package is installed.[m[K’ directive output truncated writing 147 bytes into a region of size 87 [[01;35m[K-Wformat-truncation=[m[K]
 int [01;35m[KCamera1394[m[K::open(camera1394::Camera1394Config &newconfig)
     [01;35m[K^~~~~~~~~~[m[K
[01m[K/home/chelsea/catkin_ws/src/camera1394/src/nodes/dev_camera1394.cpp:63:13:[m[K [01;36m[Knote: [m[K‘[01m[Ksnprintf[m[K’ output 161 or more bytes into a destination of size 100
     [01;36m[Ksnprintf(buf, 100, "[Camera1394::%s]: " msg, __FUNCTION__)[m[K; \
     [01;36m[K~~~~~~~~^~~~~~~~~~~~~~~~~~~~~~~~~~~~~~~~~~~~~~~~~~~~~~~~~~[m[K
[01m[K/home/chelsea/catkin_ws/src/camera1394/src/nodes/dev_camera1394.cpp:197:7:[m[K [01;36m[Knote: [m[Kin expansion of macro ‘[01m[KCAM_EXCEPT[m[K’
       [01;36m[KC[m[KAM_EXCEPT(camera1394::Exception,
       [01;36m[K^[m[K
