[rospy.client][INFO] 2023-09-14 15:54:39,766: init_node, name[/ros_control_controller_spawner], pid[8927]
[xmlrpc][INFO] 2023-09-14 15:54:39,767: XML-RPC server binding to 0.0.0.0:0
[xmlrpc][INFO] 2023-09-14 15:54:39,767: Started XML-RPC server [http://segbot:46317/]
[rospy.impl.masterslave][INFO] 2023-09-14 15:54:39,767: _ready: http://segbot:46317/
[rospy.init][INFO] 2023-09-14 15:54:39,774: ROS Slave URI: [http://segbot:46317/]
[xmlrpc][INFO] 2023-09-14 15:54:39,774: xml rpc node: starting XML-RPC server
[rospy.registration][INFO] 2023-09-14 15:54:39,774: Registering with master node http://localhost:11311
[rospy.init][INFO] 2023-09-14 15:54:39,875: registered with master
[rospy.rosout][INFO] 2023-09-14 15:54:39,875: initializing /rosout core topic
[rospy.rosout][INFO] 2023-09-14 15:54:39,876: connected to core topic /rosout
[rospy.simtime][INFO] 2023-09-14 15:54:39,877: /use_sim_time is not set, will not subscribe to simulated time [/clock] topic
[rosout][INFO] 2023-09-14 15:54:39,878: Controller Spawner: Waiting for service controller_manager/load_controller
[rospy.internal][INFO] 2023-09-14 15:54:40,107: topic[/rosout] adding connection to [/rosout], count 0
[rosout][INFO] 2023-09-14 15:54:40,785: Controller Spawner: Waiting for service controller_manager/switch_controller
[rosout][INFO] 2023-09-14 15:54:40,789: Controller Spawner: Waiting for service controller_manager/unload_controller
[rosout][INFO] 2023-09-14 15:54:40,793: Loading controller: joint_state_controller
[rosout][INFO] 2023-09-14 15:54:40,804: Loading controller: scaled_pos_joint_traj_controller
[rosout][INFO] 2023-09-14 15:54:40,845: Loading controller: speed_scaling_state_controller
[rosout][INFO] 2023-09-14 15:54:40,851: Loading controller: force_torque_sensor_controller
[rosout][INFO] 2023-09-14 15:54:40,857: Controller Spawner: Loaded controllers: joint_state_controller, scaled_pos_joint_traj_controller, speed_scaling_state_controller, force_torque_sensor_controller
[rosout][INFO] 2023-09-14 15:54:40,861: Started controllers: joint_state_controller, scaled_pos_joint_traj_controller, speed_scaling_state_controller, force_torque_sensor_controller
[rospy.core][INFO] 2023-09-14 15:56:00,028: signal_shutdown [signal-2]
[rosout][INFO] 2023-09-14 15:56:00,028: Shutting down spawner. Stopping and unloading controllers...
[rosout][INFO] 2023-09-14 15:56:00,031: Stopping all controllers...
[rosout][INFO] 2023-09-14 15:56:00,051: Unloading all loaded controllers...
[rosout][INFO] 2023-09-14 15:56:00,053: Trying to unload force_torque_sensor_controller
[rosout][WARNING] 2023-09-14 15:56:01,567: Controller Spawner error while taking down controllers: transport error completing service call: unable to receive data from sender, check sender's logs for details
[rospy.internal][INFO] 2023-09-14 15:56:01,579: topic[/rosout] removing connection to /rosout
[rospy.impl.masterslave][INFO] 2023-09-14 15:56:01,579: signal-2
[rospy.core][INFO] 2023-09-14 15:56:02,195: signal_shutdown [atexit]
