Determining if the pthread_create exist failed with the following output:
Change Dir: /home/chels/catkin_ws/build/robotiq_ft_sensor/CMakeFiles/CMakeTmp

Run Build Command:"/usr/bin/make" "cmTC_e45c9/fast"
/usr/bin/make -f CMakeFiles/cmTC_e45c9.dir/build.make CMakeFiles/cmTC_e45c9.dir/build
make[1]: Entering directory '/home/chels/catkin_ws/build/robotiq_ft_sensor/CMakeFiles/CMakeTmp'
Building C object CMakeFiles/cmTC_e45c9.dir/CheckSymbolExists.c.o
/usr/bin/cc    -o CMakeFiles/cmTC_e45c9.dir/CheckSymbolExists.c.o   -c /home/chels/catkin_ws/build/robotiq_ft_sensor/CMakeFiles/CMakeTmp/CheckSymbolExists.c
Linking C executable cmTC_e45c9
/usr/bin/cmake -E cmake_link_script CMakeFiles/cmTC_e45c9.dir/link.txt --verbose=1
/usr/bin/cc      -rdynamic CMakeFiles/cmTC_e45c9.dir/CheckSymbolExists.c.o  -o cmTC_e45c9 
CMakeFiles/cmTC_e45c9.dir/CheckSymbolExists.c.o: In function `main':
CheckSymbolExists.c:(.text+0x1b): undefined reference to `pthread_create'
collect2: error: ld returned 1 exit status
CMakeFiles/cmTC_e45c9.dir/build.make:97: recipe for target 'cmTC_e45c9' failed
make[1]: *** [cmTC_e45c9] Error 1
make[1]: Leaving directory '/home/chels/catkin_ws/build/robotiq_ft_sensor/CMakeFiles/CMakeTmp'
Makefile:126: recipe for target 'cmTC_e45c9/fast' failed
make: *** [cmTC_e45c9/fast] Error 2

File /home/chels/catkin_ws/build/robotiq_ft_sensor/CMakeFiles/CMakeTmp/CheckSymbolExists.c:
/* */
#include <pthread.h>

int main(int argc, char** argv)
{
  (void)argv;
#ifndef pthread_create
  return ((int*)(&pthread_create))[argc];
#else
  (void)argc;
  return 0;
#endif
}

Determining if the function pthread_create exists in the pthreads failed with the following output:
Change Dir: /home/chels/catkin_ws/build/robotiq_ft_sensor/CMakeFiles/CMakeTmp

Run Build Command:"/usr/bin/make" "cmTC_6cff9/fast"
/usr/bin/make -f CMakeFiles/cmTC_6cff9.dir/build.make CMakeFiles/cmTC_6cff9.dir/build
make[1]: Entering directory '/home/chels/catkin_ws/build/robotiq_ft_sensor/CMakeFiles/CMakeTmp'
Building C object CMakeFiles/cmTC_6cff9.dir/CheckFunctionExists.c.o
/usr/bin/cc   -DCHECK_FUNCTION_EXISTS=pthread_create   -o CMakeFiles/cmTC_6cff9.dir/CheckFunctionExists.c.o   -c /usr/share/cmake-3.10/Modules/CheckFunctionExists.c
Linking C executable cmTC_6cff9
/usr/bin/cmake -E cmake_link_script CMakeFiles/cmTC_6cff9.dir/link.txt --verbose=1
/usr/bin/cc  -DCHECK_FUNCTION_EXISTS=pthread_create    -rdynamic CMakeFiles/cmTC_6cff9.dir/CheckFunctionExists.c.o  -o cmTC_6cff9 -lpthreads 
/usr/bin/ld: cannot find -lpthreads
collect2: error: ld returned 1 exit status
CMakeFiles/cmTC_6cff9.dir/build.make:97: recipe for target 'cmTC_6cff9' failed
make[1]: *** [cmTC_6cff9] Error 1
make[1]: Leaving directory '/home/chels/catkin_ws/build/robotiq_ft_sensor/CMakeFiles/CMakeTmp'
Makefile:126: recipe for target 'cmTC_6cff9/fast' failed
make: *** [cmTC_6cff9/fast] Error 2


