Determining if the pthread_create exist failed with the following output:
Change Dir: /home/chels/catkin_ws/build/bwi_tools/CMakeFiles/CMakeTmp

Run Build Command:"/usr/bin/make" "cmTC_6bdba/fast"
/usr/bin/make -f CMakeFiles/cmTC_6bdba.dir/build.make CMakeFiles/cmTC_6bdba.dir/build
make[1]: Entering directory '/home/chels/catkin_ws/build/bwi_tools/CMakeFiles/CMakeTmp'
Building C object CMakeFiles/cmTC_6bdba.dir/CheckSymbolExists.c.o
/usr/bin/cc    -o CMakeFiles/cmTC_6bdba.dir/CheckSymbolExists.c.o   -c /home/chels/catkin_ws/build/bwi_tools/CMakeFiles/CMakeTmp/CheckSymbolExists.c
Linking C executable cmTC_6bdba
/usr/bin/cmake -E cmake_link_script CMakeFiles/cmTC_6bdba.dir/link.txt --verbose=1
/usr/bin/cc      -rdynamic CMakeFiles/cmTC_6bdba.dir/CheckSymbolExists.c.o  -o cmTC_6bdba 
CMakeFiles/cmTC_6bdba.dir/CheckSymbolExists.c.o: In function `main':
CheckSymbolExists.c:(.text+0x1b): undefined reference to `pthread_create'
collect2: error: ld returned 1 exit status
CMakeFiles/cmTC_6bdba.dir/build.make:97: recipe for target 'cmTC_6bdba' failed
make[1]: *** [cmTC_6bdba] Error 1
make[1]: Leaving directory '/home/chels/catkin_ws/build/bwi_tools/CMakeFiles/CMakeTmp'
Makefile:126: recipe for target 'cmTC_6bdba/fast' failed
make: *** [cmTC_6bdba/fast] Error 2

File /home/chels/catkin_ws/build/bwi_tools/CMakeFiles/CMakeTmp/CheckSymbolExists.c:
/* */
#include <pthread.h>

int main(int argc, char** argv)
{
  (void)argv;
#ifndef pthread_create
  return ((int*)(&pthread_create))[argc];
#else
  (void)argc;
  return 0;
#endif
}

Determining if the function pthread_create exists in the pthreads failed with the following output:
Change Dir: /home/chels/catkin_ws/build/bwi_tools/CMakeFiles/CMakeTmp

Run Build Command:"/usr/bin/make" "cmTC_5323f/fast"
/usr/bin/make -f CMakeFiles/cmTC_5323f.dir/build.make CMakeFiles/cmTC_5323f.dir/build
make[1]: Entering directory '/home/chels/catkin_ws/build/bwi_tools/CMakeFiles/CMakeTmp'
Building C object CMakeFiles/cmTC_5323f.dir/CheckFunctionExists.c.o
/usr/bin/cc   -DCHECK_FUNCTION_EXISTS=pthread_create   -o CMakeFiles/cmTC_5323f.dir/CheckFunctionExists.c.o   -c /usr/share/cmake-3.10/Modules/CheckFunctionExists.c
Linking C executable cmTC_5323f
/usr/bin/cmake -E cmake_link_script CMakeFiles/cmTC_5323f.dir/link.txt --verbose=1
/usr/bin/cc  -DCHECK_FUNCTION_EXISTS=pthread_create    -rdynamic CMakeFiles/cmTC_5323f.dir/CheckFunctionExists.c.o  -o cmTC_5323f -lpthreads 
/usr/bin/ld: cannot find -lpthreads
collect2: error: ld returned 1 exit status
CMakeFiles/cmTC_5323f.dir/build.make:97: recipe for target 'cmTC_5323f' failed
make[1]: *** [cmTC_5323f] Error 1
make[1]: Leaving directory '/home/chels/catkin_ws/build/bwi_tools/CMakeFiles/CMakeTmp'
Makefile:126: recipe for target 'cmTC_5323f/fast' failed
make: *** [cmTC_5323f/fast] Error 2


