Determining if the pthread_create exist failed with the following output:
Change Dir: /home/chels/catkin_ws/build/polygon_layer/CMakeFiles/CMakeTmp

Run Build Command:"/usr/bin/make" "cmTC_7baaa/fast"
/usr/bin/make -f CMakeFiles/cmTC_7baaa.dir/build.make CMakeFiles/cmTC_7baaa.dir/build
make[1]: Entering directory '/home/chels/catkin_ws/build/polygon_layer/CMakeFiles/CMakeTmp'
Building C object CMakeFiles/cmTC_7baaa.dir/CheckSymbolExists.c.o
/usr/bin/cc    -o CMakeFiles/cmTC_7baaa.dir/CheckSymbolExists.c.o   -c /home/chels/catkin_ws/build/polygon_layer/CMakeFiles/CMakeTmp/CheckSymbolExists.c
Linking C executable cmTC_7baaa
/usr/bin/cmake -E cmake_link_script CMakeFiles/cmTC_7baaa.dir/link.txt --verbose=1
/usr/bin/cc      -rdynamic CMakeFiles/cmTC_7baaa.dir/CheckSymbolExists.c.o  -o cmTC_7baaa 
CMakeFiles/cmTC_7baaa.dir/CheckSymbolExists.c.o: In function `main':
CheckSymbolExists.c:(.text+0x1b): undefined reference to `pthread_create'
collect2: error: ld returned 1 exit status
CMakeFiles/cmTC_7baaa.dir/build.make:97: recipe for target 'cmTC_7baaa' failed
make[1]: *** [cmTC_7baaa] Error 1
make[1]: Leaving directory '/home/chels/catkin_ws/build/polygon_layer/CMakeFiles/CMakeTmp'
Makefile:126: recipe for target 'cmTC_7baaa/fast' failed
make: *** [cmTC_7baaa/fast] Error 2

File /home/chels/catkin_ws/build/polygon_layer/CMakeFiles/CMakeTmp/CheckSymbolExists.c:
/* */
#include <pthread.h>

int main(int argc, char** argv)
{
  (void)argv;
#ifndef pthread_create
  return ((int*)(&pthread_create))[argc];
#else
  (void)argc;
  return 0;
#endif
}

Determining if the function pthread_create exists in the pthreads failed with the following output:
Change Dir: /home/chels/catkin_ws/build/polygon_layer/CMakeFiles/CMakeTmp

Run Build Command:"/usr/bin/make" "cmTC_1edfe/fast"
/usr/bin/make -f CMakeFiles/cmTC_1edfe.dir/build.make CMakeFiles/cmTC_1edfe.dir/build
make[1]: Entering directory '/home/chels/catkin_ws/build/polygon_layer/CMakeFiles/CMakeTmp'
Building C object CMakeFiles/cmTC_1edfe.dir/CheckFunctionExists.c.o
/usr/bin/cc   -DCHECK_FUNCTION_EXISTS=pthread_create   -o CMakeFiles/cmTC_1edfe.dir/CheckFunctionExists.c.o   -c /usr/share/cmake-3.10/Modules/CheckFunctionExists.c
Linking C executable cmTC_1edfe
/usr/bin/cmake -E cmake_link_script CMakeFiles/cmTC_1edfe.dir/link.txt --verbose=1
/usr/bin/cc  -DCHECK_FUNCTION_EXISTS=pthread_create    -rdynamic CMakeFiles/cmTC_1edfe.dir/CheckFunctionExists.c.o  -o cmTC_1edfe -lpthreads 
/usr/bin/ld: cannot find -lpthreads
collect2: error: ld returned 1 exit status
CMakeFiles/cmTC_1edfe.dir/build.make:97: recipe for target 'cmTC_1edfe' failed
make[1]: *** [cmTC_1edfe] Error 1
make[1]: Leaving directory '/home/chels/catkin_ws/build/polygon_layer/CMakeFiles/CMakeTmp'
Makefile:126: recipe for target 'cmTC_1edfe/fast' failed
make: *** [cmTC_1edfe/fast] Error 2


