Determining if the pthread_create exist failed with the following output:
Change Dir: /home/chelsea/catkin_ws/build/camera1394/CMakeFiles/CMakeTmp

Run Build Command:"/usr/bin/make" "cmTC_0bb11/fast"
/usr/bin/make -f CMakeFiles/cmTC_0bb11.dir/build.make CMakeFiles/cmTC_0bb11.dir/build
make[1]: Entering directory '/home/chelsea/catkin_ws/build/camera1394/CMakeFiles/CMakeTmp'
Building C object CMakeFiles/cmTC_0bb11.dir/CheckSymbolExists.c.o
/usr/bin/cc    -o CMakeFiles/cmTC_0bb11.dir/CheckSymbolExists.c.o   -c /home/chelsea/catkin_ws/build/camera1394/CMakeFiles/CMakeTmp/CheckSymbolExists.c
Linking C executable cmTC_0bb11
/usr/bin/cmake -E cmake_link_script CMakeFiles/cmTC_0bb11.dir/link.txt --verbose=1
/usr/bin/cc      -rdynamic CMakeFiles/cmTC_0bb11.dir/CheckSymbolExists.c.o  -o cmTC_0bb11 
CMakeFiles/cmTC_0bb11.dir/CheckSymbolExists.c.o: In function `main':
CheckSymbolExists.c:(.text+0x1b): undefined reference to `pthread_create'
collect2: error: ld returned 1 exit status
CMakeFiles/cmTC_0bb11.dir/build.make:97: recipe for target 'cmTC_0bb11' failed
make[1]: *** [cmTC_0bb11] Error 1
make[1]: Leaving directory '/home/chelsea/catkin_ws/build/camera1394/CMakeFiles/CMakeTmp'
Makefile:126: recipe for target 'cmTC_0bb11/fast' failed
make: *** [cmTC_0bb11/fast] Error 2

File /home/chelsea/catkin_ws/build/camera1394/CMakeFiles/CMakeTmp/CheckSymbolExists.c:
/* */
#include <pthread.h>

int main(int argc, char** argv)
{
  (void)argv;
#ifndef pthread_create
  return ((int*)(&pthread_create))[argc];
#else
  (void)argc;
  return 0;
#endif
}

Determining if the function pthread_create exists in the pthreads failed with the following output:
Change Dir: /home/chelsea/catkin_ws/build/camera1394/CMakeFiles/CMakeTmp

Run Build Command:"/usr/bin/make" "cmTC_cfc26/fast"
/usr/bin/make -f CMakeFiles/cmTC_cfc26.dir/build.make CMakeFiles/cmTC_cfc26.dir/build
make[1]: Entering directory '/home/chelsea/catkin_ws/build/camera1394/CMakeFiles/CMakeTmp'
Building C object CMakeFiles/cmTC_cfc26.dir/CheckFunctionExists.c.o
/usr/bin/cc   -DCHECK_FUNCTION_EXISTS=pthread_create   -o CMakeFiles/cmTC_cfc26.dir/CheckFunctionExists.c.o   -c /usr/share/cmake-3.10/Modules/CheckFunctionExists.c
Linking C executable cmTC_cfc26
/usr/bin/cmake -E cmake_link_script CMakeFiles/cmTC_cfc26.dir/link.txt --verbose=1
/usr/bin/cc  -DCHECK_FUNCTION_EXISTS=pthread_create    -rdynamic CMakeFiles/cmTC_cfc26.dir/CheckFunctionExists.c.o  -o cmTC_cfc26 -lpthreads 
/usr/bin/ld: cannot find -lpthreads
collect2: error: ld returned 1 exit status
CMakeFiles/cmTC_cfc26.dir/build.make:97: recipe for target 'cmTC_cfc26' failed
make[1]: *** [cmTC_cfc26] Error 1
make[1]: Leaving directory '/home/chelsea/catkin_ws/build/camera1394/CMakeFiles/CMakeTmp'
Makefile:126: recipe for target 'cmTC_cfc26/fast' failed
make: *** [cmTC_cfc26/fast] Error 2


