[  0%] Built target _bwi_msgs_generate_messages_check_deps_LEDControlActionGoal
[  0%] Built target _bwi_msgs_generate_messages_check_deps_ScavHunt
[  0%] Built target _bwi_msgs_generate_messages_check_deps_LEDTestStrip
[  0%] Built target _bwi_msgs_generate_messages_check_deps_LEDControlGoal
[  0%] Built target _bwi_msgs_generate_messages_check_deps_LogicalNavActionFeedback
[  0%] Built target _bwi_msgs_generate_messages_check_deps_SaveImageResponse
[  0%] Built target _bwi_msgs_generate_messages_check_deps_LEDControlResult
[  0%] Built target _bwi_msgs_generate_messages_check_deps_LEDClear
[  0%] Built target _bwi_msgs_generate_messages_check_deps_LogicalNavFeedback
[  0%] Built target _bwi_msgs_generate_messages_check_deps_LocationAction
[  0%] Built target _bwi_msgs_generate_messages_check_deps_ImageQuestion
[  0%] Built target bwi_planning_common_generate_messages_nodejs
[  0%] Built target _bwi_msgs_generate_messages_check_deps_SemanticParser
[  0%] Built target _bwi_msgs_generate_messages_check_deps_QuestionDialog
[  0%] Built target _bwi_msgs_generate_messages_check_deps_StopBaseStatus
[  0%] Built target _bwi_msgs_generate_messages_check_deps_NextLocation
[  0%] Built target _bwi_msgs_generate_messages_check_deps_LEDStatus
[  0%] Built target _bwi_msgs_generate_messages_check_deps_UploadImage
[  0%] Built target actionlib_msgs_generate_messages_nodejs
[  0%] Built target _bwi_msgs_generate_messages_check_deps_LEDActionResult
[  0%] Built target _bwi_msgs_generate_messages_check_deps_LEDControlActionFeedback
[  0%] Built target _bwi_msgs_generate_messages_check_deps_LogicalNavAction
[  0%] Built target _bwi_msgs_generate_messages_check_deps_AvailableRobot
[  0%] Built target _bwi_msgs_generate_messages_check_deps_StopBase
[  0%] Built target _bwi_msgs_generate_messages_check_deps_CheckBool
[  0%] Built target _bwi_msgs_generate_messages_check_deps_WeekTime
[  0%] Built target sensor_msgs_generate_messages_nodejs
[  0%] Built target _bwi_msgs_generate_messages_check_deps_LEDControlFeedback
[  0%] Built target geometry_msgs_generate_messages_nodejs
[  0%] Built target _bwi_msgs_generate_messages_check_deps_LEDAnimations
[  0%] Built target std_msgs_generate_messages_nodejs
[  0%] Built target _bwi_msgs_generate_messages_check_deps_LogicalNavResult
[  0%] Built target _bwi_msgs_generate_messages_check_deps_LogicalNavigationState
[  0%] Built target _bwi_msgs_generate_messages_check_deps_LEDControlAction
[  0%] Built target _bwi_msgs_generate_messages_check_deps_DoorHandlerInterface
[  0%] Built target _bwi_msgs_generate_messages_check_deps_ScavStatus
[  0%] Built target _bwi_msgs_generate_messages_check_deps_LogicalNavGoal
[  0%] Built target _bwi_msgs_generate_messages_check_deps_LEDSetStatus
[  0%] Built target _bwi_msgs_generate_messages_check_deps_AvailableRobotArray
[  0%] Built target _bwi_msgs_generate_messages_check_deps_ResolveChangeFloor
[  0%] Built target _bwi_msgs_generate_messages_check_deps_LEDControlActionResult
[  0%] Built target _bwi_msgs_generate_messages_check_deps_LogicalNavActionResult
[  0%] Built target _bwi_msgs_generate_messages_check_deps_LogicalNavActionGoal
[  0%] Built target _bwi_msgs_generate_messages_check_deps_UpdateObject
[  0%] Built target _bwi_msgs_generate_messages_check_deps_RobotTeleporterInterface
[  0%] Built target _bwi_msgs_generate_messages_check_deps_GetNextImage
[  0%] Built target _bwi_msgs_generate_messages_check_deps_ActionUpdate
[  0%] Built target _bwi_msgs_generate_messages_check_deps_LEDTestType
[  0%] Built target geometry_msgs_generate_messages_py
[  0%] Built target actionlib_msgs_generate_messages_py
[  0%] Built target bwi_planning_common_generate_messages_py
[  0%] Built target std_msgs_generate_messages_py
[  0%] Built target sensor_msgs_generate_messages_py
[  0%] Built target bwi_planning_common_generate_messages_lisp
[  0%] Built target sensor_msgs_generate_messages_lisp
[  0%] Built target actionlib_msgs_generate_messages_lisp
[  0%] Built target std_msgs_generate_messages_lisp
[  0%] Built target geometry_msgs_generate_messages_lisp
[  0%] Built target geometry_msgs_generate_messages_eus
[  0%] Built target bwi_planning_common_generate_messages_eus
[  0%] Built target sensor_msgs_generate_messages_eus
[  0%] Built target actionlib_msgs_generate_messages_eus
[  0%] Built target std_msgs_generate_messages_eus
[  0%] Built target bwi_planning_common_generate_messages_cpp
[  0%] Built target std_msgs_generate_messages_cpp
[  0%] Built target actionlib_msgs_generate_messages_cpp
[  0%] Built target geometry_msgs_generate_messages_cpp
[  0%] Built target sensor_msgs_generate_messages_cpp
[ 20%] Built target bwi_msgs_generate_messages_lisp
[ 41%] Built target bwi_msgs_generate_messages_py
[ 61%] Built target bwi_msgs_generate_messages_nodejs
[ 81%] Built target bwi_msgs_generate_messages_eus
[100%] Built target bwi_msgs_generate_messages_cpp
[100%] Built target bwi_msgs_generate_messages
