Symlinking /home/chels/catkin_ws/devel/include/bwi_msgs/LogicalNavGoal.h
Symlinking /home/chels/catkin_ws/devel/include/bwi_msgs/LogicalNavActionGoal.h
Symlinking /home/chels/catkin_ws/devel/include/bwi_msgs/UploadImage.h
Symlinking /home/chels/catkin_ws/devel/include/bwi_msgs/SaveImageResponse.h
Symlinking /home/chels/catkin_ws/devel/include/bwi_msgs/LogicalNavActionFeedback.h
Symlinking /home/chels/catkin_ws/devel/include/bwi_msgs/UpdateObject.h
Symlinking /home/chels/catkin_ws/devel/include/bwi_msgs/AvailableRobotArray.h
Symlinking /home/chels/catkin_ws/devel/include/bwi_msgs/LEDStatus.h
Symlinking /home/chels/catkin_ws/devel/include/bwi_msgs/LogicalNavFeedback.h
Symlinking /home/chels/catkin_ws/devel/include/bwi_msgs/ImageQuestion.h
Symlinking /home/chels/catkin_ws/devel/include/bwi_msgs/LEDClearResponse.h
Symlinking /home/chels/catkin_ws/devel/include/bwi_msgs/NextLocationRequest.h
Symlinking /home/chels/catkin_ws/devel/include/bwi_msgs/ResolveChangeFloorRequest.h
Symlinking /home/chels/catkin_ws/devel/include/bwi_msgs/UploadImageResponse.h
Symlinking /home/chels/catkin_ws/devel/include/bwi_msgs/ImageQuestionResponse.h
Symlinking /home/chels/catkin_ws/devel/include/bwi_msgs/StopBaseResponse.h
Symlinking /home/chels/catkin_ws/devel/include/bwi_msgs/SemanticParser.h
Symlinking /home/chels/catkin_ws/devel/include/bwi_msgs/StopBaseRequest.h
Symlinking /home/chels/catkin_ws/devel/include/bwi_msgs/GetNextImageResponse.h
Symlinking /home/chels/catkin_ws/devel/include/bwi_msgs/ActionUpdateRequest.h
Symlinking /home/chels/catkin_ws/devel/include/bwi_msgs/RobotTeleporterInterfaceResponse.h
Symlinking /home/chels/catkin_ws/devel/include/bwi_msgs/ScavHunt.h
Symlinking /home/chels/catkin_ws/devel/include/bwi_msgs/StopBase.h
Symlinking /home/chels/catkin_ws/devel/include/bwi_msgs/StopBaseStatus.h
Symlinking /home/chels/catkin_ws/devel/include/bwi_msgs/LogicalNavResult.h
Symlinking /home/chels/catkin_ws/devel/include/bwi_msgs/QuestionDialogResponse.h
Symlinking /home/chels/catkin_ws/devel/include/bwi_msgs/LEDClear.h
Symlinking /home/chels/catkin_ws/devel/include/bwi_msgs/LEDTestStrip.h
Symlinking /home/chels/catkin_ws/devel/include/bwi_msgs/NextLocationResponse.h
Symlinking /home/chels/catkin_ws/devel/include/bwi_msgs/ScavStatus.h
Symlinking /home/chels/catkin_ws/devel/include/bwi_msgs/NextLocation.h
Symlinking /home/chels/catkin_ws/devel/include/bwi_msgs/LEDControlFeedback.h
Symlinking /home/chels/catkin_ws/devel/include/bwi_msgs/LEDControlActionGoal.h
Symlinking /home/chels/catkin_ws/devel/include/bwi_msgs/LocationActionResponse.h
Symlinking /home/chels/catkin_ws/devel/include/bwi_msgs/LEDControlGoal.h
Symlinking /home/chels/catkin_ws/devel/include/bwi_msgs/LEDControlResult.h
Symlinking /home/chels/catkin_ws/devel/include/bwi_msgs/LEDSetStatus.h
Symlinking /home/chels/catkin_ws/devel/include/bwi_msgs/UpdateObjectResponse.h
Symlinking /home/chels/catkin_ws/devel/include/bwi_msgs/LEDAnimations.h
Symlinking /home/chels/catkin_ws/devel/include/bwi_msgs/ResolveChangeFloorResponse.h
Symlinking /home/chels/catkin_ws/devel/include/bwi_msgs/DoorHandlerInterface.h
Symlinking /home/chels/catkin_ws/devel/include/bwi_msgs/DoorHandlerInterfaceResponse.h
Symlinking /home/chels/catkin_ws/devel/include/bwi_msgs/ActionUpdate.h
Symlinking /home/chels/catkin_ws/devel/include/bwi_msgs/QuestionDialogRequest.h
Symlinking /home/chels/catkin_ws/devel/include/bwi_msgs/SemanticParserRequest.h
Symlinking /home/chels/catkin_ws/devel/include/bwi_msgs/WeekTime.h
Symlinking /home/chels/catkin_ws/devel/include/bwi_msgs/LEDClearRequest.h
Symlinking /home/chels/catkin_ws/devel/include/bwi_msgs/LEDControlActionFeedback.h
Symlinking /home/chels/catkin_ws/devel/include/bwi_msgs/LEDTestType.h
Symlinking /home/chels/catkin_ws/devel/include/bwi_msgs/LEDControlAction.h
Symlinking /home/chels/catkin_ws/devel/include/bwi_msgs/LEDSetStatusRequest.h
Symlinking /home/chels/catkin_ws/devel/include/bwi_msgs/CheckBoolResponse.h
Symlinking /home/chels/catkin_ws/devel/include/bwi_msgs/DoorHandlerInterfaceRequest.h
Symlinking /home/chels/catkin_ws/devel/include/bwi_msgs/CheckBoolRequest.h
Symlinking /home/chels/catkin_ws/devel/include/bwi_msgs/LocationAction.h
Symlinking /home/chels/catkin_ws/devel/include/bwi_msgs/ActionUpdateResponse.h
Symlinking /home/chels/catkin_ws/devel/include/bwi_msgs/SaveImageResponseResponse.h
Symlinking /home/chels/catkin_ws/devel/include/bwi_msgs/UploadImageRequest.h
Symlinking /home/chels/catkin_ws/devel/include/bwi_msgs/LogicalNavigationState.h
Symlinking /home/chels/catkin_ws/devel/include/bwi_msgs/ScavHuntRequest.h
Symlinking /home/chels/catkin_ws/devel/include/bwi_msgs/RobotTeleporterInterface.h
Symlinking /home/chels/catkin_ws/devel/include/bwi_msgs/GetNextImage.h
Symlinking /home/chels/catkin_ws/devel/include/bwi_msgs/RobotTeleporterInterfaceRequest.h
Symlinking /home/chels/catkin_ws/devel/include/bwi_msgs/ScavHuntResponse.h
Symlinking /home/chels/catkin_ws/devel/include/bwi_msgs/ResolveChangeFloor.h
Symlinking /home/chels/catkin_ws/devel/include/bwi_msgs/GetNextImageRequest.h
Symlinking /home/chels/catkin_ws/devel/include/bwi_msgs/LEDSetStatusResponse.h
Symlinking /home/chels/catkin_ws/devel/include/bwi_msgs/LocationActionRequest.h
Symlinking /home/chels/catkin_ws/devel/include/bwi_msgs/UpdateObjectRequest.h
Symlinking /home/chels/catkin_ws/devel/include/bwi_msgs/CheckBool.h
Symlinking /home/chels/catkin_ws/devel/include/bwi_msgs/AvailableRobot.h
Symlinking /home/chels/catkin_ws/devel/include/bwi_msgs/LEDTestStripRequest.h
Symlinking /home/chels/catkin_ws/devel/include/bwi_msgs/QuestionDialog.h
Symlinking /home/chels/catkin_ws/devel/include/bwi_msgs/LogicalNavAction.h
Symlinking /home/chels/catkin_ws/devel/include/bwi_msgs/LogicalNavActionResult.h
Symlinking /home/chels/catkin_ws/devel/include/bwi_msgs/SaveImageResponseRequest.h
Symlinking /home/chels/catkin_ws/devel/include/bwi_msgs/SemanticParserResponse.h
Symlinking /home/chels/catkin_ws/devel/include/bwi_msgs/ImageQuestionRequest.h
Symlinking /home/chels/catkin_ws/devel/include/bwi_msgs/LEDControlActionResult.h
Symlinking /home/chels/catkin_ws/devel/include/bwi_msgs/LEDTestStripResponse.h
Symlinking /home/chels/catkin_ws/devel/include/bwi_msgs/LEDActionResult.h
Symlinking /home/chels/catkin_ws/devel/lib/python2.7/dist-packages/bwi_msgs/__init__.py
Symlinking /home/chels/catkin_ws/devel/lib/python2.7/dist-packages/bwi_msgs/srv/_LEDSetStatus.py
Symlinking /home/chels/catkin_ws/devel/lib/python2.7/dist-packages/bwi_msgs/srv/_LEDTestStrip.py
Symlinking /home/chels/catkin_ws/devel/lib/python2.7/dist-packages/bwi_msgs/srv/_SaveImageResponse.py
Symlinking /home/chels/catkin_ws/devel/lib/python2.7/dist-packages/bwi_msgs/srv/_DoorHandlerInterface.py
Symlinking /home/chels/catkin_ws/devel/lib/python2.7/dist-packages/bwi_msgs/srv/_LEDClear.py
Symlinking /home/chels/catkin_ws/devel/lib/python2.7/dist-packages/bwi_msgs/srv/_ScavHunt.py
Symlinking /home/chels/catkin_ws/devel/lib/python2.7/dist-packages/bwi_msgs/srv/_CheckBool.py
Symlinking /home/chels/catkin_ws/devel/lib/python2.7/dist-packages/bwi_msgs/srv/_ActionUpdate.py
Symlinking /home/chels/catkin_ws/devel/lib/python2.7/dist-packages/bwi_msgs/srv/_ImageQuestion.py
Symlinking /home/chels/catkin_ws/devel/lib/python2.7/dist-packages/bwi_msgs/srv/_RobotTeleporterInterface.py
Symlinking /home/chels/catkin_ws/devel/lib/python2.7/dist-packages/bwi_msgs/srv/_StopBase.py
Symlinking /home/chels/catkin_ws/devel/lib/python2.7/dist-packages/bwi_msgs/srv/_GetNextImage.py
Symlinking /home/chels/catkin_ws/devel/lib/python2.7/dist-packages/bwi_msgs/srv/_UploadImage.py
Symlinking /home/chels/catkin_ws/devel/lib/python2.7/dist-packages/bwi_msgs/srv/_UpdateObject.py
Symlinking /home/chels/catkin_ws/devel/lib/python2.7/dist-packages/bwi_msgs/srv/_SemanticParser.py
Symlinking /home/chels/catkin_ws/devel/lib/python2.7/dist-packages/bwi_msgs/srv/_QuestionDialog.py
Symlinking /home/chels/catkin_ws/devel/lib/python2.7/dist-packages/bwi_msgs/srv/_LocationAction.py
Symlinking /home/chels/catkin_ws/devel/lib/python2.7/dist-packages/bwi_msgs/srv/_ResolveChangeFloor.py
Symlinking /home/chels/catkin_ws/devel/lib/python2.7/dist-packages/bwi_msgs/srv/__init__.py
Symlinking /home/chels/catkin_ws/devel/lib/python2.7/dist-packages/bwi_msgs/srv/_NextLocation.py
Symlinking /home/chels/catkin_ws/devel/lib/python2.7/dist-packages/bwi_msgs/msg/_LogicalNavActionFeedback.py
Symlinking /home/chels/catkin_ws/devel/lib/python2.7/dist-packages/bwi_msgs/msg/_LEDStatus.py
Symlinking /home/chels/catkin_ws/devel/lib/python2.7/dist-packages/bwi_msgs/msg/_LEDControlActionResult.py
Symlinking /home/chels/catkin_ws/devel/lib/python2.7/dist-packages/bwi_msgs/msg/_LEDActionResult.py
Symlinking /home/chels/catkin_ws/devel/lib/python2.7/dist-packages/bwi_msgs/msg/_WeekTime.py
Symlinking /home/chels/catkin_ws/devel/lib/python2.7/dist-packages/bwi_msgs/msg/_AvailableRobotArray.py
Symlinking /home/chels/catkin_ws/devel/lib/python2.7/dist-packages/bwi_msgs/msg/_LogicalNavFeedback.py
Symlinking /home/chels/catkin_ws/devel/lib/python2.7/dist-packages/bwi_msgs/msg/_LogicalNavAction.py
Symlinking /home/chels/catkin_ws/devel/lib/python2.7/dist-packages/bwi_msgs/msg/_LogicalNavigationState.py
Symlinking /home/chels/catkin_ws/devel/lib/python2.7/dist-packages/bwi_msgs/msg/_LEDAnimations.py
Symlinking /home/chels/catkin_ws/devel/lib/python2.7/dist-packages/bwi_msgs/msg/_LogicalNavGoal.py
Symlinking /home/chels/catkin_ws/devel/lib/python2.7/dist-packages/bwi_msgs/msg/_LogicalNavActionResult.py
Symlinking /home/chels/catkin_ws/devel/lib/python2.7/dist-packages/bwi_msgs/msg/_StopBaseStatus.py
Symlinking /home/chels/catkin_ws/devel/lib/python2.7/dist-packages/bwi_msgs/msg/_LEDControlFeedback.py
Symlinking /home/chels/catkin_ws/devel/lib/python2.7/dist-packages/bwi_msgs/msg/_LogicalNavActionGoal.py
Symlinking /home/chels/catkin_ws/devel/lib/python2.7/dist-packages/bwi_msgs/msg/_ScavStatus.py
Symlinking /home/chels/catkin_ws/devel/lib/python2.7/dist-packages/bwi_msgs/msg/_LEDControlAction.py
Symlinking /home/chels/catkin_ws/devel/lib/python2.7/dist-packages/bwi_msgs/msg/_LogicalNavResult.py
Symlinking /home/chels/catkin_ws/devel/lib/python2.7/dist-packages/bwi_msgs/msg/_LEDControlActionFeedback.py
Symlinking /home/chels/catkin_ws/devel/lib/python2.7/dist-packages/bwi_msgs/msg/_LEDTestType.py
Symlinking /home/chels/catkin_ws/devel/lib/python2.7/dist-packages/bwi_msgs/msg/_LEDControlActionGoal.py
Symlinking /home/chels/catkin_ws/devel/lib/python2.7/dist-packages/bwi_msgs/msg/__init__.py
Symlinking /home/chels/catkin_ws/devel/lib/python2.7/dist-packages/bwi_msgs/msg/_LEDControlResult.py
Symlinking /home/chels/catkin_ws/devel/lib/python2.7/dist-packages/bwi_msgs/msg/_AvailableRobot.py
Symlinking /home/chels/catkin_ws/devel/lib/python2.7/dist-packages/bwi_msgs/msg/_LEDControlGoal.py
Symlinking /home/chels/catkin_ws/devel/lib/pkgconfig/bwi_msgs.pc
Symlinking /home/chels/catkin_ws/devel/share/bwi_msgs/cmake/bwi_msgsConfig.cmake
Symlinking /home/chels/catkin_ws/devel/share/bwi_msgs/cmake/bwi_msgsConfig-version.cmake
Symlinking /home/chels/catkin_ws/devel/share/bwi_msgs/cmake/bwi_msgs-msg-paths.cmake
Symlinking /home/chels/catkin_ws/devel/share/bwi_msgs/cmake/bwi_msgs-msg-extras.cmake
Symlinking /home/chels/catkin_ws/devel/share/bwi_msgs/msg/LogicalNavFeedback.msg
Symlinking /home/chels/catkin_ws/devel/share/bwi_msgs/msg/LEDControlActionGoal.msg
Symlinking /home/chels/catkin_ws/devel/share/bwi_msgs/msg/LogicalNavAction.msg
Symlinking /home/chels/catkin_ws/devel/share/bwi_msgs/msg/LogicalNavActionFeedback.msg
Symlinking /home/chels/catkin_ws/devel/share/bwi_msgs/msg/LogicalNavResult.msg
Symlinking /home/chels/catkin_ws/devel/share/bwi_msgs/msg/LEDControlResult.msg
Symlinking /home/chels/catkin_ws/devel/share/bwi_msgs/msg/LogicalNavActionResult.msg
Symlinking /home/chels/catkin_ws/devel/share/bwi_msgs/msg/LogicalNavActionGoal.msg
Symlinking /home/chels/catkin_ws/devel/share/bwi_msgs/msg/LEDControlAction.msg
Symlinking /home/chels/catkin_ws/devel/share/bwi_msgs/msg/LEDControlGoal.msg
Symlinking /home/chels/catkin_ws/devel/share/bwi_msgs/msg/LEDControlActionFeedback.msg
Symlinking /home/chels/catkin_ws/devel/share/bwi_msgs/msg/LogicalNavGoal.msg
Symlinking /home/chels/catkin_ws/devel/share/bwi_msgs/msg/LEDControlFeedback.msg
Symlinking /home/chels/catkin_ws/devel/share/bwi_msgs/msg/LEDControlActionResult.msg
Symlinking /home/chels/catkin_ws/devel/share/gennodejs/ros/bwi_msgs/_index.js
Symlinking /home/chels/catkin_ws/devel/share/gennodejs/ros/bwi_msgs/srv/LEDClear.js
Symlinking /home/chels/catkin_ws/devel/share/gennodejs/ros/bwi_msgs/srv/ImageQuestion.js
Symlinking /home/chels/catkin_ws/devel/share/gennodejs/ros/bwi_msgs/srv/SemanticParser.js
Symlinking /home/chels/catkin_ws/devel/share/gennodejs/ros/bwi_msgs/srv/DoorHandlerInterface.js
Symlinking /home/chels/catkin_ws/devel/share/gennodejs/ros/bwi_msgs/srv/_index.js
Symlinking /home/chels/catkin_ws/devel/share/gennodejs/ros/bwi_msgs/srv/QuestionDialog.js
Symlinking /home/chels/catkin_ws/devel/share/gennodejs/ros/bwi_msgs/srv/RobotTeleporterInterface.js
Symlinking /home/chels/catkin_ws/devel/share/gennodejs/ros/bwi_msgs/srv/SaveImageResponse.js
Symlinking /home/chels/catkin_ws/devel/share/gennodejs/ros/bwi_msgs/srv/ActionUpdate.js
Symlinking /home/chels/catkin_ws/devel/share/gennodejs/ros/bwi_msgs/srv/LEDSetStatus.js
Symlinking /home/chels/catkin_ws/devel/share/gennodejs/ros/bwi_msgs/srv/ResolveChangeFloor.js
Symlinking /home/chels/catkin_ws/devel/share/gennodejs/ros/bwi_msgs/srv/GetNextImage.js
Symlinking /home/chels/catkin_ws/devel/share/gennodejs/ros/bwi_msgs/srv/CheckBool.js
Symlinking /home/chels/catkin_ws/devel/share/gennodejs/ros/bwi_msgs/srv/StopBase.js
Symlinking /home/chels/catkin_ws/devel/share/gennodejs/ros/bwi_msgs/srv/UpdateObject.js
Symlinking /home/chels/catkin_ws/devel/share/gennodejs/ros/bwi_msgs/srv/LEDTestStrip.js
Symlinking /home/chels/catkin_ws/devel/share/gennodejs/ros/bwi_msgs/srv/LocationAction.js
Symlinking /home/chels/catkin_ws/devel/share/gennodejs/ros/bwi_msgs/srv/NextLocation.js
Symlinking /home/chels/catkin_ws/devel/share/gennodejs/ros/bwi_msgs/srv/UploadImage.js
Symlinking /home/chels/catkin_ws/devel/share/gennodejs/ros/bwi_msgs/srv/ScavHunt.js
Symlinking /home/chels/catkin_ws/devel/share/gennodejs/ros/bwi_msgs/msg/LEDControlActionFeedback.js
Symlinking /home/chels/catkin_ws/devel/share/gennodejs/ros/bwi_msgs/msg/LogicalNavActionFeedback.js
Symlinking /home/chels/catkin_ws/devel/share/gennodejs/ros/bwi_msgs/msg/LogicalNavAction.js
Symlinking /home/chels/catkin_ws/devel/share/gennodejs/ros/bwi_msgs/msg/LogicalNavActionGoal.js
Symlinking /home/chels/catkin_ws/devel/share/gennodejs/ros/bwi_msgs/msg/LEDControlActionResult.js
Symlinking /home/chels/catkin_ws/devel/share/gennodejs/ros/bwi_msgs/msg/AvailableRobotArray.js
Symlinking /home/chels/catkin_ws/devel/share/gennodejs/ros/bwi_msgs/msg/ScavStatus.js
Symlinking /home/chels/catkin_ws/devel/share/gennodejs/ros/bwi_msgs/msg/LEDActionResult.js
Symlinking /home/chels/catkin_ws/devel/share/gennodejs/ros/bwi_msgs/msg/LEDControlResult.js
Symlinking /home/chels/catkin_ws/devel/share/gennodejs/ros/bwi_msgs/msg/LogicalNavActionResult.js
Symlinking /home/chels/catkin_ws/devel/share/gennodejs/ros/bwi_msgs/msg/LogicalNavGoal.js
Symlinking /home/chels/catkin_ws/devel/share/gennodejs/ros/bwi_msgs/msg/LEDControlFeedback.js
Symlinking /home/chels/catkin_ws/devel/share/gennodejs/ros/bwi_msgs/msg/AvailableRobot.js
Symlinking /home/chels/catkin_ws/devel/share/gennodejs/ros/bwi_msgs/msg/_index.js
Symlinking /home/chels/catkin_ws/devel/share/gennodejs/ros/bwi_msgs/msg/WeekTime.js
Symlinking /home/chels/catkin_ws/devel/share/gennodejs/ros/bwi_msgs/msg/LogicalNavFeedback.js
Symlinking /home/chels/catkin_ws/devel/share/gennodejs/ros/bwi_msgs/msg/LEDControlAction.js
Symlinking /home/chels/catkin_ws/devel/share/gennodejs/ros/bwi_msgs/msg/LEDTestType.js
Symlinking /home/chels/catkin_ws/devel/share/gennodejs/ros/bwi_msgs/msg/LEDAnimations.js
Symlinking /home/chels/catkin_ws/devel/share/gennodejs/ros/bwi_msgs/msg/LEDStatus.js
Symlinking /home/chels/catkin_ws/devel/share/gennodejs/ros/bwi_msgs/msg/LogicalNavResult.js
Symlinking /home/chels/catkin_ws/devel/share/gennodejs/ros/bwi_msgs/msg/LogicalNavigationState.js
Symlinking /home/chels/catkin_ws/devel/share/gennodejs/ros/bwi_msgs/msg/LEDControlGoal.js
Symlinking /home/chels/catkin_ws/devel/share/gennodejs/ros/bwi_msgs/msg/LEDControlActionGoal.js
Symlinking /home/chels/catkin_ws/devel/share/gennodejs/ros/bwi_msgs/msg/StopBaseStatus.js
Symlinking /home/chels/catkin_ws/devel/share/common-lisp/ros/bwi_msgs/srv/_package_GetNextImage.lisp
Symlinking /home/chels/catkin_ws/devel/share/common-lisp/ros/bwi_msgs/srv/_package_ActionUpdate.lisp
Symlinking /home/chels/catkin_ws/devel/share/common-lisp/ros/bwi_msgs/srv/_package_LocationAction.lisp
Symlinking /home/chels/catkin_ws/devel/share/common-lisp/ros/bwi_msgs/srv/_package_QuestionDialog.lisp
Symlinking /home/chels/catkin_ws/devel/share/common-lisp/ros/bwi_msgs/srv/_package_LEDSetStatus.lisp
Symlinking /home/chels/catkin_ws/devel/share/common-lisp/ros/bwi_msgs/srv/_package_UpdateObject.lisp
Symlinking /home/chels/catkin_ws/devel/share/common-lisp/ros/bwi_msgs/srv/_package_UploadImage.lisp
Symlinking /home/chels/catkin_ws/devel/share/common-lisp/ros/bwi_msgs/srv/_package_StopBase.lisp
Symlinking /home/chels/catkin_ws/devel/share/common-lisp/ros/bwi_msgs/srv/_package_LEDTestStrip.lisp
Symlinking /home/chels/catkin_ws/devel/share/common-lisp/ros/bwi_msgs/srv/LocationAction.lisp
Symlinking /home/chels/catkin_ws/devel/share/common-lisp/ros/bwi_msgs/srv/_package_CheckBool.lisp
Symlinking /home/chels/catkin_ws/devel/share/common-lisp/ros/bwi_msgs/srv/_package_SemanticParser.lisp
Symlinking /home/chels/catkin_ws/devel/share/common-lisp/ros/bwi_msgs/srv/_package_ImageQuestion.lisp
Symlinking /home/chels/catkin_ws/devel/share/common-lisp/ros/bwi_msgs/srv/LEDSetStatus.lisp
Symlinking /home/chels/catkin_ws/devel/share/common-lisp/ros/bwi_msgs/srv/ActionUpdate.lisp
Symlinking /home/chels/catkin_ws/devel/share/common-lisp/ros/bwi_msgs/srv/UpdateObject.lisp
Symlinking /home/chels/catkin_ws/devel/share/common-lisp/ros/bwi_msgs/srv/RobotTeleporterInterface.lisp
Symlinking /home/chels/catkin_ws/devel/share/common-lisp/ros/bwi_msgs/srv/SaveImageResponse.lisp
Symlinking /home/chels/catkin_ws/devel/share/common-lisp/ros/bwi_msgs/srv/GetNextImage.lisp
Symlinking /home/chels/catkin_ws/devel/share/common-lisp/ros/bwi_msgs/srv/_package_NextLocation.lisp
Symlinking /home/chels/catkin_ws/devel/share/common-lisp/ros/bwi_msgs/srv/_package_LEDClear.lisp
Symlinking /home/chels/catkin_ws/devel/share/common-lisp/ros/bwi_msgs/srv/LEDTestStrip.lisp
Symlinking /home/chels/catkin_ws/devel/share/common-lisp/ros/bwi_msgs/srv/_package_ResolveChangeFloor.lisp
Symlinking /home/chels/catkin_ws/devel/share/common-lisp/ros/bwi_msgs/srv/ScavHunt.lisp
Symlinking /home/chels/catkin_ws/devel/share/common-lisp/ros/bwi_msgs/srv/_package.lisp
Symlinking /home/chels/catkin_ws/devel/share/common-lisp/ros/bwi_msgs/srv/StopBase.lisp
Symlinking /home/chels/catkin_ws/devel/share/common-lisp/ros/bwi_msgs/srv/CheckBool.lisp
Symlinking /home/chels/catkin_ws/devel/share/common-lisp/ros/bwi_msgs/srv/SemanticParser.lisp
Symlinking /home/chels/catkin_ws/devel/share/common-lisp/ros/bwi_msgs/srv/LEDClear.lisp
Symlinking /home/chels/catkin_ws/devel/share/common-lisp/ros/bwi_msgs/srv/bwi_msgs-srv.asd
Symlinking /home/chels/catkin_ws/devel/share/common-lisp/ros/bwi_msgs/srv/UploadImage.lisp
Symlinking /home/chels/catkin_ws/devel/share/common-lisp/ros/bwi_msgs/srv/_package_SaveImageResponse.lisp
Symlinking /home/chels/catkin_ws/devel/share/common-lisp/ros/bwi_msgs/srv/ResolveChangeFloor.lisp
Symlinking /home/chels/catkin_ws/devel/share/common-lisp/ros/bwi_msgs/srv/_package_RobotTeleporterInterface.lisp
Symlinking /home/chels/catkin_ws/devel/share/common-lisp/ros/bwi_msgs/srv/_package_ScavHunt.lisp
Symlinking /home/chels/catkin_ws/devel/share/common-lisp/ros/bwi_msgs/srv/_package_DoorHandlerInterface.lisp
Symlinking /home/chels/catkin_ws/devel/share/common-lisp/ros/bwi_msgs/srv/QuestionDialog.lisp
Symlinking /home/chels/catkin_ws/devel/share/common-lisp/ros/bwi_msgs/srv/DoorHandlerInterface.lisp
Symlinking /home/chels/catkin_ws/devel/share/common-lisp/ros/bwi_msgs/srv/NextLocation.lisp
Symlinking /home/chels/catkin_ws/devel/share/common-lisp/ros/bwi_msgs/srv/ImageQuestion.lisp
Symlinking /home/chels/catkin_ws/devel/share/common-lisp/ros/bwi_msgs/msg/LEDTestType.lisp
Symlinking /home/chels/catkin_ws/devel/share/common-lisp/ros/bwi_msgs/msg/LEDControlGoal.lisp
Symlinking /home/chels/catkin_ws/devel/share/common-lisp/ros/bwi_msgs/msg/AvailableRobotArray.lisp
Symlinking /home/chels/catkin_ws/devel/share/common-lisp/ros/bwi_msgs/msg/_package_LogicalNavigationState.lisp
Symlinking /home/chels/catkin_ws/devel/share/common-lisp/ros/bwi_msgs/msg/_package_LEDAnimations.lisp
Symlinking /home/chels/catkin_ws/devel/share/common-lisp/ros/bwi_msgs/msg/_package_LEDControlGoal.lisp
Symlinking /home/chels/catkin_ws/devel/share/common-lisp/ros/bwi_msgs/msg/_package_LogicalNavFeedback.lisp
Symlinking /home/chels/catkin_ws/devel/share/common-lisp/ros/bwi_msgs/msg/WeekTime.lisp
Symlinking /home/chels/catkin_ws/devel/share/common-lisp/ros/bwi_msgs/msg/_package_AvailableRobotArray.lisp
Symlinking /home/chels/catkin_ws/devel/share/common-lisp/ros/bwi_msgs/msg/LogicalNavActionResult.lisp
Symlinking /home/chels/catkin_ws/devel/share/common-lisp/ros/bwi_msgs/msg/LogicalNavFeedback.lisp
Symlinking /home/chels/catkin_ws/devel/share/common-lisp/ros/bwi_msgs/msg/_package_LogicalNavResult.lisp
Symlinking /home/chels/catkin_ws/devel/share/common-lisp/ros/bwi_msgs/msg/LEDControlActionGoal.lisp
Symlinking /home/chels/catkin_ws/devel/share/common-lisp/ros/bwi_msgs/msg/LEDStatus.lisp
Symlinking /home/chels/catkin_ws/devel/share/common-lisp/ros/bwi_msgs/msg/_package_LogicalNavActionResult.lisp
Symlinking /home/chels/catkin_ws/devel/share/common-lisp/ros/bwi_msgs/msg/_package_LogicalNavGoal.lisp
Symlinking /home/chels/catkin_ws/devel/share/common-lisp/ros/bwi_msgs/msg/_package_LEDActionResult.lisp
Symlinking /home/chels/catkin_ws/devel/share/common-lisp/ros/bwi_msgs/msg/LEDAnimations.lisp
Symlinking /home/chels/catkin_ws/devel/share/common-lisp/ros/bwi_msgs/msg/LogicalNavAction.lisp
Symlinking /home/chels/catkin_ws/devel/share/common-lisp/ros/bwi_msgs/msg/LEDControlResult.lisp
Symlinking /home/chels/catkin_ws/devel/share/common-lisp/ros/bwi_msgs/msg/StopBaseStatus.lisp
Symlinking /home/chels/catkin_ws/devel/share/common-lisp/ros/bwi_msgs/msg/LEDControlActionResult.lisp
Symlinking /home/chels/catkin_ws/devel/share/common-lisp/ros/bwi_msgs/msg/_package_LogicalNavActionGoal.lisp
Symlinking /home/chels/catkin_ws/devel/share/common-lisp/ros/bwi_msgs/msg/_package_LEDTestType.lisp
Symlinking /home/chels/catkin_ws/devel/share/common-lisp/ros/bwi_msgs/msg/_package_LEDControlActionResult.lisp
Symlinking /home/chels/catkin_ws/devel/share/common-lisp/ros/bwi_msgs/msg/LogicalNavGoal.lisp
Symlinking /home/chels/catkin_ws/devel/share/common-lisp/ros/bwi_msgs/msg/LEDControlAction.lisp
Symlinking /home/chels/catkin_ws/devel/share/common-lisp/ros/bwi_msgs/msg/bwi_msgs-msg.asd
Symlinking /home/chels/catkin_ws/devel/share/common-lisp/ros/bwi_msgs/msg/LEDControlActionFeedback.lisp
Symlinking /home/chels/catkin_ws/devel/share/common-lisp/ros/bwi_msgs/msg/_package_LEDControlActionFeedback.lisp
Symlinking /home/chels/catkin_ws/devel/share/common-lisp/ros/bwi_msgs/msg/_package.lisp
Symlinking /home/chels/catkin_ws/devel/share/common-lisp/ros/bwi_msgs/msg/LEDControlFeedback.lisp
Symlinking /home/chels/catkin_ws/devel/share/common-lisp/ros/bwi_msgs/msg/ScavStatus.lisp
Symlinking /home/chels/catkin_ws/devel/share/common-lisp/ros/bwi_msgs/msg/LEDActionResult.lisp
Symlinking /home/chels/catkin_ws/devel/share/common-lisp/ros/bwi_msgs/msg/LogicalNavActionGoal.lisp
Symlinking /home/chels/catkin_ws/devel/share/common-lisp/ros/bwi_msgs/msg/LogicalNavActionFeedback.lisp
Symlinking /home/chels/catkin_ws/devel/share/common-lisp/ros/bwi_msgs/msg/_package_WeekTime.lisp
Symlinking /home/chels/catkin_ws/devel/share/common-lisp/ros/bwi_msgs/msg/_package_LEDControlFeedback.lisp
Symlinking /home/chels/catkin_ws/devel/share/common-lisp/ros/bwi_msgs/msg/LogicalNavResult.lisp
Symlinking /home/chels/catkin_ws/devel/share/common-lisp/ros/bwi_msgs/msg/_package_ScavStatus.lisp
Symlinking /home/chels/catkin_ws/devel/share/common-lisp/ros/bwi_msgs/msg/LogicalNavigationState.lisp
Symlinking /home/chels/catkin_ws/devel/share/common-lisp/ros/bwi_msgs/msg/_package_LEDControlResult.lisp
Symlinking /home/chels/catkin_ws/devel/share/common-lisp/ros/bwi_msgs/msg/_package_LEDStatus.lisp
Symlinking /home/chels/catkin_ws/devel/share/common-lisp/ros/bwi_msgs/msg/_package_LEDControlActionGoal.lisp
Symlinking /home/chels/catkin_ws/devel/share/common-lisp/ros/bwi_msgs/msg/AvailableRobot.lisp
Symlinking /home/chels/catkin_ws/devel/share/common-lisp/ros/bwi_msgs/msg/_package_LogicalNavActionFeedback.lisp
Symlinking /home/chels/catkin_ws/devel/share/common-lisp/ros/bwi_msgs/msg/_package_AvailableRobot.lisp
Symlinking /home/chels/catkin_ws/devel/share/common-lisp/ros/bwi_msgs/msg/_package_StopBaseStatus.lisp
Symlinking /home/chels/catkin_ws/devel/share/common-lisp/ros/bwi_msgs/msg/_package_LogicalNavAction.lisp
Symlinking /home/chels/catkin_ws/devel/share/common-lisp/ros/bwi_msgs/msg/_package_LEDControlAction.lisp
Symlinking /home/chels/catkin_ws/devel/share/roseus/ros/bwi_msgs/manifest.l
Symlinking /home/chels/catkin_ws/devel/share/roseus/ros/bwi_msgs/srv/UpdateObject.l
Symlinking /home/chels/catkin_ws/devel/share/roseus/ros/bwi_msgs/srv/GetNextImage.l
Symlinking /home/chels/catkin_ws/devel/share/roseus/ros/bwi_msgs/srv/RobotTeleporterInterface.l
Symlinking /home/chels/catkin_ws/devel/share/roseus/ros/bwi_msgs/srv/ResolveChangeFloor.l
Symlinking /home/chels/catkin_ws/devel/share/roseus/ros/bwi_msgs/srv/LEDClear.l
Symlinking /home/chels/catkin_ws/devel/share/roseus/ros/bwi_msgs/srv/CheckBool.l
Symlinking /home/chels/catkin_ws/devel/share/roseus/ros/bwi_msgs/srv/SaveImageResponse.l
Symlinking /home/chels/catkin_ws/devel/share/roseus/ros/bwi_msgs/srv/LEDSetStatus.l
Symlinking /home/chels/catkin_ws/devel/share/roseus/ros/bwi_msgs/srv/LEDTestStrip.l
Symlinking /home/chels/catkin_ws/devel/share/roseus/ros/bwi_msgs/srv/ActionUpdate.l
Symlinking /home/chels/catkin_ws/devel/share/roseus/ros/bwi_msgs/srv/SemanticParser.l
Symlinking /home/chels/catkin_ws/devel/share/roseus/ros/bwi_msgs/srv/ScavHunt.l
Symlinking /home/chels/catkin_ws/devel/share/roseus/ros/bwi_msgs/srv/LocationAction.l
Symlinking /home/chels/catkin_ws/devel/share/roseus/ros/bwi_msgs/srv/StopBase.l
Symlinking /home/chels/catkin_ws/devel/share/roseus/ros/bwi_msgs/srv/DoorHandlerInterface.l
Symlinking /home/chels/catkin_ws/devel/share/roseus/ros/bwi_msgs/srv/QuestionDialog.l
Symlinking /home/chels/catkin_ws/devel/share/roseus/ros/bwi_msgs/srv/ImageQuestion.l
Symlinking /home/chels/catkin_ws/devel/share/roseus/ros/bwi_msgs/srv/NextLocation.l
Symlinking /home/chels/catkin_ws/devel/share/roseus/ros/bwi_msgs/srv/UploadImage.l
Symlinking /home/chels/catkin_ws/devel/share/roseus/ros/bwi_msgs/msg/LogicalNavResult.l
Symlinking /home/chels/catkin_ws/devel/share/roseus/ros/bwi_msgs/msg/ScavStatus.l
Symlinking /home/chels/catkin_ws/devel/share/roseus/ros/bwi_msgs/msg/LogicalNavGoal.l
Symlinking /home/chels/catkin_ws/devel/share/roseus/ros/bwi_msgs/msg/LEDControlResult.l
Symlinking /home/chels/catkin_ws/devel/share/roseus/ros/bwi_msgs/msg/LEDControlAction.l
Symlinking /home/chels/catkin_ws/devel/share/roseus/ros/bwi_msgs/msg/LogicalNavFeedback.l
Symlinking /home/chels/catkin_ws/devel/share/roseus/ros/bwi_msgs/msg/LEDControlActionResult.l
Symlinking /home/chels/catkin_ws/devel/share/roseus/ros/bwi_msgs/msg/LogicalNavigationState.l
Symlinking /home/chels/catkin_ws/devel/share/roseus/ros/bwi_msgs/msg/LEDControlActionFeedback.l
Symlinking /home/chels/catkin_ws/devel/share/roseus/ros/bwi_msgs/msg/LogicalNavActionGoal.l
Symlinking /home/chels/catkin_ws/devel/share/roseus/ros/bwi_msgs/msg/LEDControlFeedback.l
Symlinking /home/chels/catkin_ws/devel/share/roseus/ros/bwi_msgs/msg/WeekTime.l
Symlinking /home/chels/catkin_ws/devel/share/roseus/ros/bwi_msgs/msg/LEDControlActionGoal.l
Symlinking /home/chels/catkin_ws/devel/share/roseus/ros/bwi_msgs/msg/AvailableRobot.l
Symlinking /home/chels/catkin_ws/devel/share/roseus/ros/bwi_msgs/msg/LEDAnimations.l
Symlinking /home/chels/catkin_ws/devel/share/roseus/ros/bwi_msgs/msg/AvailableRobotArray.l
Symlinking /home/chels/catkin_ws/devel/share/roseus/ros/bwi_msgs/msg/LogicalNavActionFeedback.l
Symlinking /home/chels/catkin_ws/devel/share/roseus/ros/bwi_msgs/msg/LEDActionResult.l
Symlinking /home/chels/catkin_ws/devel/share/roseus/ros/bwi_msgs/msg/LogicalNavActionResult.l
Symlinking /home/chels/catkin_ws/devel/share/roseus/ros/bwi_msgs/msg/LogicalNavAction.l
Symlinking /home/chels/catkin_ws/devel/share/roseus/ros/bwi_msgs/msg/StopBaseStatus.l
Symlinking /home/chels/catkin_ws/devel/share/roseus/ros/bwi_msgs/msg/LEDStatus.l
Symlinking /home/chels/catkin_ws/devel/share/roseus/ros/bwi_msgs/msg/LEDControlGoal.l
Symlinking /home/chels/catkin_ws/devel/share/roseus/ros/bwi_msgs/msg/LEDTestType.l
