Determining if the pthread_create exist failed with the following output:
Change Dir: /home/chelsea/catkin_ws/build/robotiq_3f_gripper_visualization/CMakeFiles/CMakeTmp

Run Build Command:"/usr/bin/make" "cmTC_1f76b/fast"
/usr/bin/make -f CMakeFiles/cmTC_1f76b.dir/build.make CMakeFiles/cmTC_1f76b.dir/build
make[1]: Entering directory '/home/chelsea/catkin_ws/build/robotiq_3f_gripper_visualization/CMakeFiles/CMakeTmp'
Building C object CMakeFiles/cmTC_1f76b.dir/CheckSymbolExists.c.o
/usr/bin/cc    -o CMakeFiles/cmTC_1f76b.dir/CheckSymbolExists.c.o   -c /home/chelsea/catkin_ws/build/robotiq_3f_gripper_visualization/CMakeFiles/CMakeTmp/CheckSymbolExists.c
Linking C executable cmTC_1f76b
/usr/bin/cmake -E cmake_link_script CMakeFiles/cmTC_1f76b.dir/link.txt --verbose=1
/usr/bin/cc      -rdynamic CMakeFiles/cmTC_1f76b.dir/CheckSymbolExists.c.o  -o cmTC_1f76b 
CMakeFiles/cmTC_1f76b.dir/CheckSymbolExists.c.o: In function `main':
CheckSymbolExists.c:(.text+0x1b): undefined reference to `pthread_create'
collect2: error: ld returned 1 exit status
CMakeFiles/cmTC_1f76b.dir/build.make:97: recipe for target 'cmTC_1f76b' failed
make[1]: *** [cmTC_1f76b] Error 1
make[1]: Leaving directory '/home/chelsea/catkin_ws/build/robotiq_3f_gripper_visualization/CMakeFiles/CMakeTmp'
Makefile:126: recipe for target 'cmTC_1f76b/fast' failed
make: *** [cmTC_1f76b/fast] Error 2

File /home/chelsea/catkin_ws/build/robotiq_3f_gripper_visualization/CMakeFiles/CMakeTmp/CheckSymbolExists.c:
/* */
#include <pthread.h>

int main(int argc, char** argv)
{
  (void)argv;
#ifndef pthread_create
  return ((int*)(&pthread_create))[argc];
#else
  (void)argc;
  return 0;
#endif
}

Determining if the function pthread_create exists in the pthreads failed with the following output:
Change Dir: /home/chelsea/catkin_ws/build/robotiq_3f_gripper_visualization/CMakeFiles/CMakeTmp

Run Build Command:"/usr/bin/make" "cmTC_c14b2/fast"
/usr/bin/make -f CMakeFiles/cmTC_c14b2.dir/build.make CMakeFiles/cmTC_c14b2.dir/build
make[1]: Entering directory '/home/chelsea/catkin_ws/build/robotiq_3f_gripper_visualization/CMakeFiles/CMakeTmp'
Building C object CMakeFiles/cmTC_c14b2.dir/CheckFunctionExists.c.o
/usr/bin/cc   -DCHECK_FUNCTION_EXISTS=pthread_create   -o CMakeFiles/cmTC_c14b2.dir/CheckFunctionExists.c.o   -c /usr/share/cmake-3.10/Modules/CheckFunctionExists.c
Linking C executable cmTC_c14b2
/usr/bin/cmake -E cmake_link_script CMakeFiles/cmTC_c14b2.dir/link.txt --verbose=1
/usr/bin/cc  -DCHECK_FUNCTION_EXISTS=pthread_create    -rdynamic CMakeFiles/cmTC_c14b2.dir/CheckFunctionExists.c.o  -o cmTC_c14b2 -lpthreads 
/usr/bin/ld: cannot find -lpthreads
collect2: error: ld returned 1 exit status
CMakeFiles/cmTC_c14b2.dir/build.make:97: recipe for target 'cmTC_c14b2' failed
make[1]: *** [cmTC_c14b2] Error 1
make[1]: Leaving directory '/home/chelsea/catkin_ws/build/robotiq_3f_gripper_visualization/CMakeFiles/CMakeTmp'
Makefile:126: recipe for target 'cmTC_c14b2/fast' failed
make: *** [cmTC_c14b2/fast] Error 2


