Determining if the pthread_create exist failed with the following output:
Change Dir: /home/chelsea/catkin_ws/build/robotiq_3f_gripper_joint_state_publisher/CMakeFiles/CMakeTmp

Run Build Command:"/usr/bin/make" "cmTC_36c25/fast"
/usr/bin/make -f CMakeFiles/cmTC_36c25.dir/build.make CMakeFiles/cmTC_36c25.dir/build
make[1]: Entering directory '/home/chelsea/catkin_ws/build/robotiq_3f_gripper_joint_state_publisher/CMakeFiles/CMakeTmp'
Building C object CMakeFiles/cmTC_36c25.dir/CheckSymbolExists.c.o
/usr/bin/cc    -o CMakeFiles/cmTC_36c25.dir/CheckSymbolExists.c.o   -c /home/chelsea/catkin_ws/build/robotiq_3f_gripper_joint_state_publisher/CMakeFiles/CMakeTmp/CheckSymbolExists.c
Linking C executable cmTC_36c25
/usr/bin/cmake -E cmake_link_script CMakeFiles/cmTC_36c25.dir/link.txt --verbose=1
/usr/bin/cc      -rdynamic CMakeFiles/cmTC_36c25.dir/CheckSymbolExists.c.o  -o cmTC_36c25 
CMakeFiles/cmTC_36c25.dir/CheckSymbolExists.c.o: In function `main':
CheckSymbolExists.c:(.text+0x1b): undefined reference to `pthread_create'
collect2: error: ld returned 1 exit status
CMakeFiles/cmTC_36c25.dir/build.make:97: recipe for target 'cmTC_36c25' failed
make[1]: *** [cmTC_36c25] Error 1
make[1]: Leaving directory '/home/chelsea/catkin_ws/build/robotiq_3f_gripper_joint_state_publisher/CMakeFiles/CMakeTmp'
Makefile:126: recipe for target 'cmTC_36c25/fast' failed
make: *** [cmTC_36c25/fast] Error 2

File /home/chelsea/catkin_ws/build/robotiq_3f_gripper_joint_state_publisher/CMakeFiles/CMakeTmp/CheckSymbolExists.c:
/* */
#include <pthread.h>

int main(int argc, char** argv)
{
  (void)argv;
#ifndef pthread_create
  return ((int*)(&pthread_create))[argc];
#else
  (void)argc;
  return 0;
#endif
}

Determining if the function pthread_create exists in the pthreads failed with the following output:
Change Dir: /home/chelsea/catkin_ws/build/robotiq_3f_gripper_joint_state_publisher/CMakeFiles/CMakeTmp

Run Build Command:"/usr/bin/make" "cmTC_19145/fast"
/usr/bin/make -f CMakeFiles/cmTC_19145.dir/build.make CMakeFiles/cmTC_19145.dir/build
make[1]: Entering directory '/home/chelsea/catkin_ws/build/robotiq_3f_gripper_joint_state_publisher/CMakeFiles/CMakeTmp'
Building C object CMakeFiles/cmTC_19145.dir/CheckFunctionExists.c.o
/usr/bin/cc   -DCHECK_FUNCTION_EXISTS=pthread_create   -o CMakeFiles/cmTC_19145.dir/CheckFunctionExists.c.o   -c /usr/share/cmake-3.10/Modules/CheckFunctionExists.c
Linking C executable cmTC_19145
/usr/bin/cmake -E cmake_link_script CMakeFiles/cmTC_19145.dir/link.txt --verbose=1
/usr/bin/cc  -DCHECK_FUNCTION_EXISTS=pthread_create    -rdynamic CMakeFiles/cmTC_19145.dir/CheckFunctionExists.c.o  -o cmTC_19145 -lpthreads 
/usr/bin/ld: cannot find -lpthreads
collect2: error: ld returned 1 exit status
CMakeFiles/cmTC_19145.dir/build.make:97: recipe for target 'cmTC_19145' failed
make[1]: *** [cmTC_19145] Error 1
make[1]: Leaving directory '/home/chelsea/catkin_ws/build/robotiq_3f_gripper_joint_state_publisher/CMakeFiles/CMakeTmp'
Makefile:126: recipe for target 'cmTC_19145/fast' failed
make: *** [cmTC_19145/fast] Error 2


