[35m[1mScanning dependencies of target _gqcnn_generate_messages_check_deps_Action[0m
[  0%] Built target _gqcnn_generate_messages_check_deps_Action
[35m[1mScanning dependencies of target geometry_msgs_generate_messages_nodejs[0m
[  0%] Built target geometry_msgs_generate_messages_nodejs
[35m[1mScanning dependencies of target _gqcnn_generate_messages_check_deps_GQCNNGrasp[0m
[  0%] Built target _gqcnn_generate_messages_check_deps_GQCNNGrasp
[35m[1mScanning dependencies of target _gqcnn_generate_messages_check_deps_GQCNNGraspPlannerSegmask[0m
[  0%] Built target _gqcnn_generate_messages_check_deps_GQCNNGraspPlannerSegmask
[35m[1mScanning dependencies of target sensor_msgs_generate_messages_nodejs[0m
[  0%] Built target sensor_msgs_generate_messages_nodejs
[35m[1mScanning dependencies of target _gqcnn_generate_messages_check_deps_GQCNNGraspPlanner[0m
[  0%] Built target _gqcnn_generate_messages_check_deps_GQCNNGraspPlanner
[35m[1mScanning dependencies of target _gqcnn_generate_messages_check_deps_BoundingBox[0m
[  0%] Built target _gqcnn_generate_messages_check_deps_BoundingBox
[35m[1mScanning dependencies of target _gqcnn_generate_messages_check_deps_GQCNNGraspPlannerBoundingBox[0m
[  0%] Built target _gqcnn_generate_messages_check_deps_GQCNNGraspPlannerBoundingBox
[35m[1mScanning dependencies of target _gqcnn_generate_messages_check_deps_Observation[0m
[  0%] Built target _gqcnn_generate_messages_check_deps_Observation
[35m[1mScanning dependencies of target geometry_msgs_generate_messages_eus[0m
[  0%] Built target geometry_msgs_generate_messages_eus
[35m[1mScanning dependencies of target sensor_msgs_generate_messages_eus[0m
[  0%] Built target sensor_msgs_generate_messages_eus
[35m[1mScanning dependencies of target sensor_msgs_generate_messages_py[0m
[  0%] Built target sensor_msgs_generate_messages_py
[35m[1mScanning dependencies of target geometry_msgs_generate_messages_py[0m
[  0%] Built target geometry_msgs_generate_messages_py
[35m[1mScanning dependencies of target sensor_msgs_generate_messages_cpp[0m
[  0%] Built target sensor_msgs_generate_messages_cpp
[35m[1mScanning dependencies of target geometry_msgs_generate_messages_cpp[0m
[  0%] Built target geometry_msgs_generate_messages_cpp
[35m[1mScanning dependencies of target geometry_msgs_generate_messages_lisp[0m
[  0%] Built target geometry_msgs_generate_messages_lisp
[35m[1mScanning dependencies of target sensor_msgs_generate_messages_lisp[0m
[  0%] Built target sensor_msgs_generate_messages_lisp
[35m[1mScanning dependencies of target gqcnn_generate_messages_nodejs[0m
[  2%] [34m[1mGenerating Javascript code from gqcnn/GQCNNGrasp.msg[0m
[  5%] [34m[1mGenerating Javascript code from gqcnn/Action.msg[0m
[  7%] [34m[1mGenerating Javascript code from gqcnn/Observation.msg[0m
[ 10%] [34m[1mGenerating Javascript code from gqcnn/BoundingBox.msg[0m
[ 13%] [34m[1mGenerating Javascript code from gqcnn/GQCNNGraspPlannerSegmask.srv[0m
[ 15%] [34m[1mGenerating Javascript code from gqcnn/GQCNNGraspPlannerBoundingBox.srv[0m
[ 18%] [34m[1mGenerating Javascript code from gqcnn/GQCNNGraspPlanner.srv[0m
[ 18%] Built target gqcnn_generate_messages_nodejs
[35m[1mScanning dependencies of target gqcnn_generate_messages_eus[0m
[ 21%] [34m[1mGenerating EusLisp code from gqcnn/GQCNNGrasp.msg[0m
[ 23%] [34m[1mGenerating EusLisp code from gqcnn/Action.msg[0m
[ 26%] [34m[1mGenerating EusLisp code from gqcnn/Observation.msg[0m
[ 28%] [34m[1mGenerating EusLisp code from gqcnn/BoundingBox.msg[0m
[ 31%] [34m[1mGenerating EusLisp code from gqcnn/GQCNNGraspPlannerSegmask.srv[0m
[ 34%] [34m[1mGenerating EusLisp code from gqcnn/GQCNNGraspPlannerBoundingBox.srv[0m
[ 36%] [34m[1mGenerating EusLisp code from gqcnn/GQCNNGraspPlanner.srv[0m
[ 39%] [34m[1mGenerating EusLisp manifest code for gqcnn[0m
WARNING: Package name "gazebo_ros_2Dmap_plugin" does not follow the naming conventions. It should start with a lower case letter and only contain lower case letters, digits, underscores, and dashes.
WARNING: Package name "gazebo_ros_2Dmap_plugin" does not follow the naming conventions. It should start with a lower case letter and only contain lower case letters, digits, underscores, and dashes.
[ 39%] Built target gqcnn_generate_messages_eus
[35m[1mScanning dependencies of target gqcnn_generate_messages_py[0m
[ 42%] [34m[1mGenerating Python from MSG gqcnn/GQCNNGrasp[0m
[ 44%] [34m[1mGenerating Python from MSG gqcnn/Action[0m
[ 47%] [34m[1mGenerating Python from MSG gqcnn/Observation[0m
[ 50%] [34m[1mGenerating Python from MSG gqcnn/BoundingBox[0m
[ 52%] [34m[1mGenerating Python code from SRV gqcnn/GQCNNGraspPlannerSegmask[0m
[ 55%] [34m[1mGenerating Python code from SRV gqcnn/GQCNNGraspPlannerBoundingBox[0m
[ 57%] [34m[1mGenerating Python code from SRV gqcnn/GQCNNGraspPlanner[0m
[ 60%] [34m[1mGenerating Python msg __init__.py for gqcnn[0m
[ 63%] [34m[1mGenerating Python srv __init__.py for gqcnn[0m
[35m[1mScanning dependencies of target gqcnn_generate_messages_cpp[0m
[ 65%] [34m[1mGenerating C++ code from gqcnn/GQCNNGrasp.msg[0m
[ 65%] Built target gqcnn_generate_messages_py
[35m[1mScanning dependencies of target gqcnn_generate_messages_lisp[0m
[ 68%] [34m[1mGenerating Lisp code from gqcnn/GQCNNGrasp.msg[0m
[ 71%] [34m[1mGenerating C++ code from gqcnn/Action.msg[0m
[ 73%] [34m[1mGenerating Lisp code from gqcnn/Action.msg[0m
[ 76%] [34m[1mGenerating Lisp code from gqcnn/Observation.msg[0m
[ 78%] [34m[1mGenerating Lisp code from gqcnn/BoundingBox.msg[0m
[ 81%] [34m[1mGenerating Lisp code from gqcnn/GQCNNGraspPlannerSegmask.srv[0m
[ 84%] [34m[1mGenerating C++ code from gqcnn/Observation.msg[0m
[ 86%] [34m[1mGenerating Lisp code from gqcnn/GQCNNGraspPlannerBoundingBox.srv[0m
[ 89%] [34m[1mGenerating Lisp code from gqcnn/GQCNNGraspPlanner.srv[0m
[ 89%] Built target gqcnn_generate_messages_lisp
[ 92%] [34m[1mGenerating C++ code from gqcnn/BoundingBox.msg[0m
[ 94%] [34m[1mGenerating C++ code from gqcnn/GQCNNGraspPlannerSegmask.srv[0m
[ 97%] [34m[1mGenerating C++ code from gqcnn/GQCNNGraspPlannerBoundingBox.srv[0m
[100%] [34m[1mGenerating C++ code from gqcnn/GQCNNGraspPlanner.srv[0m
[100%] Built target gqcnn_generate_messages_cpp
[35m[1mScanning dependencies of target gqcnn_generate_messages[0m
[100%] Built target gqcnn_generate_messages
