[  0%] Built target _gqcnn_generate_messages_check_deps_Action
[  0%] Built target geometry_msgs_generate_messages_nodejs
[  0%] Built target _gqcnn_generate_messages_check_deps_GQCNNGrasp
[  0%] Built target _gqcnn_generate_messages_check_deps_GQCNNGraspPlannerSegmask
[  0%] Built target sensor_msgs_generate_messages_nodejs
[  0%] Built target _gqcnn_generate_messages_check_deps_GQCNNGraspPlanner
[  0%] Built target _gqcnn_generate_messages_check_deps_BoundingBox
[  0%] Built target geometry_msgs_generate_messages_eus
[  0%] Built target _gqcnn_generate_messages_check_deps_GQCNNGraspPlannerBoundingBox
[  0%] Built target _gqcnn_generate_messages_check_deps_Observation
[  0%] Built target sensor_msgs_generate_messages_eus
[  0%] Built target sensor_msgs_generate_messages_py
[  0%] Built target geometry_msgs_generate_messages_py
[  0%] Built target sensor_msgs_generate_messages_cpp
[  0%] Built target geometry_msgs_generate_messages_cpp
[  0%] Built target geometry_msgs_generate_messages_lisp
[  0%] Built target sensor_msgs_generate_messages_lisp
[ 18%] Built target gqcnn_generate_messages_nodejs
[ 39%] Built target gqcnn_generate_messages_eus
[ 63%] Built target gqcnn_generate_messages_py
[ 81%] Built target gqcnn_generate_messages_cpp
[100%] Built target gqcnn_generate_messages_lisp
[100%] Built target gqcnn_generate_messages
