Symlinking /home/chels/catkin_ws/devel/include/gqcnn/GQCNNGraspPlannerRequest.h
Symlinking /home/chels/catkin_ws/devel/include/gqcnn/GQCNNGrasp.h
Symlinking /home/chels/catkin_ws/devel/include/gqcnn/GQCNNGraspPlannerBoundingBoxRequest.h
Symlinking /home/chels/catkin_ws/devel/include/gqcnn/GQCNNGraspPlannerResponse.h
Symlinking /home/chels/catkin_ws/devel/include/gqcnn/Action.h
Symlinking /home/chels/catkin_ws/devel/include/gqcnn/GQCNNGraspPlannerSegmaskRequest.h
Symlinking /home/chels/catkin_ws/devel/include/gqcnn/BoundingBox.h
Symlinking /home/chels/catkin_ws/devel/include/gqcnn/GQCNNGraspPlannerSegmask.h
Symlinking /home/chels/catkin_ws/devel/include/gqcnn/GQCNNGraspPlanner.h
Symlinking /home/chels/catkin_ws/devel/include/gqcnn/Observation.h
Symlinking /home/chels/catkin_ws/devel/include/gqcnn/GQCNNGraspPlannerBoundingBoxResponse.h
Symlinking /home/chels/catkin_ws/devel/include/gqcnn/GQCNNGraspPlannerSegmaskResponse.h
Symlinking /home/chels/catkin_ws/devel/include/gqcnn/GQCNNGraspPlannerBoundingBox.h
Symlinking /home/chels/catkin_ws/devel/lib/python2.7/dist-packages/gqcnn/__init__.py
Symlinking /home/chels/catkin_ws/devel/lib/python2.7/dist-packages/gqcnn/srv/_GQCNNGraspPlanner.py
Symlinking /home/chels/catkin_ws/devel/lib/python2.7/dist-packages/gqcnn/srv/_GQCNNGraspPlannerSegmask.py
Symlinking /home/chels/catkin_ws/devel/lib/python2.7/dist-packages/gqcnn/srv/_GQCNNGraspPlannerBoundingBox.py
Symlinking /home/chels/catkin_ws/devel/lib/python2.7/dist-packages/gqcnn/srv/__init__.py
Symlinking /home/chels/catkin_ws/devel/lib/python2.7/dist-packages/gqcnn/msg/_GQCNNGrasp.py
Symlinking /home/chels/catkin_ws/devel/lib/python2.7/dist-packages/gqcnn/msg/_Action.py
Symlinking /home/chels/catkin_ws/devel/lib/python2.7/dist-packages/gqcnn/msg/_BoundingBox.py
Symlinking /home/chels/catkin_ws/devel/lib/python2.7/dist-packages/gqcnn/msg/_Observation.py
Symlinking /home/chels/catkin_ws/devel/lib/python2.7/dist-packages/gqcnn/msg/__init__.py
Symlinking /home/chels/catkin_ws/devel/lib/pkgconfig/gqcnn.pc
Symlinking /home/chels/catkin_ws/devel/share/gennodejs/ros/gqcnn/_index.js
Symlinking /home/chels/catkin_ws/devel/share/gennodejs/ros/gqcnn/srv/GQCNNGraspPlannerBoundingBox.js
Symlinking /home/chels/catkin_ws/devel/share/gennodejs/ros/gqcnn/srv/_index.js
Symlinking /home/chels/catkin_ws/devel/share/gennodejs/ros/gqcnn/srv/GQCNNGraspPlanner.js
Symlinking /home/chels/catkin_ws/devel/share/gennodejs/ros/gqcnn/srv/GQCNNGraspPlannerSegmask.js
Symlinking /home/chels/catkin_ws/devel/share/gennodejs/ros/gqcnn/msg/GQCNNGrasp.js
Symlinking /home/chels/catkin_ws/devel/share/gennodejs/ros/gqcnn/msg/Observation.js
Symlinking /home/chels/catkin_ws/devel/share/gennodejs/ros/gqcnn/msg/Action.js
Symlinking /home/chels/catkin_ws/devel/share/gennodejs/ros/gqcnn/msg/_index.js
Symlinking /home/chels/catkin_ws/devel/share/gennodejs/ros/gqcnn/msg/BoundingBox.js
Symlinking /home/chels/catkin_ws/devel/share/common-lisp/ros/gqcnn/srv/gqcnn-srv.asd
Symlinking /home/chels/catkin_ws/devel/share/common-lisp/ros/gqcnn/srv/GQCNNGraspPlanner.lisp
Symlinking /home/chels/catkin_ws/devel/share/common-lisp/ros/gqcnn/srv/_package_GQCNNGraspPlanner.lisp
Symlinking /home/chels/catkin_ws/devel/share/common-lisp/ros/gqcnn/srv/_package_GQCNNGraspPlannerBoundingBox.lisp
Symlinking /home/chels/catkin_ws/devel/share/common-lisp/ros/gqcnn/srv/GQCNNGraspPlannerSegmask.lisp
Symlinking /home/chels/catkin_ws/devel/share/common-lisp/ros/gqcnn/srv/_package_GQCNNGraspPlannerSegmask.lisp
Symlinking /home/chels/catkin_ws/devel/share/common-lisp/ros/gqcnn/srv/GQCNNGraspPlannerBoundingBox.lisp
Symlinking /home/chels/catkin_ws/devel/share/common-lisp/ros/gqcnn/srv/_package.lisp
Symlinking /home/chels/catkin_ws/devel/share/common-lisp/ros/gqcnn/msg/_package_BoundingBox.lisp
Symlinking /home/chels/catkin_ws/devel/share/common-lisp/ros/gqcnn/msg/Action.lisp
Symlinking /home/chels/catkin_ws/devel/share/common-lisp/ros/gqcnn/msg/gqcnn-msg.asd
Symlinking /home/chels/catkin_ws/devel/share/common-lisp/ros/gqcnn/msg/_package_GQCNNGrasp.lisp
Symlinking /home/chels/catkin_ws/devel/share/common-lisp/ros/gqcnn/msg/GQCNNGrasp.lisp
Symlinking /home/chels/catkin_ws/devel/share/common-lisp/ros/gqcnn/msg/_package_Action.lisp
Symlinking /home/chels/catkin_ws/devel/share/common-lisp/ros/gqcnn/msg/Observation.lisp
Symlinking /home/chels/catkin_ws/devel/share/common-lisp/ros/gqcnn/msg/BoundingBox.lisp
Symlinking /home/chels/catkin_ws/devel/share/common-lisp/ros/gqcnn/msg/_package_Observation.lisp
Symlinking /home/chels/catkin_ws/devel/share/common-lisp/ros/gqcnn/msg/_package.lisp
Symlinking /home/chels/catkin_ws/devel/share/gqcnn/cmake/gqcnnConfig-version.cmake
Symlinking /home/chels/catkin_ws/devel/share/gqcnn/cmake/gqcnn-msg-extras.cmake
Symlinking /home/chels/catkin_ws/devel/share/gqcnn/cmake/gqcnn-msg-paths.cmake
Symlinking /home/chels/catkin_ws/devel/share/gqcnn/cmake/gqcnnConfig.cmake
Symlinking /home/chels/catkin_ws/devel/share/roseus/ros/gqcnn/manifest.l
Symlinking /home/chels/catkin_ws/devel/share/roseus/ros/gqcnn/srv/GQCNNGraspPlannerBoundingBox.l
Symlinking /home/chels/catkin_ws/devel/share/roseus/ros/gqcnn/srv/GQCNNGraspPlannerSegmask.l
Symlinking /home/chels/catkin_ws/devel/share/roseus/ros/gqcnn/srv/GQCNNGraspPlanner.l
Symlinking /home/chels/catkin_ws/devel/share/roseus/ros/gqcnn/msg/GQCNNGrasp.l
Symlinking /home/chels/catkin_ws/devel/share/roseus/ros/gqcnn/msg/Observation.l
Symlinking /home/chels/catkin_ws/devel/share/roseus/ros/gqcnn/msg/BoundingBox.l
Symlinking /home/chels/catkin_ws/devel/share/roseus/ros/gqcnn/msg/Action.l
