Linked: (/home/chels/catkin_ws/devel/.private/gqcnn/include/gqcnn/GQCNNGraspPlannerRequest.h, /home/chels/catkin_ws/devel/include/gqcnn/GQCNNGraspPlannerRequest.h)
Linked: (/home/chels/catkin_ws/devel/.private/gqcnn/include/gqcnn/GQCNNGrasp.h, /home/chels/catkin_ws/devel/include/gqcnn/GQCNNGrasp.h)
Linked: (/home/chels/catkin_ws/devel/.private/gqcnn/include/gqcnn/GQCNNGraspPlannerBoundingBoxRequest.h, /home/chels/catkin_ws/devel/include/gqcnn/GQCNNGraspPlannerBoundingBoxRequest.h)
Linked: (/home/chels/catkin_ws/devel/.private/gqcnn/include/gqcnn/GQCNNGraspPlannerResponse.h, /home/chels/catkin_ws/devel/include/gqcnn/GQCNNGraspPlannerResponse.h)
Linked: (/home/chels/catkin_ws/devel/.private/gqcnn/include/gqcnn/Action.h, /home/chels/catkin_ws/devel/include/gqcnn/Action.h)
Linked: (/home/chels/catkin_ws/devel/.private/gqcnn/include/gqcnn/GQCNNGraspPlannerSegmaskRequest.h, /home/chels/catkin_ws/devel/include/gqcnn/GQCNNGraspPlannerSegmaskRequest.h)
Linked: (/home/chels/catkin_ws/devel/.private/gqcnn/include/gqcnn/BoundingBox.h, /home/chels/catkin_ws/devel/include/gqcnn/BoundingBox.h)
Linked: (/home/chels/catkin_ws/devel/.private/gqcnn/include/gqcnn/GQCNNGraspPlannerSegmask.h, /home/chels/catkin_ws/devel/include/gqcnn/GQCNNGraspPlannerSegmask.h)
Linked: (/home/chels/catkin_ws/devel/.private/gqcnn/include/gqcnn/GQCNNGraspPlanner.h, /home/chels/catkin_ws/devel/include/gqcnn/GQCNNGraspPlanner.h)
Linked: (/home/chels/catkin_ws/devel/.private/gqcnn/include/gqcnn/Observation.h, /home/chels/catkin_ws/devel/include/gqcnn/Observation.h)
Linked: (/home/chels/catkin_ws/devel/.private/gqcnn/include/gqcnn/GQCNNGraspPlannerBoundingBoxResponse.h, /home/chels/catkin_ws/devel/include/gqcnn/GQCNNGraspPlannerBoundingBoxResponse.h)
Linked: (/home/chels/catkin_ws/devel/.private/gqcnn/include/gqcnn/GQCNNGraspPlannerSegmaskResponse.h, /home/chels/catkin_ws/devel/include/gqcnn/GQCNNGraspPlannerSegmaskResponse.h)
Linked: (/home/chels/catkin_ws/devel/.private/gqcnn/include/gqcnn/GQCNNGraspPlannerBoundingBox.h, /home/chels/catkin_ws/devel/include/gqcnn/GQCNNGraspPlannerBoundingBox.h)
Linked: (/home/chels/catkin_ws/devel/.private/gqcnn/lib/python2.7/dist-packages/gqcnn/__init__.py, /home/chels/catkin_ws/devel/lib/python2.7/dist-packages/gqcnn/__init__.py)
Linked: (/home/chels/catkin_ws/devel/.private/gqcnn/lib/python2.7/dist-packages/gqcnn/srv/_GQCNNGraspPlanner.py, /home/chels/catkin_ws/devel/lib/python2.7/dist-packages/gqcnn/srv/_GQCNNGraspPlanner.py)
Linked: (/home/chels/catkin_ws/devel/.private/gqcnn/lib/python2.7/dist-packages/gqcnn/srv/_GQCNNGraspPlannerSegmask.py, /home/chels/catkin_ws/devel/lib/python2.7/dist-packages/gqcnn/srv/_GQCNNGraspPlannerSegmask.py)
Linked: (/home/chels/catkin_ws/devel/.private/gqcnn/lib/python2.7/dist-packages/gqcnn/srv/_GQCNNGraspPlannerBoundingBox.py, /home/chels/catkin_ws/devel/lib/python2.7/dist-packages/gqcnn/srv/_GQCNNGraspPlannerBoundingBox.py)
Linked: (/home/chels/catkin_ws/devel/.private/gqcnn/lib/python2.7/dist-packages/gqcnn/srv/__init__.py, /home/chels/catkin_ws/devel/lib/python2.7/dist-packages/gqcnn/srv/__init__.py)
Linked: (/home/chels/catkin_ws/devel/.private/gqcnn/lib/python2.7/dist-packages/gqcnn/msg/_GQCNNGrasp.py, /home/chels/catkin_ws/devel/lib/python2.7/dist-packages/gqcnn/msg/_GQCNNGrasp.py)
Linked: (/home/chels/catkin_ws/devel/.private/gqcnn/lib/python2.7/dist-packages/gqcnn/msg/_Action.py, /home/chels/catkin_ws/devel/lib/python2.7/dist-packages/gqcnn/msg/_Action.py)
Linked: (/home/chels/catkin_ws/devel/.private/gqcnn/lib/python2.7/dist-packages/gqcnn/msg/_BoundingBox.py, /home/chels/catkin_ws/devel/lib/python2.7/dist-packages/gqcnn/msg/_BoundingBox.py)
Linked: (/home/chels/catkin_ws/devel/.private/gqcnn/lib/python2.7/dist-packages/gqcnn/msg/_Observation.py, /home/chels/catkin_ws/devel/lib/python2.7/dist-packages/gqcnn/msg/_Observation.py)
Linked: (/home/chels/catkin_ws/devel/.private/gqcnn/lib/python2.7/dist-packages/gqcnn/msg/__init__.py, /home/chels/catkin_ws/devel/lib/python2.7/dist-packages/gqcnn/msg/__init__.py)
Linked: (/home/chels/catkin_ws/devel/.private/gqcnn/lib/pkgconfig/gqcnn.pc, /home/chels/catkin_ws/devel/lib/pkgconfig/gqcnn.pc)
Linked: (/home/chels/catkin_ws/devel/.private/gqcnn/share/gennodejs/ros/gqcnn/_index.js, /home/chels/catkin_ws/devel/share/gennodejs/ros/gqcnn/_index.js)
Linked: (/home/chels/catkin_ws/devel/.private/gqcnn/share/gennodejs/ros/gqcnn/srv/GQCNNGraspPlannerBoundingBox.js, /home/chels/catkin_ws/devel/share/gennodejs/ros/gqcnn/srv/GQCNNGraspPlannerBoundingBox.js)
Linked: (/home/chels/catkin_ws/devel/.private/gqcnn/share/gennodejs/ros/gqcnn/srv/_index.js, /home/chels/catkin_ws/devel/share/gennodejs/ros/gqcnn/srv/_index.js)
Linked: (/home/chels/catkin_ws/devel/.private/gqcnn/share/gennodejs/ros/gqcnn/srv/GQCNNGraspPlanner.js, /home/chels/catkin_ws/devel/share/gennodejs/ros/gqcnn/srv/GQCNNGraspPlanner.js)
Linked: (/home/chels/catkin_ws/devel/.private/gqcnn/share/gennodejs/ros/gqcnn/srv/GQCNNGraspPlannerSegmask.js, /home/chels/catkin_ws/devel/share/gennodejs/ros/gqcnn/srv/GQCNNGraspPlannerSegmask.js)
Linked: (/home/chels/catkin_ws/devel/.private/gqcnn/share/gennodejs/ros/gqcnn/msg/GQCNNGrasp.js, /home/chels/catkin_ws/devel/share/gennodejs/ros/gqcnn/msg/GQCNNGrasp.js)
Linked: (/home/chels/catkin_ws/devel/.private/gqcnn/share/gennodejs/ros/gqcnn/msg/Observation.js, /home/chels/catkin_ws/devel/share/gennodejs/ros/gqcnn/msg/Observation.js)
Linked: (/home/chels/catkin_ws/devel/.private/gqcnn/share/gennodejs/ros/gqcnn/msg/Action.js, /home/chels/catkin_ws/devel/share/gennodejs/ros/gqcnn/msg/Action.js)
Linked: (/home/chels/catkin_ws/devel/.private/gqcnn/share/gennodejs/ros/gqcnn/msg/_index.js, /home/chels/catkin_ws/devel/share/gennodejs/ros/gqcnn/msg/_index.js)
Linked: (/home/chels/catkin_ws/devel/.private/gqcnn/share/gennodejs/ros/gqcnn/msg/BoundingBox.js, /home/chels/catkin_ws/devel/share/gennodejs/ros/gqcnn/msg/BoundingBox.js)
Linked: (/home/chels/catkin_ws/devel/.private/gqcnn/share/common-lisp/ros/gqcnn/srv/gqcnn-srv.asd, /home/chels/catkin_ws/devel/share/common-lisp/ros/gqcnn/srv/gqcnn-srv.asd)
Linked: (/home/chels/catkin_ws/devel/.private/gqcnn/share/common-lisp/ros/gqcnn/srv/GQCNNGraspPlanner.lisp, /home/chels/catkin_ws/devel/share/common-lisp/ros/gqcnn/srv/GQCNNGraspPlanner.lisp)
Linked: (/home/chels/catkin_ws/devel/.private/gqcnn/share/common-lisp/ros/gqcnn/srv/_package_GQCNNGraspPlanner.lisp, /home/chels/catkin_ws/devel/share/common-lisp/ros/gqcnn/srv/_package_GQCNNGraspPlanner.lisp)
Linked: (/home/chels/catkin_ws/devel/.private/gqcnn/share/common-lisp/ros/gqcnn/srv/_package_GQCNNGraspPlannerBoundingBox.lisp, /home/chels/catkin_ws/devel/share/common-lisp/ros/gqcnn/srv/_package_GQCNNGraspPlannerBoundingBox.lisp)
Linked: (/home/chels/catkin_ws/devel/.private/gqcnn/share/common-lisp/ros/gqcnn/srv/GQCNNGraspPlannerSegmask.lisp, /home/chels/catkin_ws/devel/share/common-lisp/ros/gqcnn/srv/GQCNNGraspPlannerSegmask.lisp)
Linked: (/home/chels/catkin_ws/devel/.private/gqcnn/share/common-lisp/ros/gqcnn/srv/_package_GQCNNGraspPlannerSegmask.lisp, /home/chels/catkin_ws/devel/share/common-lisp/ros/gqcnn/srv/_package_GQCNNGraspPlannerSegmask.lisp)
Linked: (/home/chels/catkin_ws/devel/.private/gqcnn/share/common-lisp/ros/gqcnn/srv/GQCNNGraspPlannerBoundingBox.lisp, /home/chels/catkin_ws/devel/share/common-lisp/ros/gqcnn/srv/GQCNNGraspPlannerBoundingBox.lisp)
Linked: (/home/chels/catkin_ws/devel/.private/gqcnn/share/common-lisp/ros/gqcnn/srv/_package.lisp, /home/chels/catkin_ws/devel/share/common-lisp/ros/gqcnn/srv/_package.lisp)
Linked: (/home/chels/catkin_ws/devel/.private/gqcnn/share/common-lisp/ros/gqcnn/msg/_package_BoundingBox.lisp, /home/chels/catkin_ws/devel/share/common-lisp/ros/gqcnn/msg/_package_BoundingBox.lisp)
Linked: (/home/chels/catkin_ws/devel/.private/gqcnn/share/common-lisp/ros/gqcnn/msg/Action.lisp, /home/chels/catkin_ws/devel/share/common-lisp/ros/gqcnn/msg/Action.lisp)
Linked: (/home/chels/catkin_ws/devel/.private/gqcnn/share/common-lisp/ros/gqcnn/msg/gqcnn-msg.asd, /home/chels/catkin_ws/devel/share/common-lisp/ros/gqcnn/msg/gqcnn-msg.asd)
Linked: (/home/chels/catkin_ws/devel/.private/gqcnn/share/common-lisp/ros/gqcnn/msg/_package_GQCNNGrasp.lisp, /home/chels/catkin_ws/devel/share/common-lisp/ros/gqcnn/msg/_package_GQCNNGrasp.lisp)
Linked: (/home/chels/catkin_ws/devel/.private/gqcnn/share/common-lisp/ros/gqcnn/msg/GQCNNGrasp.lisp, /home/chels/catkin_ws/devel/share/common-lisp/ros/gqcnn/msg/GQCNNGrasp.lisp)
Linked: (/home/chels/catkin_ws/devel/.private/gqcnn/share/common-lisp/ros/gqcnn/msg/_package_Action.lisp, /home/chels/catkin_ws/devel/share/common-lisp/ros/gqcnn/msg/_package_Action.lisp)
Linked: (/home/chels/catkin_ws/devel/.private/gqcnn/share/common-lisp/ros/gqcnn/msg/Observation.lisp, /home/chels/catkin_ws/devel/share/common-lisp/ros/gqcnn/msg/Observation.lisp)
Linked: (/home/chels/catkin_ws/devel/.private/gqcnn/share/common-lisp/ros/gqcnn/msg/BoundingBox.lisp, /home/chels/catkin_ws/devel/share/common-lisp/ros/gqcnn/msg/BoundingBox.lisp)
Linked: (/home/chels/catkin_ws/devel/.private/gqcnn/share/common-lisp/ros/gqcnn/msg/_package_Observation.lisp, /home/chels/catkin_ws/devel/share/common-lisp/ros/gqcnn/msg/_package_Observation.lisp)
Linked: (/home/chels/catkin_ws/devel/.private/gqcnn/share/common-lisp/ros/gqcnn/msg/_package.lisp, /home/chels/catkin_ws/devel/share/common-lisp/ros/gqcnn/msg/_package.lisp)
Linked: (/home/chels/catkin_ws/devel/.private/gqcnn/share/gqcnn/cmake/gqcnnConfig-version.cmake, /home/chels/catkin_ws/devel/share/gqcnn/cmake/gqcnnConfig-version.cmake)
Linked: (/home/chels/catkin_ws/devel/.private/gqcnn/share/gqcnn/cmake/gqcnn-msg-extras.cmake, /home/chels/catkin_ws/devel/share/gqcnn/cmake/gqcnn-msg-extras.cmake)
Linked: (/home/chels/catkin_ws/devel/.private/gqcnn/share/gqcnn/cmake/gqcnn-msg-paths.cmake, /home/chels/catkin_ws/devel/share/gqcnn/cmake/gqcnn-msg-paths.cmake)
Linked: (/home/chels/catkin_ws/devel/.private/gqcnn/share/gqcnn/cmake/gqcnnConfig.cmake, /home/chels/catkin_ws/devel/share/gqcnn/cmake/gqcnnConfig.cmake)
Linked: (/home/chels/catkin_ws/devel/.private/gqcnn/share/roseus/ros/gqcnn/manifest.l, /home/chels/catkin_ws/devel/share/roseus/ros/gqcnn/manifest.l)
Linked: (/home/chels/catkin_ws/devel/.private/gqcnn/share/roseus/ros/gqcnn/srv/GQCNNGraspPlannerBoundingBox.l, /home/chels/catkin_ws/devel/share/roseus/ros/gqcnn/srv/GQCNNGraspPlannerBoundingBox.l)
Linked: (/home/chels/catkin_ws/devel/.private/gqcnn/share/roseus/ros/gqcnn/srv/GQCNNGraspPlannerSegmask.l, /home/chels/catkin_ws/devel/share/roseus/ros/gqcnn/srv/GQCNNGraspPlannerSegmask.l)
Linked: (/home/chels/catkin_ws/devel/.private/gqcnn/share/roseus/ros/gqcnn/srv/GQCNNGraspPlanner.l, /home/chels/catkin_ws/devel/share/roseus/ros/gqcnn/srv/GQCNNGraspPlanner.l)
Linked: (/home/chels/catkin_ws/devel/.private/gqcnn/share/roseus/ros/gqcnn/msg/GQCNNGrasp.l, /home/chels/catkin_ws/devel/share/roseus/ros/gqcnn/msg/GQCNNGrasp.l)
Linked: (/home/chels/catkin_ws/devel/.private/gqcnn/share/roseus/ros/gqcnn/msg/Observation.l, /home/chels/catkin_ws/devel/share/roseus/ros/gqcnn/msg/Observation.l)
Linked: (/home/chels/catkin_ws/devel/.private/gqcnn/share/roseus/ros/gqcnn/msg/BoundingBox.l, /home/chels/catkin_ws/devel/share/roseus/ros/gqcnn/msg/BoundingBox.l)
Linked: (/home/chels/catkin_ws/devel/.private/gqcnn/share/roseus/ros/gqcnn/msg/Action.l, /home/chels/catkin_ws/devel/share/roseus/ros/gqcnn/msg/Action.l)
