Determining if the pthread_create exist failed with the following output:
Change Dir: /home/chels/catkin_ws/build/ur_description/CMakeFiles/CMakeTmp

Run Build Command:"/usr/bin/make" "cmTC_8a6bd/fast"
/usr/bin/make -f CMakeFiles/cmTC_8a6bd.dir/build.make CMakeFiles/cmTC_8a6bd.dir/build
make[1]: Entering directory '/home/chels/catkin_ws/build/ur_description/CMakeFiles/CMakeTmp'
Building C object CMakeFiles/cmTC_8a6bd.dir/CheckSymbolExists.c.o
/usr/bin/cc    -o CMakeFiles/cmTC_8a6bd.dir/CheckSymbolExists.c.o   -c /home/chels/catkin_ws/build/ur_description/CMakeFiles/CMakeTmp/CheckSymbolExists.c
Linking C executable cmTC_8a6bd
/usr/bin/cmake -E cmake_link_script CMakeFiles/cmTC_8a6bd.dir/link.txt --verbose=1
/usr/bin/cc      -rdynamic CMakeFiles/cmTC_8a6bd.dir/CheckSymbolExists.c.o  -o cmTC_8a6bd 
CMakeFiles/cmTC_8a6bd.dir/CheckSymbolExists.c.o: In function `main':
CheckSymbolExists.c:(.text+0x1b): undefined reference to `pthread_create'
collect2: error: ld returned 1 exit status
CMakeFiles/cmTC_8a6bd.dir/build.make:97: recipe for target 'cmTC_8a6bd' failed
make[1]: *** [cmTC_8a6bd] Error 1
make[1]: Leaving directory '/home/chels/catkin_ws/build/ur_description/CMakeFiles/CMakeTmp'
Makefile:126: recipe for target 'cmTC_8a6bd/fast' failed
make: *** [cmTC_8a6bd/fast] Error 2

File /home/chels/catkin_ws/build/ur_description/CMakeFiles/CMakeTmp/CheckSymbolExists.c:
/* */
#include <pthread.h>

int main(int argc, char** argv)
{
  (void)argv;
#ifndef pthread_create
  return ((int*)(&pthread_create))[argc];
#else
  (void)argc;
  return 0;
#endif
}

Determining if the function pthread_create exists in the pthreads failed with the following output:
Change Dir: /home/chels/catkin_ws/build/ur_description/CMakeFiles/CMakeTmp

Run Build Command:"/usr/bin/make" "cmTC_e72ef/fast"
/usr/bin/make -f CMakeFiles/cmTC_e72ef.dir/build.make CMakeFiles/cmTC_e72ef.dir/build
make[1]: Entering directory '/home/chels/catkin_ws/build/ur_description/CMakeFiles/CMakeTmp'
Building C object CMakeFiles/cmTC_e72ef.dir/CheckFunctionExists.c.o
/usr/bin/cc   -DCHECK_FUNCTION_EXISTS=pthread_create   -o CMakeFiles/cmTC_e72ef.dir/CheckFunctionExists.c.o   -c /usr/share/cmake-3.10/Modules/CheckFunctionExists.c
Linking C executable cmTC_e72ef
/usr/bin/cmake -E cmake_link_script CMakeFiles/cmTC_e72ef.dir/link.txt --verbose=1
/usr/bin/cc  -DCHECK_FUNCTION_EXISTS=pthread_create    -rdynamic CMakeFiles/cmTC_e72ef.dir/CheckFunctionExists.c.o  -o cmTC_e72ef -lpthreads 
/usr/bin/ld: cannot find -lpthreads
collect2: error: ld returned 1 exit status
CMakeFiles/cmTC_e72ef.dir/build.make:97: recipe for target 'cmTC_e72ef' failed
make[1]: *** [cmTC_e72ef] Error 1
make[1]: Leaving directory '/home/chels/catkin_ws/build/ur_description/CMakeFiles/CMakeTmp'
Makefile:126: recipe for target 'cmTC_e72ef/fast' failed
make: *** [cmTC_e72ef/fast] Error 2


