[  0%] Built target _multi_level_map_msgs_generate_messages_check_deps_MultiLevelMapPoint
[  0%] Built target _multi_level_map_msgs_generate_messages_check_deps_ChangeCurrentLevel
[  0%] Built target geometry_msgs_generate_messages_cpp
[  0%] Built target _multi_level_map_msgs_generate_messages_check_deps_LevelMetaData
[  0%] Built target nav_msgs_generate_messages_cpp
[  0%] Built target nav_msgs_generate_messages_py
[  0%] Built target _multi_level_map_msgs_generate_messages_check_deps_MultiLevelMapData
[  0%] Built target geometry_msgs_generate_messages_py
[  0%] Built target _multi_level_map_msgs_generate_messages_check_deps_MultiLevelMapLink
[  0%] Built target nav_msgs_generate_messages_nodejs
[  0%] Built target geometry_msgs_generate_messages_lisp
[  0%] Built target geometry_msgs_generate_messages_nodejs
[  0%] Built target nav_msgs_generate_messages_lisp
[  0%] Built target geometry_msgs_generate_messages_eus
[  0%] Built target nav_msgs_generate_messages_eus
[ 17%] Built target multi_level_map_msgs_generate_messages_cpp
[ 42%] Built target multi_level_map_msgs_generate_messages_py
[ 60%] Built target multi_level_map_msgs_generate_messages_nodejs
[ 78%] Built target multi_level_map_msgs_generate_messages_lisp
[100%] Built target multi_level_map_msgs_generate_messages_eus
[100%] Built target multi_level_map_msgs_generate_messages
