Symlinking /home/chels/catkin_ws/devel/include/multi_level_map_msgs/ChangeCurrentLevel.h
Symlinking /home/chels/catkin_ws/devel/include/multi_level_map_msgs/ChangeCurrentLevelRequest.h
Symlinking /home/chels/catkin_ws/devel/include/multi_level_map_msgs/MultiLevelMapData.h
Symlinking /home/chels/catkin_ws/devel/include/multi_level_map_msgs/MultiLevelMapLink.h
Symlinking /home/chels/catkin_ws/devel/include/multi_level_map_msgs/LevelMetaData.h
Symlinking /home/chels/catkin_ws/devel/include/multi_level_map_msgs/ChangeCurrentLevelResponse.h
Symlinking /home/chels/catkin_ws/devel/include/multi_level_map_msgs/MultiLevelMapPoint.h
Symlinking /home/chels/catkin_ws/devel/lib/python2.7/dist-packages/multi_level_map_msgs/__init__.py
Symlinking /home/chels/catkin_ws/devel/lib/python2.7/dist-packages/multi_level_map_msgs/srv/_ChangeCurrentLevel.py
Symlinking /home/chels/catkin_ws/devel/lib/python2.7/dist-packages/multi_level_map_msgs/srv/__init__.py
Symlinking /home/chels/catkin_ws/devel/lib/python2.7/dist-packages/multi_level_map_msgs/msg/_MultiLevelMapPoint.py
Symlinking /home/chels/catkin_ws/devel/lib/python2.7/dist-packages/multi_level_map_msgs/msg/_MultiLevelMapData.py
Symlinking /home/chels/catkin_ws/devel/lib/python2.7/dist-packages/multi_level_map_msgs/msg/_MultiLevelMapLink.py
Symlinking /home/chels/catkin_ws/devel/lib/python2.7/dist-packages/multi_level_map_msgs/msg/_LevelMetaData.py
Symlinking /home/chels/catkin_ws/devel/lib/python2.7/dist-packages/multi_level_map_msgs/msg/__init__.py
Symlinking /home/chels/catkin_ws/devel/lib/pkgconfig/multi_level_map_msgs.pc
Symlinking /home/chels/catkin_ws/devel/share/multi_level_map_msgs/cmake/multi_level_map_msgs-msg-paths.cmake
Symlinking /home/chels/catkin_ws/devel/share/multi_level_map_msgs/cmake/multi_level_map_msgsConfig-version.cmake
Symlinking /home/chels/catkin_ws/devel/share/multi_level_map_msgs/cmake/multi_level_map_msgsConfig.cmake
Symlinking /home/chels/catkin_ws/devel/share/multi_level_map_msgs/cmake/multi_level_map_msgs-msg-extras.cmake
Symlinking /home/chels/catkin_ws/devel/share/gennodejs/ros/multi_level_map_msgs/_index.js
Symlinking /home/chels/catkin_ws/devel/share/gennodejs/ros/multi_level_map_msgs/srv/ChangeCurrentLevel.js
Symlinking /home/chels/catkin_ws/devel/share/gennodejs/ros/multi_level_map_msgs/srv/_index.js
Symlinking /home/chels/catkin_ws/devel/share/gennodejs/ros/multi_level_map_msgs/msg/MultiLevelMapData.js
Symlinking /home/chels/catkin_ws/devel/share/gennodejs/ros/multi_level_map_msgs/msg/LevelMetaData.js
Symlinking /home/chels/catkin_ws/devel/share/gennodejs/ros/multi_level_map_msgs/msg/_index.js
Symlinking /home/chels/catkin_ws/devel/share/gennodejs/ros/multi_level_map_msgs/msg/MultiLevelMapPoint.js
Symlinking /home/chels/catkin_ws/devel/share/gennodejs/ros/multi_level_map_msgs/msg/MultiLevelMapLink.js
Symlinking /home/chels/catkin_ws/devel/share/common-lisp/ros/multi_level_map_msgs/srv/ChangeCurrentLevel.lisp
Symlinking /home/chels/catkin_ws/devel/share/common-lisp/ros/multi_level_map_msgs/srv/multi_level_map_msgs-srv.asd
Symlinking /home/chels/catkin_ws/devel/share/common-lisp/ros/multi_level_map_msgs/srv/_package.lisp
Symlinking /home/chels/catkin_ws/devel/share/common-lisp/ros/multi_level_map_msgs/srv/_package_ChangeCurrentLevel.lisp
Symlinking /home/chels/catkin_ws/devel/share/common-lisp/ros/multi_level_map_msgs/msg/_package_LevelMetaData.lisp
Symlinking /home/chels/catkin_ws/devel/share/common-lisp/ros/multi_level_map_msgs/msg/LevelMetaData.lisp
Symlinking /home/chels/catkin_ws/devel/share/common-lisp/ros/multi_level_map_msgs/msg/MultiLevelMapLink.lisp
Symlinking /home/chels/catkin_ws/devel/share/common-lisp/ros/multi_level_map_msgs/msg/_package_MultiLevelMapLink.lisp
Symlinking /home/chels/catkin_ws/devel/share/common-lisp/ros/multi_level_map_msgs/msg/_package.lisp
Symlinking /home/chels/catkin_ws/devel/share/common-lisp/ros/multi_level_map_msgs/msg/_package_MultiLevelMapPoint.lisp
Symlinking /home/chels/catkin_ws/devel/share/common-lisp/ros/multi_level_map_msgs/msg/multi_level_map_msgs-msg.asd
Symlinking /home/chels/catkin_ws/devel/share/common-lisp/ros/multi_level_map_msgs/msg/MultiLevelMapPoint.lisp
Symlinking /home/chels/catkin_ws/devel/share/common-lisp/ros/multi_level_map_msgs/msg/MultiLevelMapData.lisp
Symlinking /home/chels/catkin_ws/devel/share/common-lisp/ros/multi_level_map_msgs/msg/_package_MultiLevelMapData.lisp
Symlinking /home/chels/catkin_ws/devel/share/roseus/ros/multi_level_map_msgs/manifest.l
Symlinking /home/chels/catkin_ws/devel/share/roseus/ros/multi_level_map_msgs/srv/ChangeCurrentLevel.l
Symlinking /home/chels/catkin_ws/devel/share/roseus/ros/multi_level_map_msgs/msg/MultiLevelMapData.l
Symlinking /home/chels/catkin_ws/devel/share/roseus/ros/multi_level_map_msgs/msg/MultiLevelMapPoint.l
Symlinking /home/chels/catkin_ws/devel/share/roseus/ros/multi_level_map_msgs/msg/MultiLevelMapLink.l
Symlinking /home/chels/catkin_ws/devel/share/roseus/ros/multi_level_map_msgs/msg/LevelMetaData.l
