Determining if the pthread_create exist failed with the following output:
Change Dir: /home/chels/catkin_ws/build/bu_eb/CMakeFiles/CMakeTmp

Run Build Command:"/usr/bin/make" "cmTC_b082a/fast"
/usr/bin/make -f CMakeFiles/cmTC_b082a.dir/build.make CMakeFiles/cmTC_b082a.dir/build
make[1]: Entering directory '/home/chels/catkin_ws/build/bu_eb/CMakeFiles/CMakeTmp'
Building C object CMakeFiles/cmTC_b082a.dir/CheckSymbolExists.c.o
/usr/bin/cc    -o CMakeFiles/cmTC_b082a.dir/CheckSymbolExists.c.o   -c /home/chels/catkin_ws/build/bu_eb/CMakeFiles/CMakeTmp/CheckSymbolExists.c
Linking C executable cmTC_b082a
/usr/bin/cmake -E cmake_link_script CMakeFiles/cmTC_b082a.dir/link.txt --verbose=1
/usr/bin/cc      -rdynamic CMakeFiles/cmTC_b082a.dir/CheckSymbolExists.c.o  -o cmTC_b082a 
CMakeFiles/cmTC_b082a.dir/CheckSymbolExists.c.o: In function `main':
CheckSymbolExists.c:(.text+0x1b): undefined reference to `pthread_create'
collect2: error: ld returned 1 exit status
CMakeFiles/cmTC_b082a.dir/build.make:97: recipe for target 'cmTC_b082a' failed
make[1]: *** [cmTC_b082a] Error 1
make[1]: Leaving directory '/home/chels/catkin_ws/build/bu_eb/CMakeFiles/CMakeTmp'
Makefile:126: recipe for target 'cmTC_b082a/fast' failed
make: *** [cmTC_b082a/fast] Error 2

File /home/chels/catkin_ws/build/bu_eb/CMakeFiles/CMakeTmp/CheckSymbolExists.c:
/* */
#include <pthread.h>

int main(int argc, char** argv)
{
  (void)argv;
#ifndef pthread_create
  return ((int*)(&pthread_create))[argc];
#else
  (void)argc;
  return 0;
#endif
}

Determining if the function pthread_create exists in the pthreads failed with the following output:
Change Dir: /home/chels/catkin_ws/build/bu_eb/CMakeFiles/CMakeTmp

Run Build Command:"/usr/bin/make" "cmTC_4885e/fast"
/usr/bin/make -f CMakeFiles/cmTC_4885e.dir/build.make CMakeFiles/cmTC_4885e.dir/build
make[1]: Entering directory '/home/chels/catkin_ws/build/bu_eb/CMakeFiles/CMakeTmp'
Building C object CMakeFiles/cmTC_4885e.dir/CheckFunctionExists.c.o
/usr/bin/cc   -DCHECK_FUNCTION_EXISTS=pthread_create   -o CMakeFiles/cmTC_4885e.dir/CheckFunctionExists.c.o   -c /usr/share/cmake-3.10/Modules/CheckFunctionExists.c
Linking C executable cmTC_4885e
/usr/bin/cmake -E cmake_link_script CMakeFiles/cmTC_4885e.dir/link.txt --verbose=1
/usr/bin/cc  -DCHECK_FUNCTION_EXISTS=pthread_create    -rdynamic CMakeFiles/cmTC_4885e.dir/CheckFunctionExists.c.o  -o cmTC_4885e -lpthreads 
/usr/bin/ld: cannot find -lpthreads
collect2: error: ld returned 1 exit status
CMakeFiles/cmTC_4885e.dir/build.make:97: recipe for target 'cmTC_4885e' failed
make[1]: *** [cmTC_4885e] Error 1
make[1]: Leaving directory '/home/chels/catkin_ws/build/bu_eb/CMakeFiles/CMakeTmp'
Makefile:126: recipe for target 'cmTC_4885e/fast' failed
make: *** [cmTC_4885e/fast] Error 2


