Symlinking /home/chels/catkin_ws/devel/include/exploration_msgs/ExploreActionGoal.h
Symlinking /home/chels/catkin_ws/devel/include/exploration_msgs/SetPolygonRequest.h
Symlinking /home/chels/catkin_ws/devel/include/exploration_msgs/SetPolygonResponse.h
Symlinking /home/chels/catkin_ws/devel/include/exploration_msgs/SetPolygon.h
Symlinking /home/chels/catkin_ws/devel/include/exploration_msgs/ExploreActionResult.h
Symlinking /home/chels/catkin_ws/devel/include/exploration_msgs/ExploreFeedback.h
Symlinking /home/chels/catkin_ws/devel/include/exploration_msgs/ExploreAction.h
Symlinking /home/chels/catkin_ws/devel/include/exploration_msgs/ExploreGoal.h
Symlinking /home/chels/catkin_ws/devel/include/exploration_msgs/ExploreActionFeedback.h
Symlinking /home/chels/catkin_ws/devel/include/exploration_msgs/ExploreResult.h
Symlinking /home/chels/catkin_ws/devel/lib/python2.7/dist-packages/exploration_msgs/__init__.py
Symlinking /home/chels/catkin_ws/devel/lib/python2.7/dist-packages/exploration_msgs/srv/_SetPolygon.py
Symlinking /home/chels/catkin_ws/devel/lib/python2.7/dist-packages/exploration_msgs/srv/__init__.py
Symlinking /home/chels/catkin_ws/devel/lib/python2.7/dist-packages/exploration_msgs/msg/_ExploreAction.py
Symlinking /home/chels/catkin_ws/devel/lib/python2.7/dist-packages/exploration_msgs/msg/_ExploreResult.py
Symlinking /home/chels/catkin_ws/devel/lib/python2.7/dist-packages/exploration_msgs/msg/_ExploreGoal.py
Symlinking /home/chels/catkin_ws/devel/lib/python2.7/dist-packages/exploration_msgs/msg/_ExploreFeedback.py
Symlinking /home/chels/catkin_ws/devel/lib/python2.7/dist-packages/exploration_msgs/msg/_ExploreActionResult.py
Symlinking /home/chels/catkin_ws/devel/lib/python2.7/dist-packages/exploration_msgs/msg/__init__.py
Symlinking /home/chels/catkin_ws/devel/lib/python2.7/dist-packages/exploration_msgs/msg/_ExploreActionGoal.py
Symlinking /home/chels/catkin_ws/devel/lib/python2.7/dist-packages/exploration_msgs/msg/_ExploreActionFeedback.py
Symlinking /home/chels/catkin_ws/devel/lib/pkgconfig/exploration_msgs.pc
Symlinking /home/chels/catkin_ws/devel/share/gennodejs/ros/exploration_msgs/_index.js
Symlinking /home/chels/catkin_ws/devel/share/gennodejs/ros/exploration_msgs/srv/SetPolygon.js
Symlinking /home/chels/catkin_ws/devel/share/gennodejs/ros/exploration_msgs/srv/_index.js
Symlinking /home/chels/catkin_ws/devel/share/gennodejs/ros/exploration_msgs/msg/ExploreActionResult.js
Symlinking /home/chels/catkin_ws/devel/share/gennodejs/ros/exploration_msgs/msg/ExploreGoal.js
Symlinking /home/chels/catkin_ws/devel/share/gennodejs/ros/exploration_msgs/msg/ExploreFeedback.js
Symlinking /home/chels/catkin_ws/devel/share/gennodejs/ros/exploration_msgs/msg/ExploreActionGoal.js
Symlinking /home/chels/catkin_ws/devel/share/gennodejs/ros/exploration_msgs/msg/ExploreActionFeedback.js
Symlinking /home/chels/catkin_ws/devel/share/gennodejs/ros/exploration_msgs/msg/_index.js
Symlinking /home/chels/catkin_ws/devel/share/gennodejs/ros/exploration_msgs/msg/ExploreResult.js
Symlinking /home/chels/catkin_ws/devel/share/gennodejs/ros/exploration_msgs/msg/ExploreAction.js
Symlinking /home/chels/catkin_ws/devel/share/common-lisp/ros/exploration_msgs/srv/exploration_msgs-srv.asd
Symlinking /home/chels/catkin_ws/devel/share/common-lisp/ros/exploration_msgs/srv/_package.lisp
Symlinking /home/chels/catkin_ws/devel/share/common-lisp/ros/exploration_msgs/srv/SetPolygon.lisp
Symlinking /home/chels/catkin_ws/devel/share/common-lisp/ros/exploration_msgs/srv/_package_SetPolygon.lisp
Symlinking /home/chels/catkin_ws/devel/share/common-lisp/ros/exploration_msgs/msg/ExploreGoal.lisp
Symlinking /home/chels/catkin_ws/devel/share/common-lisp/ros/exploration_msgs/msg/_package_ExploreGoal.lisp
Symlinking /home/chels/catkin_ws/devel/share/common-lisp/ros/exploration_msgs/msg/_package_ExploreAction.lisp
Symlinking /home/chels/catkin_ws/devel/share/common-lisp/ros/exploration_msgs/msg/_package_ExploreResult.lisp
Symlinking /home/chels/catkin_ws/devel/share/common-lisp/ros/exploration_msgs/msg/exploration_msgs-msg.asd
Symlinking /home/chels/catkin_ws/devel/share/common-lisp/ros/exploration_msgs/msg/ExploreFeedback.lisp
Symlinking /home/chels/catkin_ws/devel/share/common-lisp/ros/exploration_msgs/msg/_package_ExploreActionResult.lisp
Symlinking /home/chels/catkin_ws/devel/share/common-lisp/ros/exploration_msgs/msg/_package_ExploreFeedback.lisp
Symlinking /home/chels/catkin_ws/devel/share/common-lisp/ros/exploration_msgs/msg/ExploreActionResult.lisp
Symlinking /home/chels/catkin_ws/devel/share/common-lisp/ros/exploration_msgs/msg/ExploreActionGoal.lisp
Symlinking /home/chels/catkin_ws/devel/share/common-lisp/ros/exploration_msgs/msg/ExploreResult.lisp
Symlinking /home/chels/catkin_ws/devel/share/common-lisp/ros/exploration_msgs/msg/_package_ExploreActionGoal.lisp
Symlinking /home/chels/catkin_ws/devel/share/common-lisp/ros/exploration_msgs/msg/_package.lisp
Symlinking /home/chels/catkin_ws/devel/share/common-lisp/ros/exploration_msgs/msg/ExploreAction.lisp
Symlinking /home/chels/catkin_ws/devel/share/common-lisp/ros/exploration_msgs/msg/ExploreActionFeedback.lisp
Symlinking /home/chels/catkin_ws/devel/share/common-lisp/ros/exploration_msgs/msg/_package_ExploreActionFeedback.lisp
Symlinking /home/chels/catkin_ws/devel/share/exploration_msgs/cmake/exploration_msgsConfig-version.cmake
Symlinking /home/chels/catkin_ws/devel/share/exploration_msgs/cmake/exploration_msgs-msg-paths.cmake
Symlinking /home/chels/catkin_ws/devel/share/exploration_msgs/cmake/exploration_msgsConfig.cmake
Symlinking /home/chels/catkin_ws/devel/share/exploration_msgs/cmake/exploration_msgs-msg-extras.cmake
Symlinking /home/chels/catkin_ws/devel/share/exploration_msgs/msg/ExploreResult.msg
Symlinking /home/chels/catkin_ws/devel/share/exploration_msgs/msg/ExploreFeedback.msg
Symlinking /home/chels/catkin_ws/devel/share/exploration_msgs/msg/ExploreActionGoal.msg
Symlinking /home/chels/catkin_ws/devel/share/exploration_msgs/msg/ExploreAction.msg
Symlinking /home/chels/catkin_ws/devel/share/exploration_msgs/msg/ExploreGoal.msg
Symlinking /home/chels/catkin_ws/devel/share/exploration_msgs/msg/ExploreActionFeedback.msg
Symlinking /home/chels/catkin_ws/devel/share/exploration_msgs/msg/ExploreActionResult.msg
Symlinking /home/chels/catkin_ws/devel/share/roseus/ros/exploration_msgs/manifest.l
Symlinking /home/chels/catkin_ws/devel/share/roseus/ros/exploration_msgs/srv/SetPolygon.l
Symlinking /home/chels/catkin_ws/devel/share/roseus/ros/exploration_msgs/msg/ExploreAction.l
Symlinking /home/chels/catkin_ws/devel/share/roseus/ros/exploration_msgs/msg/ExploreResult.l
Symlinking /home/chels/catkin_ws/devel/share/roseus/ros/exploration_msgs/msg/ExploreActionFeedback.l
Symlinking /home/chels/catkin_ws/devel/share/roseus/ros/exploration_msgs/msg/ExploreFeedback.l
Symlinking /home/chels/catkin_ws/devel/share/roseus/ros/exploration_msgs/msg/ExploreGoal.l
Symlinking /home/chels/catkin_ws/devel/share/roseus/ros/exploration_msgs/msg/ExploreActionResult.l
Symlinking /home/chels/catkin_ws/devel/share/roseus/ros/exploration_msgs/msg/ExploreActionGoal.l
