Linked: (/home/chels/catkin_ws/devel/.private/exploration_msgs/include/exploration_msgs/ExploreActionGoal.h, /home/chels/catkin_ws/devel/include/exploration_msgs/ExploreActionGoal.h)
Linked: (/home/chels/catkin_ws/devel/.private/exploration_msgs/include/exploration_msgs/SetPolygonRequest.h, /home/chels/catkin_ws/devel/include/exploration_msgs/SetPolygonRequest.h)
Linked: (/home/chels/catkin_ws/devel/.private/exploration_msgs/include/exploration_msgs/SetPolygonResponse.h, /home/chels/catkin_ws/devel/include/exploration_msgs/SetPolygonResponse.h)
Linked: (/home/chels/catkin_ws/devel/.private/exploration_msgs/include/exploration_msgs/SetPolygon.h, /home/chels/catkin_ws/devel/include/exploration_msgs/SetPolygon.h)
Linked: (/home/chels/catkin_ws/devel/.private/exploration_msgs/include/exploration_msgs/ExploreActionResult.h, /home/chels/catkin_ws/devel/include/exploration_msgs/ExploreActionResult.h)
Linked: (/home/chels/catkin_ws/devel/.private/exploration_msgs/include/exploration_msgs/ExploreFeedback.h, /home/chels/catkin_ws/devel/include/exploration_msgs/ExploreFeedback.h)
Linked: (/home/chels/catkin_ws/devel/.private/exploration_msgs/include/exploration_msgs/ExploreAction.h, /home/chels/catkin_ws/devel/include/exploration_msgs/ExploreAction.h)
Linked: (/home/chels/catkin_ws/devel/.private/exploration_msgs/include/exploration_msgs/ExploreGoal.h, /home/chels/catkin_ws/devel/include/exploration_msgs/ExploreGoal.h)
Linked: (/home/chels/catkin_ws/devel/.private/exploration_msgs/include/exploration_msgs/ExploreActionFeedback.h, /home/chels/catkin_ws/devel/include/exploration_msgs/ExploreActionFeedback.h)
Linked: (/home/chels/catkin_ws/devel/.private/exploration_msgs/include/exploration_msgs/ExploreResult.h, /home/chels/catkin_ws/devel/include/exploration_msgs/ExploreResult.h)
Linked: (/home/chels/catkin_ws/devel/.private/exploration_msgs/lib/python2.7/dist-packages/exploration_msgs/__init__.py, /home/chels/catkin_ws/devel/lib/python2.7/dist-packages/exploration_msgs/__init__.py)
Linked: (/home/chels/catkin_ws/devel/.private/exploration_msgs/lib/python2.7/dist-packages/exploration_msgs/srv/_SetPolygon.py, /home/chels/catkin_ws/devel/lib/python2.7/dist-packages/exploration_msgs/srv/_SetPolygon.py)
Linked: (/home/chels/catkin_ws/devel/.private/exploration_msgs/lib/python2.7/dist-packages/exploration_msgs/srv/__init__.py, /home/chels/catkin_ws/devel/lib/python2.7/dist-packages/exploration_msgs/srv/__init__.py)
Linked: (/home/chels/catkin_ws/devel/.private/exploration_msgs/lib/python2.7/dist-packages/exploration_msgs/msg/_ExploreAction.py, /home/chels/catkin_ws/devel/lib/python2.7/dist-packages/exploration_msgs/msg/_ExploreAction.py)
Linked: (/home/chels/catkin_ws/devel/.private/exploration_msgs/lib/python2.7/dist-packages/exploration_msgs/msg/_ExploreResult.py, /home/chels/catkin_ws/devel/lib/python2.7/dist-packages/exploration_msgs/msg/_ExploreResult.py)
Linked: (/home/chels/catkin_ws/devel/.private/exploration_msgs/lib/python2.7/dist-packages/exploration_msgs/msg/_ExploreGoal.py, /home/chels/catkin_ws/devel/lib/python2.7/dist-packages/exploration_msgs/msg/_ExploreGoal.py)
Linked: (/home/chels/catkin_ws/devel/.private/exploration_msgs/lib/python2.7/dist-packages/exploration_msgs/msg/_ExploreFeedback.py, /home/chels/catkin_ws/devel/lib/python2.7/dist-packages/exploration_msgs/msg/_ExploreFeedback.py)
Linked: (/home/chels/catkin_ws/devel/.private/exploration_msgs/lib/python2.7/dist-packages/exploration_msgs/msg/_ExploreActionResult.py, /home/chels/catkin_ws/devel/lib/python2.7/dist-packages/exploration_msgs/msg/_ExploreActionResult.py)
Linked: (/home/chels/catkin_ws/devel/.private/exploration_msgs/lib/python2.7/dist-packages/exploration_msgs/msg/__init__.py, /home/chels/catkin_ws/devel/lib/python2.7/dist-packages/exploration_msgs/msg/__init__.py)
Linked: (/home/chels/catkin_ws/devel/.private/exploration_msgs/lib/python2.7/dist-packages/exploration_msgs/msg/_ExploreActionGoal.py, /home/chels/catkin_ws/devel/lib/python2.7/dist-packages/exploration_msgs/msg/_ExploreActionGoal.py)
Linked: (/home/chels/catkin_ws/devel/.private/exploration_msgs/lib/python2.7/dist-packages/exploration_msgs/msg/_ExploreActionFeedback.py, /home/chels/catkin_ws/devel/lib/python2.7/dist-packages/exploration_msgs/msg/_ExploreActionFeedback.py)
Linked: (/home/chels/catkin_ws/devel/.private/exploration_msgs/lib/pkgconfig/exploration_msgs.pc, /home/chels/catkin_ws/devel/lib/pkgconfig/exploration_msgs.pc)
Linked: (/home/chels/catkin_ws/devel/.private/exploration_msgs/share/gennodejs/ros/exploration_msgs/_index.js, /home/chels/catkin_ws/devel/share/gennodejs/ros/exploration_msgs/_index.js)
Linked: (/home/chels/catkin_ws/devel/.private/exploration_msgs/share/gennodejs/ros/exploration_msgs/srv/SetPolygon.js, /home/chels/catkin_ws/devel/share/gennodejs/ros/exploration_msgs/srv/SetPolygon.js)
Linked: (/home/chels/catkin_ws/devel/.private/exploration_msgs/share/gennodejs/ros/exploration_msgs/srv/_index.js, /home/chels/catkin_ws/devel/share/gennodejs/ros/exploration_msgs/srv/_index.js)
Linked: (/home/chels/catkin_ws/devel/.private/exploration_msgs/share/gennodejs/ros/exploration_msgs/msg/ExploreActionResult.js, /home/chels/catkin_ws/devel/share/gennodejs/ros/exploration_msgs/msg/ExploreActionResult.js)
Linked: (/home/chels/catkin_ws/devel/.private/exploration_msgs/share/gennodejs/ros/exploration_msgs/msg/ExploreGoal.js, /home/chels/catkin_ws/devel/share/gennodejs/ros/exploration_msgs/msg/ExploreGoal.js)
Linked: (/home/chels/catkin_ws/devel/.private/exploration_msgs/share/gennodejs/ros/exploration_msgs/msg/ExploreFeedback.js, /home/chels/catkin_ws/devel/share/gennodejs/ros/exploration_msgs/msg/ExploreFeedback.js)
Linked: (/home/chels/catkin_ws/devel/.private/exploration_msgs/share/gennodejs/ros/exploration_msgs/msg/ExploreActionGoal.js, /home/chels/catkin_ws/devel/share/gennodejs/ros/exploration_msgs/msg/ExploreActionGoal.js)
Linked: (/home/chels/catkin_ws/devel/.private/exploration_msgs/share/gennodejs/ros/exploration_msgs/msg/ExploreActionFeedback.js, /home/chels/catkin_ws/devel/share/gennodejs/ros/exploration_msgs/msg/ExploreActionFeedback.js)
Linked: (/home/chels/catkin_ws/devel/.private/exploration_msgs/share/gennodejs/ros/exploration_msgs/msg/_index.js, /home/chels/catkin_ws/devel/share/gennodejs/ros/exploration_msgs/msg/_index.js)
Linked: (/home/chels/catkin_ws/devel/.private/exploration_msgs/share/gennodejs/ros/exploration_msgs/msg/ExploreResult.js, /home/chels/catkin_ws/devel/share/gennodejs/ros/exploration_msgs/msg/ExploreResult.js)
Linked: (/home/chels/catkin_ws/devel/.private/exploration_msgs/share/gennodejs/ros/exploration_msgs/msg/ExploreAction.js, /home/chels/catkin_ws/devel/share/gennodejs/ros/exploration_msgs/msg/ExploreAction.js)
Linked: (/home/chels/catkin_ws/devel/.private/exploration_msgs/share/common-lisp/ros/exploration_msgs/srv/exploration_msgs-srv.asd, /home/chels/catkin_ws/devel/share/common-lisp/ros/exploration_msgs/srv/exploration_msgs-srv.asd)
Linked: (/home/chels/catkin_ws/devel/.private/exploration_msgs/share/common-lisp/ros/exploration_msgs/srv/_package.lisp, /home/chels/catkin_ws/devel/share/common-lisp/ros/exploration_msgs/srv/_package.lisp)
Linked: (/home/chels/catkin_ws/devel/.private/exploration_msgs/share/common-lisp/ros/exploration_msgs/srv/SetPolygon.lisp, /home/chels/catkin_ws/devel/share/common-lisp/ros/exploration_msgs/srv/SetPolygon.lisp)
Linked: (/home/chels/catkin_ws/devel/.private/exploration_msgs/share/common-lisp/ros/exploration_msgs/srv/_package_SetPolygon.lisp, /home/chels/catkin_ws/devel/share/common-lisp/ros/exploration_msgs/srv/_package_SetPolygon.lisp)
Linked: (/home/chels/catkin_ws/devel/.private/exploration_msgs/share/common-lisp/ros/exploration_msgs/msg/ExploreGoal.lisp, /home/chels/catkin_ws/devel/share/common-lisp/ros/exploration_msgs/msg/ExploreGoal.lisp)
Linked: (/home/chels/catkin_ws/devel/.private/exploration_msgs/share/common-lisp/ros/exploration_msgs/msg/_package_ExploreGoal.lisp, /home/chels/catkin_ws/devel/share/common-lisp/ros/exploration_msgs/msg/_package_ExploreGoal.lisp)
Linked: (/home/chels/catkin_ws/devel/.private/exploration_msgs/share/common-lisp/ros/exploration_msgs/msg/_package_ExploreAction.lisp, /home/chels/catkin_ws/devel/share/common-lisp/ros/exploration_msgs/msg/_package_ExploreAction.lisp)
Linked: (/home/chels/catkin_ws/devel/.private/exploration_msgs/share/common-lisp/ros/exploration_msgs/msg/_package_ExploreResult.lisp, /home/chels/catkin_ws/devel/share/common-lisp/ros/exploration_msgs/msg/_package_ExploreResult.lisp)
Linked: (/home/chels/catkin_ws/devel/.private/exploration_msgs/share/common-lisp/ros/exploration_msgs/msg/exploration_msgs-msg.asd, /home/chels/catkin_ws/devel/share/common-lisp/ros/exploration_msgs/msg/exploration_msgs-msg.asd)
Linked: (/home/chels/catkin_ws/devel/.private/exploration_msgs/share/common-lisp/ros/exploration_msgs/msg/ExploreFeedback.lisp, /home/chels/catkin_ws/devel/share/common-lisp/ros/exploration_msgs/msg/ExploreFeedback.lisp)
Linked: (/home/chels/catkin_ws/devel/.private/exploration_msgs/share/common-lisp/ros/exploration_msgs/msg/_package_ExploreActionResult.lisp, /home/chels/catkin_ws/devel/share/common-lisp/ros/exploration_msgs/msg/_package_ExploreActionResult.lisp)
Linked: (/home/chels/catkin_ws/devel/.private/exploration_msgs/share/common-lisp/ros/exploration_msgs/msg/_package_ExploreFeedback.lisp, /home/chels/catkin_ws/devel/share/common-lisp/ros/exploration_msgs/msg/_package_ExploreFeedback.lisp)
Linked: (/home/chels/catkin_ws/devel/.private/exploration_msgs/share/common-lisp/ros/exploration_msgs/msg/ExploreActionResult.lisp, /home/chels/catkin_ws/devel/share/common-lisp/ros/exploration_msgs/msg/ExploreActionResult.lisp)
Linked: (/home/chels/catkin_ws/devel/.private/exploration_msgs/share/common-lisp/ros/exploration_msgs/msg/ExploreActionGoal.lisp, /home/chels/catkin_ws/devel/share/common-lisp/ros/exploration_msgs/msg/ExploreActionGoal.lisp)
Linked: (/home/chels/catkin_ws/devel/.private/exploration_msgs/share/common-lisp/ros/exploration_msgs/msg/ExploreResult.lisp, /home/chels/catkin_ws/devel/share/common-lisp/ros/exploration_msgs/msg/ExploreResult.lisp)
Linked: (/home/chels/catkin_ws/devel/.private/exploration_msgs/share/common-lisp/ros/exploration_msgs/msg/_package_ExploreActionGoal.lisp, /home/chels/catkin_ws/devel/share/common-lisp/ros/exploration_msgs/msg/_package_ExploreActionGoal.lisp)
Linked: (/home/chels/catkin_ws/devel/.private/exploration_msgs/share/common-lisp/ros/exploration_msgs/msg/_package.lisp, /home/chels/catkin_ws/devel/share/common-lisp/ros/exploration_msgs/msg/_package.lisp)
Linked: (/home/chels/catkin_ws/devel/.private/exploration_msgs/share/common-lisp/ros/exploration_msgs/msg/ExploreAction.lisp, /home/chels/catkin_ws/devel/share/common-lisp/ros/exploration_msgs/msg/ExploreAction.lisp)
Linked: (/home/chels/catkin_ws/devel/.private/exploration_msgs/share/common-lisp/ros/exploration_msgs/msg/ExploreActionFeedback.lisp, /home/chels/catkin_ws/devel/share/common-lisp/ros/exploration_msgs/msg/ExploreActionFeedback.lisp)
Linked: (/home/chels/catkin_ws/devel/.private/exploration_msgs/share/common-lisp/ros/exploration_msgs/msg/_package_ExploreActionFeedback.lisp, /home/chels/catkin_ws/devel/share/common-lisp/ros/exploration_msgs/msg/_package_ExploreActionFeedback.lisp)
Linked: (/home/chels/catkin_ws/devel/.private/exploration_msgs/share/exploration_msgs/cmake/exploration_msgsConfig-version.cmake, /home/chels/catkin_ws/devel/share/exploration_msgs/cmake/exploration_msgsConfig-version.cmake)
Linked: (/home/chels/catkin_ws/devel/.private/exploration_msgs/share/exploration_msgs/cmake/exploration_msgs-msg-paths.cmake, /home/chels/catkin_ws/devel/share/exploration_msgs/cmake/exploration_msgs-msg-paths.cmake)
Linked: (/home/chels/catkin_ws/devel/.private/exploration_msgs/share/exploration_msgs/cmake/exploration_msgsConfig.cmake, /home/chels/catkin_ws/devel/share/exploration_msgs/cmake/exploration_msgsConfig.cmake)
Linked: (/home/chels/catkin_ws/devel/.private/exploration_msgs/share/exploration_msgs/cmake/exploration_msgs-msg-extras.cmake, /home/chels/catkin_ws/devel/share/exploration_msgs/cmake/exploration_msgs-msg-extras.cmake)
Linked: (/home/chels/catkin_ws/devel/.private/exploration_msgs/share/exploration_msgs/msg/ExploreResult.msg, /home/chels/catkin_ws/devel/share/exploration_msgs/msg/ExploreResult.msg)
Linked: (/home/chels/catkin_ws/devel/.private/exploration_msgs/share/exploration_msgs/msg/ExploreFeedback.msg, /home/chels/catkin_ws/devel/share/exploration_msgs/msg/ExploreFeedback.msg)
Linked: (/home/chels/catkin_ws/devel/.private/exploration_msgs/share/exploration_msgs/msg/ExploreActionGoal.msg, /home/chels/catkin_ws/devel/share/exploration_msgs/msg/ExploreActionGoal.msg)
Linked: (/home/chels/catkin_ws/devel/.private/exploration_msgs/share/exploration_msgs/msg/ExploreAction.msg, /home/chels/catkin_ws/devel/share/exploration_msgs/msg/ExploreAction.msg)
Linked: (/home/chels/catkin_ws/devel/.private/exploration_msgs/share/exploration_msgs/msg/ExploreGoal.msg, /home/chels/catkin_ws/devel/share/exploration_msgs/msg/ExploreGoal.msg)
Linked: (/home/chels/catkin_ws/devel/.private/exploration_msgs/share/exploration_msgs/msg/ExploreActionFeedback.msg, /home/chels/catkin_ws/devel/share/exploration_msgs/msg/ExploreActionFeedback.msg)
Linked: (/home/chels/catkin_ws/devel/.private/exploration_msgs/share/exploration_msgs/msg/ExploreActionResult.msg, /home/chels/catkin_ws/devel/share/exploration_msgs/msg/ExploreActionResult.msg)
Linked: (/home/chels/catkin_ws/devel/.private/exploration_msgs/share/roseus/ros/exploration_msgs/manifest.l, /home/chels/catkin_ws/devel/share/roseus/ros/exploration_msgs/manifest.l)
Linked: (/home/chels/catkin_ws/devel/.private/exploration_msgs/share/roseus/ros/exploration_msgs/srv/SetPolygon.l, /home/chels/catkin_ws/devel/share/roseus/ros/exploration_msgs/srv/SetPolygon.l)
Linked: (/home/chels/catkin_ws/devel/.private/exploration_msgs/share/roseus/ros/exploration_msgs/msg/ExploreAction.l, /home/chels/catkin_ws/devel/share/roseus/ros/exploration_msgs/msg/ExploreAction.l)
Linked: (/home/chels/catkin_ws/devel/.private/exploration_msgs/share/roseus/ros/exploration_msgs/msg/ExploreResult.l, /home/chels/catkin_ws/devel/share/roseus/ros/exploration_msgs/msg/ExploreResult.l)
Linked: (/home/chels/catkin_ws/devel/.private/exploration_msgs/share/roseus/ros/exploration_msgs/msg/ExploreActionFeedback.l, /home/chels/catkin_ws/devel/share/roseus/ros/exploration_msgs/msg/ExploreActionFeedback.l)
Linked: (/home/chels/catkin_ws/devel/.private/exploration_msgs/share/roseus/ros/exploration_msgs/msg/ExploreFeedback.l, /home/chels/catkin_ws/devel/share/roseus/ros/exploration_msgs/msg/ExploreFeedback.l)
Linked: (/home/chels/catkin_ws/devel/.private/exploration_msgs/share/roseus/ros/exploration_msgs/msg/ExploreGoal.l, /home/chels/catkin_ws/devel/share/roseus/ros/exploration_msgs/msg/ExploreGoal.l)
Linked: (/home/chels/catkin_ws/devel/.private/exploration_msgs/share/roseus/ros/exploration_msgs/msg/ExploreActionResult.l, /home/chels/catkin_ws/devel/share/roseus/ros/exploration_msgs/msg/ExploreActionResult.l)
Linked: (/home/chels/catkin_ws/devel/.private/exploration_msgs/share/roseus/ros/exploration_msgs/msg/ExploreActionGoal.l, /home/chels/catkin_ws/devel/share/roseus/ros/exploration_msgs/msg/ExploreActionGoal.l)
