[35m[1mScanning dependencies of target _exploration_msgs_generate_messages_check_deps_ExploreActionResult[0m
[  0%] Built target _exploration_msgs_generate_messages_check_deps_ExploreActionResult
[35m[1mScanning dependencies of target _exploration_msgs_generate_messages_check_deps_ExploreFeedback[0m
[  0%] Built target _exploration_msgs_generate_messages_check_deps_ExploreFeedback
[35m[1mScanning dependencies of target actionlib_msgs_generate_messages_lisp[0m
[  0%] Built target actionlib_msgs_generate_messages_lisp
[35m[1mScanning dependencies of target _exploration_msgs_generate_messages_check_deps_ExploreActionFeedback[0m
[  0%] Built target _exploration_msgs_generate_messages_check_deps_ExploreActionFeedback
[35m[1mScanning dependencies of target geometry_msgs_generate_messages_lisp[0m
[  0%] Built target geometry_msgs_generate_messages_lisp
[35m[1mScanning dependencies of target _exploration_msgs_generate_messages_check_deps_ExploreActionGoal[0m
[  0%] Built target _exploration_msgs_generate_messages_check_deps_ExploreActionGoal
[35m[1mScanning dependencies of target _exploration_msgs_generate_messages_check_deps_ExploreResult[0m
[  0%] Built target _exploration_msgs_generate_messages_check_deps_ExploreResult
[35m[1mScanning dependencies of target _exploration_msgs_generate_messages_check_deps_ExploreGoal[0m
[  0%] Built target _exploration_msgs_generate_messages_check_deps_ExploreGoal
[35m[1mScanning dependencies of target _exploration_msgs_generate_messages_check_deps_ExploreAction[0m
[  0%] Built target _exploration_msgs_generate_messages_check_deps_ExploreAction
[35m[1mScanning dependencies of target _exploration_msgs_generate_messages_check_deps_SetPolygon[0m
[  0%] Built target _exploration_msgs_generate_messages_check_deps_SetPolygon
[35m[1mScanning dependencies of target actionlib_msgs_generate_messages_py[0m
[  0%] Built target actionlib_msgs_generate_messages_py
[35m[1mScanning dependencies of target geometry_msgs_generate_messages_py[0m
[  0%] Built target geometry_msgs_generate_messages_py
[35m[1mScanning dependencies of target actionlib_msgs_generate_messages_nodejs[0m
[  0%] Built target actionlib_msgs_generate_messages_nodejs
[35m[1mScanning dependencies of target geometry_msgs_generate_messages_nodejs[0m
[  0%] Built target geometry_msgs_generate_messages_nodejs
[35m[1mScanning dependencies of target actionlib_msgs_generate_messages_eus[0m
[  0%] Built target actionlib_msgs_generate_messages_eus
[35m[1mScanning dependencies of target geometry_msgs_generate_messages_eus[0m
[  0%] Built target geometry_msgs_generate_messages_eus
[35m[1mScanning dependencies of target actionlib_msgs_generate_messages_cpp[0m
[  0%] Built target actionlib_msgs_generate_messages_cpp
[35m[1mScanning dependencies of target geometry_msgs_generate_messages_cpp[0m
[  0%] Built target geometry_msgs_generate_messages_cpp
[35m[1mScanning dependencies of target exploration_msgs_generate_messages_lisp[0m
[  2%] [34m[1mGenerating Lisp code from exploration_msgs/ExploreActionGoal.msg[0m
[  4%] [34m[1mGenerating Lisp code from exploration_msgs/ExploreGoal.msg[0m
[  6%] [34m[1mGenerating Lisp code from exploration_msgs/ExploreAction.msg[0m
[  9%] [34m[1mGenerating Lisp code from exploration_msgs/ExploreActionFeedback.msg[0m
[ 11%] [34m[1mGenerating Lisp code from exploration_msgs/ExploreResult.msg[0m
[ 13%] [34m[1mGenerating Lisp code from exploration_msgs/ExploreFeedback.msg[0m
[ 16%] [34m[1mGenerating Lisp code from exploration_msgs/ExploreActionResult.msg[0m
[ 18%] [34m[1mGenerating Lisp code from exploration_msgs/SetPolygon.srv[0m
[ 18%] Built target exploration_msgs_generate_messages_lisp
[35m[1mScanning dependencies of target exploration_msgs_generate_messages_py[0m
[ 20%] [34m[1mGenerating Python from MSG exploration_msgs/ExploreActionGoal[0m
[ 23%] [34m[1mGenerating Python from MSG exploration_msgs/ExploreGoal[0m
[ 25%] [34m[1mGenerating Python from MSG exploration_msgs/ExploreAction[0m
[ 27%] [34m[1mGenerating Python from MSG exploration_msgs/ExploreActionFeedback[0m
[ 30%] [34m[1mGenerating Python from MSG exploration_msgs/ExploreResult[0m
[ 32%] [34m[1mGenerating Python from MSG exploration_msgs/ExploreFeedback[0m
[ 34%] [34m[1mGenerating Python from MSG exploration_msgs/ExploreActionResult[0m
[ 37%] [34m[1mGenerating Python code from SRV exploration_msgs/SetPolygon[0m
[ 39%] [34m[1mGenerating Python msg __init__.py for exploration_msgs[0m
[ 41%] [34m[1mGenerating Python srv __init__.py for exploration_msgs[0m
[ 41%] Built target exploration_msgs_generate_messages_py
[35m[1mScanning dependencies of target exploration_msgs_generate_messages_nodejs[0m
[ 44%] [34m[1mGenerating Javascript code from exploration_msgs/ExploreActionGoal.msg[0m
[ 46%] [34m[1mGenerating Javascript code from exploration_msgs/ExploreGoal.msg[0m
[ 48%] [34m[1mGenerating Javascript code from exploration_msgs/ExploreAction.msg[0m
[ 51%] [34m[1mGenerating Javascript code from exploration_msgs/ExploreActionFeedback.msg[0m
[ 53%] [34m[1mGenerating Javascript code from exploration_msgs/ExploreResult.msg[0m
[ 55%] [34m[1mGenerating Javascript code from exploration_msgs/ExploreFeedback.msg[0m
[ 58%] [34m[1mGenerating Javascript code from exploration_msgs/ExploreActionResult.msg[0m
[ 60%] [34m[1mGenerating Javascript code from exploration_msgs/SetPolygon.srv[0m
[ 60%] Built target exploration_msgs_generate_messages_nodejs
[35m[1mScanning dependencies of target exploration_msgs_generate_messages_eus[0m
[ 62%] [34m[1mGenerating EusLisp code from exploration_msgs/ExploreActionGoal.msg[0m
[ 65%] [34m[1mGenerating EusLisp code from exploration_msgs/ExploreGoal.msg[0m
[ 67%] [34m[1mGenerating EusLisp code from exploration_msgs/ExploreAction.msg[0m
[ 69%] [34m[1mGenerating EusLisp code from exploration_msgs/ExploreActionFeedback.msg[0m
[ 72%] [34m[1mGenerating EusLisp code from exploration_msgs/ExploreResult.msg[0m
[ 74%] [34m[1mGenerating EusLisp code from exploration_msgs/ExploreFeedback.msg[0m
[ 76%] [34m[1mGenerating EusLisp code from exploration_msgs/ExploreActionResult.msg[0m
[ 79%] [34m[1mGenerating EusLisp code from exploration_msgs/SetPolygon.srv[0m
[ 81%] [34m[1mGenerating EusLisp manifest code for exploration_msgs[0m
WARNING: Package name "gazebo_ros_2Dmap_plugin" does not follow the naming conventions. It should start with a lower case letter and only contain lower case letters, digits, underscores, and dashes.
[35m[1mScanning dependencies of target exploration_msgs_generate_messages_cpp[0m
[ 83%] [34m[1mGenerating C++ code from exploration_msgs/ExploreActionGoal.msg[0m
[ 86%] [34m[1mGenerating C++ code from exploration_msgs/ExploreGoal.msg[0m
[ 88%] [34m[1mGenerating C++ code from exploration_msgs/ExploreAction.msg[0m
WARNING: Package name "gazebo_ros_2Dmap_plugin" does not follow the naming conventions. It should start with a lower case letter and only contain lower case letters, digits, underscores, and dashes.
[ 90%] [34m[1mGenerating C++ code from exploration_msgs/ExploreActionFeedback.msg[0m
[ 93%] [34m[1mGenerating C++ code from exploration_msgs/ExploreResult.msg[0m
[ 95%] [34m[1mGenerating C++ code from exploration_msgs/ExploreFeedback.msg[0m
[ 97%] [34m[1mGenerating C++ code from exploration_msgs/ExploreActionResult.msg[0m
[ 97%] Built target exploration_msgs_generate_messages_eus
[100%] [34m[1mGenerating C++ code from exploration_msgs/SetPolygon.srv[0m
[100%] Built target exploration_msgs_generate_messages_cpp
[35m[1mScanning dependencies of target exploration_msgs_generate_messages[0m
[100%] Built target exploration_msgs_generate_messages
