Determining if the pthread_create exist failed with the following output:
Change Dir: /home/chelsea/catkin_ws/build/tf2_geometry_msgs/CMakeFiles/CMakeTmp

Run Build Command:"/usr/bin/make" "cmTC_bf5fa/fast"
/usr/bin/make -f CMakeFiles/cmTC_bf5fa.dir/build.make CMakeFiles/cmTC_bf5fa.dir/build
make[1]: Entering directory '/home/chelsea/catkin_ws/build/tf2_geometry_msgs/CMakeFiles/CMakeTmp'
Building C object CMakeFiles/cmTC_bf5fa.dir/CheckSymbolExists.c.o
/usr/bin/cc    -o CMakeFiles/cmTC_bf5fa.dir/CheckSymbolExists.c.o   -c /home/chelsea/catkin_ws/build/tf2_geometry_msgs/CMakeFiles/CMakeTmp/CheckSymbolExists.c
Linking C executable cmTC_bf5fa
/usr/bin/cmake -E cmake_link_script CMakeFiles/cmTC_bf5fa.dir/link.txt --verbose=1
/usr/bin/cc      -rdynamic CMakeFiles/cmTC_bf5fa.dir/CheckSymbolExists.c.o  -o cmTC_bf5fa 
CMakeFiles/cmTC_bf5fa.dir/CheckSymbolExists.c.o: In function `main':
CheckSymbolExists.c:(.text+0x1b): undefined reference to `pthread_create'
collect2: error: ld returned 1 exit status
CMakeFiles/cmTC_bf5fa.dir/build.make:97: recipe for target 'cmTC_bf5fa' failed
make[1]: *** [cmTC_bf5fa] Error 1
make[1]: Leaving directory '/home/chelsea/catkin_ws/build/tf2_geometry_msgs/CMakeFiles/CMakeTmp'
Makefile:126: recipe for target 'cmTC_bf5fa/fast' failed
make: *** [cmTC_bf5fa/fast] Error 2

File /home/chelsea/catkin_ws/build/tf2_geometry_msgs/CMakeFiles/CMakeTmp/CheckSymbolExists.c:
/* */
#include <pthread.h>

int main(int argc, char** argv)
{
  (void)argv;
#ifndef pthread_create
  return ((int*)(&pthread_create))[argc];
#else
  (void)argc;
  return 0;
#endif
}

Determining if the function pthread_create exists in the pthreads failed with the following output:
Change Dir: /home/chelsea/catkin_ws/build/tf2_geometry_msgs/CMakeFiles/CMakeTmp

Run Build Command:"/usr/bin/make" "cmTC_33e49/fast"
/usr/bin/make -f CMakeFiles/cmTC_33e49.dir/build.make CMakeFiles/cmTC_33e49.dir/build
make[1]: Entering directory '/home/chelsea/catkin_ws/build/tf2_geometry_msgs/CMakeFiles/CMakeTmp'
Building C object CMakeFiles/cmTC_33e49.dir/CheckFunctionExists.c.o
/usr/bin/cc   -DCHECK_FUNCTION_EXISTS=pthread_create   -o CMakeFiles/cmTC_33e49.dir/CheckFunctionExists.c.o   -c /usr/share/cmake-3.10/Modules/CheckFunctionExists.c
Linking C executable cmTC_33e49
/usr/bin/cmake -E cmake_link_script CMakeFiles/cmTC_33e49.dir/link.txt --verbose=1
/usr/bin/cc  -DCHECK_FUNCTION_EXISTS=pthread_create    -rdynamic CMakeFiles/cmTC_33e49.dir/CheckFunctionExists.c.o  -o cmTC_33e49 -lpthreads 
/usr/bin/ld: cannot find -lpthreads
collect2: error: ld returned 1 exit status
CMakeFiles/cmTC_33e49.dir/build.make:97: recipe for target 'cmTC_33e49' failed
make[1]: *** [cmTC_33e49] Error 1
make[1]: Leaving directory '/home/chelsea/catkin_ws/build/tf2_geometry_msgs/CMakeFiles/CMakeTmp'
Makefile:126: recipe for target 'cmTC_33e49/fast' failed
make: *** [cmTC_33e49/fast] Error 2


