Determining if the pthread_create exist failed with the following output:
Change Dir: /home/chels/catkin_ws/build/ur16e_moveit_config/CMakeFiles/CMakeTmp

Run Build Command:"/usr/bin/make" "cmTC_0cada/fast"
/usr/bin/make -f CMakeFiles/cmTC_0cada.dir/build.make CMakeFiles/cmTC_0cada.dir/build
make[1]: Entering directory '/home/chels/catkin_ws/build/ur16e_moveit_config/CMakeFiles/CMakeTmp'
Building C object CMakeFiles/cmTC_0cada.dir/CheckSymbolExists.c.o
/usr/bin/cc    -o CMakeFiles/cmTC_0cada.dir/CheckSymbolExists.c.o   -c /home/chels/catkin_ws/build/ur16e_moveit_config/CMakeFiles/CMakeTmp/CheckSymbolExists.c
Linking C executable cmTC_0cada
/usr/bin/cmake -E cmake_link_script CMakeFiles/cmTC_0cada.dir/link.txt --verbose=1
/usr/bin/cc      -rdynamic CMakeFiles/cmTC_0cada.dir/CheckSymbolExists.c.o  -o cmTC_0cada 
CMakeFiles/cmTC_0cada.dir/CheckSymbolExists.c.o: In function `main':
CheckSymbolExists.c:(.text+0x1b): undefined reference to `pthread_create'
collect2: error: ld returned 1 exit status
CMakeFiles/cmTC_0cada.dir/build.make:97: recipe for target 'cmTC_0cada' failed
make[1]: *** [cmTC_0cada] Error 1
make[1]: Leaving directory '/home/chels/catkin_ws/build/ur16e_moveit_config/CMakeFiles/CMakeTmp'
Makefile:126: recipe for target 'cmTC_0cada/fast' failed
make: *** [cmTC_0cada/fast] Error 2

File /home/chels/catkin_ws/build/ur16e_moveit_config/CMakeFiles/CMakeTmp/CheckSymbolExists.c:
/* */
#include <pthread.h>

int main(int argc, char** argv)
{
  (void)argv;
#ifndef pthread_create
  return ((int*)(&pthread_create))[argc];
#else
  (void)argc;
  return 0;
#endif
}

Determining if the function pthread_create exists in the pthreads failed with the following output:
Change Dir: /home/chels/catkin_ws/build/ur16e_moveit_config/CMakeFiles/CMakeTmp

Run Build Command:"/usr/bin/make" "cmTC_99d9d/fast"
/usr/bin/make -f CMakeFiles/cmTC_99d9d.dir/build.make CMakeFiles/cmTC_99d9d.dir/build
make[1]: Entering directory '/home/chels/catkin_ws/build/ur16e_moveit_config/CMakeFiles/CMakeTmp'
Building C object CMakeFiles/cmTC_99d9d.dir/CheckFunctionExists.c.o
/usr/bin/cc   -DCHECK_FUNCTION_EXISTS=pthread_create   -o CMakeFiles/cmTC_99d9d.dir/CheckFunctionExists.c.o   -c /usr/share/cmake-3.10/Modules/CheckFunctionExists.c
Linking C executable cmTC_99d9d
/usr/bin/cmake -E cmake_link_script CMakeFiles/cmTC_99d9d.dir/link.txt --verbose=1
/usr/bin/cc  -DCHECK_FUNCTION_EXISTS=pthread_create    -rdynamic CMakeFiles/cmTC_99d9d.dir/CheckFunctionExists.c.o  -o cmTC_99d9d -lpthreads 
/usr/bin/ld: cannot find -lpthreads
collect2: error: ld returned 1 exit status
CMakeFiles/cmTC_99d9d.dir/build.make:97: recipe for target 'cmTC_99d9d' failed
make[1]: *** [cmTC_99d9d] Error 1
make[1]: Leaving directory '/home/chels/catkin_ws/build/ur16e_moveit_config/CMakeFiles/CMakeTmp'
Makefile:126: recipe for target 'cmTC_99d9d/fast' failed
make: *** [cmTC_99d9d/fast] Error 2


