[rospy.client][INFO] 2023-09-14 15:56:39,933: init_node, name[/ros_control_controller_spawner], pid[9530]
[xmlrpc][INFO] 2023-09-14 15:56:39,933: XML-RPC server binding to 0.0.0.0:0
[xmlrpc][INFO] 2023-09-14 15:56:39,934: Started XML-RPC server [http://segbot:36959/]
[rospy.init][INFO] 2023-09-14 15:56:39,934: ROS Slave URI: [http://segbot:36959/]
[rospy.impl.masterslave][INFO] 2023-09-14 15:56:39,934: _ready: http://segbot:36959/
[xmlrpc][INFO] 2023-09-14 15:56:39,940: xml rpc node: starting XML-RPC server
[rospy.registration][INFO] 2023-09-14 15:56:39,941: Registering with master node http://localhost:11311
[rospy.init][INFO] 2023-09-14 15:56:40,034: registered with master
[rospy.rosout][INFO] 2023-09-14 15:56:40,034: initializing /rosout core topic
[rospy.rosout][INFO] 2023-09-14 15:56:40,036: connected to core topic /rosout
[rospy.simtime][INFO] 2023-09-14 15:56:40,037: /use_sim_time is not set, will not subscribe to simulated time [/clock] topic
[rosout][INFO] 2023-09-14 15:56:40,038: Controller Spawner: Waiting for service controller_manager/load_controller
[rospy.internal][INFO] 2023-09-14 15:56:40,282: topic[/rosout] adding connection to [/rosout], count 0
[rosout][INFO] 2023-09-14 15:56:40,944: Controller Spawner: Waiting for service controller_manager/switch_controller
[rosout][INFO] 2023-09-14 15:56:40,947: Controller Spawner: Waiting for service controller_manager/unload_controller
[rosout][INFO] 2023-09-14 15:56:40,949: Loading controller: joint_state_controller
[rosout][INFO] 2023-09-14 15:56:40,953: Loading controller: scaled_pos_joint_traj_controller
[rosout][INFO] 2023-09-14 15:56:40,975: Loading controller: speed_scaling_state_controller
[rosout][INFO] 2023-09-14 15:56:40,981: Loading controller: force_torque_sensor_controller
[rosout][INFO] 2023-09-14 15:56:40,985: Controller Spawner: Loaded controllers: joint_state_controller, scaled_pos_joint_traj_controller, speed_scaling_state_controller, force_torque_sensor_controller
[rosout][INFO] 2023-09-14 15:56:40,990: Started controllers: joint_state_controller, scaled_pos_joint_traj_controller, speed_scaling_state_controller, force_torque_sensor_controller
[rospy.core][INFO] 2023-09-14 15:58:25,438: signal_shutdown [signal-2]
[rospy.core][INFO] 2023-09-14 15:58:25,438: signal_shutdown [atexit]
