[rospy.client][INFO] 2023-09-14 15:56:39,975: init_node, name[/ros_control_stopped_spawner], pid[9535]
[xmlrpc][INFO] 2023-09-14 15:56:39,976: XML-RPC server binding to 0.0.0.0:0
[xmlrpc][INFO] 2023-09-14 15:56:39,976: Started XML-RPC server [http://segbot:35955/]
[rospy.impl.masterslave][INFO] 2023-09-14 15:56:39,977: _ready: http://segbot:35955/
[rospy.init][INFO] 2023-09-14 15:56:39,976: ROS Slave URI: [http://segbot:35955/]
[rospy.registration][INFO] 2023-09-14 15:56:39,977: Registering with master node http://localhost:11311
[xmlrpc][INFO] 2023-09-14 15:56:39,978: xml rpc node: starting XML-RPC server
[rospy.init][INFO] 2023-09-14 15:56:40,077: registered with master
[rospy.rosout][INFO] 2023-09-14 15:56:40,077: initializing /rosout core topic
[rospy.rosout][INFO] 2023-09-14 15:56:40,079: connected to core topic /rosout
[rospy.simtime][INFO] 2023-09-14 15:56:40,080: /use_sim_time is not set, will not subscribe to simulated time [/clock] topic
[rosout][INFO] 2023-09-14 15:56:40,082: Controller Spawner: Waiting for service controller_manager/load_controller
[rospy.internal][INFO] 2023-09-14 15:56:40,282: topic[/rosout] adding connection to [/rosout], count 0
[rosout][INFO] 2023-09-14 15:56:40,988: Controller Spawner: Waiting for service controller_manager/switch_controller
[rosout][INFO] 2023-09-14 15:56:40,991: Controller Spawner: Waiting for service controller_manager/unload_controller
[rosout][INFO] 2023-09-14 15:56:40,994: Loading controller: pos_joint_traj_controller
[rosout][INFO] 2023-09-14 15:56:41,015: Loading controller: joint_group_vel_controller
[rosout][INFO] 2023-09-14 15:56:41,021: Controller Spawner: Loaded controllers: pos_joint_traj_controller, joint_group_vel_controller
[rospy.core][INFO] 2023-09-14 15:58:25,445: signal_shutdown [signal-2]
[rospy.core][INFO] 2023-09-14 15:58:25,445: signal_shutdown [atexit]
