[35m[1mScanning dependencies of target move_base_msgs_generate_messages_eus[0m
[  0%] Built target move_base_msgs_generate_messages_eus
[35m[1mScanning dependencies of target tf_generate_messages_nodejs[0m
[  0%] Built target tf_generate_messages_nodejs
[35m[1mScanning dependencies of target tf_generate_messages_lisp[0m
[35m[1mScanning dependencies of target bwi_logical_translator[0m
[  0%] Built target tf_generate_messages_lisp
[35m[1mScanning dependencies of target topic_tools_generate_messages_nodejs[0m
[  0%] Built target topic_tools_generate_messages_nodejs
[35m[1mScanning dependencies of target topic_tools_generate_messages_lisp[0m
[  0%] Built target topic_tools_generate_messages_lisp
[ 25%] [32mBuilding CXX object CMakeFiles/bwi_logical_translator.dir/src/libbwi_logical_translator/bwi_logical_translator.cpp.o[0m
[35m[1mScanning dependencies of target topic_tools_generate_messages_eus[0m
[ 25%] Built target topic_tools_generate_messages_eus
[35m[1mScanning dependencies of target topic_tools_generate_messages_cpp[0m
[ 25%] Built target topic_tools_generate_messages_cpp
[35m[1mScanning dependencies of target std_srvs_generate_messages_py[0m
[ 25%] Built target std_srvs_generate_messages_py
[35m[1mScanning dependencies of target std_srvs_generate_messages_nodejs[0m
[ 25%] Built target std_srvs_generate_messages_nodejs
[35m[1mScanning dependencies of target pcl_msgs_generate_messages_eus[0m
[ 25%] Built target pcl_msgs_generate_messages_eus
[35m[1mScanning dependencies of target pcl_msgs_generate_messages_cpp[0m
[ 25%] Built target pcl_msgs_generate_messages_cpp
[35m[1mScanning dependencies of target bond_generate_messages_py[0m
[ 25%] Built target bond_generate_messages_py
[35m[1mScanning dependencies of target bond_generate_messages_nodejs[0m
[ 25%] Built target bond_generate_messages_nodejs
[35m[1mScanning dependencies of target bond_generate_messages_lisp[0m
[ 25%] Built target bond_generate_messages_lisp
[35m[1mScanning dependencies of target bond_generate_messages_eus[0m
[ 25%] Built target bond_generate_messages_eus
[35m[1mScanning dependencies of target nodelet_generate_messages_nodejs[0m
[ 25%] Built target nodelet_generate_messages_nodejs
[35m[1mScanning dependencies of target nodelet_generate_messages_lisp[0m
[ 25%] Built target nodelet_generate_messages_lisp
[35m[1mScanning dependencies of target nodelet_generate_messages_cpp[0m
[ 25%] Built target nodelet_generate_messages_cpp
[35m[1mScanning dependencies of target multi_level_map_msgs_generate_messages_nodejs[0m
[ 25%] Built target multi_level_map_msgs_generate_messages_nodejs
[35m[1mScanning dependencies of target multi_level_map_msgs_generate_messages_lisp[0m
[ 25%] Built target multi_level_map_msgs_generate_messages_lisp
[35m[1mScanning dependencies of target multi_level_map_msgs_generate_messages_eus[0m
[ 25%] Built target multi_level_map_msgs_generate_messages_eus
[35m[1mScanning dependencies of target roscpp_generate_messages_py[0m
[ 25%] Built target roscpp_generate_messages_py
[35m[1mScanning dependencies of target pcl_msgs_generate_messages_nodejs[0m
[ 25%] Built target pcl_msgs_generate_messages_nodejs
[35m[1mScanning dependencies of target nav_msgs_generate_messages_lisp[0m
[ 25%] Built target nav_msgs_generate_messages_lisp
[35m[1mScanning dependencies of target std_srvs_generate_messages_eus[0m
[ 25%] Built target std_srvs_generate_messages_eus
[35m[1mScanning dependencies of target roscpp_generate_messages_lisp[0m
[ 25%] Built target roscpp_generate_messages_lisp
[35m[1mScanning dependencies of target geometry_msgs_generate_messages_eus[0m
[ 25%] Built target geometry_msgs_generate_messages_eus
[35m[1mScanning dependencies of target rosgraph_msgs_generate_messages_cpp[0m
[ 25%] Built target rosgraph_msgs_generate_messages_cpp
[35m[1mScanning dependencies of target tf_generate_messages_py[0m
[ 25%] Built target tf_generate_messages_py
[35m[1mScanning dependencies of target dynamic_reconfigure_generate_messages_cpp[0m
[ 25%] Built target dynamic_reconfigure_generate_messages_cpp
[35m[1mScanning dependencies of target std_srvs_generate_messages_lisp[0m
[ 25%] Built target std_srvs_generate_messages_lisp
[35m[1mScanning dependencies of target _catkin_empty_exported_target[0m
[ 25%] Built target _catkin_empty_exported_target
[35m[1mScanning dependencies of target sensor_msgs_generate_messages_eus[0m
[ 25%] Built target sensor_msgs_generate_messages_eus
[01m[K/home/chels/catkin_ws/src/bwi_common/bwi_logical_translator/src/libbwi_logical_translator/bwi_logical_translator.cpp:[m[K In member function ‘[01m[Kbool bwi_logical_translator::BwiLogicalTranslator::initialize()[m[K’:
[01m[K/home/chels/catkin_ws/src/bwi_common/bwi_logical_translator/src/libbwi_logical_translator/bwi_logical_translator.cpp:117:43:[m[K [01;35m[Kwarning: [m[Knarrowing conversion of ‘[01m[Kpose.geometry_msgs::Pose_<std::allocator<void> >::position.geometry_msgs::Point_<std::allocator<void> >::x[m[K’ from ‘[01m[Kgeometry_msgs::Point_<std::allocator<void> >::_x_type {aka double}[m[K’ to ‘[01m[Kfloat[m[K’ inside { } [[01;35m[K-Wnarrowing[m[K]
       pcl::PointXY point = {[01;35m[Kpose.position.x[m[K, pose.position.y};
                             [01;35m[K~~~~~~~~~~~~~~^[m[K
[01m[K/home/chels/catkin_ws/src/bwi_common/bwi_logical_translator/src/libbwi_logical_translator/bwi_logical_translator.cpp:117:60:[m[K [01;35m[Kwarning: [m[Knarrowing conversion of ‘[01m[Kpose.geometry_msgs::Pose_<std::allocator<void> >::position.geometry_msgs::Point_<std::allocator<void> >::y[m[K’ from ‘[01m[Kgeometry_msgs::Point_<std::allocator<void> >::_y_type {aka double}[m[K’ to ‘[01m[Kfloat[m[K’ inside { } [[01;35m[K-Wnarrowing[m[K]
       pcl::PointXY point = {pose.position.x, [01;35m[Kpose.position.y[m[K};
                                              [01;35m[K~~~~~~~~~~~~~~^[m[K
[ 50%] [32m[1mLinking CXX shared library /home/chels/catkin_ws/devel/.private/bwi_logical_translator/lib/libbwi_logical_translator.so[0m
[ 50%] Built target bwi_logical_translator
[35m[1mScanning dependencies of target move_base_msgs_generate_messages_py[0m
[ 50%] Built target move_base_msgs_generate_messages_py
[35m[1mScanning dependencies of target std_msgs_generate_messages_py[0m
[ 50%] Built target std_msgs_generate_messages_py
[35m[1mScanning dependencies of target std_msgs_generate_messages_nodejs[0m
[ 50%] Built target std_msgs_generate_messages_nodejs
[35m[1mScanning dependencies of target roscpp_generate_messages_nodejs[0m
[ 50%] Built target roscpp_generate_messages_nodejs
[35m[1mScanning dependencies of target std_msgs_generate_messages_lisp[0m
[ 50%] Built target std_msgs_generate_messages_lisp
[35m[1mScanning dependencies of target rosgraph_msgs_generate_messages_lisp[0m
[ 50%] Built target rosgraph_msgs_generate_messages_lisp
[35m[1mScanning dependencies of target actionlib_generate_messages_cpp[0m
[ 50%] Built target actionlib_generate_messages_cpp
[35m[1mScanning dependencies of target roscpp_generate_messages_cpp[0m
[ 50%] Built target roscpp_generate_messages_cpp
[35m[1mScanning dependencies of target sensor_msgs_generate_messages_nodejs[0m
[ 50%] Built target sensor_msgs_generate_messages_nodejs
[35m[1mScanning dependencies of target std_srvs_generate_messages_cpp[0m
[ 50%] Built target std_srvs_generate_messages_cpp
[35m[1mScanning dependencies of target move_base_msgs_generate_messages_nodejs[0m
[ 50%] Built target move_base_msgs_generate_messages_nodejs
[35m[1mScanning dependencies of target nav_msgs_generate_messages_nodejs[0m
[ 50%] Built target nav_msgs_generate_messages_nodejs
[35m[1mScanning dependencies of target std_msgs_generate_messages_cpp[0m
[ 50%] Built target std_msgs_generate_messages_cpp
[35m[1mScanning dependencies of target geometry_msgs_generate_messages_nodejs[0m
[ 50%] Built target geometry_msgs_generate_messages_nodejs
[35m[1mScanning dependencies of target pcl_msgs_generate_messages_py[0m
[ 50%] Built target pcl_msgs_generate_messages_py
[35m[1mScanning dependencies of target actionlib_generate_messages_eus[0m
[ 50%] Built target actionlib_generate_messages_eus
[35m[1mScanning dependencies of target pcl_ros_gencfg[0m
[ 50%] Built target pcl_ros_gencfg
[35m[1mScanning dependencies of target map_msgs_generate_messages_py[0m
[ 50%] Built target map_msgs_generate_messages_py
[35m[1mScanning dependencies of target rosgraph_msgs_generate_messages_nodejs[0m
[ 50%] Built target rosgraph_msgs_generate_messages_nodejs
[35m[1mScanning dependencies of target std_msgs_generate_messages_eus[0m
[ 50%] Built target std_msgs_generate_messages_eus
[35m[1mScanning dependencies of target tf_generate_messages_cpp[0m
[ 50%] Built target tf_generate_messages_cpp
[35m[1mScanning dependencies of target pcl_msgs_generate_messages_lisp[0m
[ 50%] Built target pcl_msgs_generate_messages_lisp
[35m[1mScanning dependencies of target actionlib_generate_messages_nodejs[0m
[35m[1mScanning dependencies of target multi_level_map_msgs_generate_messages_py[0m
[ 50%] Built target actionlib_generate_messages_nodejs
[ 50%] Built target multi_level_map_msgs_generate_messages_py
[35m[1mScanning dependencies of target rosgraph_msgs_generate_messages_eus[0m
[ 50%] Built target rosgraph_msgs_generate_messages_eus
[35m[1mScanning dependencies of target bwi_msgs_generate_messages_cpp[0m
[ 50%] Built target bwi_msgs_generate_messages_cpp
[35m[1mScanning dependencies of target map_msgs_generate_messages_lisp[0m
[ 50%] Built target map_msgs_generate_messages_lisp
[35m[1mScanning dependencies of target move_base_msgs_generate_messages_cpp[0m
[ 50%] Built target move_base_msgs_generate_messages_cpp
[35m[1mScanning dependencies of target tf_generate_messages_eus[0m
[35m[1mScanning dependencies of target actionlib_msgs_generate_messages_cpp[0m
[ 50%] Built target tf_generate_messages_eus
[ 50%] Built target actionlib_msgs_generate_messages_cpp
[35m[1mScanning dependencies of target roscpp_generate_messages_eus[0m
[ 50%] Built target roscpp_generate_messages_eus
[35m[1mScanning dependencies of target rosgraph_msgs_generate_messages_py[0m
[ 50%] Built target rosgraph_msgs_generate_messages_py
[35m[1mScanning dependencies of target actionlib_msgs_generate_messages_eus[0m
[ 50%] Built target actionlib_msgs_generate_messages_eus
[35m[1mScanning dependencies of target actionlib_msgs_generate_messages_lisp[0m
[ 50%] Built target actionlib_msgs_generate_messages_lisp
[35m[1mScanning dependencies of target actionlib_msgs_generate_messages_py[0m
[ 50%] Built target actionlib_msgs_generate_messages_py
[35m[1mScanning dependencies of target actionlib_generate_messages_lisp[0m
[ 50%] Built target actionlib_generate_messages_lisp
[35m[1mScanning dependencies of target geometry_msgs_generate_messages_cpp[0m
[ 50%] Built target geometry_msgs_generate_messages_cpp
[35m[1mScanning dependencies of target geometry_msgs_generate_messages_lisp[0m
[ 50%] Built target geometry_msgs_generate_messages_lisp
[35m[1mScanning dependencies of target geometry_msgs_generate_messages_py[0m
[ 50%] Built target geometry_msgs_generate_messages_py
[35m[1mScanning dependencies of target bwi_msgs_generate_messages_eus[0m
[ 50%] Built target bwi_msgs_generate_messages_eus
[35m[1mScanning dependencies of target bwi_planning_common_generate_messages_lisp[0m
[ 50%] Built target bwi_planning_common_generate_messages_lisp
[35m[1mScanning dependencies of target tf2_msgs_generate_messages_cpp[0m
[ 50%] Built target tf2_msgs_generate_messages_cpp
[35m[1mScanning dependencies of target nav_msgs_generate_messages_eus[0m
[ 50%] Built target nav_msgs_generate_messages_eus
[35m[1mScanning dependencies of target tf2_msgs_generate_messages_eus[0m
[ 50%] Built target tf2_msgs_generate_messages_eus
[35m[1mScanning dependencies of target move_base_msgs_generate_messages_lisp[0m
[ 50%] Built target move_base_msgs_generate_messages_lisp
[35m[1mScanning dependencies of target bwi_planning_common_generate_messages_cpp[0m
[ 50%] Built target bwi_planning_common_generate_messages_cpp
[35m[1mScanning dependencies of target actionlib_generate_messages_py[0m
[ 50%] Built target actionlib_generate_messages_py
[35m[1mScanning dependencies of target map_msgs_generate_messages_cpp[0m
[ 50%] Built target map_msgs_generate_messages_cpp
[35m[1mScanning dependencies of target tf2_msgs_generate_messages_py[0m
[ 50%] Built target tf2_msgs_generate_messages_py
[35m[1mScanning dependencies of target bwi_msgs_generate_messages_nodejs[0m
[ 50%] Built target bwi_msgs_generate_messages_nodejs
[35m[1mScanning dependencies of target tf2_msgs_generate_messages_nodejs[0m
[ 50%] Built target tf2_msgs_generate_messages_nodejs
[35m[1mScanning dependencies of target bwi_msgs_generate_messages_lisp[0m
[ 50%] Built target bwi_msgs_generate_messages_lisp
[35m[1mScanning dependencies of target bond_generate_messages_cpp[0m
[ 50%] Built target bond_generate_messages_cpp
[35m[1mScanning dependencies of target bwi_planning_common_generate_messages_nodejs[0m
[ 50%] Built target bwi_planning_common_generate_messages_nodejs
[35m[1mScanning dependencies of target bwi_msgs_generate_messages_py[0m
[ 50%] Built target bwi_msgs_generate_messages_py
[35m[1mScanning dependencies of target bwi_planning_common_generate_messages_py[0m
[ 50%] Built target bwi_planning_common_generate_messages_py
[35m[1mScanning dependencies of target sensor_msgs_generate_messages_cpp[0m
[ 50%] Built target sensor_msgs_generate_messages_cpp
[35m[1mScanning dependencies of target nodelet_generate_messages_py[0m
[ 50%] Built target nodelet_generate_messages_py
[35m[1mScanning dependencies of target sensor_msgs_generate_messages_py[0m
[ 50%] Built target sensor_msgs_generate_messages_py
[35m[1mScanning dependencies of target bwi_planning_common_generate_messages_eus[0m
[ 50%] Built target bwi_planning_common_generate_messages_eus
[35m[1mScanning dependencies of target dynamic_reconfigure_generate_messages_eus[0m
[ 50%] Built target dynamic_reconfigure_generate_messages_eus
[35m[1mScanning dependencies of target dynamic_reconfigure_generate_messages_lisp[0m
[ 50%] Built target dynamic_reconfigure_generate_messages_lisp
[35m[1mScanning dependencies of target nodelet_generate_messages_eus[0m
[ 50%] Built target nodelet_generate_messages_eus
[35m[1mScanning dependencies of target map_msgs_generate_messages_eus[0m
[ 50%] Built target map_msgs_generate_messages_eus
[35m[1mScanning dependencies of target multi_level_map_msgs_generate_messages_cpp[0m
[ 50%] Built target multi_level_map_msgs_generate_messages_cpp
[35m[1mScanning dependencies of target dynamic_reconfigure_generate_messages_nodejs[0m
[ 50%] Built target dynamic_reconfigure_generate_messages_nodejs
[35m[1mScanning dependencies of target dynamic_reconfigure_generate_messages_py[0m
[ 50%] Built target dynamic_reconfigure_generate_messages_py
[35m[1mScanning dependencies of target nav_msgs_generate_messages_py[0m
[ 50%] Built target nav_msgs_generate_messages_py
[35m[1mScanning dependencies of target tf2_msgs_generate_messages_lisp[0m
[ 50%] Built target tf2_msgs_generate_messages_lisp
[35m[1mScanning dependencies of target dynamic_reconfigure_gencfg[0m
[35m[1mScanning dependencies of target topic_tools_generate_messages_py[0m
[ 50%] Built target dynamic_reconfigure_gencfg
[ 50%] Built target topic_tools_generate_messages_py
[35m[1mScanning dependencies of target nodelet_topic_tools_gencfg[0m
[ 50%] Built target nodelet_topic_tools_gencfg
[35m[1mScanning dependencies of target actionlib_msgs_generate_messages_nodejs[0m
[ 50%] Built target actionlib_msgs_generate_messages_nodejs
[35m[1mScanning dependencies of target map_msgs_generate_messages_nodejs[0m
[35m[1mScanning dependencies of target nav_msgs_generate_messages_cpp[0m
[ 50%] Built target map_msgs_generate_messages_nodejs
[ 50%] Built target nav_msgs_generate_messages_cpp
[35m[1mScanning dependencies of target sensor_msgs_generate_messages_lisp[0m
[ 50%] Built target sensor_msgs_generate_messages_lisp
[35m[1mScanning dependencies of target bwi_logical_navigator[0m
[ 75%] [32mBuilding CXX object CMakeFiles/bwi_logical_navigator.dir/src/nodes/bwi_logical_navigator.cpp.o[0m
[100%] [32m[1mLinking CXX executable /home/chels/catkin_ws/devel/.private/bwi_logical_translator/lib/bwi_logical_translator/bwi_logical_navigator[0m
[100%] Built target bwi_logical_navigator
