[rospy.client][INFO] 2023-09-07 19:27:04,802: init_node, name[/ros_control_stopped_spawner], pid[18681]
[xmlrpc][INFO] 2023-09-07 19:27:04,802: XML-RPC server binding to 0.0.0.0:0
[xmlrpc][INFO] 2023-09-07 19:27:04,803: Started XML-RPC server [http://segbot:33273/]
[rospy.init][INFO] 2023-09-07 19:27:04,803: ROS Slave URI: [http://segbot:33273/]
[rospy.impl.masterslave][INFO] 2023-09-07 19:27:04,803: _ready: http://segbot:33273/
[rospy.registration][INFO] 2023-09-07 19:27:04,804: Registering with master node http://localhost:11311
[xmlrpc][INFO] 2023-09-07 19:27:04,804: xml rpc node: starting XML-RPC server
[rospy.init][INFO] 2023-09-07 19:27:04,903: registered with master
[rospy.rosout][INFO] 2023-09-07 19:27:04,903: initializing /rosout core topic
[rospy.rosout][INFO] 2023-09-07 19:27:04,917: connected to core topic /rosout
[rospy.simtime][INFO] 2023-09-07 19:27:04,919: /use_sim_time is not set, will not subscribe to simulated time [/clock] topic
[rosout][INFO] 2023-09-07 19:27:04,926: Controller Spawner: Waiting for service controller_manager/load_controller
[rospy.internal][INFO] 2023-09-07 19:27:05,204: topic[/rosout] adding connection to [/rosout], count 0
[rosout][INFO] 2023-09-07 19:27:07,044: Controller Spawner: Waiting for service controller_manager/switch_controller
[rosout][INFO] 2023-09-07 19:27:07,050: Controller Spawner: Waiting for service controller_manager/unload_controller
[rosout][INFO] 2023-09-07 19:27:07,057: Loading controller: pos_joint_traj_controller
[rosout][INFO] 2023-09-07 19:27:07,091: Loading controller: joint_group_vel_controller
[rosout][INFO] 2023-09-07 19:27:07,119: Controller Spawner: Loaded controllers: pos_joint_traj_controller, joint_group_vel_controller
[rospy.core][INFO] 2023-09-07 19:27:50,092: signal_shutdown [signal-2]
[rosout][INFO] 2023-09-07 19:27:50,092: Shutting down spawner. Stopping and unloading controllers...
[rosout][INFO] 2023-09-07 19:27:50,094: Stopping all controllers...
[rosout][INFO] 2023-09-07 19:27:50,101: Unloading all loaded controllers...
[rosout][INFO] 2023-09-07 19:27:50,103: Trying to unload joint_group_vel_controller
[rosout][WARNING] 2023-09-07 19:27:50,736: Controller Spawner error while taking down controllers: transport error completing service call: unable to receive data from sender, check sender's logs for details
[rospy.internal][INFO] 2023-09-07 19:27:50,739: topic[/rosout] removing connection to /rosout
[rospy.impl.masterslave][INFO] 2023-09-07 19:27:50,740: signal-2
[rospy.core][INFO] 2023-09-07 19:27:50,904: signal_shutdown [atexit]
