[rospy.client][INFO] 2023-09-07 19:27:04,784: init_node, name[/ros_control_controller_spawner], pid[18672]
[xmlrpc][INFO] 2023-09-07 19:27:04,788: XML-RPC server binding to 0.0.0.0:0
[xmlrpc][INFO] 2023-09-07 19:27:04,788: Started XML-RPC server [http://segbot:37293/]
[rospy.impl.masterslave][INFO] 2023-09-07 19:27:04,788: _ready: http://segbot:37293/
[rospy.init][INFO] 2023-09-07 19:27:04,789: ROS Slave URI: [http://segbot:37293/]
[xmlrpc][INFO] 2023-09-07 19:27:04,794: xml rpc node: starting XML-RPC server
[rospy.registration][INFO] 2023-09-07 19:27:04,795: Registering with master node http://localhost:11311
[rospy.init][INFO] 2023-09-07 19:27:04,891: registered with master
[rospy.rosout][INFO] 2023-09-07 19:27:04,891: initializing /rosout core topic
[rospy.rosout][INFO] 2023-09-07 19:27:04,894: connected to core topic /rosout
[rospy.simtime][INFO] 2023-09-07 19:27:04,895: /use_sim_time is not set, will not subscribe to simulated time [/clock] topic
[rosout][INFO] 2023-09-07 19:27:04,902: Controller Spawner: Waiting for service controller_manager/load_controller
[rospy.internal][INFO] 2023-09-07 19:27:05,104: topic[/rosout] adding connection to [/rosout], count 0
[rosout][INFO] 2023-09-07 19:27:07,031: Controller Spawner: Waiting for service controller_manager/switch_controller
[rosout][INFO] 2023-09-07 19:27:07,036: Controller Spawner: Waiting for service controller_manager/unload_controller
[rosout][INFO] 2023-09-07 19:27:07,042: Loading controller: joint_state_controller
[rosout][INFO] 2023-09-07 19:27:07,065: Loading controller: scaled_pos_joint_traj_controller
[rosout][INFO] 2023-09-07 19:27:07,111: Loading controller: speed_scaling_state_controller
[rosout][INFO] 2023-09-07 19:27:07,123: Loading controller: force_torque_sensor_controller
[rosout][INFO] 2023-09-07 19:27:07,129: Controller Spawner: Loaded controllers: joint_state_controller, scaled_pos_joint_traj_controller, speed_scaling_state_controller, force_torque_sensor_controller
[rosout][INFO] 2023-09-07 19:27:07,133: Started controllers: joint_state_controller, scaled_pos_joint_traj_controller, speed_scaling_state_controller, force_torque_sensor_controller
[rospy.core][INFO] 2023-09-07 19:27:50,091: signal_shutdown [signal-2]
[rosout][INFO] 2023-09-07 19:27:50,091: Shutting down spawner. Stopping and unloading controllers...
[rosout][INFO] 2023-09-07 19:27:50,095: Stopping all controllers...
[rosout][INFO] 2023-09-07 19:27:50,615: Unloading all loaded controllers...
[rosout][INFO] 2023-09-07 19:27:50,616: Trying to unload force_torque_sensor_controller
[rospy.internal][WARNING] 2023-09-07 19:27:50,737: Unknown error initiating TCP/IP socket to segbot:58711 (rosrpc://segbot:58711): Traceback (most recent call last):
  File "/opt/ros/melodic/lib/python2.7/dist-packages/rospy/impl/tcpros_base.py", line 569, in connect
    self.read_header()
  File "/opt/ros/melodic/lib/python2.7/dist-packages/rospy/impl/tcpros_base.py", line 664, in read_header
    self._validate_header(read_ros_handshake_header(sock, self.read_buff, self.protocol.buff_size))
  File "/opt/ros/melodic/lib/python2.7/dist-packages/rosgraph/network.py", line 357, in read_ros_handshake_header
    d = sock.recv(buff_size)
error: [Errno 104] Connection reset by peer

[rosout][WARNING] 2023-09-07 19:27:50,737: Controller Spawner error while taking down controllers: unable to connect to service: [Errno 104] Connection reset by peer
[rospy.internal][INFO] 2023-09-07 19:27:50,741: topic[/rosout] removing connection to /rosout
[rospy.impl.masterslave][INFO] 2023-09-07 19:27:50,741: signal-2
[rospy.core][INFO] 2023-09-07 19:27:50,905: signal_shutdown [atexit]
