Determining if the pthread_create exist failed with the following output:
Change Dir: /home/chels/catkin_ws/build/bwi_dialog/CMakeFiles/CMakeTmp

Run Build Command:"/usr/bin/make" "cmTC_f1b9f/fast"
/usr/bin/make -f CMakeFiles/cmTC_f1b9f.dir/build.make CMakeFiles/cmTC_f1b9f.dir/build
make[1]: Entering directory '/home/chels/catkin_ws/build/bwi_dialog/CMakeFiles/CMakeTmp'
Building C object CMakeFiles/cmTC_f1b9f.dir/CheckSymbolExists.c.o
/usr/bin/cc    -o CMakeFiles/cmTC_f1b9f.dir/CheckSymbolExists.c.o   -c /home/chels/catkin_ws/build/bwi_dialog/CMakeFiles/CMakeTmp/CheckSymbolExists.c
Linking C executable cmTC_f1b9f
/usr/bin/cmake -E cmake_link_script CMakeFiles/cmTC_f1b9f.dir/link.txt --verbose=1
/usr/bin/cc      -rdynamic CMakeFiles/cmTC_f1b9f.dir/CheckSymbolExists.c.o  -o cmTC_f1b9f 
CMakeFiles/cmTC_f1b9f.dir/CheckSymbolExists.c.o: In function `main':
CheckSymbolExists.c:(.text+0x1b): undefined reference to `pthread_create'
collect2: error: ld returned 1 exit status
CMakeFiles/cmTC_f1b9f.dir/build.make:97: recipe for target 'cmTC_f1b9f' failed
make[1]: *** [cmTC_f1b9f] Error 1
make[1]: Leaving directory '/home/chels/catkin_ws/build/bwi_dialog/CMakeFiles/CMakeTmp'
Makefile:126: recipe for target 'cmTC_f1b9f/fast' failed
make: *** [cmTC_f1b9f/fast] Error 2

File /home/chels/catkin_ws/build/bwi_dialog/CMakeFiles/CMakeTmp/CheckSymbolExists.c:
/* */
#include <pthread.h>

int main(int argc, char** argv)
{
  (void)argv;
#ifndef pthread_create
  return ((int*)(&pthread_create))[argc];
#else
  (void)argc;
  return 0;
#endif
}

Determining if the function pthread_create exists in the pthreads failed with the following output:
Change Dir: /home/chels/catkin_ws/build/bwi_dialog/CMakeFiles/CMakeTmp

Run Build Command:"/usr/bin/make" "cmTC_952ac/fast"
/usr/bin/make -f CMakeFiles/cmTC_952ac.dir/build.make CMakeFiles/cmTC_952ac.dir/build
make[1]: Entering directory '/home/chels/catkin_ws/build/bwi_dialog/CMakeFiles/CMakeTmp'
Building C object CMakeFiles/cmTC_952ac.dir/CheckFunctionExists.c.o
/usr/bin/cc   -DCHECK_FUNCTION_EXISTS=pthread_create   -o CMakeFiles/cmTC_952ac.dir/CheckFunctionExists.c.o   -c /usr/share/cmake-3.10/Modules/CheckFunctionExists.c
Linking C executable cmTC_952ac
/usr/bin/cmake -E cmake_link_script CMakeFiles/cmTC_952ac.dir/link.txt --verbose=1
/usr/bin/cc  -DCHECK_FUNCTION_EXISTS=pthread_create    -rdynamic CMakeFiles/cmTC_952ac.dir/CheckFunctionExists.c.o  -o cmTC_952ac -lpthreads 
/usr/bin/ld: cannot find -lpthreads
collect2: error: ld returned 1 exit status
CMakeFiles/cmTC_952ac.dir/build.make:97: recipe for target 'cmTC_952ac' failed
make[1]: *** [cmTC_952ac] Error 1
make[1]: Leaving directory '/home/chels/catkin_ws/build/bwi_dialog/CMakeFiles/CMakeTmp'
Makefile:126: recipe for target 'cmTC_952ac/fast' failed
make: *** [cmTC_952ac/fast] Error 2


