[rospy.client][INFO] 2023-09-14 16:01:56,135: init_node, name[/ros_control_controller_spawner], pid[11082]
[xmlrpc][INFO] 2023-09-14 16:01:56,135: XML-RPC server binding to 0.0.0.0:0
[rospy.init][INFO] 2023-09-14 16:01:56,136: ROS Slave URI: [http://segbot:45909/]
[xmlrpc][INFO] 2023-09-14 16:01:56,136: Started XML-RPC server [http://segbot:45909/]
[rospy.impl.masterslave][INFO] 2023-09-14 16:01:56,136: _ready: http://segbot:45909/
[xmlrpc][INFO] 2023-09-14 16:01:56,136: xml rpc node: starting XML-RPC server
[rospy.registration][INFO] 2023-09-14 16:01:56,137: Registering with master node http://localhost:11311
[rospy.init][INFO] 2023-09-14 16:01:56,236: registered with master
[rospy.rosout][INFO] 2023-09-14 16:01:56,236: initializing /rosout core topic
[rospy.rosout][INFO] 2023-09-14 16:01:56,238: connected to core topic /rosout
[rospy.simtime][INFO] 2023-09-14 16:01:56,239: /use_sim_time is not set, will not subscribe to simulated time [/clock] topic
[rosout][INFO] 2023-09-14 16:01:56,240: Controller Spawner: Waiting for service controller_manager/load_controller
[rospy.internal][INFO] 2023-09-14 16:01:56,507: topic[/rosout] adding connection to [/rosout], count 0
[rosout][INFO] 2023-09-14 16:01:57,448: Controller Spawner: Waiting for service controller_manager/switch_controller
[rosout][INFO] 2023-09-14 16:01:57,453: Controller Spawner: Waiting for service controller_manager/unload_controller
[rosout][INFO] 2023-09-14 16:01:57,459: Loading controller: joint_state_controller
[rosout][INFO] 2023-09-14 16:01:57,470: Loading controller: scaled_pos_joint_traj_controller
[rosout][INFO] 2023-09-14 16:01:57,500: Loading controller: speed_scaling_state_controller
[rosout][INFO] 2023-09-14 16:01:57,506: Loading controller: force_torque_sensor_controller
[rosout][INFO] 2023-09-14 16:01:57,510: Controller Spawner: Loaded controllers: joint_state_controller, scaled_pos_joint_traj_controller, speed_scaling_state_controller, force_torque_sensor_controller
[rosout][INFO] 2023-09-14 16:01:57,514: Started controllers: joint_state_controller, scaled_pos_joint_traj_controller, speed_scaling_state_controller, force_torque_sensor_controller
[rospy.core][INFO] 2023-09-14 16:03:38,068: signal_shutdown [signal-2]
[rospy.core][INFO] 2023-09-14 16:03:38,069: signal_shutdown [atexit]
