[rospy.client][INFO] 2023-09-14 15:58:53,154: init_node, name[/ros_control_controller_spawner], pid[10308]
[xmlrpc][INFO] 2023-09-14 15:58:53,154: XML-RPC server binding to 0.0.0.0:0
[xmlrpc][INFO] 2023-09-14 15:58:53,155: Started XML-RPC server [http://segbot:46325/]
[rospy.impl.masterslave][INFO] 2023-09-14 15:58:53,155: _ready: http://segbot:46325/
[rospy.registration][INFO] 2023-09-14 15:58:53,156: Registering with master node http://localhost:11311
[xmlrpc][INFO] 2023-09-14 15:58:53,158: xml rpc node: starting XML-RPC server
[rospy.init][INFO] 2023-09-14 15:58:53,162: ROS Slave URI: [http://segbot:46325/]
[rospy.init][INFO] 2023-09-14 15:58:53,162: registered with master
[rospy.rosout][INFO] 2023-09-14 15:58:53,162: initializing /rosout core topic
[rospy.rosout][INFO] 2023-09-14 15:58:53,171: connected to core topic /rosout
[rospy.simtime][INFO] 2023-09-14 15:58:53,172: /use_sim_time is not set, will not subscribe to simulated time [/clock] topic
[rosout][INFO] 2023-09-14 15:58:53,181: Controller Spawner: Waiting for service controller_manager/load_controller
[rospy.internal][INFO] 2023-09-14 15:58:53,415: topic[/rosout] adding connection to [/rosout], count 0
[rosout][INFO] 2023-09-14 15:58:54,101: Controller Spawner: Waiting for service controller_manager/switch_controller
[rosout][INFO] 2023-09-14 15:58:54,105: Controller Spawner: Waiting for service controller_manager/unload_controller
[rosout][INFO] 2023-09-14 15:58:54,109: Loading controller: joint_state_controller
[rosout][INFO] 2023-09-14 15:58:54,122: Loading controller: scaled_pos_joint_traj_controller
[rosout][INFO] 2023-09-14 15:58:54,160: Loading controller: speed_scaling_state_controller
[rosout][INFO] 2023-09-14 15:58:54,166: Loading controller: force_torque_sensor_controller
[rosout][INFO] 2023-09-14 15:58:54,170: Controller Spawner: Loaded controllers: joint_state_controller, scaled_pos_joint_traj_controller, speed_scaling_state_controller, force_torque_sensor_controller
[rosout][INFO] 2023-09-14 15:58:54,174: Started controllers: joint_state_controller, scaled_pos_joint_traj_controller, speed_scaling_state_controller, force_torque_sensor_controller
[rospy.core][INFO] 2023-09-14 16:01:31,984: signal_shutdown [signal-2]
[rosout][INFO] 2023-09-14 16:01:31,984: Shutting down spawner. Stopping and unloading controllers...
[rosout][INFO] 2023-09-14 16:01:31,985: Stopping all controllers...
[rosout][INFO] 2023-09-14 16:01:32,001: Unloading all loaded controllers...
[rosout][INFO] 2023-09-14 16:01:32,002: Trying to unload force_torque_sensor_controller
[rosout][INFO] 2023-09-14 16:01:32,015: Succeeded in unloading force_torque_sensor_controller
[rosout][INFO] 2023-09-14 16:01:32,016: Trying to unload speed_scaling_state_controller
[rosout][INFO] 2023-09-14 16:01:32,028: Succeeded in unloading speed_scaling_state_controller
[rosout][INFO] 2023-09-14 16:01:32,030: Trying to unload scaled_pos_joint_traj_controller
[rosout][INFO] 2023-09-14 16:01:32,060: Succeeded in unloading scaled_pos_joint_traj_controller
[rosout][INFO] 2023-09-14 16:01:32,061: Trying to unload joint_state_controller
[rosout][INFO] 2023-09-14 16:01:32,065: Succeeded in unloading joint_state_controller
[rospy.internal][INFO] 2023-09-14 16:01:32,072: topic[/rosout] removing connection to /rosout
[rospy.impl.masterslave][INFO] 2023-09-14 16:01:32,072: signal-2
[rospy.core][INFO] 2023-09-14 16:01:32,688: signal_shutdown [atexit]
