Determining if the pthread_create exist failed with the following output:
Change Dir: /home/chels/catkin_ws/build/ur5_moveit_config/CMakeFiles/CMakeTmp

Run Build Command:"/usr/bin/make" "cmTC_e6863/fast"
/usr/bin/make -f CMakeFiles/cmTC_e6863.dir/build.make CMakeFiles/cmTC_e6863.dir/build
make[1]: Entering directory '/home/chels/catkin_ws/build/ur5_moveit_config/CMakeFiles/CMakeTmp'
Building C object CMakeFiles/cmTC_e6863.dir/CheckSymbolExists.c.o
/usr/bin/cc    -o CMakeFiles/cmTC_e6863.dir/CheckSymbolExists.c.o   -c /home/chels/catkin_ws/build/ur5_moveit_config/CMakeFiles/CMakeTmp/CheckSymbolExists.c
Linking C executable cmTC_e6863
/usr/bin/cmake -E cmake_link_script CMakeFiles/cmTC_e6863.dir/link.txt --verbose=1
/usr/bin/cc      -rdynamic CMakeFiles/cmTC_e6863.dir/CheckSymbolExists.c.o  -o cmTC_e6863 
CMakeFiles/cmTC_e6863.dir/CheckSymbolExists.c.o: In function `main':
CheckSymbolExists.c:(.text+0x1b): undefined reference to `pthread_create'
collect2: error: ld returned 1 exit status
CMakeFiles/cmTC_e6863.dir/build.make:97: recipe for target 'cmTC_e6863' failed
make[1]: *** [cmTC_e6863] Error 1
make[1]: Leaving directory '/home/chels/catkin_ws/build/ur5_moveit_config/CMakeFiles/CMakeTmp'
Makefile:126: recipe for target 'cmTC_e6863/fast' failed
make: *** [cmTC_e6863/fast] Error 2

File /home/chels/catkin_ws/build/ur5_moveit_config/CMakeFiles/CMakeTmp/CheckSymbolExists.c:
/* */
#include <pthread.h>

int main(int argc, char** argv)
{
  (void)argv;
#ifndef pthread_create
  return ((int*)(&pthread_create))[argc];
#else
  (void)argc;
  return 0;
#endif
}

Determining if the function pthread_create exists in the pthreads failed with the following output:
Change Dir: /home/chels/catkin_ws/build/ur5_moveit_config/CMakeFiles/CMakeTmp

Run Build Command:"/usr/bin/make" "cmTC_ea945/fast"
/usr/bin/make -f CMakeFiles/cmTC_ea945.dir/build.make CMakeFiles/cmTC_ea945.dir/build
make[1]: Entering directory '/home/chels/catkin_ws/build/ur5_moveit_config/CMakeFiles/CMakeTmp'
Building C object CMakeFiles/cmTC_ea945.dir/CheckFunctionExists.c.o
/usr/bin/cc   -DCHECK_FUNCTION_EXISTS=pthread_create   -o CMakeFiles/cmTC_ea945.dir/CheckFunctionExists.c.o   -c /usr/share/cmake-3.10/Modules/CheckFunctionExists.c
Linking C executable cmTC_ea945
/usr/bin/cmake -E cmake_link_script CMakeFiles/cmTC_ea945.dir/link.txt --verbose=1
/usr/bin/cc  -DCHECK_FUNCTION_EXISTS=pthread_create    -rdynamic CMakeFiles/cmTC_ea945.dir/CheckFunctionExists.c.o  -o cmTC_ea945 -lpthreads 
/usr/bin/ld: cannot find -lpthreads
collect2: error: ld returned 1 exit status
CMakeFiles/cmTC_ea945.dir/build.make:97: recipe for target 'cmTC_ea945' failed
make[1]: *** [cmTC_ea945] Error 1
make[1]: Leaving directory '/home/chels/catkin_ws/build/ur5_moveit_config/CMakeFiles/CMakeTmp'
Makefile:126: recipe for target 'cmTC_ea945/fast' failed
make: *** [cmTC_ea945/fast] Error 2


