[35m[1mScanning dependencies of target bwi_planning_common[0m
[  6%] [32mBuilding CXX object CMakeFiles/bwi_planning_common.dir/src/structures.cpp.o[0m
[35m[1mScanning dependencies of target std_msgs_generate_messages_cpp[0m
[  6%] Built target std_msgs_generate_messages_cpp
[ 13%] [32m[1mLinking CXX shared library /home/chels/catkin_ws/devel/.private/bwi_planning_common/lib/libbwi_planning_common.so[0m
[ 13%] Built target bwi_planning_common
[35m[1mScanning dependencies of target _bwi_planning_common_generate_messages_check_deps_PlannerAtom[0m
[ 13%] Built target _bwi_planning_common_generate_messages_check_deps_PlannerAtom
[35m[1mScanning dependencies of target _bwi_planning_common_generate_messages_check_deps_PlannerInterface[0m
[ 13%] Built target _bwi_planning_common_generate_messages_check_deps_PlannerInterface
[35m[1mScanning dependencies of target std_msgs_generate_messages_py[0m
[ 13%] Built target std_msgs_generate_messages_py
[35m[1mScanning dependencies of target std_msgs_generate_messages_nodejs[0m
[ 13%] Built target std_msgs_generate_messages_nodejs
[35m[1mScanning dependencies of target std_msgs_generate_messages_lisp[0m
[ 13%] Built target std_msgs_generate_messages_lisp
[35m[1mScanning dependencies of target std_msgs_generate_messages_eus[0m
[ 13%] Built target std_msgs_generate_messages_eus
[35m[1mScanning dependencies of target bwi_planning_common_generate_messages_cpp[0m
[ 20%] [34m[1mGenerating C++ code from bwi_planning_common/PlannerAtom.msg[0m
[ 26%] [34m[1mGenerating C++ code from bwi_planning_common/PlannerInterface.srv[0m
[ 26%] Built target bwi_planning_common_generate_messages_cpp
[35m[1mScanning dependencies of target bwi_planning_common_generate_messages_py[0m
[ 33%] [34m[1mGenerating Python from MSG bwi_planning_common/PlannerAtom[0m
[ 40%] [34m[1mGenerating Python code from SRV bwi_planning_common/PlannerInterface[0m
[ 46%] [34m[1mGenerating Python msg __init__.py for bwi_planning_common[0m
[ 53%] [34m[1mGenerating Python srv __init__.py for bwi_planning_common[0m
[ 53%] Built target bwi_planning_common_generate_messages_py
[35m[1mScanning dependencies of target bwi_planning_common_generate_messages_nodejs[0m
[ 60%] [34m[1mGenerating Javascript code from bwi_planning_common/PlannerAtom.msg[0m
[ 66%] [34m[1mGenerating Javascript code from bwi_planning_common/PlannerInterface.srv[0m
[ 66%] Built target bwi_planning_common_generate_messages_nodejs
[35m[1mScanning dependencies of target bwi_planning_common_generate_messages_lisp[0m
[ 73%] [34m[1mGenerating Lisp code from bwi_planning_common/PlannerAtom.msg[0m
[ 80%] [34m[1mGenerating Lisp code from bwi_planning_common/PlannerInterface.srv[0m
[ 80%] Built target bwi_planning_common_generate_messages_lisp
[35m[1mScanning dependencies of target bwi_planning_common_generate_messages_eus[0m
[ 86%] [34m[1mGenerating EusLisp code from bwi_planning_common/PlannerAtom.msg[0m
[ 93%] [34m[1mGenerating EusLisp code from bwi_planning_common/PlannerInterface.srv[0m
[100%] [34m[1mGenerating EusLisp manifest code for bwi_planning_common[0m
WARNING: Package name "gazebo_ros_2Dmap_plugin" does not follow the naming conventions. It should start with a lower case letter and only contain lower case letters, digits, underscores, and dashes.
WARNING: Package name "gazebo_ros_2Dmap_plugin" does not follow the naming conventions. It should start with a lower case letter and only contain lower case letters, digits, underscores, and dashes.
[100%] Built target bwi_planning_common_generate_messages_eus
[35m[1mScanning dependencies of target bwi_planning_common_generate_messages[0m
[100%] Built target bwi_planning_common_generate_messages
