Linked: (/home/chels/catkin_ws/devel/.private/bwi_planning_common/include/bwi_planning_common/PlannerInterfaceRequest.h, /home/chels/catkin_ws/devel/include/bwi_planning_common/PlannerInterfaceRequest.h)
Linked: (/home/chels/catkin_ws/devel/.private/bwi_planning_common/include/bwi_planning_common/PlannerInterface.h, /home/chels/catkin_ws/devel/include/bwi_planning_common/PlannerInterface.h)
Linked: (/home/chels/catkin_ws/devel/.private/bwi_planning_common/include/bwi_planning_common/PlannerAtom.h, /home/chels/catkin_ws/devel/include/bwi_planning_common/PlannerAtom.h)
Linked: (/home/chels/catkin_ws/devel/.private/bwi_planning_common/include/bwi_planning_common/PlannerInterfaceResponse.h, /home/chels/catkin_ws/devel/include/bwi_planning_common/PlannerInterfaceResponse.h)
Linked: (/home/chels/catkin_ws/devel/.private/bwi_planning_common/etc/catkin/profile.d/bwi_planning_common.sh, /home/chels/catkin_ws/devel/etc/catkin/profile.d/bwi_planning_common.sh)
Linked: (/home/chels/catkin_ws/devel/.private/bwi_planning_common/lib/libbwi_planning_common.so, /home/chels/catkin_ws/devel/lib/libbwi_planning_common.so)
Linked: (/home/chels/catkin_ws/devel/.private/bwi_planning_common/lib/python2.7/dist-packages/bwi_planning_common/__init__.py, /home/chels/catkin_ws/devel/lib/python2.7/dist-packages/bwi_planning_common/__init__.py)
Linked: (/home/chels/catkin_ws/devel/.private/bwi_planning_common/lib/python2.7/dist-packages/bwi_planning_common/srv/_PlannerInterface.py, /home/chels/catkin_ws/devel/lib/python2.7/dist-packages/bwi_planning_common/srv/_PlannerInterface.py)
Linked: (/home/chels/catkin_ws/devel/.private/bwi_planning_common/lib/python2.7/dist-packages/bwi_planning_common/srv/__init__.py, /home/chels/catkin_ws/devel/lib/python2.7/dist-packages/bwi_planning_common/srv/__init__.py)
Linked: (/home/chels/catkin_ws/devel/.private/bwi_planning_common/lib/python2.7/dist-packages/bwi_planning_common/msg/_PlannerAtom.py, /home/chels/catkin_ws/devel/lib/python2.7/dist-packages/bwi_planning_common/msg/_PlannerAtom.py)
Linked: (/home/chels/catkin_ws/devel/.private/bwi_planning_common/lib/python2.7/dist-packages/bwi_planning_common/msg/__init__.py, /home/chels/catkin_ws/devel/lib/python2.7/dist-packages/bwi_planning_common/msg/__init__.py)
Linked: (/home/chels/catkin_ws/devel/.private/bwi_planning_common/lib/pkgconfig/bwi_planning_common.pc, /home/chels/catkin_ws/devel/lib/pkgconfig/bwi_planning_common.pc)
Linked: (/home/chels/catkin_ws/devel/.private/bwi_planning_common/share/bwi_planning_common/cmake/bwi_planning_common-msg-paths.cmake, /home/chels/catkin_ws/devel/share/bwi_planning_common/cmake/bwi_planning_common-msg-paths.cmake)
Linked: (/home/chels/catkin_ws/devel/.private/bwi_planning_common/share/bwi_planning_common/cmake/bwi_planning_commonConfig.cmake, /home/chels/catkin_ws/devel/share/bwi_planning_common/cmake/bwi_planning_commonConfig.cmake)
Linked: (/home/chels/catkin_ws/devel/.private/bwi_planning_common/share/bwi_planning_common/cmake/bwi_planning_commonConfig-version.cmake, /home/chels/catkin_ws/devel/share/bwi_planning_common/cmake/bwi_planning_commonConfig-version.cmake)
Linked: (/home/chels/catkin_ws/devel/.private/bwi_planning_common/share/bwi_planning_common/cmake/bwi_planning_common-msg-extras.cmake, /home/chels/catkin_ws/devel/share/bwi_planning_common/cmake/bwi_planning_common-msg-extras.cmake)
Linked: (/home/chels/catkin_ws/devel/.private/bwi_planning_common/share/gennodejs/ros/bwi_planning_common/_index.js, /home/chels/catkin_ws/devel/share/gennodejs/ros/bwi_planning_common/_index.js)
Linked: (/home/chels/catkin_ws/devel/.private/bwi_planning_common/share/gennodejs/ros/bwi_planning_common/srv/PlannerInterface.js, /home/chels/catkin_ws/devel/share/gennodejs/ros/bwi_planning_common/srv/PlannerInterface.js)
Linked: (/home/chels/catkin_ws/devel/.private/bwi_planning_common/share/gennodejs/ros/bwi_planning_common/srv/_index.js, /home/chels/catkin_ws/devel/share/gennodejs/ros/bwi_planning_common/srv/_index.js)
Linked: (/home/chels/catkin_ws/devel/.private/bwi_planning_common/share/gennodejs/ros/bwi_planning_common/msg/_index.js, /home/chels/catkin_ws/devel/share/gennodejs/ros/bwi_planning_common/msg/_index.js)
Linked: (/home/chels/catkin_ws/devel/.private/bwi_planning_common/share/gennodejs/ros/bwi_planning_common/msg/PlannerAtom.js, /home/chels/catkin_ws/devel/share/gennodejs/ros/bwi_planning_common/msg/PlannerAtom.js)
Linked: (/home/chels/catkin_ws/devel/.private/bwi_planning_common/share/common-lisp/ros/bwi_planning_common/srv/PlannerInterface.lisp, /home/chels/catkin_ws/devel/share/common-lisp/ros/bwi_planning_common/srv/PlannerInterface.lisp)
Linked: (/home/chels/catkin_ws/devel/.private/bwi_planning_common/share/common-lisp/ros/bwi_planning_common/srv/_package_PlannerInterface.lisp, /home/chels/catkin_ws/devel/share/common-lisp/ros/bwi_planning_common/srv/_package_PlannerInterface.lisp)
Linked: (/home/chels/catkin_ws/devel/.private/bwi_planning_common/share/common-lisp/ros/bwi_planning_common/srv/_package.lisp, /home/chels/catkin_ws/devel/share/common-lisp/ros/bwi_planning_common/srv/_package.lisp)
Linked: (/home/chels/catkin_ws/devel/.private/bwi_planning_common/share/common-lisp/ros/bwi_planning_common/srv/bwi_planning_common-srv.asd, /home/chels/catkin_ws/devel/share/common-lisp/ros/bwi_planning_common/srv/bwi_planning_common-srv.asd)
Linked: (/home/chels/catkin_ws/devel/.private/bwi_planning_common/share/common-lisp/ros/bwi_planning_common/msg/PlannerAtom.lisp, /home/chels/catkin_ws/devel/share/common-lisp/ros/bwi_planning_common/msg/PlannerAtom.lisp)
Linked: (/home/chels/catkin_ws/devel/.private/bwi_planning_common/share/common-lisp/ros/bwi_planning_common/msg/_package_PlannerAtom.lisp, /home/chels/catkin_ws/devel/share/common-lisp/ros/bwi_planning_common/msg/_package_PlannerAtom.lisp)
Linked: (/home/chels/catkin_ws/devel/.private/bwi_planning_common/share/common-lisp/ros/bwi_planning_common/msg/bwi_planning_common-msg.asd, /home/chels/catkin_ws/devel/share/common-lisp/ros/bwi_planning_common/msg/bwi_planning_common-msg.asd)
Linked: (/home/chels/catkin_ws/devel/.private/bwi_planning_common/share/common-lisp/ros/bwi_planning_common/msg/_package.lisp, /home/chels/catkin_ws/devel/share/common-lisp/ros/bwi_planning_common/msg/_package.lisp)
Linked: (/home/chels/catkin_ws/devel/.private/bwi_planning_common/share/roseus/ros/bwi_planning_common/manifest.l, /home/chels/catkin_ws/devel/share/roseus/ros/bwi_planning_common/manifest.l)
Linked: (/home/chels/catkin_ws/devel/.private/bwi_planning_common/share/roseus/ros/bwi_planning_common/srv/PlannerInterface.l, /home/chels/catkin_ws/devel/share/roseus/ros/bwi_planning_common/srv/PlannerInterface.l)
Linked: (/home/chels/catkin_ws/devel/.private/bwi_planning_common/share/roseus/ros/bwi_planning_common/msg/PlannerAtom.l, /home/chels/catkin_ws/devel/share/roseus/ros/bwi_planning_common/msg/PlannerAtom.l)
