Determining if the pthread_create exist failed with the following output:
Change Dir: /home/chelsea/catkin_ws/build/ur5e_moveit_config/CMakeFiles/CMakeTmp

Run Build Command:"/usr/bin/make" "cmTC_86e5f/fast"
/usr/bin/make -f CMakeFiles/cmTC_86e5f.dir/build.make CMakeFiles/cmTC_86e5f.dir/build
make[1]: Entering directory '/home/chelsea/catkin_ws/build/ur5e_moveit_config/CMakeFiles/CMakeTmp'
Building C object CMakeFiles/cmTC_86e5f.dir/CheckSymbolExists.c.o
/usr/bin/cc    -o CMakeFiles/cmTC_86e5f.dir/CheckSymbolExists.c.o   -c /home/chelsea/catkin_ws/build/ur5e_moveit_config/CMakeFiles/CMakeTmp/CheckSymbolExists.c
Linking C executable cmTC_86e5f
/usr/bin/cmake -E cmake_link_script CMakeFiles/cmTC_86e5f.dir/link.txt --verbose=1
/usr/bin/cc      -rdynamic CMakeFiles/cmTC_86e5f.dir/CheckSymbolExists.c.o  -o cmTC_86e5f 
CMakeFiles/cmTC_86e5f.dir/CheckSymbolExists.c.o: In function `main':
CheckSymbolExists.c:(.text+0x1b): undefined reference to `pthread_create'
collect2: error: ld returned 1 exit status
CMakeFiles/cmTC_86e5f.dir/build.make:97: recipe for target 'cmTC_86e5f' failed
make[1]: *** [cmTC_86e5f] Error 1
make[1]: Leaving directory '/home/chelsea/catkin_ws/build/ur5e_moveit_config/CMakeFiles/CMakeTmp'
Makefile:126: recipe for target 'cmTC_86e5f/fast' failed
make: *** [cmTC_86e5f/fast] Error 2

File /home/chelsea/catkin_ws/build/ur5e_moveit_config/CMakeFiles/CMakeTmp/CheckSymbolExists.c:
/* */
#include <pthread.h>

int main(int argc, char** argv)
{
  (void)argv;
#ifndef pthread_create
  return ((int*)(&pthread_create))[argc];
#else
  (void)argc;
  return 0;
#endif
}

Determining if the function pthread_create exists in the pthreads failed with the following output:
Change Dir: /home/chelsea/catkin_ws/build/ur5e_moveit_config/CMakeFiles/CMakeTmp

Run Build Command:"/usr/bin/make" "cmTC_46a8e/fast"
/usr/bin/make -f CMakeFiles/cmTC_46a8e.dir/build.make CMakeFiles/cmTC_46a8e.dir/build
make[1]: Entering directory '/home/chelsea/catkin_ws/build/ur5e_moveit_config/CMakeFiles/CMakeTmp'
Building C object CMakeFiles/cmTC_46a8e.dir/CheckFunctionExists.c.o
/usr/bin/cc   -DCHECK_FUNCTION_EXISTS=pthread_create   -o CMakeFiles/cmTC_46a8e.dir/CheckFunctionExists.c.o   -c /usr/share/cmake-3.10/Modules/CheckFunctionExists.c
Linking C executable cmTC_46a8e
/usr/bin/cmake -E cmake_link_script CMakeFiles/cmTC_46a8e.dir/link.txt --verbose=1
/usr/bin/cc  -DCHECK_FUNCTION_EXISTS=pthread_create    -rdynamic CMakeFiles/cmTC_46a8e.dir/CheckFunctionExists.c.o  -o cmTC_46a8e -lpthreads 
/usr/bin/ld: cannot find -lpthreads
collect2: error: ld returned 1 exit status
CMakeFiles/cmTC_46a8e.dir/build.make:97: recipe for target 'cmTC_46a8e' failed
make[1]: *** [cmTC_46a8e] Error 1
make[1]: Leaving directory '/home/chelsea/catkin_ws/build/ur5e_moveit_config/CMakeFiles/CMakeTmp'
Makefile:126: recipe for target 'cmTC_46a8e/fast' failed
make: *** [cmTC_46a8e/fast] Error 2


