Determining if the pthread_create exist failed with the following output:
Change Dir: /home/chelsea/catkin_ws/build/robotiq_2f_gripper_action_server/CMakeFiles/CMakeTmp

Run Build Command:"/usr/bin/make" "cmTC_a216c/fast"
/usr/bin/make -f CMakeFiles/cmTC_a216c.dir/build.make CMakeFiles/cmTC_a216c.dir/build
make[1]: Entering directory '/home/chelsea/catkin_ws/build/robotiq_2f_gripper_action_server/CMakeFiles/CMakeTmp'
Building C object CMakeFiles/cmTC_a216c.dir/CheckSymbolExists.c.o
/usr/bin/cc    -o CMakeFiles/cmTC_a216c.dir/CheckSymbolExists.c.o   -c /home/chelsea/catkin_ws/build/robotiq_2f_gripper_action_server/CMakeFiles/CMakeTmp/CheckSymbolExists.c
Linking C executable cmTC_a216c
/usr/bin/cmake -E cmake_link_script CMakeFiles/cmTC_a216c.dir/link.txt --verbose=1
/usr/bin/cc      -rdynamic CMakeFiles/cmTC_a216c.dir/CheckSymbolExists.c.o  -o cmTC_a216c 
CMakeFiles/cmTC_a216c.dir/CheckSymbolExists.c.o: In function `main':
CheckSymbolExists.c:(.text+0x1b): undefined reference to `pthread_create'
collect2: error: ld returned 1 exit status
CMakeFiles/cmTC_a216c.dir/build.make:97: recipe for target 'cmTC_a216c' failed
make[1]: *** [cmTC_a216c] Error 1
make[1]: Leaving directory '/home/chelsea/catkin_ws/build/robotiq_2f_gripper_action_server/CMakeFiles/CMakeTmp'
Makefile:126: recipe for target 'cmTC_a216c/fast' failed
make: *** [cmTC_a216c/fast] Error 2

File /home/chelsea/catkin_ws/build/robotiq_2f_gripper_action_server/CMakeFiles/CMakeTmp/CheckSymbolExists.c:
/* */
#include <pthread.h>

int main(int argc, char** argv)
{
  (void)argv;
#ifndef pthread_create
  return ((int*)(&pthread_create))[argc];
#else
  (void)argc;
  return 0;
#endif
}

Determining if the function pthread_create exists in the pthreads failed with the following output:
Change Dir: /home/chelsea/catkin_ws/build/robotiq_2f_gripper_action_server/CMakeFiles/CMakeTmp

Run Build Command:"/usr/bin/make" "cmTC_eeceb/fast"
/usr/bin/make -f CMakeFiles/cmTC_eeceb.dir/build.make CMakeFiles/cmTC_eeceb.dir/build
make[1]: Entering directory '/home/chelsea/catkin_ws/build/robotiq_2f_gripper_action_server/CMakeFiles/CMakeTmp'
Building C object CMakeFiles/cmTC_eeceb.dir/CheckFunctionExists.c.o
/usr/bin/cc   -DCHECK_FUNCTION_EXISTS=pthread_create   -o CMakeFiles/cmTC_eeceb.dir/CheckFunctionExists.c.o   -c /usr/share/cmake-3.10/Modules/CheckFunctionExists.c
Linking C executable cmTC_eeceb
/usr/bin/cmake -E cmake_link_script CMakeFiles/cmTC_eeceb.dir/link.txt --verbose=1
/usr/bin/cc  -DCHECK_FUNCTION_EXISTS=pthread_create    -rdynamic CMakeFiles/cmTC_eeceb.dir/CheckFunctionExists.c.o  -o cmTC_eeceb -lpthreads 
/usr/bin/ld: cannot find -lpthreads
collect2: error: ld returned 1 exit status
CMakeFiles/cmTC_eeceb.dir/build.make:97: recipe for target 'cmTC_eeceb' failed
make[1]: *** [cmTC_eeceb] Error 1
make[1]: Leaving directory '/home/chelsea/catkin_ws/build/robotiq_2f_gripper_action_server/CMakeFiles/CMakeTmp'
Makefile:126: recipe for target 'cmTC_eeceb/fast' failed
make: *** [cmTC_eeceb/fast] Error 2


