Determining if the pthread_create exist failed with the following output:
Change Dir: /home/chelsea/catkin_ws/build/usb_cam/CMakeFiles/CMakeTmp

Run Build Command:"/usr/bin/make" "cmTC_62594/fast"
/usr/bin/make -f CMakeFiles/cmTC_62594.dir/build.make CMakeFiles/cmTC_62594.dir/build
make[1]: Entering directory '/home/chelsea/catkin_ws/build/usb_cam/CMakeFiles/CMakeTmp'
Building C object CMakeFiles/cmTC_62594.dir/CheckSymbolExists.c.o
/usr/bin/cc    -o CMakeFiles/cmTC_62594.dir/CheckSymbolExists.c.o   -c /home/chelsea/catkin_ws/build/usb_cam/CMakeFiles/CMakeTmp/CheckSymbolExists.c
Linking C executable cmTC_62594
/usr/bin/cmake -E cmake_link_script CMakeFiles/cmTC_62594.dir/link.txt --verbose=1
/usr/bin/cc      -rdynamic CMakeFiles/cmTC_62594.dir/CheckSymbolExists.c.o  -o cmTC_62594 
CMakeFiles/cmTC_62594.dir/CheckSymbolExists.c.o: In function `main':
CheckSymbolExists.c:(.text+0x1b): undefined reference to `pthread_create'
collect2: error: ld returned 1 exit status
CMakeFiles/cmTC_62594.dir/build.make:97: recipe for target 'cmTC_62594' failed
make[1]: *** [cmTC_62594] Error 1
make[1]: Leaving directory '/home/chelsea/catkin_ws/build/usb_cam/CMakeFiles/CMakeTmp'
Makefile:126: recipe for target 'cmTC_62594/fast' failed
make: *** [cmTC_62594/fast] Error 2

File /home/chelsea/catkin_ws/build/usb_cam/CMakeFiles/CMakeTmp/CheckSymbolExists.c:
/* */
#include <pthread.h>

int main(int argc, char** argv)
{
  (void)argv;
#ifndef pthread_create
  return ((int*)(&pthread_create))[argc];
#else
  (void)argc;
  return 0;
#endif
}

Determining if the function pthread_create exists in the pthreads failed with the following output:
Change Dir: /home/chelsea/catkin_ws/build/usb_cam/CMakeFiles/CMakeTmp

Run Build Command:"/usr/bin/make" "cmTC_4471e/fast"
/usr/bin/make -f CMakeFiles/cmTC_4471e.dir/build.make CMakeFiles/cmTC_4471e.dir/build
make[1]: Entering directory '/home/chelsea/catkin_ws/build/usb_cam/CMakeFiles/CMakeTmp'
Building C object CMakeFiles/cmTC_4471e.dir/CheckFunctionExists.c.o
/usr/bin/cc   -DCHECK_FUNCTION_EXISTS=pthread_create   -o CMakeFiles/cmTC_4471e.dir/CheckFunctionExists.c.o   -c /usr/share/cmake-3.10/Modules/CheckFunctionExists.c
Linking C executable cmTC_4471e
/usr/bin/cmake -E cmake_link_script CMakeFiles/cmTC_4471e.dir/link.txt --verbose=1
/usr/bin/cc  -DCHECK_FUNCTION_EXISTS=pthread_create    -rdynamic CMakeFiles/cmTC_4471e.dir/CheckFunctionExists.c.o  -o cmTC_4471e -lpthreads 
/usr/bin/ld: cannot find -lpthreads
collect2: error: ld returned 1 exit status
CMakeFiles/cmTC_4471e.dir/build.make:97: recipe for target 'cmTC_4471e' failed
make[1]: *** [cmTC_4471e] Error 1
make[1]: Leaving directory '/home/chelsea/catkin_ws/build/usb_cam/CMakeFiles/CMakeTmp'
Makefile:126: recipe for target 'cmTC_4471e/fast' failed
make: *** [cmTC_4471e/fast] Error 2


