Determining if the pthread_create exist failed with the following output:
Change Dir: /home/chelsea/catkin_ws/build/ur16e_moveit_config/CMakeFiles/CMakeTmp

Run Build Command:"/usr/bin/make" "cmTC_5ead8/fast"
/usr/bin/make -f CMakeFiles/cmTC_5ead8.dir/build.make CMakeFiles/cmTC_5ead8.dir/build
make[1]: Entering directory '/home/chelsea/catkin_ws/build/ur16e_moveit_config/CMakeFiles/CMakeTmp'
Building C object CMakeFiles/cmTC_5ead8.dir/CheckSymbolExists.c.o
/usr/bin/cc    -o CMakeFiles/cmTC_5ead8.dir/CheckSymbolExists.c.o   -c /home/chelsea/catkin_ws/build/ur16e_moveit_config/CMakeFiles/CMakeTmp/CheckSymbolExists.c
Linking C executable cmTC_5ead8
/usr/bin/cmake -E cmake_link_script CMakeFiles/cmTC_5ead8.dir/link.txt --verbose=1
/usr/bin/cc      -rdynamic CMakeFiles/cmTC_5ead8.dir/CheckSymbolExists.c.o  -o cmTC_5ead8 
CMakeFiles/cmTC_5ead8.dir/CheckSymbolExists.c.o: In function `main':
CheckSymbolExists.c:(.text+0x1b): undefined reference to `pthread_create'
collect2: error: ld returned 1 exit status
CMakeFiles/cmTC_5ead8.dir/build.make:97: recipe for target 'cmTC_5ead8' failed
make[1]: *** [cmTC_5ead8] Error 1
make[1]: Leaving directory '/home/chelsea/catkin_ws/build/ur16e_moveit_config/CMakeFiles/CMakeTmp'
Makefile:126: recipe for target 'cmTC_5ead8/fast' failed
make: *** [cmTC_5ead8/fast] Error 2

File /home/chelsea/catkin_ws/build/ur16e_moveit_config/CMakeFiles/CMakeTmp/CheckSymbolExists.c:
/* */
#include <pthread.h>

int main(int argc, char** argv)
{
  (void)argv;
#ifndef pthread_create
  return ((int*)(&pthread_create))[argc];
#else
  (void)argc;
  return 0;
#endif
}

Determining if the function pthread_create exists in the pthreads failed with the following output:
Change Dir: /home/chelsea/catkin_ws/build/ur16e_moveit_config/CMakeFiles/CMakeTmp

Run Build Command:"/usr/bin/make" "cmTC_7aa60/fast"
/usr/bin/make -f CMakeFiles/cmTC_7aa60.dir/build.make CMakeFiles/cmTC_7aa60.dir/build
make[1]: Entering directory '/home/chelsea/catkin_ws/build/ur16e_moveit_config/CMakeFiles/CMakeTmp'
Building C object CMakeFiles/cmTC_7aa60.dir/CheckFunctionExists.c.o
/usr/bin/cc   -DCHECK_FUNCTION_EXISTS=pthread_create   -o CMakeFiles/cmTC_7aa60.dir/CheckFunctionExists.c.o   -c /usr/share/cmake-3.10/Modules/CheckFunctionExists.c
Linking C executable cmTC_7aa60
/usr/bin/cmake -E cmake_link_script CMakeFiles/cmTC_7aa60.dir/link.txt --verbose=1
/usr/bin/cc  -DCHECK_FUNCTION_EXISTS=pthread_create    -rdynamic CMakeFiles/cmTC_7aa60.dir/CheckFunctionExists.c.o  -o cmTC_7aa60 -lpthreads 
/usr/bin/ld: cannot find -lpthreads
collect2: error: ld returned 1 exit status
CMakeFiles/cmTC_7aa60.dir/build.make:97: recipe for target 'cmTC_7aa60' failed
make[1]: *** [cmTC_7aa60] Error 1
make[1]: Leaving directory '/home/chelsea/catkin_ws/build/ur16e_moveit_config/CMakeFiles/CMakeTmp'
Makefile:126: recipe for target 'cmTC_7aa60/fast' failed
make: *** [cmTC_7aa60/fast] Error 2


