Determining if the pthread_create exist failed with the following output:
Change Dir: /home/chels/catkin_ws/build/image_publisher/CMakeFiles/CMakeTmp

Run Build Command:"/usr/bin/make" "cmTC_83e60/fast"
/usr/bin/make -f CMakeFiles/cmTC_83e60.dir/build.make CMakeFiles/cmTC_83e60.dir/build
make[1]: Entering directory '/home/chels/catkin_ws/build/image_publisher/CMakeFiles/CMakeTmp'
Building C object CMakeFiles/cmTC_83e60.dir/CheckSymbolExists.c.o
/usr/bin/cc    -o CMakeFiles/cmTC_83e60.dir/CheckSymbolExists.c.o   -c /home/chels/catkin_ws/build/image_publisher/CMakeFiles/CMakeTmp/CheckSymbolExists.c
Linking C executable cmTC_83e60
/usr/bin/cmake -E cmake_link_script CMakeFiles/cmTC_83e60.dir/link.txt --verbose=1
/usr/bin/cc      -rdynamic CMakeFiles/cmTC_83e60.dir/CheckSymbolExists.c.o  -o cmTC_83e60 
CMakeFiles/cmTC_83e60.dir/CheckSymbolExists.c.o: In function `main':
CheckSymbolExists.c:(.text+0x1b): undefined reference to `pthread_create'
collect2: error: ld returned 1 exit status
CMakeFiles/cmTC_83e60.dir/build.make:97: recipe for target 'cmTC_83e60' failed
make[1]: *** [cmTC_83e60] Error 1
make[1]: Leaving directory '/home/chels/catkin_ws/build/image_publisher/CMakeFiles/CMakeTmp'
Makefile:126: recipe for target 'cmTC_83e60/fast' failed
make: *** [cmTC_83e60/fast] Error 2

File /home/chels/catkin_ws/build/image_publisher/CMakeFiles/CMakeTmp/CheckSymbolExists.c:
/* */
#include <pthread.h>

int main(int argc, char** argv)
{
  (void)argv;
#ifndef pthread_create
  return ((int*)(&pthread_create))[argc];
#else
  (void)argc;
  return 0;
#endif
}

Determining if the function pthread_create exists in the pthreads failed with the following output:
Change Dir: /home/chels/catkin_ws/build/image_publisher/CMakeFiles/CMakeTmp

Run Build Command:"/usr/bin/make" "cmTC_59646/fast"
/usr/bin/make -f CMakeFiles/cmTC_59646.dir/build.make CMakeFiles/cmTC_59646.dir/build
make[1]: Entering directory '/home/chels/catkin_ws/build/image_publisher/CMakeFiles/CMakeTmp'
Building C object CMakeFiles/cmTC_59646.dir/CheckFunctionExists.c.o
/usr/bin/cc   -DCHECK_FUNCTION_EXISTS=pthread_create   -o CMakeFiles/cmTC_59646.dir/CheckFunctionExists.c.o   -c /usr/share/cmake-3.10/Modules/CheckFunctionExists.c
Linking C executable cmTC_59646
/usr/bin/cmake -E cmake_link_script CMakeFiles/cmTC_59646.dir/link.txt --verbose=1
/usr/bin/cc  -DCHECK_FUNCTION_EXISTS=pthread_create    -rdynamic CMakeFiles/cmTC_59646.dir/CheckFunctionExists.c.o  -o cmTC_59646 -lpthreads 
/usr/bin/ld: cannot find -lpthreads
collect2: error: ld returned 1 exit status
CMakeFiles/cmTC_59646.dir/build.make:97: recipe for target 'cmTC_59646' failed
make[1]: *** [cmTC_59646] Error 1
make[1]: Leaving directory '/home/chels/catkin_ws/build/image_publisher/CMakeFiles/CMakeTmp'
Makefile:126: recipe for target 'cmTC_59646/fast' failed
make: *** [cmTC_59646/fast] Error 2


