Determining if the pthread_create exist failed with the following output:
Change Dir: /home/chels/catkin_ws/build/ur_calibration/CMakeFiles/CMakeTmp

Run Build Command:"/usr/bin/make" "cmTC_2373f/fast"
/usr/bin/make -f CMakeFiles/cmTC_2373f.dir/build.make CMakeFiles/cmTC_2373f.dir/build
make[1]: Entering directory '/home/chels/catkin_ws/build/ur_calibration/CMakeFiles/CMakeTmp'
Building C object CMakeFiles/cmTC_2373f.dir/CheckSymbolExists.c.o
/usr/bin/cc    -o CMakeFiles/cmTC_2373f.dir/CheckSymbolExists.c.o   -c /home/chels/catkin_ws/build/ur_calibration/CMakeFiles/CMakeTmp/CheckSymbolExists.c
Linking C executable cmTC_2373f
/usr/bin/cmake -E cmake_link_script CMakeFiles/cmTC_2373f.dir/link.txt --verbose=1
/usr/bin/cc      -rdynamic CMakeFiles/cmTC_2373f.dir/CheckSymbolExists.c.o  -o cmTC_2373f 
CMakeFiles/cmTC_2373f.dir/CheckSymbolExists.c.o: In function `main':
CheckSymbolExists.c:(.text+0x1b): undefined reference to `pthread_create'
collect2: error: ld returned 1 exit status
CMakeFiles/cmTC_2373f.dir/build.make:97: recipe for target 'cmTC_2373f' failed
make[1]: *** [cmTC_2373f] Error 1
make[1]: Leaving directory '/home/chels/catkin_ws/build/ur_calibration/CMakeFiles/CMakeTmp'
Makefile:126: recipe for target 'cmTC_2373f/fast' failed
make: *** [cmTC_2373f/fast] Error 2

File /home/chels/catkin_ws/build/ur_calibration/CMakeFiles/CMakeTmp/CheckSymbolExists.c:
/* */
#include <pthread.h>

int main(int argc, char** argv)
{
  (void)argv;
#ifndef pthread_create
  return ((int*)(&pthread_create))[argc];
#else
  (void)argc;
  return 0;
#endif
}

Determining if the function pthread_create exists in the pthreads failed with the following output:
Change Dir: /home/chels/catkin_ws/build/ur_calibration/CMakeFiles/CMakeTmp

Run Build Command:"/usr/bin/make" "cmTC_ebcec/fast"
/usr/bin/make -f CMakeFiles/cmTC_ebcec.dir/build.make CMakeFiles/cmTC_ebcec.dir/build
make[1]: Entering directory '/home/chels/catkin_ws/build/ur_calibration/CMakeFiles/CMakeTmp'
Building C object CMakeFiles/cmTC_ebcec.dir/CheckFunctionExists.c.o
/usr/bin/cc   -DCHECK_FUNCTION_EXISTS=pthread_create   -o CMakeFiles/cmTC_ebcec.dir/CheckFunctionExists.c.o   -c /usr/share/cmake-3.10/Modules/CheckFunctionExists.c
Linking C executable cmTC_ebcec
/usr/bin/cmake -E cmake_link_script CMakeFiles/cmTC_ebcec.dir/link.txt --verbose=1
/usr/bin/cc  -DCHECK_FUNCTION_EXISTS=pthread_create    -rdynamic CMakeFiles/cmTC_ebcec.dir/CheckFunctionExists.c.o  -o cmTC_ebcec -lpthreads 
/usr/bin/ld: cannot find -lpthreads
collect2: error: ld returned 1 exit status
CMakeFiles/cmTC_ebcec.dir/build.make:97: recipe for target 'cmTC_ebcec' failed
make[1]: *** [cmTC_ebcec] Error 1
make[1]: Leaving directory '/home/chels/catkin_ws/build/ur_calibration/CMakeFiles/CMakeTmp'
Makefile:126: recipe for target 'cmTC_ebcec/fast' failed
make: *** [cmTC_ebcec/fast] Error 2


