Determining if the pthread_create exist failed with the following output:
Change Dir: /home/chels/catkin_ws/build/bwi_rqt_plugins/CMakeFiles/CMakeTmp

Run Build Command:"/usr/bin/make" "cmTC_c5e4c/fast"
/usr/bin/make -f CMakeFiles/cmTC_c5e4c.dir/build.make CMakeFiles/cmTC_c5e4c.dir/build
make[1]: Entering directory '/home/chels/catkin_ws/build/bwi_rqt_plugins/CMakeFiles/CMakeTmp'
Building C object CMakeFiles/cmTC_c5e4c.dir/CheckSymbolExists.c.o
/usr/bin/cc    -o CMakeFiles/cmTC_c5e4c.dir/CheckSymbolExists.c.o   -c /home/chels/catkin_ws/build/bwi_rqt_plugins/CMakeFiles/CMakeTmp/CheckSymbolExists.c
Linking C executable cmTC_c5e4c
/usr/bin/cmake -E cmake_link_script CMakeFiles/cmTC_c5e4c.dir/link.txt --verbose=1
/usr/bin/cc      -rdynamic CMakeFiles/cmTC_c5e4c.dir/CheckSymbolExists.c.o  -o cmTC_c5e4c 
CMakeFiles/cmTC_c5e4c.dir/CheckSymbolExists.c.o: In function `main':
CheckSymbolExists.c:(.text+0x1b): undefined reference to `pthread_create'
collect2: error: ld returned 1 exit status
CMakeFiles/cmTC_c5e4c.dir/build.make:97: recipe for target 'cmTC_c5e4c' failed
make[1]: *** [cmTC_c5e4c] Error 1
make[1]: Leaving directory '/home/chels/catkin_ws/build/bwi_rqt_plugins/CMakeFiles/CMakeTmp'
Makefile:126: recipe for target 'cmTC_c5e4c/fast' failed
make: *** [cmTC_c5e4c/fast] Error 2

File /home/chels/catkin_ws/build/bwi_rqt_plugins/CMakeFiles/CMakeTmp/CheckSymbolExists.c:
/* */
#include <pthread.h>

int main(int argc, char** argv)
{
  (void)argv;
#ifndef pthread_create
  return ((int*)(&pthread_create))[argc];
#else
  (void)argc;
  return 0;
#endif
}

Determining if the function pthread_create exists in the pthreads failed with the following output:
Change Dir: /home/chels/catkin_ws/build/bwi_rqt_plugins/CMakeFiles/CMakeTmp

Run Build Command:"/usr/bin/make" "cmTC_08c0f/fast"
/usr/bin/make -f CMakeFiles/cmTC_08c0f.dir/build.make CMakeFiles/cmTC_08c0f.dir/build
make[1]: Entering directory '/home/chels/catkin_ws/build/bwi_rqt_plugins/CMakeFiles/CMakeTmp'
Building C object CMakeFiles/cmTC_08c0f.dir/CheckFunctionExists.c.o
/usr/bin/cc   -DCHECK_FUNCTION_EXISTS=pthread_create   -o CMakeFiles/cmTC_08c0f.dir/CheckFunctionExists.c.o   -c /usr/share/cmake-3.10/Modules/CheckFunctionExists.c
Linking C executable cmTC_08c0f
/usr/bin/cmake -E cmake_link_script CMakeFiles/cmTC_08c0f.dir/link.txt --verbose=1
/usr/bin/cc  -DCHECK_FUNCTION_EXISTS=pthread_create    -rdynamic CMakeFiles/cmTC_08c0f.dir/CheckFunctionExists.c.o  -o cmTC_08c0f -lpthreads 
/usr/bin/ld: cannot find -lpthreads
collect2: error: ld returned 1 exit status
CMakeFiles/cmTC_08c0f.dir/build.make:97: recipe for target 'cmTC_08c0f' failed
make[1]: *** [cmTC_08c0f] Error 1
make[1]: Leaving directory '/home/chels/catkin_ws/build/bwi_rqt_plugins/CMakeFiles/CMakeTmp'
Makefile:126: recipe for target 'cmTC_08c0f/fast' failed
make: *** [cmTC_08c0f/fast] Error 2


